minimum energy is -5.305395904186863
filtered objective value -5.264522311600501
total binary tv norm 34.0
binary objective value -5.1855506019052875
initial file ../new_result/c_control/Continuous/Energy6_evotime5.0_n_ts100_ptypeCONSTANT_offset0.5_instance4.csv
difference with alpha=0 -0.7988958027842795
summation of all the changes of all the controllers 1.4839909112589131
maximum summation change of all the controllers 0.06915975012246667
controller sequence is [1, 0, 1, 0, 1, 0, 1, 0, 1, 0, 1, 0, 1, 0, 1, 0, 1, 0, 1]
warm start length is [0.15000000000000002, 0.2, 0.04999999999999999, 0.35, 0.20000000000000007, 0.15000000000000002, 0.1499999999999999, 0.20000000000000018, 0.19999999999999996, 0.19999999999999996, 0.25, 0.25, 0.30000000000000027, 0.25, 0.3999999999999999, 0.25, 0.8000000000000003, 0.14999999999999947, 0.5]
objective of continuous control 0.006715103791673838
objective function before optimization 0.09397517422604862
TV regularizer before optimization 36
     fun: -5.264522311600501
     jac: array([-0.04682313, -0.04209695, -0.04969975, -0.04564401, -0.04558967,
       -0.04967729, -0.04214384, -0.04917462, -0.04645076, -0.04336971,
       -0.04919968, -0.0444129 , -0.04516686, -0.05034889, -0.04509198,
       -0.04368988, -0.04672176, -0.04691372,  0.        ])
 message: 'Optimization terminated successfully'
    nfev: 120
     nit: 89
    njev: 89
  status: 0
 success: True
       x: array([2.02070686e-01, 5.55200542e-01, 3.29769285e-01, 3.51521609e-01,
       3.08084475e-01, 2.75126088e-01, 2.60052512e-01, 1.97723226e-01,
       2.30489881e-01, 1.65349266e-01, 2.32765583e-01, 1.46768981e-01,
       3.05212817e-01, 1.67178552e-01, 4.66732929e-01, 1.54978529e-01,
       5.74615851e-01, 7.63591893e-02, 3.55262559e-17])
switching time points [0.20207069 0.75727123 1.08704051 1.43856212 1.7466466  2.02177268
 2.2818252  2.47954842 2.7100383  2.87538757 3.10815315 3.25492213
 3.56013495 3.7273135  4.19404643 4.34902496 4.92364081 5.        ]
computational time of retrieving switches 0.5041814589999998
computational time of optimization 0.9731683750000002
pre-computing time, objective function evaluation time, gradient time 0.001180083000000387 0.5240257090000044 0.04969282700000033
total computational time 1.4773697090000004
tv norm 34.0
ratio objective value 0.007704155038477989
