minimum energy is -6.299939716697915
filtered objective value -6.1747275674110735
total binary tv norm 54.0
binary objective value -5.734149205726223
initial file ../new_result/c_control/Continuous/Energy6_evotime5.0_n_ts100_ptypeCONSTANT_offset0.5_instance2.csv
difference with alpha=0 -0.4301277284593431
summation of all the changes of all the controllers 2.194305172304108
maximum summation change of all the controllers 0.07646386507736347
controller sequence is [1, 0, 1, 0, 1, 0, 1, 0, 1, 0, 1, 0, 1, 0, 1, 0, 1, 0, 1, 0, 1, 0, 1, 0, 1, 0, 1, 0]
warm start length is [0.15000000000000002, 0.5, 0.050000000000000044, 0.04999999999999993, 0.10000000000000009, 0.04999999999999993, 0.050000000000000044, 0.04999999999999993, 0.050000000000000044, 0.15000000000000013, 0.04999999999999982, 0.15000000000000013, 0.09999999999999987, 0.10000000000000009, 0.1499999999999999, 0.20000000000000018, 0.1499999999999999, 0.20000000000000018, 0.19999999999999973, 0.15000000000000036, 0.25, 0.2999999999999998, 0.3999999999999999, 0.30000000000000027, 0.39999999999999947, 0.25, 0.40000000000000036, 0.04999999999999982]
objective of continuous control 0.019913821764581008
objective function before optimization 0.10763093715402017
TV regularizer before optimization 54
     fun: -6.1747275674110735
     jac: array([-0.09158827, -0.09155937, -0.09319121, -0.09260457, -0.09140969,
       -0.09326267, -0.08986618, -0.09404167, -0.09110855, -0.09244463,
       -0.09193636, -0.09176601, -0.09200368, -0.09213097, -0.09113226,
       -0.09219602, -0.09227075, -0.09086491, -0.09390496, -0.09041129,
       -0.09355833, -0.09184478, -0.09114425, -0.09306509, -0.09267151,
       -0.0911711 , -0.09218995, -0.0929889 ])
 message: 'Optimization terminated successfully'
    nfev: 123
     nit: 86
    njev: 86
  status: 0
 success: True
       x: array([0.15357952, 0.54268102, 0.21416583, 0.18660201, 0.10658909,
       0.22513875, 0.14966911, 0.13174255, 0.11549488, 0.13167156,
       0.10042515, 0.11988179, 0.09774625, 0.10172424, 0.1048073 ,
       0.08930688, 0.11244831, 0.08249942, 0.1183302 , 0.0881378 ,
       0.13242122, 0.16157326, 0.35399014, 0.18595723, 0.45597988,
       0.1397367 , 0.52393022, 0.07376971])
switching time points [0.15357952 0.69626053 0.91042636 1.09702837 1.20361746 1.42875621
 1.57842532 1.71016787 1.82566274 1.95733431 2.05775946 2.17764125
 2.27538751 2.37711175 2.48191905 2.57122593 2.68367424 2.76617366
 2.88450385 2.97264165 3.10506287 3.26663613 3.62062627 3.80658349
 4.26256337 4.40230007 4.92623029]
computational time of retrieving switches 0.59106025
computational time of optimization 2.1984035000000004
pre-computing time, objective function evaluation time, gradient time 0.002394999999999925 1.1514226719999998 0.14990937699999574
total computational time 2.7895122500000005
tv norm 54.0
ratio objective value 0.01987513451199674
