minimum energy is -3.9625455943477483
filtered objective value -3.8122379616567486
total binary tv norm 86.0
binary objective value -3.57940944444573
initial file ../new_result/c_control/Continuous/Energy6_evotime5.0_n_ts100_ptypeCONSTANT_offset0.5_instance1.csv
difference with alpha=0 0.0020485276205278735
summation of all the changes of all the controllers 1.0629951808307725
maximum summation change of all the controllers 0.028134373604080776
controller sequence is [1, 0, 1, 0, 1, 0, 1, 0, 1, 0, 1, 0, 1, 0, 1, 0, 1, 0, 1, 0, 1, 0, 1, 0, 1, 0, 1, 0, 1, 0, 1, 0, 1, 0, 1, 0, 1, 0, 1, 0, 1, 0, 1, 0, 1, 0, 1, 0, 1, 0, 1, 0, 1, 0, 1, 0, 1, 0]
warm start length is [0.15000000000000002, 0.3, 0.04999999999999999, 0.15000000000000002, 0.09999999999999998, 0.050000000000000044, 0.050000000000000044, 0.04999999999999993, 0.050000000000000044, 0.04999999999999993, 0.10000000000000009, 0.050000000000000044, 0.050000000000000044, 0.04999999999999982, 0.050000000000000044, 0.050000000000000044, 0.050000000000000044, 0.050000000000000044, 0.04999999999999982, 0.050000000000000044, 0.10000000000000009, 0.050000000000000044, 0.09999999999999987, 0.050000000000000044, 0.050000000000000044, 0.050000000000000044, 0.10000000000000009, 0.04999999999999982, 0.04999999999999982, 0.050000000000000266, 0.04999999999999982, 0.050000000000000266, 0.19999999999999973, 0.050000000000000266, 0.10000000000000009, 0.04999999999999982, 0.04999999999999982, 0.050000000000000266, 0.04999999999999982, 0.050000000000000266, 0.1499999999999999, 0.04999999999999982, 0.20000000000000018, 0.04999999999999982, 0.050000000000000266, 0.04999999999999982, 0.04999999999999982, 0.050000000000000266, 0.19999999999999973, 0.050000000000000266, 0.24999999999999956, 0.05000000000000071, 0.04999999999999982, 0.04999999999999982, 0.04999999999999982, 0.04999999999999982, 0.6000000000000005, 0.09999999999999964]
objective of continuous control 0.038019321573202425
objective function before optimization 0.04006784919374429
TV regularizer before optimization 114
     fun: -3.8122379616567486
     jac: array([-0.06438207, -0.06275765, -0.06457145, -0.06299126, -0.06404661,
       -0.06328047, -0.06354166, -0.06336332, -0.0634976 , -0.06370091,
       -0.06327533, -0.06400045, -0.06303932, -0.06439605, -0.0625333 ,
       -0.06492911, -0.06212065, -0.06528041, -0.06182871, -0.06535329,
       -0.06204386, -0.06501053, -0.06235273, -0.06436858, -0.06284768,
       -0.06340083, -0.06362017, -0.06205717, -0.06441126, -0.06154551,
       -0.06477849, -0.06120244, -0.06450591, -0.06233202, -0.06396565,
       -0.06355507, -0.06397224, -0.06361333, -0.06368916, -0.06376495,
       -0.06350135, -0.06160155, -0.06350135, -0.0645977 , -0.061517  ,
       -0.0645977 , -0.06072913, -0.0645977 , -0.06341471, -0.06037721,
       -0.06341471, -0.06278047, -0.06356866, -0.06235392, -0.0636168 ,
       -0.06259092, -0.06342378, -0.06316212])
 message: 'Optimization terminated successfully'
    nfev: 60
     nit: 40
    njev: 40
  status: 0
 success: True
       x: array([1.47182639e-01, 2.63355580e-01, 2.64866992e-02, 1.15479556e-01,
       4.11148057e-02, 6.69561648e-02, 6.68543943e-02, 5.27866958e-02,
       6.76502707e-02, 4.59842609e-02, 6.12488755e-02, 4.65300256e-02,
       5.54205652e-02, 4.79259160e-02, 5.44186982e-02, 5.02198153e-02,
       5.40335425e-02, 5.07573032e-02, 6.08743409e-02, 4.84919679e-02,
       6.36759775e-02, 4.92835433e-02, 7.50230305e-02, 5.31178940e-02,
       8.99647147e-02, 5.56261384e-02, 1.01321022e-01, 7.35649412e-02,
       9.61200458e-02, 5.96734966e-02, 1.04025369e-01, 7.99259189e-02,
       1.71338082e-01, 6.90142072e-02, 1.44464677e-01, 1.43868165e-02,
       9.56979639e-02, 5.41075002e-02, 2.64093037e-02, 1.08758176e-01,
       1.32840211e-01, 1.77300937e-17, 2.55932580e-01, 2.73375049e-02,
       5.59380558e-18, 9.93065107e-02, 0.00000000e+00, 4.20628661e-02,
       2.23727607e-01, 4.25549353e-18, 1.95359238e-01, 6.00436439e-02,
       9.56489300e-02, 6.48532701e-02, 8.15632028e-02, 6.01715660e-02,
       5.52920769e-01, 9.89611657e-02])
switching time points [0.14718264 0.41053822 0.43702492 0.55250447 0.59361928 0.66057544
 0.72742984 0.78021653 0.84786681 0.89385107 0.95509994 1.00162997
 1.05705053 1.10497645 1.15939515 1.20961496 1.2636485  1.31440581
 1.37528015 1.42377212 1.48744809 1.53673164 1.61175467 1.66487256
 1.75483728 1.81046342 1.91178444 1.98534938 2.08146942 2.14114292
 2.24516829 2.32509421 2.49643229 2.5654465  2.70991118 2.72429799
 2.81999596 2.87410346 2.90051276 3.00927094 3.14211115 3.14211115
 3.39804373 3.42538123 3.42538123 3.52468774 3.52468774 3.56675061
 3.79047821 3.79047821 3.98583745 4.0458811  4.14153003 4.2063833
 4.2879465  4.34811807 4.90103883]
computational time of retrieving switches 0.5263387499999999
computational time of optimization 1.3591875
pre-computing time, objective function evaluation time, gradient time 0.0018660420000005118 0.7545024209999962 0.07037941600000419
total computational time 1.8855604579999996
tv norm 98.0
ratio objective value 0.037932089136185954
