minimum energy is -6.299939716697915
filtered objective value -6.171220087931313
total binary tv norm 38.0
binary objective value -5.759401125910017
initial file ../new_result/c_control/Continuous/Energy6_evotime5.0_n_ts100_ptypeCONSTANT_offset0.5_instance2.csv
difference with alpha=0 -0.811360658286476
summation of all the changes of all the controllers 2.40067121412876
maximum summation change of all the controllers 0.10288288028651904
controller sequence is [1, 0, 1, 0, 1, 0, 1, 0, 1, 0, 1, 0, 1, 0, 1, 0, 1, 0, 1, 0, 1]
warm start length is [0.15000000000000002, 0.5, 0.050000000000000044, 0.04999999999999993, 0.15000000000000002, 0.15000000000000002, 0.10000000000000009, 0.25, 0.1499999999999999, 0.15000000000000013, 0.19999999999999996, 0.30000000000000004, 0.25, 0.25, 0.2999999999999998, 0.30000000000000027, 0.3999999999999999, 0.2999999999999998, 0.40000000000000036, 0.25, 0.34999999999999964]
objective of continuous control 0.019913821764581008
objective function before optimization 0.15853053707841258
TV regularizer before optimization 40
     fun: -6.171220087931313
     jac: array([-0.09379181, -0.09337452, -0.08986923, -0.09258827, -0.09698136,
       -0.08924723, -0.0978901 , -0.0921463 , -0.09427273, -0.09134873,
       -0.09174514, -0.09415904, -0.0905165 , -0.09344838, -0.09082758,
       -0.09326619, -0.08974285, -0.09460204, -0.09227284, -0.09076429,
        0.        ])
 message: 'Iteration limit reached'
    nfev: 132
     nit: 100
    njev: 100
  status: 9
 success: False
       x: array([0.15818637, 0.5631133 , 0.27216796, 0.35969568, 0.21506847,
       0.21741823, 0.16441613, 0.18446853, 0.15413538, 0.16600756,
       0.17942566, 0.14188654, 0.2225005 , 0.22102553, 0.3771557 ,
       0.19740897, 0.46139086, 0.14282951, 0.52742186, 0.07427725,
       0.        ])
switching time points [0.15818637 0.72129967 0.99346763 1.35316331 1.56823178 1.78565001
 1.95006614 2.13453467 2.28867005 2.45467762 2.63410327 2.77598981
 2.99849031 3.21951584 3.59667154 3.79408051 4.25547137 4.39830088
 4.92572275 5.        ]
computational time of retrieving switches 0.538237209
computational time of optimization 1.0159993749999998
pre-computing time, objective function evaluation time, gradient time 0.001184250000000553 0.5057991640000061 0.052573333999997196
total computational time 1.5542707920000005
tv norm 38.0
ratio objective value 0.020431882613961005
