minimum energy is -4.757297752365604
filtered objective value -4.539592611749023
total binary tv norm 58.0
binary objective value -4.16426842282965
initial file ../new_result/c_control/Continuous/Energy6_evotime5.0_n_ts100_ptypeCONSTANT_offset0.5_instance3.csv
difference with alpha=0 -0.5293966628403143
summation of all the changes of all the controllers 1.5254857944879092
maximum summation change of all the controllers 0.06819617478672224
controller sequence is [1, 0, 1, 0, 1, 0, 1, 0, 1, 0, 1, 0, 1, 0, 1, 0, 1, 0, 1, 0, 1, 0, 1, 0, 1, 0, 1, 0, 1, 0, 1]
warm start length is [0.15000000000000002, 0.4, 0.050000000000000044, 0.09999999999999998, 0.04999999999999993, 0.050000000000000044, 0.050000000000000044, 0.04999999999999993, 0.09999999999999998, 0.050000000000000044, 0.050000000000000044, 0.050000000000000044, 0.050000000000000044, 0.09999999999999987, 0.050000000000000044, 0.10000000000000009, 0.09999999999999987, 0.15000000000000013, 0.1499999999999999, 0.10000000000000009, 0.1499999999999999, 0.1499999999999999, 0.20000000000000018, 0.20000000000000018, 0.34999999999999964, 0.20000000000000018, 0.3999999999999999, 0.20000000000000018, 0.49999999999999956, 0.20000000000000018, 0.5]
objective of continuous control 0.04521233183449391
objective function before optimization 0.104629689161433
TV regularizer before optimization 60
     fun: -4.539592611749023
     jac: array([-0.08814503, -0.09385515, -0.09216962, -0.09171444, -0.09388341,
       -0.09053026, -0.09540344, -0.08953879, -0.09518288, -0.08935314,
       -0.09469372, -0.09019315, -0.09368005, -0.09194776, -0.09263918,
       -0.09233348, -0.09257915, -0.09133927, -0.0927539 , -0.09155323,
       -0.09242125, -0.09290489, -0.09227206, -0.09365175, -0.09259242,
       -0.09413269, -0.09195602, -0.09498754, -0.09143348, -0.09071876,
        0.        ])
 message: 'Iteration limit reached'
    nfev: 127
     nit: 100
    njev: 100
  status: 9
 success: False
       x: array([1.78826219e-01, 4.71008294e-01, 1.46892482e-01, 1.07829862e-01,
       1.53046058e-01, 1.16772463e-01, 1.00672360e-01, 1.46881719e-01,
       1.10123158e-01, 1.45951236e-01, 1.57102078e-01, 1.28254162e-01,
       1.84215570e-01, 1.51663801e-01, 1.75152136e-01, 1.42887369e-01,
       2.31841962e-01, 1.13277060e-01, 2.02407059e-01, 1.10016050e-01,
       1.82019497e-01, 8.44511368e-02, 2.21749758e-01, 5.91340054e-02,
       1.95355735e-01, 6.81651804e-02, 1.51158054e-01, 8.28531402e-02,
       5.79113480e-01, 1.01178914e-01, 1.13658269e-16])
switching time points [0.17882622 0.64983451 0.796727   0.90455686 1.05760292 1.17437538
 1.27504774 1.42192946 1.53205262 1.67800385 1.83510593 1.96336009
 2.14757566 2.29923946 2.4743916  2.61727897 2.84912093 2.96239799
 3.16480505 3.2748211  3.4568406  3.54129173 3.76304149 3.8221755
 4.01753123 4.08569641 4.23685447 4.31970761 4.89882109 5.        ]
computational time of retrieving switches 0.8370380000000006
computational time of optimization 2.61596225
pre-computing time, objective function evaluation time, gradient time 0.002880042000000138 1.397534078000004 0.13893633199999655
total computational time 3.4530396670000005
tv norm 58.0
ratio objective value 0.04576235332512568
