minimum energy is -5.305395904186863
filtered objective value -5.266137714571618
total binary tv norm 38.0
binary objective value -5.139186933833894
initial file ../new_result/c_control/Continuous/Energy6_evotime5.0_n_ts100_ptypeCONSTANT_offset0.5_instance4.csv
difference with alpha=0 -0.5653560104780878
summation of all the changes of all the controllers 1.642862740809241
maximum summation change of all the controllers 0.0715899264546519
controller sequence is [1, 0, 1, 0, 1, 0, 1, 0, 1, 0, 1, 0, 1, 0, 1, 0, 1, 0, 1, 0, 1, 0, 1]
warm start length is [0.15000000000000002, 0.09999999999999998, 0.050000000000000044, 0.4, 0.09999999999999998, 0.050000000000000044, 0.1499999999999999, 0.15000000000000013, 0.09999999999999987, 0.15000000000000013, 0.1499999999999999, 0.15000000000000013, 0.19999999999999996, 0.19999999999999996, 0.25, 0.20000000000000018, 0.2999999999999998, 0.20000000000000018, 0.44999999999999973, 0.20000000000000018, 0.6500000000000004, 0.1999999999999993, 0.4500000000000002]
objective of continuous control 0.006715103791673838
objective function before optimization 0.05755916072768685
TV regularizer before optimization 44
     fun: -5.266137714571618
     jac: array([-0.05156118, -0.0454199 , -0.0474384 , -0.04582491, -0.04042838,
       -0.04890151, -0.04199161, -0.04607397, -0.04483583, -0.04311638,
       -0.04694379, -0.04314031, -0.04595724, -0.04442155, -0.04582853,
       -0.04445323, -0.0453915 , -0.04395931, -0.04511713, -0.04483189,
       -0.0449813 , -0.04571864,  0.        ])
 message: 'Optimization terminated successfully'
    nfev: 90
     nit: 68
    njev: 68
  status: 0
 success: True
       x: array([0.1840581 , 0.31826865, 0.03564863, 0.25441692, 0.30151492,
       0.32108602, 0.26815723, 0.23588693, 0.2279399 , 0.19059385,
       0.20637683, 0.14730313, 0.19177615, 0.13035992, 0.20661487,
       0.12230833, 0.27020927, 0.14664951, 0.44652255, 0.14965983,
       0.56996981, 0.07467864, 0.        ])
switching time points [0.1840581  0.50232675 0.53797538 0.79239231 1.09390723 1.41499325
 1.68315048 1.91903741 2.14697731 2.33757116 2.54394799 2.69125112
 2.88302727 3.0133872  3.22000207 3.34231039 3.61251966 3.75916916
 4.20569171 4.35535155 4.92532136 5.        ]
computational time of retrieving switches 0.5058309159999999
computational time of optimization 0.7375610830000001
pre-computing time, objective function evaluation time, gradient time 0.0015888750000003782 0.37827903500000204 0.03627595199999689
total computational time 1.243432458
tv norm 42.0
ratio objective value 0.0073996720177401665
