minimum energy is -4.1082916198826425
filtered objective value -3.902346224916119
total binary tv norm 114.0
binary objective value -3.763907138716947
initial file ../new_result/c_control/Continuous/Energy6_evotime5.0_n_ts100_ptypeCONSTANT_offset0.5_instance5.csv
difference with alpha=0 0.004787032852433426
summation of all the changes of all the controllers 1.126705843247203
maximum summation change of all the controllers 0.030651649528590674
controller sequence is [1, 0, 1, 0, 1, 0, 1, 0, 1, 0, 1, 0, 1, 0, 1, 0, 1, 0, 1, 0, 1, 0, 1, 0, 1, 0, 1, 0, 1, 0, 1, 0, 1, 0, 1, 0, 1, 0, 1, 0, 1, 0, 1, 0, 1, 0, 1, 0, 1, 0, 1, 0, 1, 0, 1, 0, 1, 0, 1, 0, 1, 0]
warm start length is [0.15000000000000002, 0.04999999999999999, 0.04999999999999999, 0.4, 0.050000000000000044, 0.04999999999999993, 0.10000000000000009, 0.04999999999999993, 0.050000000000000044, 0.04999999999999993, 0.050000000000000044, 0.050000000000000044, 0.050000000000000044, 0.050000000000000044, 0.04999999999999982, 0.050000000000000044, 0.050000000000000044, 0.050000000000000044, 0.050000000000000044, 0.04999999999999982, 0.050000000000000044, 0.050000000000000044, 0.050000000000000044, 0.050000000000000044, 0.04999999999999982, 0.050000000000000044, 0.050000000000000044, 0.050000000000000044, 0.09999999999999987, 0.050000000000000266, 0.09999999999999964, 0.050000000000000266, 0.04999999999999982, 0.050000000000000266, 0.04999999999999982, 0.050000000000000266, 0.09999999999999964, 0.050000000000000266, 0.04999999999999982, 0.050000000000000266, 0.09999999999999964, 0.050000000000000266, 0.10000000000000009, 0.04999999999999982, 0.1499999999999999, 0.050000000000000266, 0.09999999999999964, 0.050000000000000266, 0.04999999999999982, 0.050000000000000266, 0.04999999999999982, 0.04999999999999982, 0.20000000000000018, 0.04999999999999982, 0.25, 0.04999999999999982, 0.10000000000000053, 0.04999999999999982, 0.09999999999999964, 0.05000000000000071, 0.5999999999999996, 0.04999999999999982]
objective of continuous control 0.05011502730720485
objective function before optimization 0.054902060159652266
TV regularizer before optimization 122
     fun: -3.902346224916119
     jac: array([-0.04594009, -0.04586282, -0.04608423, -0.04580494, -0.0455453 ,
       -0.0459665 , -0.04523978, -0.04627927, -0.04503382, -0.04636167,
       -0.04486759, -0.04668258, -0.04469062, -0.04673125, -0.04477302,
       -0.04659747, -0.04491817, -0.04647218, -0.04503893, -0.04636034,
       -0.0451575 , -0.04620177, -0.04538599, -0.04586931, -0.04577299,
       -0.04548006, -0.04614223, -0.04506843, -0.04647949, -0.04455133,
       -0.04667339, -0.04440998, -0.04664032, -0.04461088, -0.04637559,
       -0.04499612, -0.04618278, -0.04530093, -0.04595972, -0.04551324,
       -0.04581276, -0.04604954, -0.04547389, -0.0466217 , -0.04523815,
       -0.04696623, -0.04530058, -0.04655826, -0.0455198 , -0.04638512,
       -0.04587144, -0.04600133, -0.04614429, -0.045541  , -0.04614121,
       -0.04516484, -0.04592939, -0.04537284, -0.04593477, -0.04561626,
       -0.04568664, -0.04589255])
 message: 'Optimization terminated successfully'
    nfev: 65
     nit: 46
    njev: 46
  status: 0
 success: True
       x: array([0.17347213, 0.02058661, 0.00393428, 0.37186663, 0.03390463,
       0.08528771, 0.05832554, 0.04562091, 0.06367076, 0.04958054,
       0.05859886, 0.0436209 , 0.05474951, 0.04733605, 0.04820059,
       0.05048675, 0.04660983, 0.0525484 , 0.04739554, 0.05523455,
       0.05094322, 0.05717115, 0.05797321, 0.06155412, 0.06543938,
       0.06484326, 0.08200736, 0.06259381, 0.11591762, 0.06884171,
       0.10412894, 0.0705353 , 0.0817357 , 0.05971829, 0.08081103,
       0.04857821, 0.07214693, 0.04567556, 0.078915  , 0.04767516,
       0.07046334, 0.03952728, 0.08345915, 0.04128309, 0.10088783,
       0.03660747, 0.12435145, 0.05043306, 0.06566596, 0.08305011,
       0.06098104, 0.04474081, 0.28691015, 0.04217353, 0.12931152,
       0.04706804, 0.1133539 , 0.05007737, 0.09271719, 0.05447157,
       0.5206166 , 0.07361386])
switching time points [0.17347213 0.19405874 0.19799302 0.56985965 0.60376428 0.689052
 0.74737754 0.79299845 0.85666921 0.90624975 0.96484861 1.00846951
 1.06321902 1.11055507 1.15875566 1.20924241 1.25585224 1.30840064
 1.35579618 1.41103072 1.46197395 1.5191451  1.5771183  1.63867242
 1.70411181 1.76895506 1.85096242 1.91355623 2.02947385 2.09831556
 2.20244449 2.27297979 2.35471549 2.41443378 2.49524481 2.54382301
 2.61596995 2.66164551 2.74056051 2.78823566 2.858699   2.89822629
 2.98168543 3.02296852 3.12385636 3.16046383 3.28481529 3.33524834
 3.4009143  3.48396441 3.54494545 3.58968627 3.87659642 3.91876995
 4.04808147 4.09514951 4.20850341 4.25858078 4.35129797 4.40576954
 4.92638614]
computational time of retrieving switches 0.49845216699999995
computational time of optimization 1.5755138340000006
pre-computing time, objective function evaluation time, gradient time 0.0021070419999995593 0.8238819210000017 0.08385528899999972
total computational time 2.0739875420000002
tv norm 122.0
ratio objective value 0.050129205524218956
