minimum energy is -6.299939716697915
filtered objective value -6.171000046446838
total binary tv norm 38.0
binary objective value -5.81244390439584
initial file ../new_result/c_control/Continuous/Energy6_evotime5.0_n_ts100_ptypeCONSTANT_offset0.5_instance2.csv
difference with alpha=0 -0.8436404579361826
summation of all the changes of all the controllers 1.606127971273378
maximum summation change of all the controllers 0.07453398175001336
controller sequence is [1, 0, 1, 0, 1, 0, 1, 0, 1, 0, 1, 0, 1, 0, 1, 0, 1, 0, 1, 0, 1]
warm start length is [0.15000000000000002, 0.5, 0.050000000000000044, 0.04999999999999993, 0.10000000000000009, 0.04999999999999993, 0.09999999999999998, 0.20000000000000018, 0.09999999999999987, 0.19999999999999996, 0.20000000000000018, 0.19999999999999996, 0.15000000000000013, 0.19999999999999973, 0.20000000000000018, 0.20000000000000018, 0.2999999999999998, 0.2999999999999998, 0.4500000000000002, 0.25, 1.0499999999999998]
objective of continuous control 0.019913821764581008
objective function before optimization 0.09046430989561383
TV regularizer before optimization 40
     fun: -6.171000046446838
     jac: array([-0.10442366, -0.08454421, -0.08498581, -0.09478716, -0.08178959,
       -0.10365729, -0.06841994, -0.09972704, -0.0819296 , -0.08737664,
       -0.08882423, -0.09488869, -0.08312028, -0.08780415, -0.09954099,
       -0.08354715, -0.09285675, -0.09521267, -0.09034396, -0.08308572,
        0.        ])
 message: 'Iteration limit reached'
    nfev: 137
     nit: 100
    njev: 100
  status: 9
 success: False
       x: array([0.15710913, 0.56085733, 0.26243526, 0.32364212, 0.16749327,
       0.19580646, 0.19240447, 0.23668271, 0.18500792, 0.1754581 ,
       0.17404635, 0.14072534, 0.22717919, 0.2237965 , 0.37719681,
       0.19694084, 0.45941991, 0.14291879, 0.52649664, 0.07438285,
       0.        ])
switching time points [0.15710913 0.71796646 0.98040173 1.30404385 1.47153711 1.66734358
 1.85974805 2.09643076 2.28143868 2.45689678 2.63094313 2.77166847
 2.99884766 3.22264416 3.59984098 3.79678181 4.25620172 4.39912051
 4.92561715 5.        ]
computational time of retrieving switches 0.5043233749999994
computational time of optimization 1.0834331659999998
pre-computing time, objective function evaluation time, gradient time 0.0012138749999994758 0.5632891240000033 0.05597216499999913
total computational time 1.5877795829999997
tv norm 38.0
ratio objective value 0.020466810167932947
