minimum energy is -5.305395904186863
filtered objective value -5.268654467684246
total binary tv norm 58.0
binary objective value -5.0272071489914945
initial file ../new_result/c_control/Continuous/Energy6_evotime5.0_n_ts100_ptypeCONSTANT_offset0.5_instance4.csv
difference with alpha=0 -0.39134074427254373
summation of all the changes of all the controllers 1.7163404015960824
maximum summation change of all the controllers 0.06379584518792969
controller sequence is [1, 0, 1, 0, 1, 0, 1, 0, 1, 0, 1, 0, 1, 0, 1, 0, 1, 0, 1, 0, 1, 0, 1, 0, 1, 0, 1, 0, 1, 0, 1, 0]
warm start length is [0.15000000000000002, 0.09999999999999998, 0.050000000000000044, 0.35, 0.050000000000000044, 0.04999999999999993, 0.050000000000000044, 0.050000000000000044, 0.09999999999999998, 0.04999999999999993, 0.050000000000000044, 0.10000000000000009, 0.09999999999999987, 0.15000000000000013, 0.1499999999999999, 0.15000000000000013, 0.1499999999999999, 0.1499999999999999, 0.1499999999999999, 0.15000000000000036, 0.19999999999999973, 0.15000000000000036, 0.19999999999999973, 0.1499999999999999, 0.30000000000000027, 0.1499999999999999, 0.3500000000000001, 0.1499999999999999, 0.40000000000000036, 0.1999999999999993, 0.40000000000000036, 0.04999999999999982]
objective of continuous control 0.006715103791673838
objective function before optimization 0.05055423863718744
TV regularizer before optimization 62
     fun: -5.268654467684246
     jac: array([-0.03904864, -0.04127102, -0.04075545, -0.04088366, -0.05035768,
       -0.03937823, -0.04998103, -0.04002908, -0.04705421, -0.04332797,
       -0.04327228, -0.04698158, -0.0409138 , -0.04759566, -0.04149438,
       -0.04596614, -0.04302945, -0.04347905, -0.04451043, -0.04375885,
       -0.04326377, -0.04597313, -0.04214682, -0.04707672, -0.04212742,
       -0.04638618, -0.04308444, -0.04510743, -0.04350795, -0.04296038,
       -0.04385403, -0.04269332])
 message: 'Optimization terminated successfully'
    nfev: 123
     nit: 95
    njev: 95
  status: 0
 success: True
       x: array([0.1801446 , 0.08847478, 0.01187826, 0.4350072 , 0.2054053 ,
       0.13133457, 0.13029853, 0.19174643, 0.13982083, 0.14370569,
       0.16949676, 0.1495979 , 0.14408804, 0.13157715, 0.14055942,
       0.10433338, 0.13496954, 0.09383852, 0.11771219, 0.08484875,
       0.12810115, 0.07847546, 0.14328274, 0.07659103, 0.15947145,
       0.08167357, 0.16580265, 0.0849343 , 0.38208666, 0.13964507,
       0.55900329, 0.07209479])
switching time points [0.1801446  0.26861938 0.28049763 0.71550483 0.92091013 1.0522447
 1.18254323 1.37428966 1.51411049 1.65781618 1.82731294 1.97691083
 2.12099887 2.25257602 2.39313545 2.49746883 2.63243836 2.72627689
 2.84398908 2.92883783 3.05693898 3.13541444 3.27869718 3.35528821
 3.51475966 3.59643323 3.76223588 3.84717018 4.22925684 4.36890191
 4.92790521]
computational time of retrieving switches 0.5290085829999995
computational time of optimization 1.5365766249999995
pre-computing time, objective function evaluation time, gradient time 0.0011620419999998077 0.7897775770000006 0.08357349399999325
total computational time 2.0656057919999995
tv norm 62.0
ratio objective value 0.006925295899901096
