minimum energy is -4.1082916198826425
filtered objective value -3.125947125952617
total binary tv norm 8.0
binary objective value -3.123188752423723
initial file ../new_result/c_control/Continuous/Energy6_evotime5.0_n_ts100_ptypeCONSTANT_offset0.5_instance5.csv
difference with alpha=0 -2.218416275855988
summation of all the changes of all the controllers 1.0770607937109942
maximum summation change of all the controllers 0.07926617859576246
controller sequence is [1, 0, 1, 0, 1]
warm start length is [0.30000000000000004, 0.65, 0.7000000000000001, 0.6500000000000001, 2.6999999999999997]
objective of continuous control 0.05011502730720485
objective function before optimization 0.6649624211846814
TV regularizer before optimization 8
     fun: -3.125947125952617
     jac: array([ 0.0010555 , -0.00040026,  0.00018298, -0.00060359,  0.        ])
 message: 'Optimization terminated successfully'
    nfev: 16
     nit: 10
    njev: 10
  status: 0
 success: True
       x: array([0.35468599, 0.55044401, 0.64890599, 0.26063694, 3.18532707])
switching time points [0.35468599 0.90513    1.55403599 1.81467293]
computational time of retrieving switches 0.651734083
computational time of optimization 0.05381816599999922
pre-computing time, objective function evaluation time, gradient time 0.0013004169999994986 0.031305373999998665 0.001780208999999644
total computational time 0.7055682079999999
tv norm 8.0
ratio objective value 0.2391126494467516
