minimum energy is -4.1082916198826425
filtered objective value -3.7114040908440344
total binary tv norm 16.0
binary objective value -3.6521052653321098
initial file ../new_result/c_control/Continuous/Energy6_evotime5.0_n_ts100_ptypeCONSTANT_offset0.5_instance5.csv
difference with alpha=0 -2.058547816793013
summation of all the changes of all the controllers 0.5548672644128934
maximum summation change of all the controllers 0.07850033195469264
controller sequence is [1, 0, 1, 0, 1, 0, 1, 0, 1]
warm start length is [0.15000000000000002, 0.55, 0.29999999999999993, 0.4500000000000002, 0.44999999999999996, 0.44999999999999996, 0.75, 0.4500000000000002, 1.4499999999999997]
objective of continuous control 0.05011502730720485
objective function before optimization 0.35197622216593616
TV regularizer before optimization 16
     fun: -3.7114040908440344
     jac: array([ 1.66739925e-04,  1.14100826e-03,  9.26640511e-05,  3.07962890e-05,
        4.31018258e-04,  1.84582116e-03, -2.76195471e-03,  3.12260241e-04,
        0.00000000e+00])
 message: 'Optimization terminated successfully'
    nfev: 26
     nit: 14
    njev: 14
  status: 0
 success: True
       x: array([0.30226311, 0.57343611, 0.52517623, 0.40798685, 0.58084857,
       0.31544657, 0.62389453, 0.17371653, 1.49723149])
switching time points [0.30226311 0.87569922 1.40087546 1.80886231 2.38971087 2.70515744
 3.32905198 3.50276851]
computational time of retrieving switches 0.9362918750000002
computational time of optimization 0.41677829099999997
pre-computing time, objective function evaluation time, gradient time 0.0023824159999996652 0.24469058500000074 0.019025127000000808
total computational time 1.3530914999999997
tv norm 16.0
ratio objective value 0.09660646462335254
