minimum energy is -4.757297752365604
filtered objective value -4.428995100129231
total binary tv norm 20.0
binary objective value -4.365432215000209
initial file ../new_result/c_control/Continuous/Energy6_evotime5.0_n_ts100_ptypeCONSTANT_offset0.5_instance3.csv
difference with alpha=0 -2.3407857893091824
summation of all the changes of all the controllers 1.114024394164585
maximum summation change of all the controllers 0.10799832260873465
controller sequence is [1, 0, 1, 0, 1, 0, 1, 0, 1, 0, 1]
warm start length is [0.15000000000000002, 0.55, 0.35, 0.40000000000000013, 0.3999999999999999, 0.4500000000000002, 0.6000000000000001, 0.5, 0.8499999999999996, 0.40000000000000036, 0.34999999999999964]
objective of continuous control 0.04521233183449391
objective function before optimization 0.37395870338835635
TV regularizer before optimization 20
     fun: -4.428995100129231
     jac: array([ 0.00038383,  0.00125639, -0.00201685, -0.00200051,  0.00067803,
        0.00255999, -0.00198805,  0.00151414,  0.00119584, -0.00180142,
        0.        ])
 message: 'Optimization terminated successfully'
    nfev: 39
     nit: 21
    njev: 21
  status: 0
 success: True
       x: array([0.24318969, 0.56285151, 0.45881183, 0.45438946, 0.50249514,
       0.36960104, 0.58258133, 0.26113468, 0.7313497 , 0.12561341,
       0.7079822 ])
switching time points [0.24318969 0.8060412  1.26485303 1.71924249 2.22173764 2.59133867
 3.17392001 3.43505468 4.16640438 4.2920178 ]
computational time of retrieving switches 1.0214028339999999
computational time of optimization 0.7303630830000003
pre-computing time, objective function evaluation time, gradient time 0.006000249999999596 0.45767066600000117 0.043347247999999894
total computational time 1.7518122920000003
tv norm 20.0
ratio objective value 0.06901032252461436
