minimum energy is -4.757297752365604
filtered objective value -4.53789500997621
total binary tv norm 46.0
binary objective value -4.219509241622285
initial file ../new_result/c_control/Continuous/Energy6_evotime5.0_n_ts100_ptypeCONSTANT_offset0.5_instance3.csv
difference with alpha=0 -0.6774258685587227
summation of all the changes of all the controllers 1.0341212351883453
maximum summation change of all the controllers 0.04013062206818496
controller sequence is [1, 0, 1, 0, 1, 0, 1, 0, 1, 0, 1, 0, 1, 0, 1, 0, 1, 0, 1, 0, 1, 0, 1, 0, 1]
warm start length is [0.15000000000000002, 0.4, 0.050000000000000044, 0.09999999999999998, 0.04999999999999993, 0.050000000000000044, 0.050000000000000044, 0.04999999999999993, 0.09999999999999998, 0.10000000000000009, 0.10000000000000009, 0.1499999999999999, 0.10000000000000009, 0.1499999999999999, 0.1499999999999999, 0.15000000000000013, 0.19999999999999996, 0.20000000000000018, 0.25, 0.19999999999999973, 0.3500000000000001, 0.25, 0.5500000000000003, 0.25, 0.8499999999999996]
objective of continuous control 0.04521233183449391
objective function before optimization 0.12179946083107962
TV regularizer before optimization 48
     fun: -4.537895009976211
     jac: array([-0.09117042, -0.09101164, -0.09318504, -0.09154321, -0.09198843,
       -0.09259012, -0.09094297, -0.09381297, -0.08888245, -0.09553403,
       -0.08834282, -0.09371075, -0.09145394, -0.08985862, -0.09262692,
       -0.09045159, -0.0914032 , -0.09142331, -0.09129722, -0.09149702,
       -0.09154205, -0.09339521, -0.0913074 , -0.08991073,  0.        ])
 message: 'Optimization terminated successfully'
    nfev: 112
     nit: 87
    njev: 87
  status: 0
 success: True
       x: array([1.82103364e-01, 4.92409626e-01, 2.07849730e-01, 1.41082784e-01,
       1.66710092e-01, 1.92372477e-01, 1.38961513e-01, 1.81687105e-01,
       2.08797896e-01, 1.66103443e-01, 2.22788959e-01, 1.96451728e-01,
       2.60597536e-01, 1.37846350e-01, 2.46446295e-01, 1.30570151e-01,
       2.27590078e-01, 1.02857081e-01, 3.07066363e-01, 8.55854042e-02,
       2.07720193e-01, 1.00827678e-01, 5.93959997e-01, 1.01614156e-01,
       1.57213974e-16])
switching time points [0.18210336 0.67451299 0.88236272 1.0234455  1.1901556  1.38252807
 1.52148959 1.70317669 1.91197459 2.07807803 2.30086699 2.49731872
 2.75791625 2.8957626  3.1422089  3.27277905 3.50036913 3.60322621
 3.91029257 3.99587798 4.20359817 4.30442585 4.89838584 5.        ]
computational time of retrieving switches 0.5387957500000002
computational time of optimization 1.1015594159999997
pre-computing time, objective function evaluation time, gradient time 0.002336333000000579 0.5372760879999925 0.05762333800000352
total computational time 1.6403870409999994
tv norm 46.0
ratio objective value 0.04611919493168015
