minimum energy is -5.305395904186863
filtered objective value -5.551115123125783e-17
total binary tv norm 0.0
binary objective value -9.43689570931383e-16
initial file ../new_result/c_control/Continuous/Energy6_evotime5.0_n_ts100_ptypeCONSTANT_offset0.5_instance4.csv
difference with alpha=0 -0.6576690641035912
summation of all the changes of all the controllers 0.7612517942154712
maximum summation change of all the controllers 0.13281022683899746
controller sequence is [1]
warm start length is [5.0]
objective of continuous control 0.006715103791673838
objective function before optimization 1.0
TV regularizer before optimization 0
     fun: -5.551115123125783e-17
     jac: array([0.])
 message: 'Optimization terminated successfully'
    nfev: 1
     nit: 1
    njev: 1
  status: 0
 success: True
       x: array([5.])
switching time points None
computational time of retrieving switches 0.5300097500000001
computational time of optimization 0.0026649999999994733
pre-computing time, objective function evaluation time, gradient time 0.0005270419999998666 0.00030791699999976885 6.154200000008103e-05
total computational time 0.5326971669999998
tv norm 0
ratio objective value 1.0
