minimum energy is -4.1082916198826425
filtered objective value -3.125946642702944
total binary tv norm 8.0
binary objective value -3.123188752423723
initial file ../new_result/c_control/Continuous/Energy6_evotime5.0_n_ts100_ptypeCONSTANT_offset0.5_instance5.csv
difference with alpha=0 -1.833189193541159
summation of all the changes of all the controllers 1.2491387252554966
maximum summation change of all the controllers 0.07926617859576246
controller sequence is [1, 0, 1, 0, 1]
warm start length is [0.30000000000000004, 0.6, 0.7000000000000001, 0.5499999999999998, 2.85]
objective of continuous control 0.05011502730720485
objective function before optimization 0.4960290744672373
TV regularizer before optimization 8
     fun: -3.125946642702944
     jac: array([-0.00108698,  0.00313197,  0.00262296, -0.00320883,  0.        ])
 message: 'Optimization terminated successfully'
    nfev: 16
     nit: 9
    njev: 9
  status: 0
 success: True
       x: array([0.35466895, 0.55064991, 0.64910316, 0.26067614, 3.18490184])
switching time points [0.35466895 0.90531886 1.55442202 1.81509816]
computational time of retrieving switches 0.5297110419999997
computational time of optimization 0.08062270799999993
pre-computing time, objective function evaluation time, gradient time 0.0023382920000001306 0.04727054100000139 0.008223538999999391
total computational time 0.6103725830000002
tv norm 8.0
ratio objective value 0.23911276707464113
