minimum energy is -4.757297752365604
filtered objective value -4.541705285812967
total binary tv norm 110.0
binary objective value -3.818003174280981
initial file ../new_result/c_control/Continuous/Energy6_evotime5.0_n_ts100_ptypeCONSTANT_offset0.5_instance3.csv
difference with alpha=0 0.0050992387307376985
summation of all the changes of all the controllers 1.1273833982067414
maximum summation change of all the controllers 0.02428389846631307
controller sequence is [1, 0, 1, 0, 1, 0, 1, 0, 1, 0, 1, 0, 1, 0, 1, 0, 1, 0, 1, 0, 1, 0, 1, 0, 1, 0, 1, 0, 1, 0, 1, 0, 1, 0, 1, 0, 1, 0, 1, 0, 1, 0, 1, 0, 1, 0, 1, 0, 1, 0, 1, 0, 1, 0, 1, 0, 1, 0, 1, 0]
warm start length is [0.15000000000000002, 0.4, 0.050000000000000044, 0.09999999999999998, 0.04999999999999993, 0.050000000000000044, 0.050000000000000044, 0.04999999999999993, 0.09999999999999998, 0.050000000000000044, 0.050000000000000044, 0.050000000000000044, 0.050000000000000044, 0.04999999999999982, 0.050000000000000044, 0.10000000000000009, 0.050000000000000044, 0.04999999999999982, 0.050000000000000044, 0.10000000000000009, 0.09999999999999987, 0.050000000000000044, 0.050000000000000044, 0.050000000000000044, 0.050000000000000044, 0.04999999999999982, 0.10000000000000009, 0.04999999999999982, 0.050000000000000266, 0.04999999999999982, 0.050000000000000266, 0.04999999999999982, 0.050000000000000266, 0.04999999999999982, 0.04999999999999982, 0.050000000000000266, 0.10000000000000009, 0.04999999999999982, 0.10000000000000009, 0.04999999999999982, 0.050000000000000266, 0.04999999999999982, 0.10000000000000009, 0.04999999999999982, 0.10000000000000009, 0.04999999999999982, 0.10000000000000009, 0.050000000000000266, 0.09999999999999964, 0.050000000000000266, 0.10000000000000009, 0.04999999999999982, 0.20000000000000018, 0.04999999999999982, 0.15000000000000036, 0.04999999999999982, 0.09999999999999964, 0.04999999999999982, 0.6000000000000005, 0.09999999999999964]
objective of continuous control 0.04521233183449391
objective function before optimization 0.05031157056526858
TV regularizer before optimization 118
     fun: -4.541705285812967
     jac: array([-0.09432334, -0.09251641, -0.09370402, -0.09286004, -0.09271563,
       -0.09317626, -0.0923708 , -0.09349242, -0.09220418, -0.09400147,
       -0.09195476, -0.09425971, -0.09165913, -0.09449401, -0.09154997,
       -0.09435512, -0.0918508 , -0.09410046, -0.09250606, -0.09352681,
       -0.09322775, -0.09298902, -0.09368218, -0.09205996, -0.09439858,
       -0.09129587, -0.09493639, -0.09076839, -0.0952077 , -0.09043927,
       -0.09531003, -0.09046445, -0.09529462, -0.09045786, -0.09519298,
       -0.09075183, -0.09496837, -0.09128944, -0.09468654, -0.09194394,
       -0.09414187, -0.09290763, -0.09367401, -0.09384219, -0.09317275,
       -0.09474461, -0.09280882, -0.09525479, -0.09253704, -0.09596212,
       -0.09223783, -0.09632465, -0.09254303, -0.09538099, -0.09288662,
       -0.09445663, -0.09340268, -0.09387128, -0.0936244 , -0.0914243 ])
 message: 'Optimization terminated successfully'
    nfev: 64
     nit: 44
    njev: 44
  status: 0
 success: True
       x: array([0.17034201, 0.33575089, 0.0261484 , 0.12142532, 0.05388462,
       0.06198349, 0.08663735, 0.04845465, 0.07756512, 0.04819361,
       0.06160274, 0.05632455, 0.05191716, 0.06224561, 0.04914491,
       0.0719917 , 0.04765606, 0.06653749, 0.04947903, 0.06813348,
       0.05862401, 0.06229356, 0.07715556, 0.06132747, 0.08779023,
       0.05973361, 0.08434461, 0.0658156 , 0.08249853, 0.07735487,
       0.08326705, 0.07241846, 0.09308844, 0.0647658 , 0.1101567 ,
       0.05438226, 0.11038263, 0.05164276, 0.09453295, 0.05231582,
       0.08769831, 0.05004546, 0.08237406, 0.0444392 , 0.08719401,
       0.04006253, 0.10166292, 0.03704729, 0.1213194 , 0.03454331,
       0.12841172, 0.0342638 , 0.09679454, 0.03998101, 0.084975  ,
       0.04486166, 0.07695678, 0.04339566, 0.54469045, 0.09997376])
switching time points [0.17034201 0.50609291 0.53224131 0.65366663 0.70755124 0.76953474
 0.85617208 0.90462673 0.98219185 1.03038546 1.0919882  1.14831276
 1.20022992 1.26247553 1.31162044 1.38361214 1.4312682  1.49780569
 1.54728472 1.6154182  1.67404221 1.73633577 1.81349134 1.87481881
 1.96260904 2.02234264 2.10668725 2.17250285 2.25500138 2.33235625
 2.4156233  2.48804176 2.5811302  2.645896   2.7560527  2.81043496
 2.92081759 2.97246035 3.0669933  3.11930911 3.20700742 3.25705289
 3.33942695 3.38386615 3.47106016 3.51112269 3.61278561 3.64983291
 3.7711523  3.80569561 3.93410733 3.96837114 4.06516568 4.10514669
 4.19012169 4.23498335 4.31194012 4.35533579 4.90002624]
computational time of retrieving switches 0.4917721669999997
computational time of optimization 1.3739982919999996
pre-computing time, objective function evaluation time, gradient time 0.001534041000000208 0.7311835830000026 0.06077474800000271
total computational time 1.8658143339999995
tv norm 118.0
ratio objective value 0.04531826212589518
