minimum energy is -5.305395904186863
filtered objective value 6.661338147750939e-16
total binary tv norm 0.0
binary objective value -9.43689570931383e-16
initial file ../new_result/c_control/Continuous/Energy6_evotime5.0_n_ts100_ptypeCONSTANT_offset0.5_instance4.csv
difference with alpha=0 -3.3266151586456782
summation of all the changes of all the controllers 0.21000547223354082
maximum summation change of all the controllers 0.13281022683899746
controller sequence is [1, 0, 1]
warm start length is [0.5, 2.6500000000000004, 1.8499999999999996]
objective of continuous control 0.006715103791673838
objective function before optimization 1.3447921889123802
TV regularizer before optimization 4
     fun: 1.3322676295501878e-15
     jac: array([-3.66373598e-15,  1.23606389e+00,  0.00000000e+00])
 message: 'Optimization terminated successfully'
    nfev: 2
     nit: 2
    njev: 2
  status: 0
 success: True
       x: array([2.94763437e+00, 4.44089210e-16, 2.05236563e+00])
switching time points [2.94763437 2.94763437]
computational time of retrieving switches 0.5153619590000003
computational time of optimization 0.005689000000000277
pre-computing time, objective function evaluation time, gradient time 0.001162541000000239 0.001299251000000723 0.00023612600000078032
total computational time 0.5210757090000002
tv norm 0.0
ratio objective value 1.0000000000000002
