minimum energy is -6.299939716697915
filtered objective value -6.153875216553818
total binary tv norm 26.0
binary objective value -5.966153622659687
initial file ../new_result/c_control/Continuous/Energy6_evotime5.0_n_ts100_ptypeCONSTANT_offset0.5_instance2.csv
difference with alpha=0 -1.5133915494641679
summation of all the changes of all the controllers 1.3915770865697785
maximum summation change of all the controllers 0.07450215931376813
controller sequence is [1, 0, 1, 0, 1, 0, 1, 0, 1, 0, 1, 0, 1, 0, 1]
warm start length is [0.15000000000000002, 0.5, 0.09999999999999998, 0.10000000000000009, 0.19999999999999996, 0.3500000000000001, 0.25, 0.30000000000000004, 0.25, 0.3500000000000001, 0.3999999999999999, 0.3500000000000001, 0.5499999999999998, 0.30000000000000027, 0.8499999999999996]
objective of continuous control 0.019913821764581008
objective function before optimization 0.14297250491051505
TV regularizer before optimization 28
     fun: -6.1538752165538195
     jac: array([-0.06332115, -0.05962028, -0.06259207, -0.06200307, -0.0590606 ,
       -0.06311751, -0.06339643, -0.05981673, -0.06247381, -0.06428603,
       -0.05781377, -0.06231327, -0.06368714, -0.061353  ,  0.        ])
 message: 'Optimization terminated successfully'
    nfev: 66
     nit: 38
    njev: 38
  status: 0
 success: True
       x: array([1.66377656e-01, 5.95883102e-01, 3.22590979e-01, 4.57212080e-01,
       3.51148147e-01, 4.14322057e-01, 3.92788096e-01, 3.46560406e-01,
       4.22071848e-01, 2.52714242e-01, 4.86055683e-01, 1.65483704e-01,
       5.49202219e-01, 7.75897796e-02, 3.64952616e-17])
switching time points [0.16637766 0.76226076 1.08485174 1.54206382 1.89321196 2.30753402
 2.70032212 3.04688252 3.46895437 3.72166861 4.2077243  4.373208
 4.92241022 5.        ]
computational time of retrieving switches 0.5163667079999996
computational time of optimization 0.32433787499999944
pre-computing time, objective function evaluation time, gradient time 0.0024334589999996936 0.1785584120000001 0.015107336999997223
total computational time 0.8407272919999995
tv norm 26.0
ratio objective value 0.023185063145438334
