minimum energy is -6.299939716697915
filtered objective value -5.508906618790606
total binary tv norm 12.0
binary objective value -5.421853514242153
initial file ../new_result/c_control/Continuous/Energy6_evotime5.0_n_ts100_ptypeCONSTANT_offset0.5_instance2.csv
difference with alpha=0 -2.4771550476691835
summation of all the changes of all the controllers 1.397581921121776
maximum summation change of all the controllers 0.09072976698840607
controller sequence is [1, 0, 1, 0, 1, 0, 1]
warm start length is [0.25, 0.6000000000000001, 0.44999999999999996, 0.7, 0.7000000000000002, 0.7999999999999998, 1.5]
objective of continuous control 0.019913821764581008
objective function before optimization 0.859341308900881
TV regularizer before optimization 12
     fun: -5.508906618790606
     jac: array([ 0.0015667 ,  0.0002356 , -0.00493215,  0.0006383 ,  0.00067035,
        0.00280381,  0.        ])
 message: 'Optimization terminated successfully'
    nfev: 31
     nit: 15
    njev: 15
  status: 0
 success: True
       x: array([0.26274305, 0.55145245, 0.4136485 , 0.43785552, 0.43264239,
       0.25870497, 2.64295312])
switching time points [0.26274305 0.8141955  1.227844   1.66569952 2.09834191 2.35704688]
computational time of retrieving switches 0.7080130419999993
computational time of optimization 0.1877903330000006
pre-computing time, objective function evaluation time, gradient time 0.0015591249999999945 0.10941879299999702 0.010736957999999852
total computational time 0.895837792
tv norm 12.0
ratio objective value 0.1255620106666554
