minimum energy is -4.1082916198826425
filtered objective value -3.898933693678403
total binary tv norm 34.0
binary objective value -3.833087697604941
initial file ../new_result/c_control/Continuous/Energy6_evotime5.0_n_ts100_ptypeCONSTANT_offset0.5_instance5.csv
difference with alpha=0 -0.8551492213867846
summation of all the changes of all the controllers 1.780956133889724
maximum summation change of all the controllers 0.08527324350293253
controller sequence is [1, 0, 1, 0, 1, 0, 1, 0, 1, 0, 1, 0, 1, 0, 1, 0, 1, 0, 1]
warm start length is [0.15000000000000002, 0.04999999999999999, 0.04999999999999999, 0.4, 0.050000000000000044, 0.04999999999999993, 0.15000000000000002, 0.15000000000000002, 0.19999999999999996, 0.20000000000000018, 0.25, 0.25, 0.3999999999999999, 0.30000000000000027, 0.5499999999999998, 0.3500000000000001, 0.6999999999999997, 0.2999999999999998, 0.4500000000000002]
objective of continuous control 0.05011502730720485
objective function before optimization 0.15414389075635648
TV regularizer before optimization 36
     fun: -3.8989336936784027
     jac: array([-0.04666079, -0.04207285, -0.05288659, -0.04196867, -0.04809308,
       -0.04738139, -0.04292624, -0.05074439, -0.04380519, -0.0460771 ,
       -0.04720205, -0.04647909, -0.04601525, -0.04663331, -0.04586513,
       -0.04604036, -0.04572712, -0.04694701,  0.        ])
 message: 'Iteration limit reached'
    nfev: 122
     nit: 100
    njev: 100
  status: 9
 success: False
       x: array([1.87760883e-01, 5.05791285e-01, 2.38314606e-01, 2.04838850e-01,
       2.02716638e-01, 2.34574249e-01, 2.92887099e-01, 2.43013094e-01,
       3.36733992e-01, 1.85109623e-01, 2.32759482e-01, 1.46127135e-01,
       3.78542438e-01, 2.11527426e-01, 5.38173028e-01, 1.68102297e-01,
       6.14241837e-01, 7.87860386e-02, 1.88532593e-16])
switching time points [0.18776088 0.69355217 0.93186677 1.13670562 1.33942226 1.57399651
 1.86688361 2.1098967  2.4466307  2.63174032 2.8644998  3.01062694
 3.38916937 3.6006968  4.13886983 4.30697212 4.92121396 5.        ]
computational time of retrieving switches 0.5251554169999997
computational time of optimization 1.0185717089999997
pre-computing time, objective function evaluation time, gradient time 0.0012289999999994805 0.5188352510000014 0.05384849599999608
total computational time 1.5437520419999995
tv norm 34.0
ratio objective value 0.05095985036481421
