minimum energy is -4.1082916198826425
filtered objective value -3.9000428100305546
total binary tv norm 46.0
binary objective value -3.705644141524062
initial file ../new_result/c_control/Continuous/Energy6_evotime5.0_n_ts100_ptypeCONSTANT_offset0.5_instance5.csv
difference with alpha=0 -0.6988345292063101
summation of all the changes of all the controllers 1.2785705398833955
maximum summation change of all the controllers 0.06732909750272287
controller sequence is [1, 0, 1, 0, 1, 0, 1, 0, 1, 0, 1, 0, 1, 0, 1, 0, 1, 0, 1, 0, 1, 0, 1, 0, 1]
warm start length is [0.15000000000000002, 0.04999999999999999, 0.04999999999999999, 0.4, 0.050000000000000044, 0.04999999999999993, 0.10000000000000009, 0.04999999999999993, 0.050000000000000044, 0.04999999999999993, 0.10000000000000009, 0.1499999999999999, 0.20000000000000018, 0.19999999999999996, 0.25, 0.15000000000000013, 0.2999999999999998, 0.20000000000000018, 0.3999999999999999, 0.20000000000000018, 0.44999999999999973, 0.20000000000000018, 0.6499999999999999, 0.20000000000000018, 0.34999999999999964]
objective of continuous control 0.05011502730720485
objective function before optimization 0.09622627285876872
TV regularizer before optimization 48
     fun: -3.9000428100305546
     jac: array([-0.04273501, -0.04451949, -0.0437545 , -0.04395715, -0.0490677 ,
       -0.04257949, -0.04913766, -0.04291622, -0.04855731, -0.04433435,
       -0.04666045, -0.04664247, -0.04457249, -0.0480975 , -0.04464055,
       -0.0466965 , -0.04593272, -0.0453426 , -0.04577845, -0.04549982,
       -0.04582356, -0.04639994, -0.04551179, -0.04595029,  0.        ])
 message: 'Optimization terminated successfully'
    nfev: 61
     nit: 47
    njev: 47
  status: 0
 success: True
       x: array([0.17039324, 0.11959256, 0.01823904, 0.37649915, 0.17341453,
       0.13014168, 0.14720387, 0.14165439, 0.12864091, 0.14694218,
       0.16572466, 0.16182265, 0.26938076, 0.19770411, 0.2608411 ,
       0.13343057, 0.22833118, 0.14826641, 0.35053085, 0.18363454,
       0.50805644, 0.15898244, 0.60404101, 0.07653174, 0.        ])
switching time points [0.17039324 0.2899858  0.30822483 0.68472399 0.85813852 0.98828019
 1.13548407 1.27713845 1.40577936 1.55272155 1.71844621 1.88026886
 2.14964961 2.34735373 2.60819483 2.74162539 2.96995658 3.11822299
 3.46875383 3.65238838 4.16044482 4.31942725 4.92346826 5.        ]
computational time of retrieving switches 0.4902952919999999
computational time of optimization 0.584253167
pre-computing time, objective function evaluation time, gradient time 0.0016731659999997817 0.2924894590000022 0.0312289520000002
total computational time 1.0745968339999994
tv norm 46.0
ratio objective value 0.050689880154621725
