minimum energy is -4.757297752365604
filtered objective value -4.5260268372810515
total binary tv norm 28.0
binary objective value -4.31641949045977
initial file ../new_result/c_control/Continuous/Energy6_evotime5.0_n_ts100_ptypeCONSTANT_offset0.5_instance3.csv
difference with alpha=0 -1.4505091919010464
summation of all the changes of all the controllers 1.5703171774035123
maximum summation change of all the controllers 0.09232584785113107
controller sequence is [1, 0, 1, 0, 1, 0, 1, 0, 1, 0, 1, 0, 1, 0, 1]
warm start length is [0.15000000000000002, 0.4, 0.050000000000000044, 0.19999999999999996, 0.25, 0.25, 0.19999999999999996, 0.30000000000000004, 0.34999999999999987, 0.3500000000000001, 0.5, 0.40000000000000036, 0.75, 0.34999999999999964, 0.5]
objective of continuous control 0.04521233183449391
objective function before optimization 0.20716757111092665
TV regularizer before optimization 28
     fun: -4.5260268372810515
     jac: array([-0.08479606, -0.08622278, -0.08723275, -0.08494593, -0.08689095,
       -0.08763108, -0.08374548, -0.08657378, -0.08625102, -0.08642266,
       -0.08614127, -0.08477485, -0.08698746, -0.0865157 ,  0.        ])
 message: 'Optimization terminated successfully'
    nfev: 71
     nit: 48
    njev: 48
  status: 0
 success: True
       x: array([1.98627492e-01, 5.44033134e-01, 3.82638843e-01, 3.95721357e-01,
       3.67639296e-01, 3.18219695e-01, 3.86509495e-01, 2.61861044e-01,
       4.41276365e-01, 2.22513920e-01, 5.22863922e-01, 1.79055781e-01,
       6.73326210e-01, 1.05713446e-01, 1.14739930e-16])
switching time points [0.19862749 0.74266063 1.12529947 1.52102083 1.88866012 2.20687982
 2.59338931 2.85525036 3.29652672 3.51904064 4.04190456 4.22096034
 4.89428655 5.        ]
computational time of retrieving switches 0.5052809169999994
computational time of optimization 0.6658797079999994
pre-computing time, objective function evaluation time, gradient time 0.0012890000000007618 0.3549961630000009 0.034220208000001584
total computational time 1.1711814579999995
tv norm 26.0
ratio objective value 0.04861392477894644
