minimum energy is -4.1082916198826425
filtered objective value -3.9014606521869775
total binary tv norm 54.0
binary objective value -3.775241957795963
initial file ../new_result/c_control/Continuous/Energy6_evotime5.0_n_ts100_ptypeCONSTANT_offset0.5_instance5.csv
difference with alpha=0 -0.40456896401813036
summation of all the changes of all the controllers 1.6491566956861479
maximum summation change of all the controllers 0.06472266201725563
controller sequence is [1, 0, 1, 0, 1, 0, 1, 0, 1, 0, 1, 0, 1, 0, 1, 0, 1, 0, 1, 0, 1, 0, 1, 0, 1, 0, 1, 0, 1, 0]
warm start length is [0.15000000000000002, 0.04999999999999999, 0.04999999999999999, 0.4, 0.050000000000000044, 0.04999999999999993, 0.10000000000000009, 0.04999999999999993, 0.050000000000000044, 0.04999999999999993, 0.050000000000000044, 0.050000000000000044, 0.050000000000000044, 0.050000000000000044, 0.09999999999999987, 0.10000000000000009, 0.09999999999999987, 0.15000000000000013, 0.19999999999999996, 0.1499999999999999, 0.25, 0.15000000000000036, 0.25, 0.19999999999999973, 0.4500000000000002, 0.25, 0.6499999999999999, 0.25, 0.5, 0.04999999999999982]
objective of continuous control 0.05011502730720485
objective function before optimization 0.09849412149115278
TV regularizer before optimization 58
     fun: -3.9014606521869775
     jac: array([-0.04591334, -0.04728799, -0.04554009, -0.04713445, -0.04502989,
       -0.04688125, -0.04567147, -0.04609463, -0.04649721, -0.04511548,
       -0.04710218, -0.04461139, -0.04737428, -0.04460657, -0.04736703,
       -0.04562158, -0.04566016, -0.04755877, -0.04494406, -0.04750688,
       -0.04554279, -0.04595562, -0.04638474, -0.04522429, -0.04605069,
       -0.04626608, -0.04615289, -0.04662069, -0.04647919, -0.04518876])
 message: 'Iteration limit reached'
    nfev: 123
     nit: 100
    njev: 100
  status: 9
 success: False
       x: array([0.17319024, 0.11017487, 0.01353897, 0.37532364, 0.14214207,
       0.0973183 , 0.1136338 , 0.0961688 , 0.09877817, 0.11274023,
       0.10567429, 0.12373387, 0.13170316, 0.12713588, 0.21124821,
       0.15644369, 0.213543  , 0.12824829, 0.17677749, 0.10439436,
       0.18510741, 0.1021146 , 0.28384715, 0.18020436, 0.43323119,
       0.09103075, 0.18991494, 0.09368535, 0.55332273, 0.07563017])
switching time points [0.17319024 0.28336511 0.29690408 0.67222773 0.81436979 0.9116881
 1.0253219  1.1214907  1.22026888 1.3330091  1.43868339 1.56241726
 1.69412042 1.8212563  2.03250451 2.1889482  2.4024912  2.5307395
 2.70751699 2.81191135 2.99701876 3.09913336 3.38298051 3.56318487
 3.99641606 4.08744681 4.27736175 4.3710471  4.92436983]
computational time of retrieving switches 0.512207042
computational time of optimization 1.617574125
pre-computing time, objective function evaluation time, gradient time 0.002426834000000433 0.7889593760000002 0.09470933400000359
total computational time 2.1298345000000003
tv norm 58.0
ratio objective value 0.05034476294104295
