minimum energy is -6.299939716697915
filtered objective value -6.175673130128112
total binary tv norm 70.0
binary objective value -5.628097896508692
initial file ../new_result/c_control/Continuous/Energy6_evotime5.0_n_ts100_ptypeCONSTANT_offset0.5_instance2.csv
difference with alpha=0 -0.2575035180890397
summation of all the changes of all the controllers 1.9493743591961008
maximum summation change of all the controllers 0.0490972370306757
controller sequence is [1, 0, 1, 0, 1, 0, 1, 0, 1, 0, 1, 0, 1, 0, 1, 0, 1, 0, 1, 0, 1, 0, 1, 0, 1, 0, 1, 0, 1, 0, 1, 0, 1, 0, 1, 0]
warm start length is [0.15000000000000002, 0.5, 0.050000000000000044, 0.04999999999999993, 0.10000000000000009, 0.04999999999999993, 0.050000000000000044, 0.04999999999999993, 0.050000000000000044, 0.10000000000000009, 0.050000000000000044, 0.1499999999999999, 0.050000000000000044, 0.050000000000000044, 0.04999999999999982, 0.050000000000000044, 0.050000000000000044, 0.050000000000000044, 0.050000000000000044, 0.04999999999999982, 0.10000000000000009, 0.1499999999999999, 0.10000000000000009, 0.1499999999999999, 0.15000000000000036, 0.1499999999999999, 0.19999999999999973, 0.15000000000000036, 0.1499999999999999, 0.19999999999999973, 0.3500000000000001, 0.25, 0.44999999999999973, 0.20000000000000018, 0.4500000000000002, 0.04999999999999982]
objective of continuous control 0.019913821764581008
objective function before optimization 0.04251113053399069
TV regularizer before optimization 70
     fun: -6.175673130128112
     jac: array([-0.09083589, -0.09084571, -0.0964732 , -0.09067088, -0.09615198,
       -0.09121477, -0.09560298, -0.09142564, -0.09437702, -0.09222384,
       -0.09291159, -0.09325904, -0.0908684 , -0.09444301, -0.09010895,
       -0.09497007, -0.08989742, -0.09455294, -0.09023904, -0.09441169,
       -0.0903901 , -0.09356372, -0.09213071, -0.09197805, -0.09354292,
       -0.09087652, -0.09394073, -0.09090123, -0.09336032, -0.09227938,
       -0.09094617, -0.09373101, -0.09249507, -0.09088278, -0.09218082,
       -0.09311254])
 message: 'Optimization terminated successfully'
    nfev: 80
     nit: 53
    njev: 53
  status: 0
 success: True
       x: array([0.14973917, 0.51103086, 0.10547334, 0.07059921, 0.11519834,
       0.11514002, 0.06740371, 0.15791015, 0.07233676, 0.11703373,
       0.1052876 , 0.10554956, 0.10365406, 0.10764289, 0.08117281,
       0.09697909, 0.07691521, 0.08977923, 0.07797849, 0.07916807,
       0.08438806, 0.06884136, 0.08368191, 0.06178948, 0.08644869,
       0.06167482, 0.0981338 , 0.07423995, 0.10466121, 0.14544765,
       0.35018486, 0.18349212, 0.45532755, 0.13875357, 0.52340189,
       0.07354076])
switching time points [0.14973917 0.66077003 0.76624337 0.83684258 0.95204092 1.06718093
 1.13458464 1.29249479 1.36483155 1.48186528 1.58715289 1.69270245
 1.79635651 1.9039994  1.98517221 2.0821513  2.15906651 2.24884574
 2.32682424 2.40599231 2.49038037 2.55922173 2.64290364 2.70469311
 2.79114181 2.85281663 2.95095044 3.02519039 3.1298516  3.27529925
 3.62548412 3.80897623 4.26430379 4.40305736 4.92645924]
computational time of retrieving switches 0.5021505410000007
computational time of optimization 1.0237138750000003
pre-computing time, objective function evaluation time, gradient time 0.0019463330000002443 0.5657331209999983 0.048169500000001975
total computational time 1.5259046660000006
tv norm 70.0
ratio objective value 0.019725043755646876
