minimum energy is -4.757297752365604
filtered objective value -4.533678596060859
total binary tv norm 34.0
binary objective value -4.350439883745537
initial file ../new_result/c_control/Continuous/Energy6_evotime5.0_n_ts100_ptypeCONSTANT_offset0.5_instance3.csv
difference with alpha=0 -1.0716084955758691
summation of all the changes of all the controllers 1.1427703798634283
maximum summation change of all the controllers 0.046203351879567145
controller sequence is [1, 0, 1, 0, 1, 0, 1, 0, 1, 0, 1, 0, 1, 0, 1, 0, 1, 0, 1]
warm start length is [0.15000000000000002, 0.4, 0.050000000000000044, 0.09999999999999998, 0.04999999999999993, 0.050000000000000044, 0.15000000000000002, 0.15000000000000002, 0.1499999999999999, 0.25, 0.20000000000000018, 0.19999999999999996, 0.30000000000000004, 0.2999999999999998, 0.4500000000000002, 0.2999999999999998, 0.6500000000000004, 0.2999999999999998, 0.7999999999999998]
objective of continuous control 0.04521233183449391
objective function before optimization 0.15076008674718266
TV regularizer before optimization 36
     fun: -4.533678596060859
     jac: array([-0.09225628, -0.079611  , -0.08715596, -0.10650601, -0.06943822,
       -0.10839648, -0.07821402, -0.09993361, -0.08484845, -0.08934636,
       -0.08966045, -0.08602268, -0.09241578, -0.08310497, -0.09203496,
       -0.09220558, -0.09080909, -0.0887417 ,  0.        ])
 message: 'Iteration limit reached'
    nfev: 129
     nit: 100
    njev: 100
  status: 9
 success: False
       x: array([0.1888084 , 0.51622838, 0.28940696, 0.23261902, 0.20335339,
       0.26688008, 0.29175642, 0.23806052, 0.29688079, 0.2157865 ,
       0.35945101, 0.18397908, 0.32620016, 0.1234118 , 0.38282533,
       0.14632434, 0.63485282, 0.10317499, 0.        ])
switching time points [0.1888084  0.70503678 0.99444374 1.22706276 1.43041616 1.69729624
 1.98905266 2.22711318 2.52399396 2.73978046 3.09923147 3.28321055
 3.60941071 3.73282252 4.11564785 4.26197219 4.89682501 5.        ]
computational time of retrieving switches 0.7505425410000006
computational time of optimization 2.3395811660000003
pre-computing time, objective function evaluation time, gradient time 0.004237415999999605 1.218116463000003 0.14119903599999706
total computational time 3.0901766660000005
tv norm 34.0
ratio objective value 0.047005499328594325
