minimum energy is -3.9625455943477483
filtered objective value -3.8114926802510323
total binary tv norm 54.0
binary objective value -3.5142554565545705
initial file ../new_result/c_control/Continuous/Energy6_evotime5.0_n_ts100_ptypeCONSTANT_offset0.5_instance1.csv
difference with alpha=0 -0.37491444763371085
summation of all the changes of all the controllers 1.6476443353818748
maximum summation change of all the controllers 0.06683931571079516
controller sequence is [1, 0, 1, 0, 1, 0, 1, 0, 1, 0, 1, 0, 1, 0, 1, 0, 1, 0, 1, 0, 1, 0, 1, 0, 1, 0, 1, 0]
warm start length is [0.15000000000000002, 0.3, 0.04999999999999999, 0.15000000000000002, 0.09999999999999998, 0.050000000000000044, 0.050000000000000044, 0.04999999999999993, 0.050000000000000044, 0.04999999999999993, 0.10000000000000009, 0.050000000000000044, 0.09999999999999987, 0.15000000000000013, 0.1499999999999999, 0.10000000000000009, 0.25, 0.19999999999999996, 0.3500000000000001, 0.1499999999999999, 0.30000000000000027, 0.1499999999999999, 0.3999999999999999, 0.20000000000000018, 0.5499999999999998, 0.25, 0.5, 0.04999999999999982]
objective of continuous control 0.038019321573202425
objective function before optimization 0.0857703881931543
TV regularizer before optimization 54
     fun: -3.8114926802510323
     jac: array([-0.06237711, -0.06341992, -0.0616886 , -0.06313825, -0.06210412,
       -0.06272404, -0.06264001, -0.06206323, -0.06316868, -0.06100538,
       -0.06369143, -0.06096255, -0.06365232, -0.06095831, -0.06365988,
       -0.06141776, -0.06299974, -0.06348119, -0.06117839, -0.06515936,
       -0.06147348, -0.06270386, -0.0627401 , -0.06158423, -0.06221241,
       -0.06320855, -0.06242266, -0.06178333])
 message: 'Optimization terminated successfully'
    nfev: 57
     nit: 39
    njev: 39
  status: 0
 success: True
       x: array([0.1492588 , 0.31064229, 0.0501993 , 0.14246312, 0.11290335,
       0.08097265, 0.10795116, 0.078779  , 0.09798157, 0.08904746,
       0.09591559, 0.08707404, 0.11157926, 0.08650504, 0.14323303,
       0.09799462, 0.19473071, 0.14948434, 0.23748501, 0.11313629,
       0.3145419 , 0.18528209, 0.42481629, 0.17254416, 0.4895201 ,
       0.16668648, 0.60905689, 0.10021545])
switching time points [0.1492588  0.45990109 0.51010039 0.65256351 0.76546686 0.84643951
 0.95439067 1.03316967 1.13115125 1.22019871 1.3161143  1.40318834
 1.51476759 1.60127264 1.74450567 1.84250028 2.03723099 2.18671533
 2.42420035 2.53733664 2.85187854 3.03716063 3.46197692 3.63452108
 4.12404118 4.29072766 4.89978455]
computational time of retrieving switches 0.4881571659999997
computational time of optimization 0.5697473750000004
pre-computing time, objective function evaluation time, gradient time 0.0017637920000002083 0.3057832939999958 0.028023832999995335
total computational time 1.057919666
tv norm 54.0
ratio objective value 0.03812017060754602
