minimum energy is -4.1082916198826425
filtered objective value 3.608224830031759e-16
total binary tv norm 0.0
binary objective value -4.579669976578771e-16
initial file ../new_result/c_control/Continuous/Energy6_evotime5.0_n_ts100_ptypeCONSTANT_offset0.5_instance5.csv
difference with alpha=0 -2.2795598369387906
summation of all the changes of all the controllers 0.1650362277904739
maximum summation change of all the controllers 0.1222894628883806
controller sequence is [1, 0, 1]
warm start length is [0.45, 1.0000000000000002, 3.55]
objective of continuous control 0.05011502730720485
objective function before optimization 1.3292327798596433
TV regularizer before optimization 4
     fun: 3.608224830031759e-16
     jac: array([-1.49880108e-15,  1.02395698e-01,  0.00000000e+00])
 message: 'Optimization terminated successfully'
    nfev: 2
     nit: 2
    njev: 2
  status: 0
 success: True
       x: array([1.51753785, 0.        , 3.48246215])
switching time points [1.51753785 1.51753785]
computational time of retrieving switches 0.616290792
computational time of optimization 0.011585125000000751
pre-computing time, objective function evaluation time, gradient time 0.0018338749999999848 0.004340625000000209 0.0005952079999991255
total computational time 0.6278977080000008
tv norm 0.0
ratio objective value 1.0
minimum energy is -4.1082916198826425
filtered objective value 3.608224830031759e-16
total binary tv norm 0.0
binary objective value -4.579669976578771e-16
initial file ../new_result/c_control/Continuous/Energy6_evotime5.0_n_ts100_ptypeCONSTANT_offset0.5_instance5.csv
difference with alpha=0 -2.2795598369387906
summation of all the changes of all the controllers 0.1650362277904739
maximum summation change of all the controllers 0.1222894628883806
controller sequence is [1, 0, 1]
warm start length is [0.45, 1.0000000000000002, 3.55]
objective of continuous control 0.05011502730720485
objective function before optimization 1.3292327798596433
TV regularizer before optimization 4
     fun: 3.608224830031759e-16
     jac: array([-1.49880108e-15,  1.02395698e-01,  0.00000000e+00])
 message: 'Optimization terminated successfully'
    nfev: 2
     nit: 2
    njev: 2
  status: 0
 success: True
       x: array([1.51753785, 0.        , 3.48246215])
switching time points [1.51753785 1.51753785]
computational time of retrieving switches 0.7005982919999996
computational time of optimization 0.008699749999999895
pre-computing time, objective function evaluation time, gradient time 0.0013525420000002342 0.0026611660000002146 0.0006168749999995171
total computational time 0.7093235829999998
tv norm 0.0
ratio objective value 1.0
