minimum energy is -3.9625455943477483
filtered objective value -2.9959357782510874
total binary tv norm 12.0
binary objective value -2.935853343622316
initial file ../new_result/c_control/Continuous/Energy6_evotime5.0_n_ts100_ptypeCONSTANT_offset0.5_instance1.csv
difference with alpha=0 -2.4181936802069837
summation of all the changes of all the controllers 0.7980342101903657
maximum summation change of all the controllers 0.06949846118364877
controller sequence is [1, 0, 1, 0, 1, 0, 1]
warm start length is [0.30000000000000004, 0.6, 0.7000000000000001, 0.6499999999999999, 1.0500000000000003, 0.8000000000000003, 0.8999999999999995]
objective of continuous control 0.038019321573202425
objective function before optimization 0.9822975086195904
TV regularizer before optimization 12
     fun: -2.9959357782510874
     jac: array([-2.21518976e-03,  1.14793926e-03,  9.88393771e-04, -4.56385503e-03,
       -3.00432491e-05,  2.87988965e-03,  0.00000000e+00])
 message: 'Optimization terminated successfully'
    nfev: 46
     nit: 30
    njev: 30
  status: 0
 success: True
       x: array([0.28930673, 0.46147137, 0.4846824 , 0.31362291, 0.57045842,
       0.21182969, 2.66862847])
switching time points [0.28930673 0.7507781  1.23546051 1.54908342 2.11954184 2.33137153]
computational time of retrieving switches 0.5369143340000004
computational time of optimization 0.13049754199999963
pre-computing time, objective function evaluation time, gradient time 0.0011812909999999732 0.06563283199999681 0.006535918000004415
total computational time 0.6674302089999999
tv norm 12.0
ratio objective value 0.24393657891923104
