minimum energy is -4.1082916198826425
filtered objective value -3.8994373663816635
total binary tv norm 38.0
binary objective value -3.7954050221627678
initial file ../new_result/c_control/Continuous/Energy6_evotime5.0_n_ts100_ptypeCONSTANT_offset0.5_instance5.csv
difference with alpha=0 -0.7453543568263765
summation of all the changes of all the controllers 1.3452766503173863
maximum summation change of all the controllers 0.06017761848810432
controller sequence is [1, 0, 1, 0, 1, 0, 1, 0, 1, 0, 1, 0, 1, 0, 1, 0, 1, 0, 1, 0, 1]
warm start length is [0.15000000000000002, 0.04999999999999999, 0.04999999999999999, 0.4, 0.050000000000000044, 0.04999999999999993, 0.10000000000000009, 0.04999999999999993, 0.09999999999999998, 0.15000000000000013, 0.19999999999999996, 0.19999999999999996, 0.25, 0.19999999999999996, 0.3500000000000001, 0.25, 0.5500000000000003, 0.2999999999999998, 0.7999999999999998, 0.20000000000000018, 0.5499999999999998]
objective of continuous control 0.05011502730720485
objective function before optimization 0.10918554057632557
TV regularizer before optimization 40
     fun: -3.899437366381663
     jac: array([-0.04882721, -0.04638422, -0.04689287, -0.04666256, -0.04276861,
       -0.04742489, -0.04334176, -0.04730961, -0.04390973, -0.04691841,
       -0.04476755, -0.04585369, -0.0462708 , -0.04385131, -0.04631586,
       -0.04544971, -0.04514183, -0.04613018, -0.04506068, -0.04446724,
        0.        ])
 message: 'Optimization terminated successfully'
    nfev: 86
     nit: 61
    njev: 61
  status: 0
 success: True
       x: array([1.81403118e-01, 4.40001702e-01, 1.12357015e-01, 1.57120114e-01,
       2.23613956e-01, 2.04160306e-01, 1.89687608e-01, 2.17702628e-01,
       3.09053258e-01, 2.25190575e-01, 2.90500282e-01, 1.47040685e-01,
       2.29355046e-01, 1.52426799e-01, 3.64455707e-01, 1.92754567e-01,
       5.17784922e-01, 1.61403119e-01, 6.06944747e-01, 7.70438480e-02,
       5.18790740e-17])
switching time points [0.18140312 0.62140482 0.73376183 0.89088195 1.1144959  1.31865621
 1.50834382 1.72604645 2.0350997  2.26029028 2.55079056 2.69783125
 2.92718629 3.07961309 3.4440688  3.63682336 4.15460829 4.31601141
 4.92295615 5.        ]
computational time of retrieving switches 0.4956392910000007
computational time of optimization 0.6855521659999999
pre-computing time, objective function evaluation time, gradient time 0.0012661249999998958 0.3480209919999968 0.03513750700000173
total computational time 1.1812102910000002
tv norm 38.0
ratio objective value 0.05083725130178207
