minimum energy is -3.9625455943477483
filtered objective value -3.811883613012651
total binary tv norm 70.0
binary objective value -3.667755976773119
initial file ../new_result/c_control/Continuous/Energy6_evotime5.0_n_ts100_ptypeCONSTANT_offset0.5_instance1.csv
difference with alpha=0 -0.1562680654635633
summation of all the changes of all the controllers 1.295314397926258
maximum summation change of all the controllers 0.03176322369202722
controller sequence is [1, 0, 1, 0, 1, 0, 1, 0, 1, 0, 1, 0, 1, 0, 1, 0, 1, 0, 1, 0, 1, 0, 1, 0, 1, 0, 1, 0, 1, 0, 1, 0, 1, 0, 1, 0, 1, 0]
warm start length is [0.15000000000000002, 0.3, 0.04999999999999999, 0.15000000000000002, 0.09999999999999998, 0.050000000000000044, 0.050000000000000044, 0.04999999999999993, 0.050000000000000044, 0.04999999999999993, 0.10000000000000009, 0.050000000000000044, 0.050000000000000044, 0.04999999999999982, 0.050000000000000044, 0.050000000000000044, 0.050000000000000044, 0.050000000000000044, 0.04999999999999982, 0.050000000000000044, 0.10000000000000009, 0.050000000000000044, 0.09999999999999987, 0.050000000000000044, 0.10000000000000009, 0.10000000000000009, 0.09999999999999964, 0.10000000000000009, 0.30000000000000027, 0.10000000000000009, 0.1499999999999999, 0.1499999999999999, 0.3999999999999999, 0.20000000000000018, 0.5500000000000003, 0.1999999999999993, 0.6500000000000004, 0.04999999999999982]
objective of continuous control 0.038019321573202425
objective function before optimization 0.05249935817622986
TV regularizer before optimization 74
     fun: -3.811883613012651
     jac: array([-0.06157219, -0.06314386, -0.06240557, -0.06324065, -0.06249949,
       -0.06273328, -0.06321275, -0.06194538, -0.0636571 , -0.06185352,
       -0.06372093, -0.06172866, -0.06377263, -0.06188021, -0.06364398,
       -0.06188857, -0.06351733, -0.06212316, -0.06331122, -0.06203477,
       -0.06348748, -0.06189053, -0.06344353, -0.06170605, -0.06382212,
       -0.06156655, -0.06341685, -0.06270568, -0.06243252, -0.06454268,
       -0.06234597, -0.06413768, -0.06274274, -0.06294939, -0.06328137,
       -0.0623998 , -0.06269688, -0.06312679])
 message: 'Optimization terminated successfully'
    nfev: 61
     nit: 42
    njev: 42
  status: 0
 success: True
       x: array([0.14640145, 0.26266974, 0.02512368, 0.11538571, 0.04829082,
       0.07791058, 0.07672321, 0.05924649, 0.07655872, 0.05222524,
       0.06903678, 0.05419979, 0.0618903 , 0.05337992, 0.06163806,
       0.05777339, 0.06404884, 0.05682376, 0.07618174, 0.05856445,
       0.08579242, 0.0642316 , 0.11836955, 0.07135861, 0.12860033,
       0.10416797, 0.17625212, 0.10428816, 0.1818109 , 0.06149361,
       0.23599825, 0.17417946, 0.41660505, 0.16840402, 0.48264856,
       0.16475642, 0.60705894, 0.09991135])
switching time points [0.14640145 0.40907118 0.43419487 0.54958058 0.5978714  0.67578198
 0.75250519 0.81175168 0.8883104  0.94053564 1.00957242 1.06377221
 1.12566251 1.17904244 1.2406805  1.29845388 1.36250273 1.41932648
 1.49550822 1.55407267 1.63986509 1.70409669 1.82246624 1.89382485
 2.02242519 2.12659315 2.30284527 2.40713343 2.58894433 2.65043795
 2.88643619 3.06061566 3.4772207  3.64562472 4.12827329 4.29302971
 4.90008865]
computational time of retrieving switches 0.494609917
computational time of optimization 0.9124698750000002
pre-computing time, objective function evaluation time, gradient time 0.0011793749999995384 0.5020921659999962 0.0425076650000058
total computational time 1.4070972090000007
tv norm 74.0
ratio objective value 0.038021513632550796
