minimum energy is -4.757297752365604
filtered objective value 0.0
total binary tv norm 0.0
binary objective value 8.604228440844963e-16
initial file ../new_result/c_control/Continuous/Energy6_evotime5.0_n_ts100_ptypeCONSTANT_offset0.5_instance3.csv
difference with alpha=0 -0.8092317907188136
summation of all the changes of all the controllers 0.5708401051795459
maximum summation change of all the controllers 0.12108923910149472
controller sequence is [1]
warm start length is [5.0]
objective of continuous control 0.04521233183449391
objective function before optimization 1.0
TV regularizer before optimization 0
     fun: 0.0
     jac: array([0.])
 message: 'Optimization terminated successfully'
    nfev: 1
     nit: 1
    njev: 1
  status: 0
 success: True
       x: array([5.])
switching time points None
computational time of retrieving switches 0.5140976670000001
computational time of optimization 0.0016870000000004381
pre-computing time, objective function evaluation time, gradient time 0.0005431659999999283 0.00018737499999943452 3.4667000000432324e-05
total computational time 0.5158041670000002
tv norm 0
ratio objective value 1.0
