minimum energy is -4.1082916198826425
filtered objective value -2.578287944608688
total binary tv norm 4.0
binary objective value -2.5739745728290417
initial file ../new_result/c_control/Continuous/Energy6_evotime5.0_n_ts100_ptypeCONSTANT_offset0.5_instance5.csv
difference with alpha=0 -3.499350300394569
summation of all the changes of all the controllers 0.27888954583397474
maximum summation change of all the controllers 0.1222894628883806
controller sequence is [1, 0, 1]
warm start length is [0.5, 2.5500000000000003, 1.9499999999999997]
objective of continuous control 0.05011502730720485
objective function before optimization 1.2753085361623278
TV regularizer before optimization 4
     fun: -2.578287944608688
     jac: array([0.00044483, 0.00026444, 0.        ])
 message: 'Optimization terminated successfully'
    nfev: 13
     nit: 9
    njev: 9
  status: 0
 success: True
       x: array([0.46277437, 1.99047787, 2.54674776])
switching time points [0.46277437 2.45325224]
computational time of retrieving switches 0.5090704169999998
computational time of optimization 0.01873725000000004
pre-computing time, objective function evaluation time, gradient time 0.001805374999999998 0.008023458000000261 0.0006956650000011777
total computational time 0.5278491669999998
tv norm 4.0
ratio objective value 0.37241846899798714
