minimum energy is -6.299939716697915
filtered objective value -6.153874521639825
total binary tv norm 26.0
binary objective value -5.96226382832992
initial file ../new_result/c_control/Continuous/Energy6_evotime5.0_n_ts100_ptypeCONSTANT_offset0.5_instance2.csv
difference with alpha=0 -1.2003730592887167
summation of all the changes of all the controllers 1.4049109618960234
maximum summation change of all the controllers 0.07069878614253566
controller sequence is [1, 0, 1, 0, 1, 0, 1, 0, 1, 0, 1, 0, 1, 0, 1]
warm start length is [0.15000000000000002, 0.5, 0.09999999999999998, 0.10000000000000009, 0.1499999999999999, 0.25, 0.15000000000000013, 0.25, 0.25, 0.30000000000000004, 0.2999999999999998, 0.25, 0.3500000000000001, 0.30000000000000027, 1.5999999999999996]
objective of continuous control 0.019913821764581008
objective function before optimization 0.13429295309329214
TV regularizer before optimization 28
     fun: -6.153874521639825
     jac: array([-0.06245847, -0.06433853, -0.05751049, -0.06203215, -0.05944372,
       -0.05840727, -0.06557021, -0.0607947 , -0.06023935, -0.06003646,
       -0.06210444, -0.05989266, -0.06130775, -0.06047976,  0.        ])
 message: 'Optimization terminated successfully'
    nfev: 92
     nit: 57
    njev: 57
  status: 0
 success: True
       x: array([0.16623946, 0.59561626, 0.32238829, 0.45718128, 0.3510988 ,
       0.41446922, 0.39265575, 0.34666796, 0.42202957, 0.25297484,
       0.48582386, 0.16581687, 0.54924539, 0.07779245, 0.        ])
switching time points [0.16623946 0.76185572 1.08424401 1.54142529 1.89252409 2.30699331
 2.69964906 3.04631702 3.46834659 3.72132143 4.20714529 4.37296216
 4.92220755 5.        ]
computational time of retrieving switches 0.5055860000000001
computational time of optimization 0.4942424169999997
pre-computing time, objective function evaluation time, gradient time 0.0012205410000003525 0.26076891600000174 0.02452154399999884
total computational time 0.999843083
tv norm 26.0
ratio objective value 0.023185173450302465
