minimum energy is -3.9625455943477483
filtered objective value -3.8107009913703194
total binary tv norm 42.0
binary objective value -3.685882873314146
initial file ../new_result/c_control/Continuous/Energy6_evotime5.0_n_ts100_ptypeCONSTANT_offset0.5_instance1.csv
difference with alpha=0 -0.4867511852969215
summation of all the changes of all the controllers 1.8648104741700884
maximum summation change of all the controllers 0.07309359605037113
controller sequence is [1, 0, 1, 0, 1, 0, 1, 0, 1, 0, 1, 0, 1, 0, 1, 0, 1, 0, 1, 0, 1, 0, 1]
warm start length is [0.15000000000000002, 0.3, 0.04999999999999999, 0.15000000000000002, 0.09999999999999998, 0.050000000000000044, 0.050000000000000044, 0.04999999999999993, 0.09999999999999998, 0.10000000000000009, 0.1499999999999999, 0.15000000000000013, 0.25, 0.1499999999999999, 0.2500000000000002, 0.19999999999999973, 0.4500000000000002, 0.25, 0.5, 0.25, 0.5499999999999998, 0.25, 0.5]
objective of continuous control 0.038019321573202425
objective function before optimization 0.12363201092769838
TV regularizer before optimization 44
     fun: -3.8107009913703194
     jac: array([-0.06256642, -0.06261678, -0.06136563, -0.06298086, -0.06075314,
       -0.06389772, -0.06076896, -0.06332966, -0.06069626, -0.06243722,
       -0.06250679, -0.06024031, -0.06384073, -0.06008744, -0.06296914,
       -0.06290152, -0.06070641, -0.06377954, -0.06281109, -0.06029678,
       -0.06171375, -0.06405228,  0.        ])
 message: 'Optimization terminated successfully'
    nfev: 54
     nit: 37
    njev: 37
  status: 0
 success: True
       x: array([0.15685204, 0.40142342, 0.12951993, 0.12834992, 0.16121268,
       0.11901642, 0.13410545, 0.12969164, 0.16364438, 0.12576322,
       0.2280005 , 0.16096459, 0.25225165, 0.14941845, 0.36748644,
       0.19779108, 0.4365146 , 0.17813994, 0.49794101, 0.16920963,
       0.61183887, 0.10086412, 0.        ])
switching time points [0.15685204 0.55827547 0.6877954  0.81614532 0.977358   1.09637442
 1.23047987 1.36017151 1.5238159  1.64957912 1.87757962 2.03854421
 2.29079585 2.44021431 2.80770075 3.00549183 3.44200643 3.62014637
 4.11808738 4.28729701 4.89913588 5.        ]
computational time of retrieving switches 0.5017358750000005
computational time of optimization 0.47592545800000075
pre-computing time, objective function evaluation time, gradient time 0.0024050829999993084 0.2625535760000002 0.021016996999997595
total computational time 0.9777017500000005
tv norm 42.0
ratio objective value 0.03831996360976209
