minimum energy is -3.9625455943477483
filtered objective value -3.8092685708512266
total binary tv norm 34.0
binary objective value -3.6974565458759843
initial file ../new_result/c_control/Continuous/Energy6_evotime5.0_n_ts100_ptypeCONSTANT_offset0.5_instance1.csv
difference with alpha=0 -0.6594122610086548
summation of all the changes of all the controllers 1.459493889611146
maximum summation change of all the controllers 0.0694880689057068
controller sequence is [1, 0, 1, 0, 1, 0, 1, 0, 1, 0, 1, 0, 1, 0, 1, 0, 1, 0, 1]
warm start length is [0.15000000000000002, 0.3, 0.04999999999999999, 0.15000000000000002, 0.09999999999999998, 0.10000000000000009, 0.1499999999999999, 0.15000000000000013, 0.19999999999999996, 0.19999999999999996, 0.30000000000000004, 0.25, 0.4500000000000002, 0.25, 0.5499999999999998, 0.25, 0.6499999999999999, 0.25, 0.5]
objective of continuous control 0.038019321573202425
objective function before optimization 0.10985856760805157
TV regularizer before optimization 36
     fun: -3.809268570851226
     jac: array([-0.06147304, -0.06009702, -0.05962705, -0.06041403, -0.05980369,
       -0.05891532, -0.06125442, -0.05885232, -0.0602176 , -0.06009793,
       -0.06000396, -0.06033452, -0.06003856, -0.05960135, -0.05950992,
       -0.06023976, -0.06013026, -0.05979545,  0.        ])
 message: 'Optimization terminated successfully'
    nfev: 65
     nit: 47
    njev: 47
  status: 0
 success: True
       x: array([1.63516557e-01, 4.37911655e-01, 2.05321543e-01, 1.63256761e-01,
       1.93000974e-01, 1.68302840e-01, 2.12301383e-01, 1.72306643e-01,
       3.16890263e-01, 2.26518080e-01, 4.44706710e-01, 2.22187526e-01,
       4.64157183e-01, 1.92770158e-01, 5.20199602e-01, 1.75635998e-01,
       6.19045941e-01, 1.01970182e-01, 2.56259230e-17])
switching time points [0.16351656 0.60142821 0.80674976 0.97000652 1.16300749 1.33131033
 1.54361171 1.71591836 2.03280862 2.2593267  2.70403341 2.92622094
 3.39037812 3.58314828 4.10334788 4.27898388 4.89802982 5.        ]
computational time of retrieving switches 0.5399311249999998
computational time of optimization 0.4625466249999999
pre-computing time, objective function evaluation time, gradient time 0.0024815829999997874 0.23655829200000245 0.0221088339999973
total computational time 1.0025255419999999
tv norm 34.0
ratio objective value 0.038681453587602777
