minimum energy is -4.757297752365604
filtered objective value -4.5409774482237815
total binary tv norm 82.0
binary objective value -4.079535112163459
initial file ../new_result/c_control/Continuous/Energy6_evotime5.0_n_ts100_ptypeCONSTANT_offset0.5_instance3.csv
difference with alpha=0 -0.21769650165086563
summation of all the changes of all the controllers 1.4089636874188607
maximum summation change of all the controllers 0.04054379218465742
controller sequence is [1, 0, 1, 0, 1, 0, 1, 0, 1, 0, 1, 0, 1, 0, 1, 0, 1, 0, 1, 0, 1, 0, 1, 0, 1, 0, 1, 0, 1, 0, 1, 0, 1, 0, 1, 0, 1, 0, 1, 0, 1, 0, 1]
warm start length is [0.15000000000000002, 0.4, 0.050000000000000044, 0.09999999999999998, 0.04999999999999993, 0.050000000000000044, 0.050000000000000044, 0.04999999999999993, 0.09999999999999998, 0.050000000000000044, 0.050000000000000044, 0.050000000000000044, 0.050000000000000044, 0.04999999999999982, 0.050000000000000044, 0.10000000000000009, 0.050000000000000044, 0.04999999999999982, 0.050000000000000044, 0.10000000000000009, 0.09999999999999987, 0.050000000000000044, 0.050000000000000044, 0.050000000000000044, 0.050000000000000044, 0.04999999999999982, 0.10000000000000009, 0.04999999999999982, 0.050000000000000266, 0.04999999999999982, 0.050000000000000266, 0.10000000000000009, 0.1499999999999999, 0.10000000000000009, 0.19999999999999973, 0.10000000000000009, 0.20000000000000018, 0.1499999999999999, 0.3500000000000001, 0.1499999999999999, 0.44999999999999973, 0.15000000000000036, 0.5999999999999996]
objective of continuous control 0.04521233183449391
objective function before optimization 0.08365813604253658
TV regularizer before optimization 84
     fun: -4.5409774482237815
     jac: array([-0.09350958, -0.09309609, -0.09289334, -0.09337421, -0.09259719,
       -0.09299773, -0.09250437, -0.09360274, -0.09193472, -0.09419065,
       -0.09120871, -0.0947075 , -0.09072089, -0.09537865, -0.09040962,
       -0.09585231, -0.09064199, -0.09574999, -0.09076743, -0.09541055,
       -0.09141768, -0.09438243, -0.09199618, -0.09381914, -0.09238067,
       -0.09256125, -0.09330343, -0.09125825, -0.09378297, -0.0896306 ,
       -0.09456609, -0.08880384, -0.09456336, -0.08884653, -0.09419779,
       -0.09012093, -0.09377818, -0.09229317, -0.09304387, -0.09275517,
       -0.09250661, -0.09482579,  0.        ])
 message: 'Optimization terminated successfully'
    nfev: 113
     nit: 92
    njev: 92
  status: 0
 success: True
       x: array([1.74017842e-01, 4.16817774e-01, 6.80082826e-02, 1.11935242e-01,
       1.51095056e-01, 9.00312952e-02, 1.11935479e-01, 1.07423049e-01,
       8.40800668e-02, 1.19391101e-01, 8.47396309e-02, 1.12277040e-01,
       1.02258001e-01, 9.35319575e-02, 1.24991027e-01, 8.44025930e-02,
       1.14866366e-01, 9.68287374e-02, 1.09990206e-01, 9.67152064e-02,
       1.20111740e-01, 8.58972983e-02, 1.41366716e-01, 6.59745543e-02,
       1.31855246e-01, 6.19687931e-02, 1.02078306e-01, 6.19046524e-02,
       1.12855044e-01, 6.24086147e-02, 1.17233612e-01, 5.24218030e-02,
       1.56277036e-01, 4.49496508e-02, 1.70561186e-01, 4.96880915e-02,
       1.22748939e-01, 5.34988128e-02, 1.07340989e-01, 6.26427044e-02,
       5.60711104e-01, 1.00169156e-01, 1.53369238e-16])
switching time points [0.17401784 0.59083562 0.6588439  0.77077914 0.9218742  1.01190549
 1.12384097 1.23126402 1.31534409 1.43473519 1.51947482 1.63175186
 1.73400986 1.82754182 1.95253284 2.03693544 2.1518018  2.24863054
 2.35862075 2.45533595 2.57544769 2.66134499 2.80271171 2.86868626
 3.00054151 3.0625103  3.16458861 3.22649326 3.3393483  3.40175692
 3.51899053 3.57141233 3.72768937 3.77263902 3.9432002  3.9928883
 4.11563723 4.16913605 4.27647704 4.33911974 4.89983084 5.        ]
computational time of retrieving switches 0.4825676249999997
computational time of optimization 1.9778462499999998
pre-computing time, objective function evaluation time, gradient time 0.0019719579999994963 0.9498921710000037 0.11301128500000157
total computational time 2.460433666
tv norm 82.0
ratio objective value 0.0454712560369499
