minimum energy is -6.299939716697915
filtered objective value -6.17644463184709
total binary tv norm 106.0
binary objective value -5.859105716065202
initial file ../new_result/c_control/Continuous/Energy6_evotime5.0_n_ts100_ptypeCONSTANT_offset0.5_instance2.csv
difference with alpha=0 0.0026882646850789893
summation of all the changes of all the controllers 1.496058026298912
maximum summation change of all the controllers 0.03577713572018826
controller sequence is [1, 0, 1, 0, 1, 0, 1, 0, 1, 0, 1, 0, 1, 0, 1, 0, 1, 0, 1, 0, 1, 0, 1, 0, 1, 0, 1, 0, 1, 0, 1, 0, 1, 0, 1, 0, 1, 0, 1, 0, 1, 0, 1, 0, 1, 0, 1, 0, 1, 0, 1, 0, 1, 0, 1, 0, 1, 0, 1, 0, 1, 0, 1, 0, 1, 0]
warm start length is [0.15000000000000002, 0.5, 0.050000000000000044, 0.04999999999999993, 0.10000000000000009, 0.04999999999999993, 0.050000000000000044, 0.04999999999999993, 0.050000000000000044, 0.10000000000000009, 0.050000000000000044, 0.1499999999999999, 0.050000000000000044, 0.050000000000000044, 0.04999999999999982, 0.050000000000000044, 0.050000000000000044, 0.050000000000000044, 0.050000000000000044, 0.04999999999999982, 0.050000000000000044, 0.050000000000000044, 0.050000000000000044, 0.050000000000000044, 0.04999999999999982, 0.10000000000000009, 0.04999999999999982, 0.050000000000000266, 0.04999999999999982, 0.050000000000000266, 0.04999999999999982, 0.050000000000000266, 0.04999999999999982, 0.04999999999999982, 0.050000000000000266, 0.04999999999999982, 0.10000000000000009, 0.04999999999999982, 0.050000000000000266, 0.04999999999999982, 0.050000000000000266, 0.04999999999999982, 0.04999999999999982, 0.050000000000000266, 0.04999999999999982, 0.050000000000000266, 0.04999999999999982, 0.04999999999999982, 0.15000000000000036, 0.04999999999999982, 0.10000000000000009, 0.04999999999999982, 0.050000000000000266, 0.04999999999999982, 0.04999999999999982, 0.050000000000000266, 0.10000000000000009, 0.04999999999999982, 0.25, 0.04999999999999982, 0.04999999999999982, 0.05000000000000071, 0.04999999999999982, 0.04999999999999982, 0.4500000000000002, 0.09999999999999964]
objective of continuous control 0.019913821764581008
objective function before optimization 0.0226020864497255
TV regularizer before optimization 130
     fun: -6.176444631847091
     jac: array([-0.0945684 , -0.09312238, -0.0932113 , -0.09335074, -0.09312652,
       -0.09343888, -0.09314969, -0.09332808, -0.09337561, -0.09311128,
       -0.09378519, -0.09283143, -0.09439775, -0.09249401, -0.0947201 ,
       -0.09237674, -0.09474677, -0.09231824, -0.09472223, -0.09248854,
       -0.0945075 , -0.09274217, -0.09414405, -0.09322029, -0.09353048,
       -0.09380423, -0.09260859, -0.09458399, -0.09188151, -0.0950906 ,
       -0.09139742, -0.09545264, -0.09122771, -0.09559894, -0.09112615,
       -0.09575346, -0.09098094, -0.09556989, -0.09119418, -0.09549078,
       -0.0912291 , -0.09502057, -0.09176889, -0.09424796, -0.09228869,
       -0.09380092, -0.09294239, -0.09323777, -0.09379909, -0.08059767,
       -0.09379909, -0.08400792, -0.09379909, -0.09229395, -0.08370801,
       -0.09229395, -0.09324884, -0.07026081, -0.09324884, -0.09290191,
       -0.09343999, -0.09275483, -0.0936167 , -0.09279065, -0.09360098,
       -0.09345883])
 message: 'Optimization terminated successfully'
    nfev: 65
     nit: 43
    njev: 43
  status: 0
 success: True
       x: array([1.48598035e-01, 4.83007302e-01, 5.24728240e-02, 6.49587046e-02,
       1.07314418e-01, 5.68275361e-02, 6.69023699e-02, 8.29437291e-02,
       4.72448581e-02, 1.06952629e-01, 4.69336016e-02, 1.03500479e-01,
       5.88755057e-02, 8.01832137e-02, 7.28061704e-02, 6.47083643e-02,
       6.72880611e-02, 6.45701109e-02, 5.52614231e-02, 6.12208684e-02,
       4.81667517e-02, 5.81974446e-02, 4.32400091e-02, 5.24575644e-02,
       4.11011270e-02, 4.99881759e-02, 4.26258184e-02, 4.57076424e-02,
       4.34428442e-02, 4.41502268e-02, 4.50631988e-02, 4.12246042e-02,
       4.52754577e-02, 3.93192492e-02, 4.66834824e-02, 3.78950307e-02,
       5.25941981e-02, 3.88403350e-02, 5.35031945e-02, 3.81954600e-02,
       6.21885612e-02, 4.06303477e-02, 6.33125053e-02, 4.68841164e-02,
       6.27131492e-02, 5.43107378e-02, 5.07526044e-02, 1.05157528e-01,
       1.43575901e-01, 1.53704928e-16, 1.60597583e-01, 1.30754147e-16,
       3.50003955e-02, 1.33430381e-01, 3.68518518e-16, 4.77172875e-02,
       1.34002570e-01, 1.53524192e-16, 3.01645127e-01, 4.54538308e-02,
       2.04643122e-02, 5.62156206e-02, 2.20941568e-02, 3.76914123e-02,
       5.02489927e-01, 7.34299253e-02])
switching time points [0.14859803 0.63160534 0.68407816 0.74903687 0.85635128 0.91317882
 0.98008119 1.06302492 1.11026978 1.21722241 1.26415601 1.36765649
 1.42653199 1.50671521 1.57952138 1.64422974 1.7115178  1.77608791
 1.83134934 1.8925702  1.94073696 1.9989344  2.04217441 2.09463197
 2.1357331  2.18572128 2.2283471  2.27405474 2.31749758 2.36164781
 2.40671101 2.44793561 2.49321107 2.53253032 2.5792138  2.61710883
 2.66970303 2.70854336 2.76204656 2.80024202 2.86243058 2.90306093
 2.96637343 3.01325755 3.0759707  3.13028144 3.18103404 3.28619157
 3.42976747 3.42976747 3.59036505 3.59036505 3.62536545 3.75879583
 3.75879583 3.80651312 3.94051569 3.94051569 4.24216081 4.28761465
 4.30807896 4.36429458 4.38638874 4.42408015 4.92657007]
computational time of retrieving switches 0.5065529159999995
computational time of optimization 1.680847375
pre-computing time, objective function evaluation time, gradient time 0.002189125000000125 0.9071762559999987 0.08332520499999863
total computational time 2.187435333
tv norm 114.0
ratio objective value 0.01960258199352316
