minimum energy is -6.299939716697915
filtered objective value -6.168928171797319
total binary tv norm 34.0
binary objective value -6.067958169957498
initial file ../new_result/c_control/Continuous/Energy6_evotime5.0_n_ts100_ptypeCONSTANT_offset0.5_instance2.csv
difference with alpha=0 -1.0923424555946277
summation of all the changes of all the controllers 1.7420932771648814
maximum summation change of all the controllers 0.08761820283374777
controller sequence is [1, 0, 1, 0, 1, 0, 1, 0, 1, 0, 1, 0, 1, 0, 1, 0, 1, 0, 1]
warm start length is [0.15000000000000002, 0.5, 0.050000000000000044, 0.04999999999999993, 0.15000000000000002, 0.15000000000000002, 0.10000000000000009, 0.30000000000000004, 0.19999999999999996, 0.19999999999999996, 0.20000000000000018, 0.2999999999999998, 0.3500000000000001, 0.3500000000000001, 0.5, 0.3500000000000001, 0.5, 0.25, 0.34999999999999964]
objective of continuous control 0.019913821764581008
objective function before optimization 0.1217396761292191
TV regularizer before optimization 36
     fun: -6.168928171797319
     jac: array([-0.08924483, -0.0894128 , -0.09221657, -0.08999904, -0.09145958,
       -0.09061468, -0.08968837, -0.09177932, -0.09109687, -0.08964931,
       -0.09188253, -0.091872  , -0.08862075, -0.09123577, -0.09118505,
       -0.08936666, -0.09041344, -0.09069981,  0.        ])
 message: 'Optimization terminated successfully'
    nfev: 108
     nit: 76
    njev: 76
  status: 0
 success: True
       x: array([0.15994838, 0.57030468, 0.28511305, 0.38996187, 0.25770934,
       0.2700238 , 0.1981977 , 0.2117787 , 0.19835839, 0.17142973,
       0.25020086, 0.2374653 , 0.38157372, 0.20369226, 0.46341292,
       0.14552775, 0.53063364, 0.07466791, 0.        ])
switching time points [0.15994838 0.73025306 1.01536612 1.40532798 1.66303732 1.93306112
 2.13125882 2.34303752 2.54139591 2.71282564 2.9630265  3.2004918
 3.58206552 3.78575778 4.2491707  4.39469845 4.92533209 5.        ]
computational time of retrieving switches 0.5329844579999996
computational time of optimization 0.7644600830000003
pre-computing time, objective function evaluation time, gradient time 0.0012001670000003628 0.3996717960000016 0.03782199399999975
total computational time 1.2974665410000004
tv norm 34.0
ratio objective value 0.020795682306824603
