minimum energy is -4.1082916198826425
filtered objective value -3.901887033753704
total binary tv norm 80.0
binary objective value -3.31032130799682
initial file ../new_result/c_control/Continuous/Energy6_evotime5.0_n_ts100_ptypeCONSTANT_offset0.5_instance5.csv
difference with alpha=0 -0.16508856656607562
summation of all the changes of all the controllers 0.9804693908028925
maximum summation change of all the controllers 0.030651649528590674
controller sequence is [1, 0, 1, 0, 1, 0, 1, 0, 1, 0, 1, 0, 1, 0, 1, 0, 1, 0, 1, 0, 1, 0, 1, 0, 1, 0, 1, 0, 1, 0, 1, 0, 1, 0, 1, 0, 1, 0, 1, 0, 1, 0, 1]
warm start length is [0.15000000000000002, 0.04999999999999999, 0.04999999999999999, 0.4, 0.050000000000000044, 0.04999999999999993, 0.10000000000000009, 0.04999999999999993, 0.050000000000000044, 0.04999999999999993, 0.050000000000000044, 0.050000000000000044, 0.050000000000000044, 0.050000000000000044, 0.04999999999999982, 0.050000000000000044, 0.050000000000000044, 0.050000000000000044, 0.050000000000000044, 0.04999999999999982, 0.050000000000000044, 0.050000000000000044, 0.050000000000000044, 0.050000000000000044, 0.04999999999999982, 0.050000000000000044, 0.050000000000000044, 0.050000000000000044, 0.09999999999999987, 0.050000000000000266, 0.09999999999999964, 0.10000000000000009, 0.15000000000000036, 0.09999999999999964, 0.15000000000000036, 0.09999999999999964, 0.20000000000000018, 0.10000000000000009, 0.25, 0.1499999999999999, 0.5, 0.09999999999999964, 0.9500000000000002]
objective of continuous control 0.05011502730720485
objective function before optimization 0.07390352247425269
TV regularizer before optimization 84
     fun: -3.901887033753704
     jac: array([-0.04563168, -0.0445638 , -0.04635293, -0.04439954, -0.04762387,
       -0.04435512, -0.04755022, -0.04476213, -0.04714108, -0.0452258 ,
       -0.04665196, -0.04572298, -0.04626478, -0.04609263, -0.04592905,
       -0.04630599, -0.04568938, -0.04665728, -0.04509297, -0.04748158,
       -0.04469146, -0.04812568, -0.04437546, -0.04816297, -0.04445909,
       -0.04782465, -0.04480724, -0.04700217, -0.04547088, -0.04608162,
       -0.04596573, -0.04513561, -0.0462759 , -0.04480698, -0.04629966,
       -0.04578999, -0.04528986, -0.04830602, -0.04510868, -0.04747497,
       -0.04580158, -0.04470061,  0.        ])
 message: 'Optimization terminated successfully'
    nfev: 73
     nit: 53
    njev: 53
  status: 0
 success: True
       x: array([0.17167366, 0.13779007, 0.01106456, 0.31245623, 0.07869586,
       0.07878489, 0.08926085, 0.0641282 , 0.08085277, 0.06943943,
       0.07362776, 0.07306898, 0.06719057, 0.07557473, 0.07173501,
       0.08100372, 0.07963065, 0.08884686, 0.10435767, 0.0817612 ,
       0.14180614, 0.08966942, 0.13414993, 0.09672022, 0.11859861,
       0.07669372, 0.11430784, 0.06417252, 0.10239028, 0.05496821,
       0.11363799, 0.06183385, 0.15280689, 0.07278076, 0.17579928,
       0.13818208, 0.40181135, 0.08495703, 0.18979009, 0.09510218,
       0.55447868, 0.07439925, 0.        ])
switching time points [0.17167366 0.30946374 0.3205283  0.63298453 0.71168039 0.79046528
 0.87972612 0.94385432 1.02470709 1.09414653 1.16777428 1.24084326
 1.30803384 1.38360857 1.45534358 1.5363473  1.61597794 1.70482481
 1.80918248 1.89094367 2.03274981 2.12241923 2.25656916 2.35328938
 2.47188799 2.5485817  2.66288954 2.72706207 2.82945234 2.88442056
 2.99805855 3.0598924  3.21269929 3.28548005 3.46127933 3.59946141
 4.00127276 4.08622979 4.27601988 4.37112207 4.92560075 5.        ]
computational time of retrieving switches 0.5170387500000002
computational time of optimization 1.17604475
pre-computing time, objective function evaluation time, gradient time 0.0012107500000002602 0.629789752999999 0.05932737200000027
total computational time 1.6931002089999998
tv norm 82.0
ratio objective value 0.05024097732741628
