minimum energy is -4.757297752365604
filtered objective value -4.428995068319502
total binary tv norm 20.0
binary objective value -4.365432215000209
initial file ../new_result/c_control/Continuous/Energy6_evotime5.0_n_ts100_ptypeCONSTANT_offset0.5_instance3.csv
difference with alpha=0 -2.1382749841466344
summation of all the changes of all the controllers 0.7530583405020639
maximum summation change of all the controllers 0.059891722154925775
controller sequence is [1, 0, 1, 0, 1, 0, 1, 0, 1, 0, 1]
warm start length is [0.15000000000000002, 0.55, 0.29999999999999993, 0.3500000000000001, 0.30000000000000004, 0.34999999999999987, 0.4500000000000002, 0.4500000000000002, 0.6999999999999997, 0.3999999999999999, 1.0]
objective of continuous control 0.04521233183449391
objective function before optimization 0.2784123130456456
TV regularizer before optimization 20
     fun: -4.428995068319502
     jac: array([-0.00198349,  0.0021169 , -0.00057103, -0.00184694,  0.00011404,
       -0.00297868,  0.00317756, -0.00446315, -0.00090993,  0.0016768 ,
        0.        ])
 message: 'Optimization terminated successfully'
    nfev: 45
     nit: 27
    njev: 27
  status: 0
 success: True
       x: array([0.24323672, 0.56283389, 0.45884779, 0.45433734, 0.50249901,
       0.36951071, 0.58258797, 0.26106053, 0.73143075, 0.12556109,
       0.7080942 ])
switching time points [0.24323672 0.80607061 1.26491841 1.71925574 2.22175475 2.59126546
 3.17385343 3.43491396 4.16634471 4.2919058 ]
computational time of retrieving switches 0.49766187500000036
computational time of optimization 0.17857187500000027
pre-computing time, objective function evaluation time, gradient time 0.0012018339999997352 0.09685533399999535 0.007785081000002414
total computational time 0.6762545840000005
tv norm 20.0
ratio objective value 0.06901032921112649
