minimum energy is -4.1082916198826425
filtered objective value -3.1259471670823387
total binary tv norm 8.0
binary objective value -3.123188752423723
initial file ../new_result/c_control/Continuous/Energy6_evotime5.0_n_ts100_ptypeCONSTANT_offset0.5_instance5.csv
difference with alpha=0 -2.1988901727355405
summation of all the changes of all the controllers 1.0900028983836543
maximum summation change of all the controllers 0.07926617859576246
controller sequence is [1, 0, 1, 0, 1]
warm start length is [0.30000000000000004, 0.65, 0.65, 0.6499999999999999, 2.75]
objective of continuous control 0.05011502730720485
objective function before optimization 0.6755315087544134
TV regularizer before optimization 8
     fun: -3.1259471670823387
     jac: array([ 0.00082034, -0.00517633,  0.00117137,  0.00500556,  0.        ])
 message: 'Optimization terminated successfully'
    nfev: 16
     nit: 8
    njev: 8
  status: 0
 success: True
       x: array([0.3545996 , 0.55053635, 0.64887531, 0.2607066 , 3.18528214])
switching time points [0.3545996  0.90513595 1.55401126 1.81471786]
computational time of retrieving switches 0.6899658329999996
computational time of optimization 0.07093241699999986
pre-computing time, objective function evaluation time, gradient time 0.001339500000000271 0.038852416000001 0.003934167000000599
total computational time 0.7609147079999996
tv norm 8.0
ratio objective value 0.23911263943535865
