minimum energy is -4.757297752365604
filtered objective value -4.535613955033661
total binary tv norm 38.0
binary objective value -4.4584241856953835
initial file ../new_result/c_control/Continuous/Energy6_evotime5.0_n_ts100_ptypeCONSTANT_offset0.5_instance3.csv
difference with alpha=0 -0.8701389596940977
summation of all the changes of all the controllers 1.620294808035784
maximum summation change of all the controllers 0.07925967790713284
controller sequence is [1, 0, 1, 0, 1, 0, 1, 0, 1, 0, 1, 0, 1, 0, 1, 0, 1, 0, 1, 0, 1]
warm start length is [0.15000000000000002, 0.4, 0.050000000000000044, 0.09999999999999998, 0.04999999999999993, 0.050000000000000044, 0.09999999999999998, 0.09999999999999998, 0.15000000000000013, 0.19999999999999996, 0.1499999999999999, 0.20000000000000018, 0.25, 0.19999999999999973, 0.25000000000000044, 0.25, 0.44999999999999973, 0.30000000000000027, 0.7000000000000002, 0.2999999999999998, 0.5999999999999996]
objective of continuous control 0.04521233183449391
objective function before optimization 0.1485730218999851
TV regularizer before optimization 40
     fun: -4.535613955033661
     jac: array([-0.08682089, -0.08824211, -0.09417321, -0.08747026, -0.093162  ,
       -0.08903146, -0.09011564, -0.0918556 , -0.08758364, -0.0935927 ,
       -0.08815849, -0.08997715, -0.09129909, -0.08714941, -0.09133845,
       -0.08813598, -0.09013743, -0.0920824 , -0.08925692, -0.08865351,
        0.        ])
 message: 'Optimization terminated successfully'
    nfev: 87
     nit: 63
    njev: 63
  status: 0
 success: True
       x: array([0.18649904, 0.51199964, 0.2725595 , 0.20109808, 0.17486345,
       0.24084079, 0.22894727, 0.20052905, 0.2702454 , 0.23122297,
       0.31558125, 0.16083875, 0.2724109 , 0.14591361, 0.30721711,
       0.10029706, 0.32089662, 0.13366791, 0.62178858, 0.10258303,
       0.        ])
switching time points [0.18649904 0.69849868 0.97105819 1.17215627 1.34701972 1.58786051
 1.81680778 2.01733682 2.28758222 2.51880519 2.83438644 2.99522519
 3.26763608 3.4135497  3.72076681 3.82106387 4.14196049 4.2756284
 4.89741697 5.        ]
computational time of retrieving switches 0.5067612500000003
computational time of optimization 0.6730145829999996
pre-computing time, objective function evaluation time, gradient time 0.0012612919999996919 0.35403925000000047 0.03280229500000065
total computational time 1.179799333
tv norm 38.0
ratio objective value 0.046598680358341915
