minimum energy is -5.305395904186863
filtered objective value -5.269807709738918
total binary tv norm 110.0
binary objective value -4.006551731497108
initial file ../new_result/c_control/Continuous/Energy6_evotime5.0_n_ts100_ptypeCONSTANT_offset0.5_instance4.csv
difference with alpha=0 0.0062045686889795615
summation of all the changes of all the controllers 1.326521528030307
maximum summation change of all the controllers 0.03546812879116046
controller sequence is [1, 0, 1, 0, 1, 0, 1, 0, 1, 0, 1, 0, 1, 0, 1, 0, 1, 0, 1, 0, 1, 0, 1, 0, 1, 0, 1, 0, 1, 0, 1, 0, 1, 0, 1, 0, 1, 0, 1, 0, 1, 0, 1, 0, 1, 0, 1, 0, 1, 0, 1, 0, 1, 0, 1, 0, 1, 0, 1, 0, 1, 0, 1, 0, 1, 0]
warm start length is [0.15000000000000002, 0.09999999999999998, 0.050000000000000044, 0.35, 0.050000000000000044, 0.04999999999999993, 0.050000000000000044, 0.050000000000000044, 0.09999999999999998, 0.04999999999999993, 0.050000000000000044, 0.050000000000000044, 0.050000000000000044, 0.050000000000000044, 0.04999999999999982, 0.10000000000000009, 0.050000000000000044, 0.050000000000000044, 0.04999999999999982, 0.050000000000000044, 0.050000000000000044, 0.050000000000000044, 0.050000000000000044, 0.04999999999999982, 0.050000000000000044, 0.050000000000000044, 0.050000000000000044, 0.050000000000000044, 0.04999999999999982, 0.050000000000000266, 0.04999999999999982, 0.04999999999999982, 0.050000000000000266, 0.04999999999999982, 0.050000000000000266, 0.04999999999999982, 0.10000000000000009, 0.04999999999999982, 0.050000000000000266, 0.04999999999999982, 0.050000000000000266, 0.04999999999999982, 0.04999999999999982, 0.050000000000000266, 0.10000000000000009, 0.04999999999999982, 0.10000000000000009, 0.04999999999999982, 0.050000000000000266, 0.04999999999999982, 0.1499999999999999, 0.050000000000000266, 0.09999999999999964, 0.050000000000000266, 0.10000000000000009, 0.04999999999999982, 0.10000000000000009, 0.04999999999999982, 0.30000000000000027, 0.04999999999999982, 0.04999999999999982, 0.04999999999999982, 0.05000000000000071, 0.04999999999999982, 0.5, 0.09999999999999964]
objective of continuous control 0.006715103791673838
objective function before optimization 0.012919672480701916
TV regularizer before optimization 130
     fun: -5.269807709738918
     jac: array([-0.0432959 , -0.04349196, -0.04281399, -0.04348837, -0.04188913,
       -0.04343449, -0.04213151, -0.04313144, -0.04219751, -0.04286779,
       -0.04232871, -0.04272184, -0.04264265, -0.04239777, -0.04303431,
       -0.04210788, -0.0434713 , -0.04170743, -0.04376423, -0.04151973,
       -0.04387762, -0.04135671, -0.0439485 , -0.04141525, -0.04368049,
       -0.04180741, -0.04322869, -0.04222116, -0.04294972, -0.0424828 ,
       -0.04267607, -0.04293338, -0.04234656, -0.04329018, -0.04216948,
       -0.04350391, -0.04223773, -0.043539  , -0.04215982, -0.04340522,
       -0.04218045, -0.04320536, -0.04244969, -0.04315346, -0.04228829,
       -0.04335467, -0.04223983, -0.04311131, -0.04233785, -0.04298521,
       -0.04254336, -0.0427039 , -0.042585  , -0.04250434, -0.04265054,
       -0.04224903, -0.04273065, -0.04206974, -0.04276062, -0.04280196,
       -0.04274509, -0.04290521, -0.04230079, -0.0429171 , -0.04250597,
       -0.04232759])
 message: 'Optimization terminated successfully'
    nfev: 65
     nit: 43
    njev: 43
  status: 0
 success: True
       x: array([0.17985711, 0.11061524, 0.00478515, 0.35151128, 0.04858868,
       0.05715499, 0.08072657, 0.0448366 , 0.09072859, 0.06931688,
       0.06459792, 0.07750531, 0.05442539, 0.09235695, 0.06278375,
       0.07943501, 0.07161091, 0.07336063, 0.08069729, 0.0662818 ,
       0.08026457, 0.06972595, 0.07026086, 0.06944982, 0.06772953,
       0.0625553 , 0.06791641, 0.05624053, 0.06469514, 0.05244706,
       0.06182488, 0.04680405, 0.06105083, 0.04295317, 0.05873509,
       0.03893012, 0.0496297 , 0.03656841, 0.05498819, 0.03934899,
       0.0591452 , 0.03744022, 0.05515651, 0.03513147, 0.06090816,
       0.03401942, 0.06736105, 0.03662929, 0.07390879, 0.03508446,
       0.06824808, 0.03707747, 0.08048749, 0.04282621, 0.09045239,
       0.04801001, 0.11752682, 0.04150509, 0.2853057 , 0.01077525,
       0.02566694, 0.0824876 , 0.00402116, 0.03924441, 0.54730742,
       0.07097875])
switching time points [0.17985711 0.29047234 0.2952575  0.64676878 0.69535745 0.75251244
 0.83323901 0.87807562 0.96880421 1.03812109 1.102719   1.18022431
 1.2346497  1.32700665 1.3897904  1.46922541 1.54083632 1.61419695
 1.69489424 1.76117604 1.84144061 1.91116656 1.98142742 2.05087725
 2.11860678 2.18116207 2.24907848 2.30531902 2.37001416 2.42246122
 2.4842861  2.53109015 2.59214098 2.63509415 2.69382924 2.73275936
 2.78238906 2.81895746 2.87394565 2.91329464 2.97243984 3.00988007
 3.06503658 3.10016806 3.16107622 3.19509564 3.26245669 3.29908598
 3.37299477 3.40807923 3.47632731 3.51340478 3.59389227 3.63671847
 3.72717086 3.77518087 3.89270769 3.93421278 4.21951848 4.23029373
 4.25596067 4.33844826 4.34246943 4.38171383 4.92902125]
computational time of retrieving switches 0.48248695799999997
computational time of optimization 1.535051459
pre-computing time, objective function evaluation time, gradient time 0.0011756659999999641 0.8401990380000006 0.07573925100000167
total computational time 2.017571167
tv norm 130.0
ratio objective value 0.0067079243642984565
