binary objective value 0.010244238411399209
total binary tv norm 98.0
initial file ../new_result/c_control/Continuous/CNOTSOS1_evotime20.0_n_ts400_ptypeCONSTANT_offset0.5_objUNIT.csv
filtered objective value 3.1237269770834075e-08
converted tv norm 49.0
controller sequence is [2, 0, 1, 3, 2, 0, 2, 3, 2, 0, 1, 3, 2, 0, 2, 3, 1, 0, 2, 3, 1, 3, 2, 0, 1, 0, 2, 3, 2, 0, 1, 3, 2, 0, 1, 0, 2, 0, 1, 0, 2, 0, 1, 3, 2, 0, 1, 3, 2, 0]
warm start length is [0.6000000000000001, 0.09999999999999998, 0.4, 0.3500000000000001, 0.34999999999999987, 0.55, 0.10000000000000009, 0.5, 0.25, 0.25, 0.5499999999999998, 0.20000000000000018, 0.2999999999999998, 1.3000000000000007, 0.04999999999999982, 0.4500000000000002, 0.5499999999999998, 0.34999999999999964, 0.7999999999999998, 0.15000000000000036, 0.5, 0.09999999999999964, 1.0, 0.10000000000000142, 0.5, 0.34999999999999964, 0.15000000000000036, 0.5, 0.14999999999999858, 0.3500000000000014, 0.6999999999999993, 0.1999999999999993, 0.6500000000000004, 0.20000000000000107, 1.1499999999999986, 0.10000000000000142, 0.5, 0.049999999999998934, 0.6500000000000004, 0.25, 0.75, 0.10000000000000142, 0.8499999999999979, 0.1999999999999993, 0.3000000000000007, 0.3500000000000014, 0.5500000000000007, 0.14999999999999858, 0.3500000000000014, 0.09999999999999787]
objective of continuous control 0.9829753811009733
objective function before optimization 0.5167014906354641
TV regularizer before optimization 98
     fun: 3.1237269770834075e-08
     jac: array([ 1.61205446e-05, -7.53911642e-05,  4.95816434e-05, -2.15882186e-04,
       -3.01594321e-05, -3.14642413e-04, -6.07395248e-04, -4.99339327e-04,
       -2.28496516e-04, -4.13391808e-04, -7.11699180e-04, -9.02656539e-04,
       -7.20830809e-04, -6.78900568e-04, -8.39332339e-04, -1.12474847e-03,
       -9.89172650e-04, -7.98622227e-04, -8.85528585e-04, -7.38162890e-04,
       -6.96447236e-04, -8.23106883e-04, -6.47355681e-04, -4.78393721e-04,
       -4.35112499e-04, -1.19972566e-04, -4.11562685e-04, -5.77010856e-04,
       -4.81418759e-04, -1.85349098e-04, -5.84303516e-04, -2.88570717e-04,
        1.48689610e-05, -1.56148095e-04, -6.58747873e-04, -2.64375928e-04,
       -3.59392601e-04, -2.03539602e-04, -2.11302765e-04,  7.32008817e-05,
        1.34285562e-05,  2.46232861e-04, -2.14244272e-05, -2.41377871e-04,
       -5.65255721e-04, -2.34903859e-04, -5.80136607e-04, -3.19338882e-04,
       -3.58959342e-04, -8.99637913e-05])
 message: 'Optimization terminated successfully'
    nfev: 22
     nit: 10
    njev: 10
  status: 0
 success: True
       x: array([0.60314302, 0.09814001, 0.39610743, 0.34249077, 0.35023019,
       0.54777612, 0.09621098, 0.50037787, 0.25513707, 0.25422887,
       0.55295275, 0.19868168, 0.29775018, 1.30085525, 0.04828436,
       0.4451574 , 0.55058696, 0.35230732, 0.80190401, 0.15425844,
       0.50215092, 0.09897575, 1.00361276, 0.10049277, 0.49758489,
       0.34991577, 0.14651551, 0.49718237, 0.14830711, 0.3526171 ,
       0.69908056, 0.20428603, 0.65062118, 0.20121174, 1.14474691,
       0.10179605, 0.50051679, 0.05038226, 0.65490075, 0.25607563,
       0.75135233, 0.09932732, 0.8516765 , 0.20084869, 0.29530713,
       0.34546249, 0.54696006, 0.15292034, 0.35062964, 0.09796198])
switching time points [ 0.60314302  0.70128302  1.09739046  1.43988123  1.79011142  2.33788754
  2.43409852  2.93447639  3.18961346  3.44384233  3.99679508  4.19547676
  4.49322694  5.79408219  5.84236654  6.28752394  6.83811089  7.19041821
  7.99232222  8.14658066  8.64873158  8.74770734  9.7513201   9.85181287
 10.34939776 10.69931353 10.84582904 11.34301141 11.49131852 11.84393562
 12.54301618 12.74730221 13.39792339 13.59913513 14.74388204 14.84567809
 15.34619488 15.39657714 16.05147789 16.30755352 17.05890586 17.15823318
 18.00990967 18.21075836 18.5060655  18.85152799 19.39848804 19.55140838
 19.90203802]
computational time of retrieving switches 0.08582295799999962
computational time of optimization 0.035525333000000714
total computational time 0.12184970800000006
tv norm 98.0
