binary objective value 0.004342286555961916
total binary tv norm 26.0
initial file ../new_result/c_control/Continuous/CNOT_evotime10.0_n_ts200_ptypeCONSTANT_offset0.5_objUNIT.csv
all objective value of milp 0.4287032933524235
difference of control 0.20470329335242354
tv norm obj 28
controller sequence is [[1], [0], [0, 1], [0], [1], [], [0], [0, 1], [1], [0, 1], [0], [0, 1], [0], [], [0, 1], [1], [0, 1], [0], [1], [0, 1], [], [0], [0, 1], [0]]
warm start length is [0.35000000000000003, 0.04999999999999999, 0.04999999999999999, 0.55, 0.75, 0.30000000000000027, 1.1, 0.09999999999999964, 0.3500000000000001, 0.25, 0.3999999999999999, 0.25, 0.4500000000000002, 0.25, 0.40000000000000036, 0.4500000000000002, 0.25, 0.5999999999999996, 0.7000000000000002, 0.39999999999999947, 0.5500000000000007, 0.5999999999999996, 0.5500000000000007, 0.29999999999999893]
objective of continuous control 1.1633354279894093e-09
objective function before optimization 0.23471605700267284
TV regularizer before optimization 46
     fun: 2.162571943742364e-07
     jac: array([ 2.77917507e-04,  2.56202703e-04,  3.89616820e-04,  3.47422566e-04,
        2.57903668e-04,  7.52519964e-05,  5.60343141e-05,  1.29531018e-04,
       -6.69814950e-06, -2.57215590e-05,  1.62411285e-04, -8.32769043e-05,
        9.05710863e-05, -1.96649520e-04, -3.88821968e-04, -1.29465187e-04,
        6.07270689e-05, -3.10926618e-05,  2.02196825e-04, -2.52284206e-06,
       -1.79923736e-05, -6.55289841e-05,  4.20456281e-06,  5.24990657e-05])
 message: 'Optimization terminated successfully'
    nfev: 41
     nit: 33
    njev: 33
  status: 0
 success: True
       x: array([3.46244333e-01, 7.28043163e-01, 2.57553461e-01, 3.38813179e-21,
       4.48317206e-01, 5.39281825e-01, 7.89055238e-01, 3.22085748e-01,
       2.05412594e-01, 1.03166853e-01, 1.52574763e-01, 2.48041330e-01,
       5.53596926e-01, 4.92325196e-01, 2.33414971e-01, 6.17352928e-01,
       2.17699698e-01, 4.69464212e-01, 6.01781655e-01, 6.12984226e-01,
       4.81813237e-01, 3.03266738e-01, 4.44215439e-01, 8.32308259e-01])
switching time points [0.34624433 1.0742875  1.33184096 1.33184096 1.78015816 2.31943999
 3.10849523 3.43058097 3.63599357 3.73916042 3.89173518 4.13977651
 4.69337344 5.18569864 5.41911361 6.03646654 6.25416623 6.72363045
 7.3254121  7.93839633 8.42020956 8.7234763  9.16769174]
computational time of retrieving switches 0.042726124999999726
computational time of optimization 0.04382924999999993
total computational time 0.08675816600000008
tv norm 26.0
