binary objective value 0.18382720367258842
total binary tv norm 18.0
initial file ../new_result/c_control/Continuous/CNOTSOS1_evotime5.0_n_ts100_ptypeCONSTANT_offset0.5_objUNIT.csv
filtered objective value 0.18065179119307806
converted tv norm 10.0
controller sequence is [3, 1, 3, 1, 0, 3, 2, 0, 2, 3]
warm start length is [0.5, 0.8, 0.5, 0.10000000000000009, 0.7500000000000002, 0.5, 0.5499999999999998, 0.75, 0.40000000000000036, 0.14999999999999947]
objective of continuous control 0.6215983936946423
objective function before optimization 0.651027902461395
TV regularizer before optimization 18
     fun: 0.18065179119307806
     jac: array([-0.04778046, -0.04752195, -0.04770515, -0.04801798, -0.04772668,
       -0.04842731, -0.04775807, -0.04749069, -0.0482533 , -0.04766095])
 message: 'Optimization terminated successfully'
    nfev: 20
     nit: 16
    njev: 16
  status: 0
 success: True
       x: array([0.35197466, 1.07621172, 0.1989675 , 0.30258788, 0.71388599,
       0.65320487, 0.40433419, 0.65552606, 0.26295485, 0.38035227])
switching time points [0.35197466 1.42818639 1.62715389 1.92974177 2.64362775 3.29683262
 3.70116682 4.35669288 4.61964773]
computational time of retrieving switches 0.030610165999999772
computational time of optimization 0.014601041999999786
total computational time 0.045725624999999326
tv norm 18.0
