binary objective value 0.0066729506799968474
total binary tv norm 39.0
initial file ../new_result/c_control/Continuous/CNOT_evotime20.0_n_ts400_ptypeCONSTANT_offset0.5_objUNIT.csv
summation of all the changes of all the controllers 0.0
maximum summation change of all the controllers 0.0
controller sequence is [[0, 1], [], [1], [0], [1], [0], [1], [0], [1], [0], [1], [0], [1], [0], [1], [0], [1], [0], [], [0], [1], [0], [1]]
warm start length is [0.25, 0.30000000000000004, 0.55, 0.44999999999999996, 1.4000000000000001, 1.0499999999999998, 0.5499999999999998, 0.8500000000000005, 0.5999999999999996, 0.25, 0.5500000000000007, 0.6499999999999995, 1.7500000000000009, 1.549999999999999, 1.5500000000000007, 1.75, 1.5999999999999996, 0.9500000000000011, 0.4499999999999993, 1.3500000000000014, 0.8000000000000007, 0.75, 0.04999999999999716]
objective of continuous control 5.950171466651e-10
objective function before optimization 0.39462712382620013
TV regularizer before optimization 44
     fun: 1.7267894536487916e-07
     jac: array([-0.00056041, -0.00098387, -0.0010285 , -0.00137703, -0.00067425,
       -0.00078128, -0.00104705, -0.00046797,  0.00014889,  0.00075111,
        0.00020318, -0.0004699 , -0.00032978, -0.00086347, -0.00094491,
       -0.00127465, -0.00083764, -0.00132004, -0.00108209, -0.00100808,
       -0.00054936, -0.00077392, -0.00086549])
 message: 'Optimization terminated successfully'
    nfev: 42
     nit: 30
    njev: 30
  status: 0
 success: True
       x: array([0.01414213, 0.25330313, 0.64256294, 0.39130494, 1.55568311,
       1.14655285, 0.37579054, 0.65766004, 0.63323358, 0.24193972,
       0.62951517, 0.62482244, 1.50556988, 2.08733971, 1.48389393,
       1.88305378, 1.26714864, 0.75576144, 0.70600019, 0.85172334,
       0.7955314 , 0.99596315, 0.50150396])
switching time points [1.41421270e-02 2.67445254e-01 9.10008194e-01 1.30131313e+00
 2.85699624e+00 4.00354909e+00 4.37933963e+00 5.03699967e+00
 5.67023325e+00 5.91217297e+00 6.54168814e+00 7.16651058e+00
 8.67208045e+00 1.07594202e+01 1.22433141e+01 1.41263679e+01
 1.53935165e+01 1.61492780e+01 1.68552781e+01 1.77070015e+01
 1.85025329e+01 1.94984960e+01]
computational time of retrieving switches 0.13544858299999962
computational time of optimization 0.037513624999999884
total computational time 0.1731171249999992
tv norm 41.0
