binary objective value 0.0038537752718529328
total binary tv norm 28.0
initial file ../new_result/c_control/Continuous/CNOT_evotime10.0_n_ts200_ptypeCONSTANT_offset0.5_objUNIT.csv
summation of all the changes of all the controllers 0.0
maximum summation change of all the controllers 0.0
controller sequence is [[1], [0], [1], [0], [], [0], [1], [0, 1], [0], [1], [0], [1], [0, 1], [0], [1], [0, 1], [], [0, 1], [0]]
warm start length is [0.45, 0.6500000000000001, 0.8, 0.15000000000000013, 0.19999999999999973, 1.0500000000000003, 0.3500000000000001, 0.4500000000000002, 0.75, 0.2999999999999998, 0.20000000000000018, 0.25, 0.5999999999999996, 0.5, 0.6000000000000005, 0.5499999999999998, 0.4999999999999991, 0.25, 1.4000000000000004]
objective of continuous control 1.1633354279894093e-09
objective function before optimization 0.08427773121265003
TV regularizer before optimization 36
     fun: 5.325956216051253e-07
     jac: array([-8.39870600e-04, -3.46239290e-04,  2.73516205e-04,  4.77503567e-04,
        3.87781225e-04,  6.14454497e-04,  4.70338530e-04,  1.71094326e-04,
        3.40646627e-04,  6.61402137e-04, -1.08356370e-04,  2.60655189e-04,
        7.05079750e-04,  2.91700417e-04, -6.37575736e-05, -8.10087329e-04,
       -4.44296287e-04, -8.60211420e-04, -8.03438102e-04])
 message: 'Optimization terminated successfully'
    nfev: 42
     nit: 36
    njev: 36
  status: 0
 success: True
       x: array([0.35317767, 0.84247934, 0.53461115, 0.04375532, 0.37016955,
       1.05730742, 0.42449155, 0.33595544, 0.72329876, 0.0918624 ,
       0.41032372, 0.39206445, 0.46791307, 0.63282009, 0.41714401,
       0.73668056, 0.71948573, 0.17685959, 1.2696002 ])
switching time points [0.35317767 1.19565701 1.73026815 1.77402347 2.14419302 3.20150044
 3.62599199 3.96194743 4.68524618 4.77710858 5.1874323  5.57949675
 6.04740982 6.6802299  7.09737391 7.83405447 8.5535402  8.7303998 ]
computational time of retrieving switches 0.0705382499999998
computational time of optimization 0.03555662500000034
total computational time 0.10622612500000006
tv norm 28.0
