binary objective value 0.006613557932263814
total binary tv norm 39.0
initial file ../new_result/c_control/Continuous/CNOT_evotime20.0_n_ts400_ptypeCONSTANT_offset0.5_objUNIT.csv
all objective value of milp 1.1344902331015985
difference of control 0.5494902331015984
tv norm obj 39
controller sequence is [[0, 1], [], [1], [0], [1], [0], [1], [0], [1], [0], [1], [0], [1], [0], [1], [], [0, 1], [], [0], [1], [0], [1]]
warm start length is [0.05, 0.05, 0.35, 0.15000000000000008, 0.44999999999999996, 0.5, 0.9000000000000001, 0.5, 0.5, 0.8499999999999996, 0.6500000000000004, 1.1000000000000005, 0.7999999999999998, 0.75, 1.2000000000000002, 1.3499999999999996, 1.3499999999999996, 1.0, 1.3500000000000014, 2.1499999999999986, 2.400000000000002, 1.5999999999999979]
objective of continuous control 5.950171466651e-10
objective function before optimization 0.8309145949001354
TV regularizer before optimization 42
     fun: 3.1364344990070236e-06
     jac: array([-1.11992365e-04, -1.11247119e-04, -6.26088335e-05,  1.07861464e-04,
       -6.62944080e-05, -4.75174671e-04, -4.58304043e-04, -7.50792014e-04,
       -5.70190541e-04, -1.93522369e-04, -4.17964926e-04,  4.59676886e-05,
       -3.18471312e-04,  5.99429248e-05,  8.58563241e-05, -5.67582755e-04,
       -3.32561473e-04, -2.99857841e-04, -3.96307134e-04, -5.27240289e-04,
        1.17491508e-04, -2.16570425e-04])
 message: 'Optimization terminated successfully'
    nfev: 33
     nit: 25
    njev: 25
  status: 0
 success: True
       x: array([1.02118831, 1.06176785, 1.05693686, 0.72253336, 0.31679358,
       1.19688319, 1.10481403, 0.64581751, 1.2769106 , 0.73062837,
       0.80808015, 1.26385261, 0.85530927, 0.96276445, 1.10585896,
       1.14784809, 0.4093673 , 0.85122721, 1.20071736, 0.44947347,
       1.12849076, 0.68273669])
switching time points [ 1.02118831  2.08295616  3.13989302  3.86242638  4.17921997  5.37610316
  6.4809172   7.1267347   8.4036453   9.13427368  9.94235383 11.20620644
 12.06151571 13.02428016 14.13013912 15.2779872  15.68735451 16.53858172
 17.73929908 18.18877254 19.31726331]
computational time of retrieving switches 0.07951962500000054
computational time of optimization 0.030373916999999473
total computational time 0.11005291699999997
tv norm 39.0
