binary objective value 0.009037005395919562
total binary tv norm 28.0
initial file ../new_result/c_control/Continuous/CNOTSOS1_evotime10.0_n_ts200_ptypeCONSTANT_offset0.5_objUNIT.csv
filtered objective value 0.00507140183734156
converted tv norm 16.0
controller sequence is [0, 1, 0, 2, 0, 1, 3, 1, 3, 1, 0, 2, 3, 0, 1, 0]
warm start length is [0.5, 0.6000000000000001, 0.1499999999999999, 0.6500000000000001, 0.15000000000000013, 0.9499999999999997, 0.9000000000000004, 1.2000000000000002, 0.8999999999999995, 0.3000000000000007, 0.39999999999999947, 0.25, 0.6500000000000004, 0.4999999999999991, 1.5000000000000018, 0.3999999999999986]
objective of continuous control 1.1633353169671068e-09
objective function before optimization 0.8197787903672104
TV regularizer before optimization 30
     fun: 0.00507140183734156
     jac: array([0.01004477, 0.0102065 , 0.0098436 , 0.01014939, 0.01037122,
       0.0101654 , 0.01009818, 0.0104525 , 0.01036027, 0.01024221,
       0.01749538, 0.01031432, 0.00993979, 0.00966222, 0.00966886,
       0.00974438])
 message: 'Optimization terminated successfully'
    nfev: 48
     nit: 43
    njev: 43
  status: 0
 success: True
       x: array([0.78130639, 0.26599482, 0.21231451, 0.69252287, 0.49619427,
       0.45658361, 0.73611545, 1.11947091, 1.28611702, 0.65559208,
       0.        , 0.25215743, 0.63948971, 0.15682739, 1.71498958,
       0.53432396])
switching time points [0.78130639 1.04730122 1.25961573 1.9521386  2.44833287 2.90491647
 3.64103192 4.76050283 6.04661985 6.70221193 6.70221193 6.95436936
 7.59385907 7.75068646 9.46567604]
computational time of retrieving switches 0.04482916599999953
computational time of optimization 0.03458379200000028
total computational time 0.07990049999999993
tv norm 28.0
