difference 1.1997248184347775e-05
summation of all the changes of all the controllers 0.037845592557898544
maximum summation change of all the controllers 0.0002164920121068281
objective function before optimization -0.9999300243114516
TV regularizer before optimization 512
     fun: -0.9999999953733428
     jac: array([ 1.17961196e-15,  1.07244846e-04,  1.73905919e-05,  1.04649287e-04,
        3.74211825e-05,  1.02047422e-04,  5.75127183e-05,  9.94500411e-05,
        7.50784367e-05,  9.68625314e-05,  9.25917749e-05,  9.42931758e-05,
        1.07517409e-04,  9.17428687e-05,  1.19879738e-04,  8.92097037e-05,
        1.32172468e-04,  8.66981022e-05,  1.41934529e-04,  8.42030678e-05,
        1.51643616e-04,  8.17276127e-05,  1.58883197e-04,  7.92642221e-05,
        1.68490768e-04,  7.68257806e-05,  1.75638811e-04,  7.44037130e-05,
        1.82746727e-04,  7.19999342e-05,  1.87478398e-04,  6.96039309e-05,
        1.94523625e-04,  6.72296053e-05,  2.01513312e-04,  6.48788082e-05,
        2.06156127e-04,  6.25398749e-05,  2.10779803e-04,  6.02139686e-05,
        2.15382130e-04,  5.79019166e-05,  2.22214425e-04,  5.56160373e-05,
        2.26740790e-04,  5.33445014e-05,  2.31238642e-04,  5.10884007e-05,
        2.35705797e-04,  4.88488166e-05,  2.40140091e-04,  4.66268191e-05,
        2.44539379e-04,  4.44234670e-05,  2.46743189e-04,  4.22247770e-05,
        2.51095895e-04,  4.00465822e-05,  2.55407782e-04,  3.78899121e-05,
        2.59676774e-04,  3.57557836e-05,  2.61810118e-04,  3.36293672e-05,
        2.66018749e-04,  3.15272618e-05,  2.70178882e-04,  2.94504514e-05,
        2.72253975e-04,  2.73835204e-05,  2.76343953e-04,  2.53435912e-05,
        2.80380000e-04,  2.33316124e-05,  2.82389694e-04,  2.13315157e-05,
        2.86346106e-04,  1.93610115e-05,  2.88313885e-04,  1.74036463e-05,
        2.92184763e-04,  1.54774751e-05,  2.94107720e-04,  1.35656671e-05,
        2.96016038e-04,  1.16687725e-05,  2.99765621e-04,  9.80529733e-06,
        3.01625057e-04,  7.95791480e-06,  3.05275300e-04,  6.14545349e-06,
        3.07083129e-04,  4.35022971e-06,  3.08873375e-04,  2.57275622e-06,
        3.12383033e-04,  8.32281284e-07,  3.14117887e-04, -8.89345678e-07,
        3.15833512e-04, -2.59163398e-06,  3.19194985e-04, -4.25492949e-06,
        3.20851565e-04, -5.89783627e-06,  3.24096212e-04, -7.50040749e-06,
        3.25691307e-04, -9.08157590e-06,  3.28814141e-04, -1.06211085e-05,
        3.30345399e-04, -1.21382610e-05,  3.31853845e-04, -1.36325995e-05,
        3.34805007e-04, -1.50835130e-05,  3.36246391e-04, -1.65106857e-05,
        3.39064233e-04, -1.78932372e-05,  3.40436426e-04, -1.92511595e-05,
        3.43116512e-04, -2.05633113e-05,  3.44417487e-04, -2.18499849e-05,
        3.45692557e-04, -2.31108073e-05,  3.48179151e-04, -2.43242952e-05,
        3.49381097e-04, -2.55111289e-05,  3.51719830e-04, -2.66495948e-05,
        3.52848179e-04, -2.77606262e-05,  3.55035154e-04, -2.88223080e-05,
        3.56087894e-04, -2.98558129e-05,  3.57112960e-04, -3.08608142e-05,
        3.59087273e-04, -3.18151486e-05,  3.60033988e-04, -3.27402904e-05,
        3.61847854e-04, -3.36139147e-05,  3.62714420e-04, -3.44576999e-05,
        3.63551378e-04, -3.52713633e-05,  3.65140909e-04, -3.60323887e-05,
        3.65895301e-04, -3.67627066e-05,  3.66619056e-04, -3.74620624e-05,
        3.67978201e-04, -3.81077840e-05,  3.68617175e-04, -3.87220237e-05,
        3.69804610e-04, -3.92820205e-05,  3.70357396e-04, -3.98100674e-05,
        3.71370777e-04, -4.02833359e-05,  3.71836084e-04, -4.07242414e-05,
        3.72673317e-04, -4.11099095e-05,  3.73049976e-04, -4.14628590e-05,
        3.73709223e-04, -4.17601919e-05,  3.73996192e-04, -4.20245109e-05,
        3.74475880e-04, -4.22329174e-05,  3.74842222e-04, -4.23852980e-05,
        3.74981346e-04, -4.25043451e-05,  3.75166247e-04, -4.25672123e-05,
        3.75236961e-04, -4.25738708e-05,  3.75226592e-04, -4.25470419e-05,
        3.75114698e-04, -4.24638764e-05,  3.74888156e-04, -4.23242749e-05,
        3.74546896e-04, -4.21281725e-05,  3.74090910e-04, -4.18755390e-05,
        3.73520250e-04, -4.15663798e-05,  3.72835026e-04, -4.12007367e-05,
        3.72035411e-04, -4.07786885e-05,  3.71121640e-04, -4.03003512e-05,
        3.70094006e-04, -3.97658787e-05,  3.68356903e-04, -3.91528568e-05,
        3.67057038e-04, -3.84841951e-05,  3.64916156e-04, -3.77377567e-05,
        3.63346732e-04, -3.69363830e-05,  3.60806819e-04, -3.60582718e-05,
        3.58036197e-04, -3.51041296e-05,  3.55036947e-04, -3.40747494e-05,
        3.50705827e-04, -3.29494623e-05,  3.47191561e-04, -3.17510159e-05,
        3.42185176e-04, -3.04594907e-05,  3.36806494e-04, -2.90766733e-05,
        3.29588974e-04, -2.75843480e-05,  3.23405217e-04, -2.60051818e-05,
        3.13521002e-04, -2.43031724e-05,  3.02900648e-04, -2.24831008e-05,
        2.89631734e-04, -2.05326176e-05,  2.73366306e-04, -1.84425431e-05,
        2.51501093e-04, -1.61926301e-05,  2.25631476e-04, -1.37855046e-05,
        1.98044010e-04, -1.12413844e-05,  1.66250869e-04, -8.57194076e-06,
        1.24471145e-04, -5.78185572e-06,  8.09507361e-05, -2.91198116e-06,
        2.73148089e-05])
 message: 'Optimization terminated successfully'
    nfev: 9
     nit: 4
    njev: 4
  status: 0
 success: True
       x: array([0.00405726, 0.0272332 , 0.00404675, 0.03113678, 0.00403549,
       0.03113425, 0.00402438, 0.02722564, 0.00401422, 0.02722346,
       0.00400418, 0.02331525, 0.00399503, 0.01940723, 0.00398672,
       0.01940565, 0.00397844, 0.01549802, 0.00397096, 0.01549682,
       0.00396349, 0.01160923, 0.00395704, 0.01549494, 0.00394952,
       0.01160607, 0.00394304, 0.01160466, 0.00393651, 0.00775594,
       0.00393157, 0.01160214, 0.00392492, 0.01160105, 0.00391822,
       0.00775255, 0.00391316, 0.00775171, 0.00390804, 0.00775097,
       0.00390341, 0.01159787, 0.00390228, 0.00774965, 0.00390101,
       0.00774896, 0.00389974, 0.00774826, 0.00389847, 0.00774754,
       0.00389721, 0.00774681, 0.00389596, 0.00390026, 0.00389504,
       0.00774532, 0.00389378, 0.00774457, 0.00389253, 0.00774381,
       0.0038913 , 0.00389622, 0.00389028, 0.00774228, 0.00388906,
       0.00774151, 0.00388787, 0.00389319, 0.00388677, 0.00773997,
       0.00388561, 0.0077392 , 0.00388447, 0.00389088, 0.00388349,
       0.00773767, 0.00388239, 0.00388936, 0.00388149, 0.00773616,
       0.00388043, 0.00388787, 0.00387961, 0.00388713, 0.00387883,
       0.00773395, 0.00387783, 0.00388568, 0.00387714, 0.00773252,
       0.00387618, 0.00388428, 0.00387559, 0.00388359, 0.00387503,
       0.00773047, 0.00387415, 0.00388226, 0.00387369, 0.00388161,
       0.00387328, 0.0077359 , 0.00387254, 0.00388036, 0.00387223,
       0.0077414 , 0.00387161, 0.00387917, 0.0038714 , 0.00774713,
       0.0038709 , 0.00387805, 0.00387079, 0.00387752, 0.00387072,
       0.00775616, 0.00387037, 0.00387651, 0.0038704 , 0.00776246,
       0.00387015, 0.00387557, 0.00387027, 0.00776896, 0.00387012,
       0.0038747 , 0.00387033, 0.0038743 , 0.00387058, 0.00777908,
       0.00387054, 0.0038763 , 0.00387089, 0.00778607, 0.00387092,
       0.00388337, 0.0038714 , 0.00779322, 0.00387147, 0.00389061,
       0.00387206, 0.00389429, 0.0038727 , 0.00780426, 0.00387283,
       0.00390176, 0.00387356, 0.00781181, 0.00387369, 0.00390938,
       0.0038745 , 0.00391323, 0.00387534, 0.00782338, 0.00387546,
       0.00392104, 0.00387635, 0.00392499, 0.00387727, 0.00783522,
       0.00387733, 0.00393297, 0.00387827, 0.00784324, 0.00387826,
       0.00394102, 0.00387921, 0.00785133, 0.0038791 , 0.00394913,
       0.00388004, 0.00785946, 0.00387982, 0.00395729, 0.00388072,
       0.00786763, 0.00388037, 0.00396547, 0.00388121, 0.00787582,
       0.0038807 , 0.0078799 , 0.00388009, 0.00397771, 0.00388079,
       0.00788803, 0.00387999, 0.00789207, 0.00387907, 0.00398983,
       0.00388015, 0.00790009, 0.00388399, 0.00790406, 0.00388771,
       0.00790799, 0.0038913 , 0.00791188, 0.00389475, 0.00791572,
       0.00389805, 0.00791952, 0.00390119, 0.00792327, 0.00390417,
       0.00792698, 0.00390697, 0.00793064, 0.00390958, 0.0118405 ,
       0.00391247, 0.00793776, 0.00391464, 0.01184748, 0.00391696,
       0.00794459, 0.00391865, 0.01185416, 0.00392036, 0.01185737,
       0.00392172, 0.01186047, 0.00392272, 0.01576972, 0.00392342,
       0.01186631, 0.00392361, 0.0157753 , 0.00392336, 0.01577786,
       0.00392258, 0.01968651, 0.00392106, 0.01578244, 0.00391916,
       0.02359694, 0.00391601, 0.02359865, 0.00391204, 0.02750633,
       0.00390676, 0.03141365, 0.00389996, 0.0392268 , 0.00389077,
       0.04313317, 0.00387958, 0.04313269, 0.00386712, 0.04703786,
       0.00385271, 0.05875488, 0.00383463, 0.05875233, 0.00381571,
       0.07046775, 0.00379371])total tv norm 504.0
initial file ../result/control/ADMM/EnergyADMM2_evotime2.0_n_ts512_ptypeWARM_offset0.5_penalty0.01_ADMM_10.0_iter50_instance0.csv

switching time points [0.00405726 0.03129047 0.03533722 0.066474   0.0705095  0.10164374
 0.10566812 0.13289376 0.13690798 0.16413144 0.16813562 0.19145087
 0.19544589 0.21485313 0.21883984 0.23824549 0.24222394 0.25772196
 0.26169292 0.27718974 0.28115322 0.29276245 0.29671949 0.31221444
 0.31616396 0.32777003 0.33171306 0.34331772 0.34725423 0.35501018
 0.35894175 0.37054389 0.37446881 0.38606985 0.38998807 0.39774062
 0.40165378 0.40940549 0.41331353 0.42106449 0.4249679  0.43656578
 0.44046805 0.4482177  0.45211871 0.45986768 0.46376742 0.47151567
 0.47541415 0.48316169 0.4870589  0.49480571 0.49870167 0.50260192
 0.50649696 0.51424228 0.51813606 0.52588063 0.52977316 0.53751697
 0.54140827 0.5453045  0.54919477 0.55693705 0.56082611 0.56856762
 0.57245548 0.57634867 0.58023545 0.58797542 0.59186102 0.59960023
 0.6034847  0.60737558 0.61125907 0.61899674 0.62287913 0.6267685
 0.63064999 0.63838615 0.64226658 0.64615444 0.65003405 0.65392118
 0.65780002 0.66553397 0.66941179 0.67329747 0.67717461 0.68490713
 0.68878331 0.69266759 0.69654318 0.70042677 0.7043018  0.71203227
 0.71590641 0.71978867 0.72366236 0.72754397 0.73141725 0.73915315
 0.7430257  0.74690606 0.75077829 0.75851969 0.7623913  0.76627048
 0.77014188 0.77788901 0.78175991 0.78563797 0.78950875 0.79338627
 0.79725699 0.80501315 0.80888352 0.81276003 0.81663043 0.82439288
 0.82826304 0.8321386  0.83600888 0.84377784 0.84764796 0.85152266
 0.85539299 0.85926729 0.86313787 0.87091695 0.87478749 0.87866379
 0.88253468 0.89032075 0.89419167 0.89807504 0.90194644 0.90973966
 0.91361113 0.91750174 0.9213738  0.92526809 0.92914079 0.93694505
 0.94081788 0.94471964 0.9485932  0.95640501 0.9602787  0.96418808
 0.96806258 0.97197581 0.97585116 0.98367454 0.98754999 0.99147103
 0.99534739 0.99927238 1.00314965 1.01098487 1.0148622  1.01879517
 1.02267344 1.03051668 1.03439494 1.03833596 1.04221516 1.05006649
 1.05394559 1.05789473 1.06177476 1.06963423 1.07351405 1.07747133
 1.08135205 1.08921969 1.09310005 1.09706552 1.10094673 1.10882254
 1.11270324 1.12058314 1.12446323 1.12844094 1.13232173 1.14020976
 1.14408976 1.15198183 1.1558609  1.15985073 1.16373088 1.17163097
 1.17551496 1.18341902 1.18730673 1.19521473 1.19910603 1.20701791
 1.21091266 1.21882838 1.22272643 1.23064595 1.23454715 1.24247042
 1.24637459 1.25430157 1.25820853 1.26613917 1.27004875 1.28188925
 1.28580172 1.29373949 1.29765413 1.30950161 1.31341857 1.32136316
 1.32528181 1.33713597 1.34105633 1.3529137  1.35683542 1.36869589
 1.37261862 1.38838834 1.39231176 1.40417807 1.40810169 1.42387698
 1.42780034 1.4435782  1.44750078 1.46718729 1.47110835 1.48689079
 1.49080994 1.51440688 1.51832289 1.54192155 1.54583359 1.57333992
 1.57724668 1.60866033 1.61256029 1.65178709 1.65567786 1.69881104
 1.70269062 1.74582331 1.74969043 1.7967283  1.80058101 1.85933588
 1.86317051 1.92192284 1.92573855 1.99620629]
computational time of retrieving switches 74.56076054200001
computational time of optimization 0.4864354999999989
total computational time 75.047214917
tv norm 504.0
