difference -7.274677557300713e-05
summation of all the changes of all the controllers 0.02130309675878339
maximum summation change of all the controllers 5.4301958700375685e-05
objective function before optimization -0.9999816896707436
TV regularizer before optimization 980
     fun: -0.9999999999668762
     jac: array([ 3.53734460e-06, -8.45962718e-06,  3.65737558e-06, -9.40911596e-06,
        3.77598436e-06, -1.03476439e-05,  3.89305033e-06, -1.11588036e-05,
        4.00863899e-06, -1.18458378e-05,  4.12285358e-06, -1.24119553e-05,
        4.23582912e-06, -1.29721034e-05,  4.34753195e-06, -1.35260355e-05,
        4.45796770e-06, -1.40735073e-05,  4.56708725e-06, -1.45062833e-05,
        4.67506311e-06, -1.49344280e-05,  4.78186215e-06, -1.53578112e-05,
        4.88745158e-06, -1.57763038e-05,  4.99179900e-06, -1.60864549e-05,
        5.09511781e-06, -1.64957800e-05,  5.19713720e-06, -1.67989158e-05,
        5.29808229e-06, -1.70988179e-05,  5.39793292e-06, -1.74941618e-05,
        5.49640352e-06, -1.77866164e-05,  5.59373553e-06, -1.80756474e-05,
        5.68990951e-06, -1.82660519e-05,  5.78518498e-06, -1.85489047e-05,
        5.87926859e-06, -1.88281767e-05,  5.97214154e-06, -1.91038123e-05,
        6.06378532e-06, -1.92851771e-05,  6.15447608e-06, -1.95542631e-05,
        6.24390543e-06, -1.97312119e-05,  6.33235688e-06, -1.99935796e-05,
        6.41951548e-06, -2.01660012e-05,  6.50567194e-06, -2.03364259e-05,
        6.59081566e-06, -2.05888752e-05,  6.67462284e-06, -2.07546174e-05,
        6.75739395e-06, -2.09182956e-05,  6.83911884e-06, -2.10798896e-05,
        6.91978745e-06, -2.13189273e-05,  6.99906519e-06, -2.14756451e-05,
        7.07726460e-06, -2.16302151e-05,  7.15437606e-06, -2.17826183e-05,
        7.23039013e-06, -2.19328357e-05,  7.30529747e-06, -2.20808489e-05,
        7.37908890e-06, -2.22266397e-05,  7.45175535e-06, -2.23701901e-05,
        7.52328793e-06, -2.25114822e-05,  7.59367786e-06, -2.26504988e-05,
        7.66291651e-06, -2.27189335e-05,  7.73134228e-06, -2.28540395e-05,
        7.79860199e-06, -2.29868233e-05,  7.86468740e-06, -2.31172685e-05,
        7.92959041e-06, -2.32453588e-05,  7.99330310e-06, -2.33083153e-05,
        8.05617357e-06, -2.34323585e-05,  8.11784013e-06, -2.35540041e-05,
        8.17829524e-06, -2.36137319e-05,  8.23789209e-06, -2.37312559e-05,
        8.29626462e-06, -2.38463414e-05,  8.35340571e-06, -2.39027831e-05,
        8.40967336e-06, -2.40136806e-05,  8.46469741e-06, -2.41221033e-05,
        8.51847113e-06, -2.41752044e-05,  8.57135711e-06, -2.42793733e-05,
        8.62298133e-06, -2.43303412e-05,  8.67370903e-06, -2.44302152e-05,
        8.72316400e-06, -2.45275553e-05,  8.77134021e-06, -2.45750998e-05,
        8.81860707e-06, -2.46680842e-05,  8.86458497e-06, -2.47134452e-05,
        8.90964571e-06, -2.48020372e-05,  8.95340775e-06, -2.48451965e-05,
        8.99624518e-06, -2.49293607e-05,  9.03777467e-06, -2.49703010e-05,
        9.07837250e-06, -2.50500039e-05,  9.11765363e-06, -2.50887086e-05,
        9.15599642e-06, -2.51264802e-05,  9.19339794e-06, -2.51998147e-05,
        9.22947108e-06, -2.52353284e-05,  9.26459684e-06, -2.53041268e-05,
        9.29838665e-06, -2.53373679e-05,  9.33122333e-06, -2.54016024e-05,
        9.36271702e-06, -2.54325574e-05,  9.39325223e-06, -2.54625581e-05,
        9.42282665e-06, -2.55202865e-05,  9.45104883e-06, -2.55479828e-05,
        9.47830544e-06, -2.55747171e-05,  9.50459440e-06, -2.56258903e-05,
        9.52952290e-06, -2.56503040e-05,  9.55347954e-06, -2.56737488e-05,
        9.57646251e-06, -2.57183229e-05,  9.59807784e-06, -2.57394324e-05,
        9.61871584e-06, -2.57793237e-05,  9.63798181e-06, -2.57980890e-05,
        9.65626720e-06, -2.58158756e-05,  9.67357065e-06, -2.58326821e-05,
        9.68989085e-06, -2.58639472e-05,  9.70483217e-06, -2.58783948e-05,
        9.71878773e-06, -2.58918578e-05,  9.73175650e-06, -2.59164235e-05,
        9.74334233e-06, -2.59275185e-05,  9.75393942e-06, -2.59376253e-05,
        9.76354703e-06, -2.59554687e-05,  9.77176866e-06, -2.59632005e-05,
        9.77899943e-06, -2.59699417e-05,  9.78523880e-06, -2.59756914e-05,
        9.79048631e-06, -2.59848094e-05,  9.79434547e-06, -2.59881772e-05,
        9.79721210e-06, -2.59905514e-05,  9.79908600e-06, -2.59929140e-05,
        9.79957096e-06, -2.59929025e-05,  9.79906309e-06, -2.59918960e-05,
        9.79756246e-06, -2.59898942e-05,  9.79506920e-06, -2.59835062e-05,
        9.79118776e-06, -2.59791164e-05,  9.78631435e-06, -2.59737309e-05,
        9.78044937e-06, -2.59605826e-05,  9.77319801e-06, -2.59528095e-05,
        9.76495630e-06, -2.59440414e-05,  9.75572490e-06, -2.59342785e-05,
        9.74550455e-06, -2.59123918e-05,  9.73390171e-06, -2.59002446e-05,
        9.72131188e-06, -2.58871043e-05,  9.70773606e-06, -2.58729715e-05,
        9.69317532e-06, -2.58423698e-05,  9.67723774e-06, -2.58258591e-05,
        9.66031794e-06, -2.58083587e-05,  9.64241725e-06, -2.57710462e-05,
        9.62314526e-06, -2.57511750e-05,  9.60289566e-06, -2.57303176e-05,
        9.58167003e-06, -2.57084753e-05,  9.55947003e-06, -2.56625183e-05,
        9.53590746e-06, -2.56383172e-05,  9.51137452e-06, -2.56131359e-05,
        9.48587313e-06, -2.55605362e-05,  9.45901707e-06, -2.55330076e-05,
        9.43119712e-06, -2.55045042e-05,  9.40241545e-06, -2.54750278e-05,
        9.37267429e-06, -2.54138912e-05,  9.34159024e-06, -2.53820852e-05,
        9.30955198e-06, -2.53493128e-05,  9.27656201e-06, -2.52816299e-05,
        9.24223937e-06, -2.52465436e-05,  9.20697084e-06, -2.52104982e-05,
        9.17075917e-06, -2.51363197e-05,  9.13322604e-06, -2.50979779e-05,
        9.09475614e-06, -2.50586853e-05,  9.05535244e-06, -2.49780669e-05,
        9.01463951e-06, -2.49364974e-05,  8.97299968e-06, -2.48939860e-05,
        8.93043620e-06, -2.48069887e-05,  8.88657665e-06, -2.47622216e-05,
        8.84180089e-06, -2.47165226e-05,  8.79611237e-06, -2.46232125e-05,
        8.74914193e-06, -2.45752808e-05,  8.70126670e-06, -2.44775510e-05,
        8.65212005e-06, -2.44274039e-05,  8.60207694e-06, -2.43763433e-05,
        8.55114124e-06, -2.42724243e-05,  8.49894987e-06, -2.42191744e-05,
        8.44587474e-06, -2.41109267e-05,  8.39155556e-06, -2.40555067e-05,
        8.33636183e-06, -2.39991939e-05,  8.28029781e-06, -2.38848954e-05,
        8.22300705e-06, -2.38264418e-05,  8.16485571e-06, -2.37079153e-05,
        8.10549033e-06, -2.36473421e-05,  8.04527440e-06, -2.35246318e-05,
        7.98385757e-06, -2.34619614e-05,  7.92160058e-06, -2.33351132e-05,
        7.85815626e-06, -2.32703685e-05,  7.79388251e-06, -2.31394298e-05,
        7.72843541e-06, -2.30726347e-05,  7.66216996e-06, -2.29376547e-05,
        7.59474558e-06, -2.28003219e-05,  7.52617074e-06, -2.27303224e-05,
        7.45679534e-06, -2.25890280e-05,  7.38628454e-06, -2.25170431e-05,
        7.31498509e-06, -2.23718404e-05,  7.24256575e-06, -2.22243616e-05,
        7.16903557e-06, -2.21492779e-05,  7.09473580e-06, -2.19979769e-05,
        7.01933766e-06, -2.18444494e-05,  6.94284685e-06, -2.17663354e-05,
        6.86560242e-06, -2.16090752e-05,  6.78728166e-06, -2.14496400e-05,
        6.70789409e-06, -2.12880492e-05,  6.62744938e-06, -2.12058971e-05,
        6.54627851e-06, -2.10407010e-05,  6.46406769e-06, -2.08734037e-05,
        6.38082691e-06, -2.07040254e-05,  6.29656630e-06, -2.05325867e-05,
        6.21129614e-06, -2.03591084e-05,  6.12502680e-06, -2.01836115e-05,
        6.03776878e-06, -2.00061175e-05,  5.94953272e-06, -1.98266478e-05,
        5.86032936e-06, -1.96452244e-05,  5.77016958e-06, -1.94618693e-05,
        5.67906435e-06, -1.92766048e-05,  5.58702479e-06, -1.90894535e-05,
        5.49406211e-06, -1.89004383e-05,  5.40018764e-06, -1.87095822e-05,
        5.30541283e-06, -1.84207424e-05,  5.20946895e-06, -1.82257104e-05,
        5.11265091e-06, -1.80289142e-05,  5.01497053e-06, -1.78303778e-05,
        4.91643971e-06, -1.75302285e-05,  4.81680369e-06, -1.73277479e-05,
        4.71634445e-06, -1.70217965e-05,  4.61481516e-06, -1.68154989e-05,
        4.51249041e-06, -1.65039372e-05,  4.40913144e-06, -1.61892672e-05,
        4.30475878e-06, -1.58715516e-05,  4.19939319e-06, -1.56575257e-05,
        4.09329242e-06, -1.53346194e-05,  3.98623590e-06, -1.50088442e-05,
        3.87824490e-06, -1.46802652e-05,  3.76934089e-06, -1.42385581e-05,
        3.65932862e-06, -1.39039191e-05,  3.54845190e-06, -1.35666900e-05,
        3.43673280e-06, -1.31137881e-05,  3.32399365e-06, -1.26568357e-05,
        3.21026897e-06, -1.23110841e-05,  3.09577953e-06, -1.18471891e-05,
        2.98036742e-06, -1.12627088e-05,  2.86389617e-06, -1.07909691e-05,
        2.74658035e-06, -1.01971273e-05,  2.62830023e-06, -9.59855557e-06,
        2.50910830e-06, -8.99552016e-06,  2.38905749e-06, -8.26678167e-06,
        2.26807469e-06, -7.41013794e-06,  2.14612060e-06, -6.54699446e-06,
        2.02329409e-06, -5.55379608e-06,  1.89960957e-06, -4.55420528e-06,
        1.77519566e-06, -3.54926276e-06,  1.65018180e-06, -2.66611410e-06,
        1.52473751e-06, -1.40094021e-06,  1.39889211e-06,  2.47335581e-07,
        1.27284831e-06,  2.14907425e-06,  1.14700074e-06,  4.04451566e-06,
        1.02178970e-06,  5.92702694e-06,  8.97653247e-07,  7.79002071e-06,
        7.75025670e-07,  9.62697825e-06,  6.54335973e-07,  1.14314723e-05,
        5.36006367e-07,  1.33132589e-05,  4.20651952e-07,  1.51434229e-05,
        3.08730824e-07,  1.70231910e-05,  2.00944947e-07,  1.88280538e-05,
        9.77766006e-08,  2.06484014e-05,  0.00000000e+00])
 message: 'Optimization terminated successfully'
    nfev: 9
     nit: 3
    njev: 3
  status: 0
 success: True
       x: array([0.13473864, 0.00196122, 0.01559823, 0.00195951, 0.01559844,
       0.00195778, 0.01364554, 0.00195627, 0.01169263, 0.00195496,
       0.00973972, 0.00195387, 0.00973994, 0.00195303, 0.00974016,
       0.00195314, 0.00974038, 0.00195325, 0.00778748, 0.00195334,
       0.0077877 , 0.00195341, 0.00778793, 0.00195349, 0.00778816,
       0.00195356, 0.00583526, 0.00195361, 0.00778861, 0.00195367,
       0.00583572, 0.00195372, 0.00583595, 0.00195376, 0.00778931,
       0.00195381, 0.00583642, 0.00195384, 0.00583665, 0.00195388,
       0.00388638, 0.00195389, 0.00583713, 0.00195392, 0.00583737,
       0.00195394, 0.00583761, 0.00195397, 0.0038871 , 0.00195398,
       0.00583809, 0.00195399, 0.00388746, 0.001954  , 0.00583858,
       0.00195401, 0.00388782, 0.00195401, 0.003888  , 0.00195402,
       0.00583932, 0.00195402, 0.00388836, 0.00195402, 0.00388854,
       0.00195401, 0.00388872, 0.00195401, 0.00584033, 0.001954  ,
       0.00388908, 0.00195399, 0.00388926, 0.00195398, 0.00388944,
       0.00195396, 0.00388962, 0.00195395, 0.00388981, 0.00195393,
       0.00388999, 0.00195391, 0.00389017, 0.00195389, 0.00389035,
       0.00195387, 0.00389053, 0.00195385, 0.00194254, 0.00195384,
       0.0038909 , 0.00195381, 0.00389108, 0.00195378, 0.00389126,
       0.00195375, 0.00389145, 0.00195372, 0.00194334, 0.0019537 ,
       0.00389181, 0.00195366, 0.00389199, 0.00195362, 0.00194389,
       0.0019536 , 0.00389236, 0.00195356, 0.00389254, 0.00195352,
       0.00194444, 0.0019535 , 0.00389305, 0.00195345, 0.00389333,
       0.0019534 , 0.00194499, 0.00195338, 0.00389388, 0.00195333,
       0.00194535, 0.0019533 , 0.00389444, 0.00195324, 0.00389473,
       0.00195319, 0.0019459 , 0.00195316, 0.00389529, 0.0019531 ,
       0.00194626, 0.00195306, 0.00389586, 0.001953  , 0.00194663,
       0.00195297, 0.00389643, 0.0019529 , 0.00194699, 0.00195287,
       0.003897  , 0.0019528 , 0.00194736, 0.00195276, 0.00194754,
       0.00195272, 0.00389786, 0.00195265, 0.0019479 , 0.00195261,
       0.00389844, 0.00195253, 0.00194826, 0.00195249, 0.00389902,
       0.00195241, 0.00194862, 0.00195237, 0.0019488 , 0.00195232,
       0.0038999 , 0.00195224, 0.00194916, 0.00195219, 0.00194934,
       0.00195215, 0.00390078, 0.00195206, 0.0019497 , 0.00195201,
       0.00194988, 0.00195196, 0.00390166, 0.00195187, 0.00195024,
       0.00195182, 0.00390225, 0.00195172, 0.00195059, 0.00195167,
       0.00195077, 0.00195162, 0.00195095, 0.00195157, 0.00390343,
       0.00195146, 0.0019513 , 0.00195141, 0.00195148, 0.00195136,
       0.00390432, 0.00195125, 0.00195183, 0.00195119, 0.001952  ,
       0.00195113, 0.00390521, 0.00195102, 0.00195238, 0.00195096,
       0.00195268, 0.00195091, 0.00195298, 0.00195085, 0.0039064 ,
       0.00195073, 0.00195357, 0.00195067, 0.00195387, 0.00195061,
       0.00390729, 0.00195048, 0.00195446, 0.00195042, 0.00195476,
       0.00195036, 0.00195505, 0.00195029, 0.00390848, 0.00195017,
       0.00195565, 0.0019501 , 0.00195594, 0.00195004, 0.00390936,
       0.0019499 , 0.00195653, 0.00194984, 0.00195683, 0.00194977,
       0.00195712, 0.0019497 , 0.00391054, 0.00194956, 0.00195771,
       0.0019495 , 0.001958  , 0.00194943, 0.0019583 , 0.00194935,
       0.00391171, 0.00194921, 0.00195888, 0.00194914, 0.00195917,
       0.00194907, 0.00391259, 0.00194892, 0.00195976, 0.00194885,
       0.00196004, 0.00194878, 0.00196033, 0.0019487 , 0.00391375,
       0.00194855, 0.00196091, 0.00194848, 0.0019612 , 0.0019484 ,
       0.00391461, 0.00194825, 0.00196177, 0.00194817, 0.00196206,
       0.00194809, 0.00196234, 0.00194801, 0.00391575, 0.00194786,
       0.00196291, 0.00194778, 0.00196319, 0.0019477 , 0.0039166 ,
       0.00194754, 0.00196375, 0.00194746, 0.00196403, 0.00194738,
       0.00391743, 0.00194721, 0.00196458, 0.00194713, 0.00196486,
       0.00194705, 0.00391826, 0.00194688, 0.00196541, 0.0019468 ,
       0.00196568, 0.00194672, 0.00391908, 0.00194655, 0.00196622,
       0.00194646, 0.00196649, 0.00194638, 0.00391988, 0.00194621,
       0.00196702, 0.00194612, 0.00392041, 0.00194595, 0.00196755,
       0.00194587, 0.00196781, 0.00194578, 0.0039212 , 0.0019456 ,
       0.00196833, 0.00194552, 0.00392172, 0.00194534, 0.00196885,
       0.00194525, 0.0019691 , 0.00194517, 0.00392248, 0.00194499,
       0.00196961, 0.0019449 , 0.00392298, 0.00194472, 0.0019701 ,
       0.00194463, 0.00392347, 0.00194445, 0.00197059, 0.00194436,
       0.00392396, 0.00194418, 0.00197108, 0.00194409, 0.00392444,
       0.00194391, 0.00197155, 0.00194382, 0.00392491, 0.00194364,
       0.00392514, 0.00194345, 0.00197225, 0.00194336, 0.0039256 ,
       0.00194318, 0.0019727 , 0.00194309, 0.00392605, 0.0019429 ,
       0.00392627, 0.00194272, 0.00197337, 0.00194263, 0.00392671,
       0.00194254, 0.00392692, 0.00194254, 0.00197401, 0.00194254,
       0.00392734, 0.00194254, 0.00392755, 0.00194254, 0.00392776,
       0.00194254, 0.00197483, 0.00194254, 0.00392816, 0.00194254,
       0.00392835, 0.00194254, 0.00392855, 0.00194254, 0.00392874,
       0.00194254, 0.00392892, 0.00194254, 0.00392911, 0.00194254,
       0.00392929, 0.00194254, 0.00392946, 0.00194254, 0.00392964,
       0.00194254, 0.00392981, 0.00194254, 0.00392998, 0.00194254,
       0.00393014, 0.00194254, 0.0039303 , 0.00194254, 0.00393046,
       0.00194254, 0.00588374, 0.00194254, 0.00393076, 0.00194254,
       0.00393091, 0.00194254, 0.00393105, 0.00194254, 0.00588432,
       0.00194254, 0.00393132, 0.00194254, 0.00588458, 0.00194254,
       0.00393158, 0.00194254, 0.00588483, 0.00194254, 0.00588494,
       0.00194254, 0.00588506, 0.00194254, 0.00393204, 0.00194254,
       0.00588526, 0.00194254, 0.00588536, 0.00194254, 0.00588545,
       0.00194254, 0.00783866, 0.00194254, 0.00588562, 0.00194254,
       0.00588569, 0.00194254, 0.00783889, 0.00194254, 0.00783895,
       0.00194254, 0.00588588, 0.00194254, 0.00783905, 0.00194254,
       0.00979222, 0.00194254, 0.00783913, 0.00194254, 0.00979228,
       0.00194254, 0.00979229, 0.00194254, 0.0097923 , 0.00194254,
       0.01174543, 0.00194254, 0.01369854, 0.00194254, 0.01369851,
       0.00194254, 0.0156516 , 0.00194254, 0.01565155, 0.00194254,
       0.01565149, 0.00194254, 0.01369828, 0.00194254, 0.01955757,
       0.00194254, 0.02541683, 0.00194254, 0.02932295, 0.00194254,
       0.0293228 , 0.00194254, 0.02932261, 0.00194254, 0.02932241,
       0.00194254, 0.02932218, 0.00194254, 0.02932193, 0.00194254,
       0.03127479, 0.00194254, 0.03127449, 0.00194254, 0.0332273 ,
       0.00194254, 0.03322697, 0.00194254, 0.03517974, 0.00194254,
       0.00588249])total tv norm 980.0
initial file ../result/control/ADMM/EnergyADMM2_evotime2.0_n_ts1024_ptypeWARM_offset0.5_penalty0.01_ADMM_10.0_iter50_instance0.csv

switching time points [0.13473864 0.13669986 0.15229809 0.1542576  0.16985604 0.17181383
 0.18545936 0.18741563 0.19910826 0.20106322 0.21080294 0.21275681
 0.22249675 0.22444978 0.23418994 0.23614308 0.24588347 0.24783672
 0.2556242  0.25757753 0.26536524 0.26731865 0.27510658 0.27706007
 0.28484823 0.28680179 0.29263705 0.29459066 0.30237927 0.30433294
 0.31016866 0.31212238 0.31795833 0.31991208 0.32770139 0.3296552
 0.33549162 0.33744546 0.34328211 0.34523599 0.34912237 0.35107627
 0.35691339 0.35886731 0.36470468 0.36665863 0.37249623 0.3744502
 0.3783373  0.38029127 0.38612936 0.38808336 0.39197081 0.39392481
 0.39976339 0.4017174  0.40560522 0.40755923 0.41144723 0.41340125
 0.41924057 0.42119459 0.42508294 0.42703696 0.4309255  0.43287951
 0.43676823 0.43872223 0.44456256 0.44651656 0.45040564 0.45235963
 0.45624889 0.45820287 0.46209231 0.46404627 0.4679359  0.46988985
 0.47377965 0.47573359 0.47962357 0.48157749 0.48546766 0.48742155
 0.49131191 0.49326578 0.49715631 0.49911016 0.5010527  0.50300653
 0.50689743 0.50885124 0.51274232 0.5146961  0.51858736 0.52054111
 0.52443256 0.52638627 0.52832961 0.53028331 0.53417512 0.53612879
 0.54002078 0.5419744  0.54391829 0.5458719  0.54976426 0.55171782
 0.55561036 0.55756388 0.55950832 0.56146182 0.56535487 0.56730832
 0.57120165 0.57315505 0.57510004 0.57705341 0.5809473  0.58290062
 0.58484597 0.58679927 0.59069372 0.59264696 0.59654169 0.59849487
 0.60044077 0.60239393 0.60628922 0.60824231 0.61018858 0.61214164
 0.6160375  0.6179905  0.61993713 0.6218901  0.62578652 0.62773943
 0.62968642 0.63163929 0.63553628 0.63748908 0.63943644 0.6413892
 0.64333674 0.64528946 0.64918732 0.65113997 0.65308787 0.65504048
 0.65893892 0.66089145 0.66283971 0.6647922  0.66869123 0.67064363
 0.67259226 0.67454463 0.67649343 0.67844575 0.68234565 0.68429789
 0.68624705 0.68819925 0.69014859 0.69210074 0.69600152 0.69795357
 0.69990328 0.70185529 0.70380517 0.70575713 0.70965879 0.71161066
 0.7135609  0.71551272 0.71941496 0.72136668 0.72331728 0.72526895
 0.72721972 0.72917134 0.73112229 0.73307385 0.73697728 0.73892875
 0.74088005 0.74283146 0.74478293 0.74673429 0.75063861 0.75258985
 0.75454168 0.75649287 0.75844487 0.76039601 0.76430122 0.76625224
 0.76820462 0.77015558 0.77210826 0.77405917 0.77601214 0.77796299
 0.78186939 0.78382012 0.78577369 0.78772435 0.78967822 0.79162883
 0.79553612 0.7974866  0.79944106 0.80139148 0.80334624 0.8052966
 0.80725165 0.80920195 0.81311042 0.81506059 0.81701623 0.81896633
 0.82092228 0.82287231 0.82678168 0.82873158 0.83068811 0.83263795
 0.83459478 0.83654454 0.83850167 0.84045137 0.84436191 0.84631147
 0.84826918 0.85021868 0.85217668 0.85412611 0.8560844  0.85803376
 0.86194547 0.86389469 0.86585357 0.86780271 0.86976188 0.87171095
 0.87562354 0.87757247 0.87953222 0.88148107 0.88344112 0.88538989
 0.88735023 0.88929893 0.89321268 0.89516123 0.89712214 0.89907062
 0.90103182 0.90298022 0.90689483 0.90884307 0.91080484 0.91275301
 0.91471507 0.91666316 0.9186255  0.92057352 0.92448927 0.92643712
 0.92840003 0.93034781 0.932311   0.9342587  0.93817529 0.94012283
 0.94208658 0.94403404 0.94599807 0.94794544 0.95186288 0.95381009
 0.95577467 0.95772181 0.95968666 0.96163371 0.96555197 0.96749886
 0.96946427 0.97141107 0.97337675 0.97532346 0.97924254 0.98118909
 0.98315531 0.98510178 0.98706827 0.98901464 0.99293453 0.99488074
 0.99684776 0.99879389 1.0027143  1.00466025 1.0066278  1.00857367
 1.01054148 1.01248726 1.01640846 1.01835407 1.0203224  1.02226792
 1.02618963 1.02813498 1.03010382 1.03204908 1.03401818 1.03596334
 1.03988582 1.04183081 1.04380042 1.04574532 1.0496683  1.05161302
 1.05358312 1.05552775 1.05945123 1.06139568 1.06336627 1.06531064
 1.0692346  1.07117878 1.07314986 1.07509395 1.07901839 1.0809623
 1.08293385 1.08487767 1.08880258 1.09074621 1.09467136 1.09661481
 1.09858706 1.10053042 1.10445602 1.1063992  1.1083719  1.11031499
 1.11424104 1.11618395 1.12011022 1.12205294 1.1240263  1.12596893
 1.12989564 1.13183818 1.1357651  1.13770763 1.13968164 1.14162418
 1.14555152 1.14749406 1.15142161 1.15336415 1.1572919  1.15923444
 1.16120927 1.1631518  1.16707996 1.16902249 1.17295085 1.17489338
 1.17882193 1.18076446 1.1846932  1.18663573 1.19056465 1.19250719
 1.1964363  1.19837883 1.20230812 1.20425065 1.20818012 1.21012265
 1.21405229 1.21599483 1.21992464 1.22186717 1.22579715 1.22773968
 1.23166983 1.23361236 1.23754266 1.2394852  1.24341566 1.24535819
 1.25124193 1.25318447 1.25711523 1.25905777 1.26298868 1.26493121
 1.26886226 1.2708048  1.27668912 1.27863165 1.28256298 1.28450551
 1.29039009 1.29233263 1.29626421 1.29820674 1.30409157 1.30603411
 1.31191905 1.31386159 1.31974664 1.32168918 1.32562121 1.32756375
 1.33344901 1.33539155 1.34127691 1.34321944 1.3491049  1.35104743
 1.3588861  1.36082863 1.36671425 1.36865679 1.37454248 1.37648501
 1.3843239  1.38626644 1.39410538 1.39604792 1.4019338  1.40387633
 1.41171538 1.41365792 1.42345014 1.42539267 1.4332318  1.43517434
 1.44496661 1.44690915 1.45670144 1.45864398 1.46843628 1.47037882
 1.48212424 1.48406678 1.49776531 1.49970785 1.51340636 1.5153489
 1.5310005  1.53294304 1.54859459 1.55053712 1.56618861 1.56813115
 1.58182943 1.58377196 1.60332953 1.60527206 1.6306889  1.63263143
 1.66195438 1.66389692 1.69321971 1.69516225 1.72448486 1.7264274
 1.75574981 1.75769235 1.78701453 1.78895706 1.818279   1.82022153
 1.85149632 1.85343886 1.88471335 1.88665588 1.91988319 1.92182572
 1.95505269 1.95699523 1.99217497 1.99411751]
computational time of retrieving switches 297.85289887500005
computational time of optimization 1.4080248340000026
total computational time 299.260942625
tv norm 980.0
