total tv norm 38.0
initial file ../result/control/ADMM/EnergyADMM2_evotime2.0_n_ts40_ptypeWARM_offset0.5_penalty0.01_ADMM_10.0_iter100.csv
difference 0.0022654349904387416
summation of all the changes of all the controllers 0.4815644476629607
maximum summation change of all the controllers 0.03010940892634484
objective function before optimization -0.9976434285157694
TV regularizer before optimization 48
     fun: -0.9999999719357306
     jac: array([ 5.17439712e-05,  9.38313517e-05, -3.70721634e-05,  1.89062550e-04,
       -1.23293068e-04,  3.66430515e-04, -2.00018023e-04,  5.17157160e-04,
       -2.61248462e-04,  5.77608992e-04, -3.07663836e-04,  6.53697147e-04,
       -3.30937676e-04,  6.76842387e-04, -3.28944399e-04,  6.45485779e-04,
       -3.01589393e-04,  6.06635738e-04, -2.56616823e-04,  4.91055078e-04,
       -1.91070713e-04,  2.58609000e-04, -1.03432987e-04, -1.04600561e-04,
        0.00000000e+00])
 message: 'Optimization terminated successfully'
    nfev: 7
     nit: 3
    njev: 3
  status: 0
 success: True
       x: array([0.04988754, 0.04716792, 0.0509982 , 0.0472096 , 0.10195081,
       0.0473522 , 0.10266329, 0.04754404, 0.05307901, 0.04766285,
       0.10321872, 0.04791852, 0.10302295, 0.04817383, 0.10250715,
       0.04840814, 0.05171205, 0.04851458, 0.10071846, 0.04868507,
       0.1495689 , 0.05090487, 0.1983818 , 0.05535975, 0.24738975])
switching time points [0.04988754 0.09705546 0.14805366 0.19526326 0.29721407 0.34456627
 0.44722956 0.4947736  0.54785261 0.59551545 0.69873417 0.74665269
 0.84967565 0.89784948 1.00035662 1.04876477 1.10047682 1.14899139
 1.24970986 1.29839492 1.44796383 1.4988687  1.6972505  1.75261025]
computational time of retrieving switches 0.8393946250000006
computational time of optimization 0.05381616699999903
total computational time 0.8932311249999998
tv norm 38.0
total tv norm 38.0
initial file ../result/control/ADMM/EnergyADMM2_evotime2.0_n_ts40_ptypeWARM_offset0.5_penalty0.01_ADMM_10.0_iter100.csv
difference 0.0022654349904387416
summation of all the changes of all the controllers 0.4815644476629607
maximum summation change of all the controllers 0.03010940892634484
objective function before optimization -0.9976434285157694
TV regularizer before optimization 48
     fun: -0.9999999719357306
     jac: array([ 5.17439712e-05,  9.38313517e-05, -3.70721634e-05,  1.89062550e-04,
       -1.23293068e-04,  3.66430515e-04, -2.00018023e-04,  5.17157160e-04,
       -2.61248462e-04,  5.77608992e-04, -3.07663836e-04,  6.53697147e-04,
       -3.30937676e-04,  6.76842387e-04, -3.28944399e-04,  6.45485779e-04,
       -3.01589393e-04,  6.06635738e-04, -2.56616823e-04,  4.91055078e-04,
       -1.91070713e-04,  2.58609000e-04, -1.03432987e-04, -1.04600561e-04,
        0.00000000e+00])
 message: 'Optimization terminated successfully'
    nfev: 7
     nit: 3
    njev: 3
  status: 0
 success: True
       x: array([0.04988754, 0.04716792, 0.0509982 , 0.0472096 , 0.10195081,
       0.0473522 , 0.10266329, 0.04754404, 0.05307901, 0.04766285,
       0.10321872, 0.04791852, 0.10302295, 0.04817383, 0.10250715,
       0.04840814, 0.05171205, 0.04851458, 0.10071846, 0.04868507,
       0.1495689 , 0.05090487, 0.1983818 , 0.05535975, 0.24738975])
switching time points [0.04988754 0.09705546 0.14805366 0.19526326 0.29721407 0.34456627
 0.44722956 0.4947736  0.54785261 0.59551545 0.69873417 0.74665269
 0.84967565 0.89784948 1.00035662 1.04876477 1.10047682 1.14899139
 1.24970986 1.29839492 1.44796383 1.4988687  1.6972505  1.75261025]
computational time of retrieving switches 0.8532785829999998
computational time of optimization 0.05519562499999964
total computational time 0.9084970830000003
tv norm 38.0
total tv norm 38.0
initial file ../result/control/ADMM/EnergyADMM2_evotime2.0_n_ts40_ptypeWARM_offset0.5_penalty0.01_ADMM_10.0_iter100.csv
difference 0.0022654349904387416
summation of all the changes of all the controllers 0.4815644476629607
maximum summation change of all the controllers 0.03010940892634484
objective function before optimization -0.9976434285157694
TV regularizer before optimization 48
     fun: -0.9999999719357306
     jac: array([ 5.17439712e-05,  9.38313517e-05, -3.70721634e-05,  1.89062550e-04,
       -1.23293068e-04,  3.66430515e-04, -2.00018023e-04,  5.17157160e-04,
       -2.61248462e-04,  5.77608992e-04, -3.07663836e-04,  6.53697147e-04,
       -3.30937676e-04,  6.76842387e-04, -3.28944399e-04,  6.45485779e-04,
       -3.01589393e-04,  6.06635738e-04, -2.56616823e-04,  4.91055078e-04,
       -1.91070713e-04,  2.58609000e-04, -1.03432987e-04, -1.04600561e-04,
        0.00000000e+00])
 message: 'Optimization terminated successfully'
    nfev: 7
     nit: 3
    njev: 3
  status: 0
 success: True
       x: array([0.04988754, 0.04716792, 0.0509982 , 0.0472096 , 0.10195081,
       0.0473522 , 0.10266329, 0.04754404, 0.05307901, 0.04766285,
       0.10321872, 0.04791852, 0.10302295, 0.04817383, 0.10250715,
       0.04840814, 0.05171205, 0.04851458, 0.10071846, 0.04868507,
       0.1495689 , 0.05090487, 0.1983818 , 0.05535975, 0.24738975])
switching time points [0.04988754 0.09705546 0.14805366 0.19526326 0.29721407 0.34456627
 0.44722956 0.4947736  0.54785261 0.59551545 0.69873417 0.74665269
 0.84967565 0.89784948 1.00035662 1.04876477 1.10047682 1.14899139
 1.24970986 1.29839492 1.44796383 1.4988687  1.6972505  1.75261025]
computational time of retrieving switches 0.8770172080000016
computational time of optimization 0.056466792000000154
total computational time 0.9335091250000005
tv norm 38.0
