minimum energy is -1.0
filtered objective value -0.9999999999999875
total binary tv norm 4.0
binary objective value -0.9991473878973801
initial file ../new_result/c_control/Continuous/Energy2_evotime2.0_n_ts40_ptypeCONSTANT_offset0.5.csv
controller sequence is [0, 1, 0]
warm start length is [0.8500000000000001, 0.75, 0.3999999999999999]
objective of continuous control 1.1035616864774056e-12
objective function before optimization -0.9970696577756527
TV regularizer before optimization 4
     fun: -0.9999999999999875
     jac: array([-3.33066907e-16,  9.93472397e-08, -5.67246598e-07])
 message: 'Optimization terminated successfully'
    nfev: 7
     nit: 5
    njev: 5
  status: 0
 success: True
       x: array([0.82190277, 0.78539819, 0.39269905])
switching time points [0.82190277 1.60730095]
computational time of retrieving switches 0.013831374999999646
computational time of optimization 0.001972250000000564
pre-computing time, objective function evaluation time, gradient time 4.0915999999668884e-05 0.0002900419999996018 8.908300000065594e-05
total computational time 0.01583554200000048
tv norm 4.0
