minimum energy is -1.0470843748257435
filtered objective value -0.7978562810190133
total binary tv norm 6.0
binary objective value -0.7940114383557124
initial file ../new_result/c_control/Continuous/Energy4_evotime2.0_n_ts40_ptypeCONSTANT_offset0.5_instance2.csv
controller sequence is [1, 0, 1, 0]
warm start length is [0.5, 0.5, 0.8500000000000001, 0.1499999999999999]
objective of continuous control 0.23715080407962186
objective function before optimization -0.6390153453123811
TV regularizer before optimization 6
     fun: -0.7978562810190133
     jac: array([-0.17256688, -0.17234896, -0.1724046 , -0.17323032])
 message: 'Optimization terminated successfully'
    nfev: 9
     nit: 6
    njev: 6
  status: 0
 success: True
       x: array([0.47897316, 0.34040241, 1.00661343, 0.17401099])
switching time points [0.47897316 0.81937558 1.82598901]
computational time of retrieving switches 0.06770816700000015
computational time of optimization 0.00414666699999966
pre-computing time, objective function evaluation time, gradient time 0.00021333299999959365 0.0009890430000005779 0.00016533299999998974
total computational time 0.07188479199999964
tv norm 6.0
