difference -2.2574541636011247e-07
summation of all the changes of all the controllers 0.009783796439532755
maximum summation change of all the controllers 1.3514734822028807e-05
objective function before optimization -0.9999998595809514
TV regularizer before optimization 1964
     fun: -0.9999999852923237
     jac: array([-1.04261197e-03,  4.01215042e-05, -1.04334424e-03,  5.88939915e-05,
       -1.04405569e-03,  7.29151326e-05, -1.04474618e-03,  8.31201368e-05,
       -1.04541626e-03,  9.10418528e-05, -1.04606640e-03,  9.80840895e-05,
       -1.04669661e-03,  1.03668701e-04, -1.04730739e-03,  1.09077504e-04,
       -1.04789853e-03,  1.13729210e-04, -1.04847029e-03,  1.17664761e-04,
       -1.04902296e-03,  1.21466303e-04, -1.04955642e-03,  1.25133068e-04,
       -1.05007058e-03,  1.28161308e-04, -1.05056582e-03,  1.31075791e-04,
       -1.05104206e-03,  1.33876071e-04, -1.05149924e-03,  1.36115406e-04,
       -1.05193779e-03,  1.38689168e-04, -1.05235714e-03,  1.40739165e-04,
       -1.05275778e-03,  1.42695438e-04, -1.05313965e-03,  1.44557770e-04,
       -1.05350270e-03,  1.45973428e-04, -1.05384747e-03,  1.47650075e-04,
       -1.05417336e-03,  1.48916931e-04, -1.05448089e-03,  1.50110347e-04,
       -1.05477006e-03,  1.51508764e-04, -1.05504025e-03,  1.52552715e-04,
       -1.05529203e-03,  1.53522954e-04, -1.05552537e-03,  1.54419406e-04,
       -1.05574025e-03,  1.55037240e-04, -1.05593726e-03,  1.55788292e-04,
       -1.05611578e-03,  1.56465381e-04, -1.05627580e-03,  1.56918585e-04,
       -1.05641791e-03,  1.57450000e-04, -1.05654150e-03,  1.57793895e-04,
       -1.05664717e-03,  1.58179504e-04, -1.05673431e-03,  1.58414004e-04,
       -1.05680351e-03,  1.58594692e-04, -1.05685476e-03,  1.58721556e-04,
       -1.05688808e-03,  1.58817726e-04, -1.05690285e-03,  1.58835112e-04,
       -1.05689967e-03,  1.58798664e-04, -1.05687855e-03,  1.58708383e-04,
       -1.05683949e-03,  1.58564275e-04, -1.05678248e-03,  1.58366346e-04,
       -1.05670753e-03,  1.58114606e-04, -1.05661465e-03,  1.57911517e-04,
       -1.05650444e-03,  1.57554001e-04, -1.05637631e-03,  1.57142715e-04,
       -1.05623026e-03,  1.56677681e-04, -1.05606629e-03,  1.56332438e-04,
       -1.05588501e-03,  1.55761764e-04, -1.05568584e-03,  1.55137413e-04,
       -1.05546878e-03,  1.54686005e-04, -1.05523444e-03,  1.53956159e-04,
       -1.05498222e-03,  1.53434458e-04, -1.05471274e-03,  1.52599232e-04,
       -1.05442541e-03,  1.52007319e-04, -1.05412083e-03,  1.51066843e-04,
       -1.05379843e-03,  1.50404812e-04, -1.05345880e-03,  1.49359234e-04,
       -1.05310138e-03,  1.48627188e-04, -1.05272675e-03,  1.47476671e-04,
       -1.05233437e-03,  1.46674724e-04, -1.05192481e-03,  1.45838430e-04,
       -1.05149808e-03,  1.44531677e-04, -1.05105365e-03,  1.43625667e-04,
       -1.05059207e-03,  1.42685397e-04, -1.05011338e-03,  1.41710896e-04,
       -1.04961758e-03,  1.40197035e-04, -1.04910414e-03,  1.39153093e-04,
       -1.04857364e-03,  1.38075020e-04, -1.04802607e-03,  1.36962849e-04,
       -1.04746147e-03,  1.35816613e-04, -1.04687984e-03,  1.34636348e-04,
       -1.04628121e-03,  1.33422089e-04, -1.04566559e-03,  1.31549009e-04,
       -1.04503250e-03,  1.30265874e-04, -1.04438246e-03,  1.28948870e-04,
       -1.04371550e-03,  1.27598036e-04, -1.04303163e-03,  1.26213414e-04,
       -1.04233088e-03,  1.24795046e-04, -1.04161327e-03,  1.23342976e-04,
       -1.04087882e-03,  1.21857247e-04, -1.04012755e-03,  1.20337905e-04,
       -1.03935948e-03,  1.18784997e-04, -1.03857464e-03,  1.17198569e-04,
       -1.03777306e-03,  1.15578671e-04, -1.03695475e-03,  1.13925351e-04,
       -1.03611974e-03,  1.13082221e-04, -1.03526850e-03,  1.11363064e-04,
       -1.03440059e-03,  1.09610627e-04, -1.03351607e-03,  1.07824964e-04,
       -1.03261494e-03,  1.06006128e-04, -1.03169724e-03,  1.04154177e-04,
       -1.03076299e-03,  1.02269165e-04, -1.02981223e-03,  1.01310351e-04,
       -1.02884537e-03,  9.93601557e-05, -1.02786204e-03,  9.73770610e-05,
       -1.02686228e-03,  9.53611279e-05, -1.02584612e-03,  9.33124180e-05,
       -1.02481358e-03,  9.22718818e-05, -1.02376505e-03,  9.01584986e-05,
       -1.02270021e-03,  8.80125132e-05, -1.02161908e-03,  8.58339910e-05,
       -1.02052169e-03,  8.47286564e-05, -1.01940841e-03,  8.24858949e-05,
       -1.01827894e-03,  8.02107822e-05, -1.01713331e-03,  7.90572357e-05,
       -1.01597185e-03,  7.67182198e-05, -1.01479430e-03,  7.43470462e-05,
       -1.01360069e-03,  7.19437874e-05, -1.01239105e-03,  7.07262869e-05,
       -1.01116570e-03,  6.82596042e-05, -1.00992438e-03,  6.57610406e-05,
       -1.00866714e-03,  6.44959795e-05, -1.00739426e-03,  6.19343614e-05,
       -1.00610553e-03,  6.06378337e-05, -1.00480122e-03,  5.80134054e-05,
       -1.00348111e-03,  5.53574479e-05, -1.00214527e-03,  5.40138482e-05,
       -1.00079392e-03,  5.12954733e-05, -9.99426904e-04,  4.99207292e-05,
       -9.98044443e-04,  4.71401962e-05, -9.96646382e-04,  4.43285073e-05,
       -9.95232764e-04,  4.29072096e-05, -9.93803795e-04,  4.00337785e-05,
       -9.92359344e-04,  3.85816779e-05, -9.90899602e-04,  3.56467786e-05,
       -9.89424456e-04,  3.41640135e-05, -9.87934080e-04,  3.11679259e-05,
       -9.86428380e-04,  2.96546377e-05, -9.84907512e-04,  2.65976476e-05,
       -9.83371401e-04,  2.35102181e-05, -9.81820095e-04,  2.19513726e-05,
       -9.80253719e-04,  1.88034976e-05, -9.78672232e-04,  1.72145041e-05,
       -9.77075742e-04,  1.40064838e-05, -9.75464223e-04,  1.23874937e-05,
       -9.73837771e-04,  9.11963408e-06, -9.72196376e-04,  7.47080187e-06,
       -9.70540116e-04,  4.14341449e-06, -9.68869002e-04,  2.46489738e-06,
       -9.67183091e-04,  7.71599965e-07, -9.65482416e-04, -2.64448734e-06,
       -9.63767017e-04, -4.36723813e-06, -9.62036925e-04, -7.84206857e-06,
       -9.60292200e-04, -9.59410845e-06, -9.58532855e-04, -1.31273506e-05,
       -9.56758971e-04, -1.49085125e-05, -9.54970541e-04, -1.84998295e-05,
       -9.53167668e-04, -2.03099435e-05, -9.51350324e-04, -2.39589928e-05,
       -9.49518632e-04, -2.57978863e-05, -9.47672547e-04, -2.76511558e-05,
       -9.45812104e-04, -3.13862636e-05, -9.43937454e-04, -3.32680591e-05,
       -9.42048524e-04, -3.70600401e-05, -9.40145487e-04, -3.89701821e-05,
       -9.38228250e-04, -4.08945064e-05, -9.36296850e-04, -4.47712825e-05,
       -9.34351489e-04, -4.67236900e-05, -9.32392046e-04, -5.06564470e-05,
       -9.30418747e-04, -5.26367515e-05, -9.28431448e-04, -5.46310372e-05,
       -9.26430187e-04, -5.86472786e-05, -9.24415222e-04, -6.06691884e-05,
       -9.22386379e-04, -6.47404859e-05, -9.20343940e-04, -6.67898270e-05,
       -9.18287709e-04, -6.88529410e-05, -9.16217724e-04, -7.30063654e-05,
       -9.14134300e-04, -7.50966283e-05, -9.12037210e-04, -7.72005373e-05,
       -9.09926494e-04, -8.14352648e-05, -9.07802499e-04, -8.35660348e-05,
       -9.05664966e-04, -8.57103217e-05, -9.03513937e-04, -9.00255122e-05,
       -9.01349792e-04, -9.21963665e-05, -8.99172241e-04, -9.43806059e-05,
       -8.96981326e-04, -9.87754035e-05, -8.94777460e-04, -1.00985911e-04,
       -8.92560323e-04, -1.03209670e-04, -8.90329955e-04, -1.07683203e-04,
       -8.88086807e-04, -1.09932926e-04, -8.85830522e-04, -1.12195763e-04,
       -8.83561145e-04, -1.16747144e-04, -8.81279159e-04, -1.19035636e-04,
       -8.78984175e-04, -1.21337103e-04, -8.76676238e-04, -1.25965429e-04,
       -8.74355867e-04, -1.28292235e-04, -8.72022639e-04, -1.30631875e-04,
       -8.69676599e-04, -1.35336228e-04, -8.67318304e-04, -1.37700887e-04,
       -8.64947295e-04, -1.40078237e-04, -8.62563618e-04, -1.44857684e-04,
       -8.60167866e-04, -1.47259727e-04, -8.57759547e-04, -1.49674314e-04,
       -8.55338705e-04, -1.54527907e-04, -8.52905972e-04, -1.56966857e-04,
       -8.50460820e-04, -1.59418203e-04, -8.48003293e-04, -1.61881900e-04,
       -8.45533440e-04, -1.66833273e-04, -8.43051939e-04, -1.69320892e-04,
       -8.40558216e-04, -1.71820711e-04, -8.38052317e-04, -1.76843985e-04,
       -8.35534960e-04, -1.79367384e-04, -8.33005534e-04, -1.81902828e-04,
       -8.30464086e-04, -1.86997008e-04, -8.27911374e-04, -1.89555685e-04,
       -8.25346747e-04, -1.92126252e-04, -8.22770254e-04, -1.94708661e-04,
       -8.20181944e-04, -1.99896309e-04, -8.17582625e-04, -2.02501490e-04,
       -8.14971598e-04, -2.05118354e-04, -8.12348913e-04, -2.10374554e-04,
       -8.09715417e-04, -2.13013831e-04, -8.07070374e-04, -2.15664630e-04,
       -8.04413834e-04, -2.18326902e-04, -8.01745847e-04, -2.23673444e-04,
       -7.99067312e-04, -2.26357653e-04, -7.96377443e-04, -2.29053172e-04,
       -7.93676291e-04, -2.34465839e-04, -7.90964796e-04, -2.37182926e-04,
       -7.88242132e-04, -2.39911157e-04, -7.85508351e-04, -2.42650479e-04,
       -7.82763504e-04, -2.48150266e-04, -7.80008585e-04, -2.50910668e-04,
       -7.77242716e-04, -2.53681993e-04, -7.74465949e-04, -2.56464190e-04,
       -7.71678339e-04, -2.62049229e-04, -7.68880931e-04, -2.64852009e-04,
       -7.66072796e-04, -2.67665488e-04, -7.63253988e-04, -2.73312709e-04,
       -7.60425597e-04, -2.76146386e-04, -7.57586651e-04, -2.78990591e-04,
       -7.54737203e-04, -2.81845270e-04, -7.51877309e-04, -2.87574380e-04,
       -7.49008115e-04, -2.90448746e-04, -7.46128594e-04, -2.93333411e-04,
       -7.43238802e-04, -2.99122099e-04, -7.40339928e-04, -3.02026055e-04,
       -7.37430905e-04, -3.04940134e-04, -7.34511787e-04, -3.07864280e-04,
       -7.31582630e-04, -3.13731408e-04, -7.28644681e-04, -3.16674323e-04,
       -7.25696817e-04, -3.19627126e-04, -7.22739093e-04, -3.22589760e-04,
       -7.19771565e-04, -3.28533337e-04, -7.16795539e-04, -3.31514211e-04,
       -7.13809834e-04, -3.34504735e-04, -7.10814508e-04, -3.40503682e-04,
       -7.07810910e-04, -3.43512036e-04, -7.04797817e-04, -3.46529857e-04,
       -7.01775286e-04, -3.49557087e-04, -6.98743374e-04, -3.55628906e-04,
       -6.95703490e-04, -3.58673425e-04, -6.92654353e-04, -3.61727168e-04,
       -6.89596021e-04, -3.67851595e-04, -6.86529949e-04, -3.70922208e-04,
       -6.83454812e-04, -3.74001859e-04, -6.80370666e-04, -3.77090488e-04,
       -6.77277571e-04, -3.83284135e-04, -6.74177043e-04, -3.86389082e-04,
       -6.71067695e-04, -3.89502818e-04, -6.67949588e-04, -3.95746253e-04,
       -6.64824284e-04, -3.98875881e-04, -6.61690351e-04, -4.02014107e-04,
       -6.58547849e-04, -4.08306092e-04, -6.55398390e-04, -4.11459779e-04,
       -6.52240494e-04, -4.14621872e-04, -6.49074221e-04, -4.17792313e-04,
       -6.45899631e-04, -4.24148160e-04, -6.42718398e-04, -4.27333494e-04,
       -6.39528982e-04, -4.30526980e-04, -6.36331443e-04, -4.36928482e-04,
       -6.33127504e-04, -4.40136424e-04, -6.29915577e-04, -4.43352324e-04,
       -6.26695723e-04, -4.49798211e-04, -6.23469714e-04, -4.53028125e-04,
       -6.20235914e-04, -4.56265800e-04, -6.16994384e-04, -4.62754793e-04,
       -6.13746945e-04, -4.66006039e-04, -6.10491912e-04, -4.69264846e-04,
       -6.07229348e-04, -4.75795659e-04, -6.03961124e-04, -4.79067590e-04,
       -6.00685505e-04, -4.82346885e-04, -5.97402554e-04, -4.88918222e-04,
       -5.94114193e-04, -4.92210190e-04, -5.90818637e-04, -4.95509321e-04,
       -5.87515950e-04, -5.02119878e-04, -5.84208104e-04, -5.05431230e-04,
       -5.80893266e-04, -5.08749543e-04, -5.77571498e-04, -5.15398010e-04,
       -5.74244824e-04, -5.18728088e-04, -5.70911360e-04, -5.22064925e-04,
       -5.67571170e-04, -5.28749982e-04, -5.64226328e-04, -5.32098127e-04,
       -5.60874900e-04, -5.35452825e-04, -5.57516950e-04, -5.42173147e-04,
       -5.54154604e-04, -5.45538694e-04, -5.50785877e-04, -5.52280391e-04,
       -5.47412933e-04, -5.55656464e-04, -5.44033750e-04, -5.59038745e-04,
       -5.40648391e-04, -5.65813446e-04, -5.37259074e-04, -5.69205790e-04,
       -5.33863723e-04, -5.72604134e-04, -5.30462405e-04, -5.79410497e-04,
       -5.27057387e-04, -5.82818438e-04, -5.23646543e-04, -5.89643669e-04,
       -5.20232181e-04, -5.93060881e-04, -5.16812138e-04, -5.99904329e-04,
       -5.13388759e-04, -6.03330487e-04, -5.09959842e-04, -6.06762151e-04,
       -5.06525451e-04, -6.13634032e-04, -5.03087987e-04, -6.17074171e-04,
       -4.99645193e-04, -6.23962674e-04, -4.96199510e-04, -6.27410959e-04,
       -4.92748643e-04, -6.34315426e-04, -4.89295069e-04, -6.37771529e-04,
       -4.85836456e-04, -6.41232639e-04, -4.82372869e-04, -6.48162281e-04,
       -4.78906841e-04, -6.51630734e-04, -4.75435984e-04, -6.58574731e-04,
       -4.71962870e-04, -6.62050196e-04, -4.68485074e-04, -6.69007886e-04,
       -4.65005207e-04, -6.72490031e-04, -4.61520803e-04, -6.79460751e-04,
       -4.58034514e-04, -6.82949245e-04, -4.54543835e-04, -6.89932329e-04,
       -4.51051457e-04, -6.93426839e-04, -4.47554835e-04, -7.00421621e-04,
       -4.44056701e-04, -7.03921814e-04, -4.40554470e-04, -7.10927628e-04,
       -4.37050913e-04, -7.14433169e-04, -4.33543407e-04, -7.21449347e-04,
       -4.30034763e-04, -7.24959903e-04, -4.26522315e-04, -7.31985775e-04,
       -4.23008917e-04, -7.35501010e-04, -4.19491864e-04, -7.42535906e-04,
       -4.15974048e-04, -7.46055486e-04, -4.12452724e-04, -7.53098736e-04,
       -4.08930825e-04, -7.60143028e-04, -4.05408459e-04, -7.63667043e-04,
       -4.01882814e-04, -7.70718640e-04, -3.98356889e-04, -7.74246141e-04,
       -3.94827833e-04, -7.81304371e-04, -3.91298686e-04, -7.84835020e-04,
       -3.87766556e-04, -7.91899210e-04, -3.84234523e-04, -7.98963096e-04,
       -3.80702696e-04, -8.02496310e-04, -3.77168115e-04, -8.09565105e-04,
       -3.73633928e-04, -8.16633004e-04, -3.70100243e-04, -8.20167961e-04,
       -3.66564033e-04, -8.27239717e-04, -3.63028514e-04, -8.34309983e-04,
       -3.59493794e-04, -8.37845862e-04, -3.55956778e-04, -8.44918933e-04,
       -3.52420750e-04, -8.51989921e-04, -3.48885817e-04, -8.55525897e-04,
       -3.45348818e-04, -8.62598639e-04, -3.41813103e-04, -8.69668703e-04,
       -3.38278780e-04, -8.73203954e-04, -3.34742621e-04, -8.80274720e-04,
       -3.31208042e-04, -8.87342215e-04, -3.27675152e-04, -8.94406224e-04,
       -3.24144059e-04, -8.97938091e-04, -3.20611439e-04, -9.05001373e-04,
       -3.17080805e-04, -9.12060576e-04, -3.13552263e-04, -9.19115484e-04,
       -3.10025923e-04, -9.26165883e-04, -3.06501891e-04, -9.29690494e-04,
       -3.02976722e-04, -9.36738362e-04, -2.99454050e-04, -9.43781129e-04,
       -2.95933982e-04, -9.50818579e-04, -2.92416626e-04, -9.57850499e-04,
       -2.88902089e-04, -9.64876674e-04, -2.85390478e-04, -9.71896888e-04,
       -2.81881901e-04, -9.75405769e-04, -2.78372737e-04, -9.82420903e-04,
       -2.74866794e-04, -9.89429489e-04, -2.71364178e-04, -9.96431312e-04,
       -2.67864998e-04, -1.00342616e-03, -2.64369358e-04, -1.01041381e-03,
       -2.60877368e-04, -1.01739407e-03, -2.57389131e-04, -1.02436671e-03,
       -2.53904757e-04, -1.03133151e-03, -2.50424349e-04, -1.03828828e-03,
       -2.46948016e-04, -1.04523680e-03, -2.43475862e-04, -1.05217684e-03,
       -2.40007994e-04, -1.05910821e-03, -2.36544518e-04, -1.06603070e-03,
       -2.33085540e-04, -1.07294408e-03, -2.29631164e-04, -1.08329401e-03,
       -2.26185622e-04, -1.09018028e-03, -2.22744921e-04, -1.09705676e-03,
       -2.19309164e-04, -1.10392325e-03, -2.15878456e-04, -1.11077954e-03,
       -2.12452904e-04, -1.11762541e-03, -2.09032610e-04, -1.12787186e-03,
       -2.05621975e-04, -1.13468766e-03, -2.02216834e-04, -1.14149237e-03,
       -1.98817290e-04, -1.14828579e-03, -1.95423447e-04, -1.15845204e-03,
       -1.92039821e-04, -1.16521339e-03, -1.88662130e-04, -1.17196276e-03,
       -1.85290475e-04, -1.18206181e-03, -1.81929462e-04, -1.18877760e-03,
       -1.78574718e-04, -1.19882548e-03, -1.75230911e-04, -1.20550662e-03,
       -1.71893602e-04, -1.21550176e-03, -1.68567523e-04, -1.22214721e-03,
       -1.65248171e-04, -1.23208804e-03, -1.61940340e-04, -1.23869677e-03,
       -1.58639464e-04, -1.24858174e-03, -1.55350400e-04, -1.25515271e-03,
       -1.52068516e-04, -1.26498027e-03, -1.48798732e-04, -1.27477128e-03,
       -1.45541210e-04, -1.28127882e-03, -1.42291218e-04, -1.29101002e-03,
       -1.39053773e-04, -1.30070335e-03, -1.35829036e-04, -1.31035831e-03,
       -1.32617168e-04, -1.31997442e-03, -1.29418327e-04, -1.32955122e-03,
       -1.26232672e-04, -1.33908822e-03, -1.23060360e-04, -1.34858495e-03,
       -1.19901550e-04, -1.35804095e-03, -1.16756398e-04, -1.36745573e-03,
       -1.13625060e-04, -1.37682885e-03, -1.10507691e-04, -1.38615982e-03,
       -1.07404446e-04, -1.39544819e-03, -1.04315478e-04, -1.40469349e-03,
       -1.01240941e-04, -1.41695177e-03, -9.81863869e-05, -1.42609333e-03,
       -9.51466025e-05, -1.43821176e-03, -9.21272193e-05, -1.44724730e-03,
       -8.91229410e-05, -1.45922287e-03, -8.61394776e-05, -1.46815016e-03,
       -8.31714503e-05, -1.47997991e-03, -8.02246464e-05, -1.49172432e-03,
       -7.72992907e-05, -1.50338249e-03, -7.43956065e-05, -1.51495353e-03,
       -7.15138152e-05, -1.52643655e-03, -6.86541367e-05, -1.53783069e-03,
       -6.58167892e-05, -1.54913507e-03, -6.30019892e-05, -1.56313742e-03,
       -6.02159089e-05, -1.57423579e-03, -5.74528462e-05, -1.58797805e-03,
       -5.47190641e-05, -1.60157314e-03, -5.20148652e-05, -1.61501957e-03,
       -4.93405486e-05, -1.62831585e-03, -4.66964102e-05, -1.64146050e-03,
       -4.40827424e-05, -1.65703150e-03, -4.15061506e-05, -1.67237886e-03,
       -3.89670278e-05, -1.68750024e-03, -3.64657615e-05, -1.70239333e-03,
       -3.40027335e-05, -1.71947674e-03, -3.15848740e-05, -1.73386698e-03,
       -2.92060534e-05, -1.75035777e-03, -2.68733071e-05, -1.76880700e-03,
       -2.45938500e-05, -1.78682755e-03, -2.23682732e-05, -1.80441474e-03,
       -2.01971541e-05, -1.82367647e-03, -1.80880085e-05, -1.84237735e-03,
       -1.60415204e-05, -1.86249082e-03, -1.40654544e-05, -1.88379728e-03,
       -1.21677768e-05, -1.90423646e-03, -1.03493924e-05, -1.92553308e-03,
       -8.61851049e-06, -1.94577377e-03, -6.97610803e-06, -1.96494709e-03,
       -5.42311229e-06, -1.98450110e-03, -3.96796749e-06, -2.00277674e-03,
       -2.61163387e-06, -2.02101470e-03, -1.36271365e-06, -2.03774210e-03,
       -2.22159614e-07, -2.05294619e-03,  8.09158122e-07, -2.06569012e-03,
        1.73833450e-06, -2.07792462e-03,  2.55683130e-06, -2.08860514e-03,
        3.26402408e-06, -2.09712415e-03,  3.86737436e-06, -2.10478567e-03,
        4.35845582e-06, -2.11087270e-03,  4.73689383e-06, -2.11538060e-03,
        5.00239968e-06, -2.11814948e-03,  5.16285119e-06, -2.11960318e-03,
        5.21005695e-06, -2.11947108e-03,  5.14398096e-06, -2.11756997e-03,
        4.95659539e-06, -2.11385032e-03,  4.64806394e-06, -2.10831537e-03,
        4.21865610e-06, -2.10041606e-03,  3.66073347e-06, -2.08977493e-03,
        2.96687620e-06, -2.07599632e-03,  2.12993890e-06, -2.05866854e-03,
        1.14311357e-06, -2.03736639e-03,  0.00000000e+00])
 message: 'Optimization terminated successfully'
    nfev: 5
     nit: 1
    njev: 1
  status: 0
 success: True
       x: array([0.05273484, 0.00097594, 0.02539109, 0.00097592, 0.01953171,
       0.00097591, 0.0146489 , 0.0009759 , 0.01171922, 0.00097589,
       0.01074265, 0.00097589, 0.00878953, 0.00097588, 0.00878953,
       0.00097587, 0.00781297, 0.00097587, 0.00683641, 0.00097587,
       0.00683641, 0.00097586, 0.00683641, 0.00097586, 0.00585985,
       0.00097586, 0.00585985, 0.00097585, 0.00585985, 0.00097585,
       0.00488328, 0.00097585, 0.00585985, 0.00097584, 0.00488329,
       0.00097584, 0.00488329, 0.00097584, 0.00488329, 0.00097584,
       0.00390672, 0.00097584, 0.00488329, 0.00097584, 0.00390673,
       0.00097583, 0.00390673, 0.00097583, 0.00488329, 0.00097583,
       0.00390673, 0.00097583, 0.00390673, 0.00097583, 0.00390673,
       0.00097583, 0.00293016, 0.00097583, 0.00390673, 0.00097583,
       0.00390673, 0.00097583, 0.00293016, 0.00097583, 0.00390673,
       0.00097583, 0.00293016, 0.00097583, 0.00390673, 0.00097583,
       0.00293017, 0.00097582, 0.00293017, 0.00097582, 0.00293017,
       0.00097582, 0.00390673, 0.00097582, 0.00293017, 0.00097582,
       0.00293017, 0.00097582, 0.00293017, 0.00097582, 0.00293017,
       0.00097582, 0.00293017, 0.00097583, 0.00293017, 0.00097583,
       0.0019536 , 0.00097583, 0.00293016, 0.00097583, 0.00293016,
       0.00097583, 0.00293016, 0.00097583, 0.0019536 , 0.00097583,
       0.00293016, 0.00097583, 0.00293016, 0.00097583, 0.0019536 ,
       0.00097583, 0.00293016, 0.00097583, 0.0019536 , 0.00097583,
       0.00293016, 0.00097583, 0.0019536 , 0.00097583, 0.00293016,
       0.00097583, 0.0019536 , 0.00097583, 0.00293016, 0.00097583,
       0.0019536 , 0.00097583, 0.00293016, 0.00097584, 0.0019536 ,
       0.00097584, 0.0019536 , 0.00097584, 0.00293016, 0.00097584,
       0.0019536 , 0.00097584, 0.0019536 , 0.00097584, 0.0019536 ,
       0.00097584, 0.00293016, 0.00097584, 0.0019536 , 0.00097584,
       0.00195359, 0.00097585, 0.00195359, 0.00097585, 0.00195359,
       0.00097585, 0.00195359, 0.00097585, 0.00195359, 0.00097585,
       0.00293015, 0.00097585, 0.00195359, 0.00097585, 0.00195359,
       0.00097585, 0.00195359, 0.00097586, 0.00195359, 0.00097586,
       0.00195359, 0.00097586, 0.00195359, 0.00097586, 0.00195359,
       0.00097586, 0.00195359, 0.00097586, 0.00195359, 0.00097586,
       0.00195358, 0.00097587, 0.00195358, 0.00097587, 0.00195358,
       0.00097587, 0.00097702, 0.00097587, 0.00195358, 0.00097587,
       0.00195358, 0.00097587, 0.00195358, 0.00097588, 0.00195358,
       0.00097588, 0.00195358, 0.00097588, 0.00195358, 0.00097588,
       0.00097701, 0.00097588, 0.00195357, 0.00097588, 0.00195357,
       0.00097589, 0.00195357, 0.00097589, 0.00195357, 0.00097589,
       0.00097701, 0.00097589, 0.00195357, 0.00097589, 0.00195357,
       0.0009759 , 0.00195357, 0.0009759 , 0.000977  , 0.0009759 ,
       0.00195357, 0.0009759 , 0.00195356, 0.0009759 , 0.000977  ,
       0.0009759 , 0.00195356, 0.00097591, 0.00195356, 0.00097591,
       0.00195356, 0.00097591, 0.000977  , 0.00097591, 0.00195356,
       0.00097592, 0.00195356, 0.00097592, 0.00097699, 0.00097592,
       0.00195355, 0.00097592, 0.00097699, 0.00097592, 0.00195355,
       0.00097593, 0.00195355, 0.00097593, 0.00097699, 0.00097593,
       0.00195355, 0.00097593, 0.00097698, 0.00097593, 0.00195354,
       0.00097594, 0.00195354, 0.00097594, 0.00097698, 0.00097594,
       0.00195354, 0.00097594, 0.00097698, 0.00097594, 0.00195354,
       0.00097595, 0.00097697, 0.00097595, 0.00195353, 0.00097595,
       0.00097697, 0.00097595, 0.00195353, 0.00097596, 0.00195353,
       0.00097596, 0.00097697, 0.00097596, 0.00195353, 0.00097596,
       0.00097696, 0.00097597, 0.00195352, 0.00097597, 0.00097696,
       0.00097597, 0.00195352, 0.00097597, 0.00097696, 0.00097598,
       0.00195352, 0.00097598, 0.00097695, 0.00097598, 0.00097695,
       0.00097598, 0.00195351, 0.00097599, 0.00097695, 0.00097599,
       0.00195351, 0.00097599, 0.00097694, 0.00097599, 0.0019535 ,
       0.000976  , 0.00097694, 0.000976  , 0.0019535 , 0.000976  ,
       0.00097694, 0.000976  , 0.0019535 , 0.00097601, 0.00097693,
       0.00097601, 0.00097693, 0.00097601, 0.00195349, 0.00097601,
       0.00097693, 0.00097602, 0.00195349, 0.00097602, 0.00097692,
       0.00097602, 0.00097692, 0.00097602, 0.00195348, 0.00097603,
       0.00097692, 0.00097603, 0.00195348, 0.00097603, 0.00097691,
       0.00097604, 0.00097691, 0.00097604, 0.00195347, 0.00097604,
       0.00097691, 0.00097604, 0.00195347, 0.00097605, 0.0009769 ,
       0.00097605, 0.0009769 , 0.00097605, 0.00195346, 0.00097606,
       0.0009769 , 0.00097606, 0.0009769 , 0.00097606, 0.00195346,
       0.00097606, 0.00097689, 0.00097607, 0.00097689, 0.00097607,
       0.00195345, 0.00097607, 0.00097688, 0.00097608, 0.00097688,
       0.00097608, 0.00195344, 0.00097608, 0.00097688, 0.00097608,
       0.00097688, 0.00097609, 0.00195344, 0.00097609, 0.00097687,
       0.00097609, 0.00097687, 0.0009761 , 0.00195343, 0.0009761 ,
       0.00097686, 0.0009761 , 0.00097686, 0.0009761 , 0.00195342,
       0.00097611, 0.00097686, 0.00097611, 0.00097686, 0.00097611,
       0.00195342, 0.00097612, 0.00097685, 0.00097612, 0.00097685,
       0.00097612, 0.00195341, 0.00097613, 0.00097684, 0.00097613,
       0.00097684, 0.00097613, 0.0019534 , 0.00097614, 0.00097684,
       0.00097614, 0.00097683, 0.00097614, 0.00097683, 0.00097615,
       0.00195339, 0.00097615, 0.00097683, 0.00097615, 0.00097682,
       0.00097616, 0.00195338, 0.00097616, 0.00097682, 0.00097616,
       0.00097682, 0.00097617, 0.00195338, 0.00097617, 0.00097681,
       0.00097617, 0.00097681, 0.00097618, 0.00097681, 0.00097618,
       0.00195337, 0.00097618, 0.0009768 , 0.00097619, 0.0009768 ,
       0.00097619, 0.00195336, 0.00097619, 0.00097679, 0.0009762 ,
       0.00097679, 0.0009762 , 0.00097679, 0.0009762 , 0.00195335,
       0.00097621, 0.00097678, 0.00097621, 0.00097678, 0.00097621,
       0.00195334, 0.00097622, 0.00097677, 0.00097622, 0.00097677,
       0.00097622, 0.00097677, 0.00097623, 0.00195333, 0.00097623,
       0.00097676, 0.00097623, 0.00097676, 0.00097624, 0.00097676,
       0.00097624, 0.00195332, 0.00097625, 0.00097675, 0.00097625,
       0.00097675, 0.00097625, 0.00195331, 0.00097626, 0.00097674,
       0.00097626, 0.00097674, 0.00097626, 0.00097674, 0.00097627,
       0.0019533 , 0.00097627, 0.00097673, 0.00097627, 0.00097673,
       0.00097628, 0.00195329, 0.00097628, 0.00097672, 0.00097629,
       0.00097672, 0.00097629, 0.00097672, 0.00097629, 0.00195328,
       0.0009763 , 0.00097671, 0.0009763 , 0.00097671, 0.0009763 ,
       0.00097671, 0.00097631, 0.00195327, 0.00097631, 0.0009767 ,
       0.00097631, 0.0009767 , 0.00097632, 0.00195326, 0.00097632,
       0.00097669, 0.00097633, 0.00097669, 0.00097633, 0.00097669,
       0.00097633, 0.00195324, 0.00097634, 0.00097668, 0.00097634,
       0.00097668, 0.00097635, 0.00195324, 0.00097635, 0.00097667,
       0.00097635, 0.00097667, 0.00097636, 0.00097666, 0.00097636,
       0.00195322, 0.00097637, 0.00097666, 0.00097637, 0.00097665,
       0.00097637, 0.00195321, 0.00097638, 0.00097665, 0.00097638,
       0.00097665, 0.00097639, 0.0019532 , 0.00097639, 0.00097664,
       0.00097639, 0.00097664, 0.0009764 , 0.00097663, 0.0009764 ,
       0.00195319, 0.00097641, 0.00097663, 0.00097641, 0.00097662,
       0.00097641, 0.00195318, 0.00097642, 0.00097662, 0.00097642,
       0.00097661, 0.00097643, 0.00195317, 0.00097643, 0.00097661,
       0.00097644, 0.0009766 , 0.00097644, 0.00195316, 0.00097645,
       0.0009766 , 0.00097645, 0.00097659, 0.00097645, 0.00195315,
       0.00097646, 0.00097659, 0.00097646, 0.00097658, 0.00097647,
       0.00195314, 0.00097647, 0.00097658, 0.00097648, 0.00097657,
       0.00097648, 0.00195313, 0.00097649, 0.00097657, 0.00097649,
       0.00097656, 0.00097649, 0.00195312, 0.0009765 , 0.00097656,
       0.0009765 , 0.00097655, 0.00097651, 0.00195311, 0.00097651,
       0.00097655, 0.00097652, 0.00097654, 0.00097652, 0.0019531 ,
       0.00097653, 0.00097654, 0.00097653, 0.0019531 , 0.00097654,
       0.00097653, 0.00097654, 0.00097653, 0.00097654, 0.00195309,
       0.00097655, 0.00097652, 0.00097655, 0.00097652, 0.00097656,
       0.00195308, 0.00097656, 0.00097651, 0.00097657, 0.00195307,
       0.00097657, 0.0009765 , 0.00097658, 0.00195306, 0.00097658,
       0.0009765 , 0.00097659, 0.00097649, 0.00097659, 0.00195305,
       0.0009766 , 0.00097649, 0.0009766 , 0.00195305, 0.00097661,
       0.00097648, 0.00097661, 0.00195304, 0.00097662, 0.00097647,
       0.00097662, 0.00097647, 0.00097662, 0.00195303, 0.00097663,
       0.00097646, 0.00097664, 0.00195302, 0.00097664, 0.00097646,
       0.00097665, 0.00195301, 0.00097665, 0.00097645, 0.00097666,
       0.00195301, 0.00097666, 0.00097644, 0.00097667, 0.001953  ,
       0.00097667, 0.00097643, 0.00097668, 0.00195299, 0.00097668,
       0.00097643, 0.00097669, 0.00195299, 0.00097669, 0.00097642,
       0.0009767 , 0.00195298, 0.0009767 , 0.00097641, 0.00097671,
       0.00195297, 0.00097672, 0.00097641, 0.00097672, 0.00195297,
       0.00097673, 0.0009764 , 0.00097673, 0.00195296, 0.00097674,
       0.00195295, 0.00097674, 0.00097639, 0.00097675, 0.00195295,
       0.00097675, 0.00097638, 0.00097676, 0.00195294, 0.00097676,
       0.00097637, 0.00097677, 0.00195293, 0.00097678, 0.00195293,
       0.00097678, 0.00097636, 0.00097679, 0.00195292, 0.00097679,
       0.00195292, 0.0009768 , 0.00097635, 0.0009768 , 0.00195291,
       0.00097681, 0.00195291, 0.00097682, 0.00097634, 0.00097682,
       0.0019529 , 0.00097683, 0.0019529 , 0.00097684, 0.00097633,
       0.00097684, 0.00195289, 0.00097685, 0.00195289, 0.00097685,
       0.00097632, 0.00097686, 0.00195288, 0.00097686, 0.00195288,
       0.00097687, 0.00195287, 0.00097688, 0.00097631, 0.00097688,
       0.00195287, 0.00097689, 0.00195286, 0.0009769 , 0.00195286,
       0.0009769 , 0.00195286, 0.00097691, 0.00097629, 0.00097691,
       0.00195285, 0.00097692, 0.00195285, 0.00097693, 0.00195284,
       0.00097693, 0.00195284, 0.00097694, 0.00195283, 0.00097695,
       0.00195283, 0.00097696, 0.00097627, 0.00097696, 0.00195282,
       0.00097697, 0.00195282, 0.00097697, 0.00195282, 0.00097698,
       0.00195281, 0.00097699, 0.00195281, 0.00097699, 0.00195281,
       0.000977  , 0.0019528 , 0.00097701, 0.0019528 , 0.00097701,
       0.0019528 , 0.00097702, 0.00195279, 0.00097703, 0.00195279,
       0.00097704, 0.00195279, 0.00097704, 0.00195278, 0.00097705,
       0.00195278, 0.00097706, 0.00292934, 0.00097707, 0.00195277,
       0.00097707, 0.00195277, 0.00097708, 0.00195277, 0.00097709,
       0.00195276, 0.00097709, 0.00195276, 0.0009771 , 0.00292932,
       0.00097711, 0.00195275, 0.00097712, 0.00195275, 0.00097712,
       0.00195274, 0.00097713, 0.0029293 , 0.00097714, 0.00195274,
       0.00097715, 0.00195273, 0.00097716, 0.00292929, 0.00097717,
       0.00195273, 0.00097717, 0.00292929, 0.00097718, 0.00195272,
       0.00097719, 0.00292928, 0.0009772 , 0.00195271, 0.00097721,
       0.00292927, 0.00097722, 0.00195271, 0.00097722, 0.00292927,
       0.00097723, 0.0019527 , 0.00097724, 0.00292926, 0.00097725,
       0.00292926, 0.00097726, 0.00195269, 0.00097726, 0.00292925,
       0.00097727, 0.00292925, 0.00097728, 0.00292924, 0.00097729,
       0.00292924, 0.0009773 , 0.00292924, 0.00097731, 0.00292923,
       0.00097732, 0.00292923, 0.00097733, 0.00292923, 0.00097734,
       0.00292923, 0.00097735, 0.00292922, 0.00097736, 0.00292922,
       0.00097737, 0.00292922, 0.00097738, 0.00292921, 0.00097739,
       0.00390577, 0.0009774 , 0.00292921, 0.00097741, 0.00390577,
       0.00097742, 0.0029292 , 0.00097743, 0.00390576, 0.00097744,
       0.00292919, 0.00097745, 0.00390575, 0.00097746, 0.00390575,
       0.00097748, 0.00390575, 0.00097749, 0.00390575, 0.0009775 ,
       0.00390574, 0.00097751, 0.00390574, 0.00097752, 0.00390574,
       0.00097753, 0.0048823 , 0.00097755, 0.00390573, 0.00097756,
       0.00488229, 0.00097757, 0.00488229, 0.00097758, 0.00488229,
       0.0009776 , 0.00488228, 0.00097761, 0.00488228, 0.00097762,
       0.00585884, 0.00097764, 0.00585884, 0.00097766, 0.00585883,
       0.00097767, 0.00585883, 0.00097769, 0.00683539, 0.0009777 ,
       0.00585883, 0.00097772, 0.00683539, 0.00097773, 0.00781195,
       0.00097775, 0.00781195, 0.00097777, 0.00781194, 0.00097779,
       0.0087885 , 0.00097781, 0.0087885 , 0.00097783, 0.00976506,
       0.00097785, 0.01074162, 0.00097787, 0.01074162, 0.00097789,
       0.01171818, 0.00097791, 0.01171818, 0.00097793, 0.01171818,
       0.00097795, 0.01269474, 0.00097797, 0.01269474, 0.00097799,
       0.0136713 , 0.000978  , 0.0136713 , 0.00097802, 0.0136713 ,
       0.00097804, 0.01269473, 0.00097805, 0.01367129, 0.00097806,
       0.01367129, 0.00097807, 0.01269473, 0.00097808, 0.01367129,
       0.00097809, 0.01367129, 0.00097809, 0.01367129, 0.0009781 ,
       0.01269473, 0.0009781 , 0.01367129, 0.0009781 , 0.01367129,
       0.0009781 , 0.01464785, 0.0009781 , 0.01464785, 0.0009781 ,
       0.01464785, 0.00097809, 0.01562442, 0.00097808, 0.01660098,
       0.00097807, 0.01757754, 0.00097806, 0.01855411, 0.00097804,
       0.01953067, 0.00097802, 0.01269473])
switching time points [0.05273484 0.05371078 0.07910187 0.0800778  0.09960951 0.10058542
 0.11523432 0.11621022 0.12792944 0.12890533 0.13964799 0.14062387
 0.1494134  0.15038928 0.15917881 0.16015469 0.16796766 0.16894353
 0.17577993 0.1767558  0.18359221 0.18456807 0.19140448 0.19238033
 0.19824018 0.19921604 0.20507588 0.20605173 0.21191158 0.21288743
 0.21777072 0.21874656 0.22460641 0.22558226 0.23046554 0.23144138
 0.23632467 0.23730051 0.2421838  0.24315964 0.24706636 0.2480422
 0.25292549 0.25390132 0.25780805 0.25878388 0.26269061 0.26366644
 0.26854973 0.26952556 0.27343229 0.27440812 0.27831484 0.27929067
 0.2831974  0.28417323 0.28710339 0.28807922 0.29198595 0.29296178
 0.2968685  0.29784433 0.30077449 0.30175032 0.30565705 0.30663287
 0.30956304 0.31053886 0.31444559 0.31542142 0.31835158 0.31932741
 0.32225757 0.3232334  0.32616356 0.32713939 0.33104612 0.33202194
 0.3349521  0.33592793 0.33885809 0.33983392 0.34276408 0.34373991
 0.34667007 0.3476459  0.35057606 0.35155189 0.35448205 0.35545788
 0.35741148 0.35838731 0.36131747 0.3622933  0.36522346 0.36619929
 0.36912945 0.37010528 0.37205888 0.37303471 0.37596487 0.3769407
 0.37987087 0.38084669 0.3828003  0.38377612 0.38670629 0.38768212
 0.38963572 0.39061155 0.39354171 0.39451754 0.39647114 0.39744697
 0.40037714 0.40135297 0.40330657 0.4042824  0.40721256 0.4081884
 0.410142   0.41111783 0.41404799 0.41502383 0.41697743 0.41795326
 0.41990686 0.4208827  0.42381286 0.4247887  0.4267423  0.42771813
 0.42967173 0.43064757 0.43260117 0.43357701 0.43650717 0.43748301
 0.43943661 0.44041245 0.44236604 0.44334189 0.44529548 0.44627133
 0.44822492 0.44920077 0.45115436 0.45213021 0.45408381 0.45505966
 0.45798981 0.45896566 0.46091925 0.46189511 0.4638487  0.46482455
 0.46677814 0.467754   0.46970758 0.47068344 0.47263703 0.47361289
 0.47556648 0.47654234 0.47849592 0.47947178 0.48142537 0.48240123
 0.48435482 0.48533068 0.48728427 0.48826013 0.49021372 0.49118959
 0.49314317 0.49411904 0.49509606 0.49607193 0.49802551 0.49900138
 0.50095496 0.50193084 0.50388441 0.50486029 0.50681387 0.50778975
 0.50974332 0.5107192  0.51267278 0.51364866 0.51462567 0.51560156
 0.51755513 0.51853101 0.52048459 0.52146047 0.52341405 0.52438994
 0.52634351 0.5273194  0.52829641 0.5292723  0.53122587 0.53220176
 0.53415533 0.53513122 0.53708479 0.53806069 0.53903769 0.54001359
 0.54196716 0.54294306 0.54489662 0.54587253 0.54684953 0.54782543
 0.54977899 0.5507549  0.55270846 0.55368437 0.55563793 0.55661384
 0.55759084 0.55856675 0.5605203  0.56149622 0.56344978 0.56442569
 0.56540269 0.5663786  0.56833216 0.56930808 0.57028507 0.57126099
 0.57321454 0.57419047 0.57614402 0.57711995 0.57809693 0.57907286
 0.58102641 0.58200234 0.58297932 0.58395526 0.5859088  0.58688474
 0.58883828 0.58981422 0.5907912  0.59176714 0.59372068 0.59469662
 0.5956736  0.59664954 0.59860308 0.59957902 0.600556   0.60153195
 0.60348548 0.60446143 0.6054384  0.60641436 0.60836789 0.60934384
 0.61129737 0.61227333 0.6132503  0.61422626 0.61617979 0.61715575
 0.61813271 0.61910868 0.6210622  0.62203817 0.62301513 0.6239911
 0.62594462 0.6269206  0.62789755 0.62887353 0.63082704 0.63180302
 0.63277997 0.63375596 0.63473291 0.63570889 0.6376624  0.63863839
 0.63961533 0.64059132 0.64254483 0.64352082 0.64449776 0.64547376
 0.64742726 0.64840326 0.6493802  0.6503562  0.6523097  0.6532857
 0.65426264 0.65523864 0.65719214 0.65816814 0.65914508 0.66012109
 0.66109802 0.66207403 0.66402752 0.66500354 0.66598046 0.66695648
 0.66890997 0.66988599 0.67086291 0.67183893 0.67281586 0.67379188
 0.67574536 0.67672139 0.67769831 0.67867434 0.68062782 0.68160385
 0.68258076 0.6835568  0.68453371 0.68550975 0.68746322 0.68843926
 0.68941617 0.69039222 0.69234568 0.69332173 0.69429864 0.69527469
 0.69625159 0.69722764 0.6991811  0.70015716 0.70113406 0.70211012
 0.70308701 0.70406307 0.70601653 0.70699259 0.70796948 0.70894555
 0.70992244 0.71089851 0.71285196 0.71382803 0.71480492 0.71578099
 0.71675787 0.71773395 0.7196874  0.72066348 0.72164036 0.72261644
 0.72359332 0.7245694  0.72652284 0.72749893 0.7284758  0.72945189
 0.73042876 0.73140486 0.73335829 0.73433439 0.73531125 0.73628736
 0.73726422 0.73824032 0.74019375 0.74116986 0.74214671 0.74312282
 0.74409968 0.74507579 0.74702921 0.74800533 0.74898218 0.7499583
 0.75093515 0.75191127 0.75386468 0.75484081 0.75581765 0.75679378
 0.75777062 0.75874676 0.76070016 0.7616763  0.76265313 0.76362927
 0.76460611 0.76558225 0.76655908 0.76753523 0.76948862 0.77046477
 0.7714416  0.77241775 0.77339457 0.77437073 0.77632411 0.77730027
 0.77827709 0.77925325 0.78023007 0.78120623 0.78315961 0.78413578
 0.78511259 0.78608877 0.78706557 0.78804175 0.78901856 0.78999473
 0.7919481  0.79292428 0.79390108 0.79487727 0.79585407 0.79683026
 0.79878362 0.79975981 0.8007366  0.8017128  0.80268959 0.80366579
 0.80464258 0.80561878 0.80757213 0.80854833 0.80952512 0.81050133
 0.81147811 0.81245432 0.81440766 0.81538387 0.81636065 0.81733687
 0.81831364 0.81928986 0.82026663 0.82124286 0.82319619 0.82417242
 0.82514918 0.82612542 0.82710218 0.82807842 0.82905517 0.83003141
 0.83198473 0.83296098 0.83393773 0.83491398 0.83589073 0.83686698
 0.83882029 0.83979654 0.84077329 0.84174955 0.84272629 0.84370255
 0.84467929 0.84565555 0.84760885 0.84858512 0.84956185 0.85053813
 0.85151486 0.85249113 0.85444442 0.85542071 0.85639743 0.85737372
 0.85835044 0.85932673 0.86030344 0.86127973 0.86323301 0.86420931
 0.86518602 0.86616232 0.86713903 0.86811533 0.86909204 0.87006835
 0.87202161 0.87299792 0.87397462 0.87495094 0.87592764 0.87690395
 0.87885721 0.87983353 0.88081023 0.88178655 0.88276324 0.88373957
 0.88471626 0.88569259 0.88764583 0.88862217 0.88959885 0.89057519
 0.89155187 0.89252821 0.89448145 0.8954578  0.89643447 0.89741083
 0.89838749 0.89936385 0.90034051 0.90131687 0.9032701  0.90424646
 0.90522312 0.90619949 0.90717615 0.90815252 0.91010573 0.91108211
 0.91205876 0.91303514 0.91401179 0.91498817 0.91694138 0.91791777
 0.91889441 0.9198708  0.92084744 0.92182384 0.92280047 0.92377687
 0.92573006 0.92670647 0.9276831  0.92865951 0.92963613 0.93061254
 0.93256573 0.93354215 0.93451876 0.93549519 0.9364718  0.93744823
 0.9394014  0.94037783 0.94135444 0.94233088 0.94330748 0.94428392
 0.94623708 0.94721353 0.94819012 0.94916657 0.95014317 0.95111962
 0.95307277 0.95404923 0.95502582 0.95600228 0.95697887 0.95795533
 0.95990848 0.96088495 0.96186153 0.962838   0.96381458 0.96479105
 0.96674419 0.96772067 0.96869724 0.96967373 0.97065029 0.97162679
 0.97357991 0.97455641 0.97553297 0.97650947 0.97748602 0.97846253
 0.98041564 0.98139215 0.9823687  0.98334522 0.98432176 0.98529828
 0.98725138 0.98822791 0.98920445 0.99018098 0.99213407 0.99311061
 0.99408714 0.99506368 0.99604021 0.99701675 0.99896983 0.99994638
 1.0009229  1.00189946 1.00287597 1.00385253 1.00580561 1.00678217
 1.00775868 1.00873525 1.01068832 1.01166489 1.01264139 1.01361797
 1.01557103 1.01654762 1.01752411 1.0185007  1.01947719 1.02045378
 1.02240683 1.02338343 1.02435992 1.02533652 1.02728956 1.02826617
 1.02924265 1.03021926 1.0321723  1.03314892 1.03412539 1.03510201
 1.03607848 1.03705511 1.03900813 1.03998477 1.04096123 1.04193786
 1.04389088 1.04486753 1.04584398 1.04682063 1.04877364 1.04975029
 1.05072674 1.0517034  1.05365641 1.05463307 1.05560951 1.05658618
 1.05853918 1.05951585 1.06049229 1.06146896 1.06342196 1.06439864
 1.06537507 1.06635175 1.06830474 1.06928143 1.07025786 1.07123455
 1.07318753 1.07416424 1.07514065 1.07611736 1.07807033 1.07904705
 1.08002345 1.08100017 1.08295314 1.08392986 1.08490626 1.08588299
 1.08783595 1.08881269 1.09076564 1.09174239 1.09271877 1.09369552
 1.09564847 1.09662522 1.09760161 1.09857836 1.1005313  1.10150807
 1.10248444 1.10346121 1.10541415 1.10639092 1.10834385 1.10932063
 1.110297   1.11127378 1.11322671 1.1142035  1.11615642 1.11713322
 1.11810957 1.11908638 1.12103929 1.1220161  1.12396901 1.12494583
 1.12592217 1.12689899 1.12885189 1.12982872 1.13178162 1.13275845
 1.13373479 1.13471162 1.13666452 1.13764136 1.13959425 1.1405711
 1.14154742 1.14252428 1.14447716 1.14545403 1.1474069  1.14838377
 1.15033665 1.15131352 1.15228983 1.15326671 1.15521958 1.15619647
 1.15814933 1.15912623 1.16107909 1.16205599 1.16400885 1.16498575
 1.16596204 1.16693896 1.16889181 1.16986873 1.17182157 1.1727985
 1.17475134 1.17572828 1.17768111 1.17865806 1.18061089 1.18158784
 1.18354067 1.18451762 1.18549389 1.18647085 1.18842367 1.18940064
 1.19135346 1.19233043 1.19428325 1.19526023 1.19721304 1.19819003
 1.20014284 1.20111983 1.20307264 1.20404964 1.20600245 1.20697945
 1.20893225 1.20990927 1.21186206 1.21283909 1.21479188 1.21576891
 1.2177217  1.21869873 1.22065152 1.22162856 1.22358134 1.22455839
 1.22651117 1.22748823 1.23041757 1.23139463 1.2333474  1.23432448
 1.23627725 1.23725433 1.23920709 1.24018418 1.24213694 1.24311404
 1.24506679 1.2460439  1.24897321 1.24995032 1.25190308 1.25288019
 1.25483294 1.25581007 1.25776281 1.25873994 1.26166925 1.26264639
 1.26459913 1.26557628 1.26752901 1.26850617 1.27143546 1.27241262
 1.27436535 1.27534252 1.27827181 1.27924899 1.28120172 1.2821789
 1.28510818 1.28608538 1.2880381  1.2890153  1.29194458 1.29292179
 1.2948745  1.29585172 1.29878099 1.29975822 1.30171092 1.30268816
 1.30561742 1.30659467 1.30952393 1.31050119 1.31245388 1.31343114
 1.31636039 1.31733767 1.32026691 1.3212442  1.32417344 1.32515074
 1.32807998 1.32905728 1.33198652 1.33296383 1.33589307 1.33687039
 1.33979962 1.34077695 1.34370618 1.34468352 1.34761275 1.3485901
 1.35151932 1.35249668 1.3554259  1.35640327 1.35933248 1.36030986
 1.36323908 1.36421646 1.36812224 1.36909964 1.37202884 1.37300625
 1.37691202 1.37788944 1.38081864 1.38179607 1.38570183 1.38667927
 1.38960847 1.39058592 1.39449167 1.39546914 1.39937489 1.40035236
 1.40425811 1.4052356  1.40914134 1.41011884 1.41402459 1.4150021
 1.41890783 1.41988536 1.42379109 1.42476863 1.42965092 1.43062847
 1.4345342  1.43551176 1.44039405 1.44137162 1.44625391 1.44723149
 1.45211378 1.45309138 1.45797366 1.45895127 1.46383355 1.46481118
 1.47067002 1.47164766 1.47750649 1.47848415 1.48434298 1.48532066
 1.49117949 1.49215717 1.49899257 1.49997027 1.5058291  1.50680681
 1.5136422  1.51461993 1.52243188 1.52340963 1.53122158 1.53219935
 1.54001129 1.54098908 1.54977759 1.55075539 1.55954389 1.56052172
 1.57028678 1.57126463 1.58200625 1.58298412 1.59372574 1.59470363
 1.60642181 1.60739972 1.6191179  1.62009582 1.631814   1.63279195
 1.64548669 1.64646466 1.65915939 1.66013738 1.67380868 1.67478668
 1.68845798 1.689436   1.7031073  1.70408533 1.71678007 1.71775812
 1.73142941 1.73240747 1.74607877 1.74705684 1.75975157 1.76072965
 1.77440094 1.77537903 1.78905032 1.79002841 1.80369971 1.8046778
 1.81737253 1.81835063 1.83202192 1.83300003 1.84667132 1.84764942
 1.86229727 1.86327538 1.87792323 1.87890133 1.89354918 1.89452727
 1.91015169 1.91112977 1.92773075 1.92870883 1.94628637 1.94726443
 1.96581853 1.96679658 1.98632725 1.98730527]total tv norm 1952.0
initial file ../result/control/ADMM/EnergyADMM2_evotime2.0_n_ts2048_ptypeWARM_offset0.5_penalty0.01_ADMM_10.0_iter50_instance0.csv

computational time of retrieving switches 1188.0018078340001
computational time of optimization 2.1300528750000467
total computational time 1190.1318767090002
tv norm 1952.0
