difference -4.847812965058651e-06
summation of all the changes of all the controllers 0.019480222359076427
maximum summation change of all the controllers 5.44539880588113e-05
objective function before optimization -0.9999615323890443
TV regularizer before optimization 1004
     fun: -0.9999999999921241
     jac: array([-4.70145671e-04,  6.18909533e-06, -4.70350669e-04,  8.28916039e-06,
       -4.70526018e-04,  9.89960930e-06, -4.70671537e-04,  1.09485664e-05,
       -4.70787331e-04,  1.17584338e-05, -4.70873280e-04,  1.22576778e-05,
       -4.70929482e-04,  1.25478310e-05, -4.70955893e-04,  1.26286400e-05,
       -4.70952489e-04,  1.25377689e-05, -4.70919656e-04,  1.22509821e-05,
       -4.70857219e-04,  1.18641051e-05, -4.70765398e-04,  1.14372521e-05,
       -4.70644404e-04,  1.07567880e-05, -4.70494111e-04,  1.00954605e-05,
       -4.70314737e-04,  9.31750811e-06, -4.70106336e-04,  8.64728667e-06,
       -4.69869102e-04,  7.63727157e-06, -4.69602962e-04,  6.79337873e-06,
       -4.69308099e-04,  5.55223238e-06, -4.68984484e-04,  4.53543701e-06,
       -4.68632283e-04,  3.43262174e-06, -4.68251564e-04,  2.24398892e-06,
       -4.67842402e-04,  9.69758163e-07, -4.67404879e-04, -3.89833729e-07,
       -4.66939080e-04, -1.83453278e-06, -4.66445098e-04, -2.85368890e-06,
       -4.65922983e-04, -4.46794933e-06, -4.65372862e-04, -6.16652271e-06,
       -4.64794844e-04, -7.35449583e-06, -4.64188927e-04, -9.22110260e-06,
       -4.63555320e-04, -1.05208017e-05, -4.62893982e-04, -1.18762572e-05,
       -4.62204995e-04, -1.39930973e-05, -4.61488650e-04, -1.54591654e-05,
       -4.60744847e-04, -1.69804699e-05, -4.59973677e-04, -1.85568381e-05,
       -4.59175234e-04, -2.01880903e-05, -4.58349615e-04, -2.18740397e-05,
       -4.57496919e-04, -2.36144928e-05, -4.56617252e-04, -2.63059790e-05,
       -4.55711112e-04, -2.81540135e-05, -4.54778244e-04, -3.00558738e-05,
       -4.53818762e-04, -3.10342655e-05, -4.52832304e-04, -3.30441006e-05,
       -4.51819439e-04, -3.51071385e-05, -4.50780289e-04, -3.72231375e-05,
       -4.49714982e-04, -3.93918493e-05, -4.48623647e-04, -4.16130191e-05,
       -4.47506417e-04, -4.38863849e-05, -4.46363428e-04, -4.50507827e-05,
       -4.45194127e-04, -4.74291599e-05, -4.43999312e-04, -4.98589802e-05,
       -4.42779131e-04, -5.23399554e-05, -4.41533730e-04, -5.36083449e-05,
       -4.40262440e-04, -5.61924365e-05, -4.38966198e-04, -5.88268574e-05,
       -4.37645165e-04, -6.01721268e-05, -4.36298575e-04, -6.29081589e-05,
       -4.34927478e-04, -6.43043531e-05, -4.33531052e-04, -6.71409828e-05,
       -4.32110414e-04, -7.00264748e-05, -4.30665735e-04, -7.14975623e-05,
       -4.29196096e-04, -7.44819888e-05, -4.27702727e-04, -7.60026646e-05,
       -4.26184646e-04, -7.90849120e-05, -4.24643156e-04, -8.06546187e-05,
       -4.23077210e-04, -8.38335337e-05, -4.21488188e-04, -8.54516930e-05,
       -4.19874973e-04, -8.87260836e-05, -4.18239023e-04, -9.20463754e-05,
       -4.16580538e-04, -9.37353733e-05, -4.14898283e-04, -9.71492030e-05,
       -4.13193850e-04, -9.88850787e-05, -4.11465932e-04, -1.02391159e-04,
       -4.09716201e-04, -1.04173264e-04, -4.07943276e-04, -1.07770270e-04,
       -4.06148915e-04, -1.09597935e-04, -4.04331659e-04, -1.13284507e-04,
       -4.02493351e-04, -1.15157043e-04, -4.00632455e-04, -1.18931782e-04,
       -3.98750903e-04, -1.20848483e-04, -3.96847076e-04, -1.24709957e-04,
       -3.94922997e-04, -1.26670096e-04, -3.92976963e-04, -1.30616835e-04,
       -3.91011092e-04, -1.32619668e-04, -3.89023593e-04, -1.36650170e-04,
       -3.87016679e-04, -1.38694934e-04, -3.84988473e-04, -1.42807660e-04,
       -3.82941282e-04, -1.44893575e-04, -3.80873141e-04, -1.49086956e-04,
       -3.78786455e-04, -1.51213222e-04, -3.76679166e-04, -1.55485655e-04,
       -3.74553781e-04, -1.57651456e-04, -3.72408149e-04, -1.62001306e-04,
       -3.70244876e-04, -1.64205810e-04, -3.68061717e-04, -1.68631410e-04,
       -3.65861383e-04, -1.70873767e-04, -3.63641530e-04, -1.75373419e-04,
       -3.61404973e-04, -1.77652764e-04, -3.59149272e-04, -1.82224741e-04,
       -3.56877348e-04, -1.84540193e-04, -3.54586658e-04, -1.89182738e-04,
       -3.52280233e-04, -1.91533400e-04, -3.49955428e-04, -1.96244727e-04,
       -3.47615382e-04, -1.98629686e-04, -3.45257348e-04, -2.03407983e-04,
       -3.42884576e-04, -2.05826314e-04, -3.40494212e-04, -2.10669740e-04,
       -3.38089619e-04, -2.13120501e-04, -3.35667836e-04, -2.18027189e-04,
       -3.33232340e-04, -2.20509425e-04, -3.30780062e-04, -2.25477484e-04,
       -3.28314593e-04, -2.27990228e-04, -3.25832754e-04, -2.30519633e-04,
       -3.23334733e-04, -2.35579731e-04, -3.20824280e-04, -2.38138228e-04,
       -3.18298066e-04, -2.43254976e-04, -3.15759957e-04, -2.45841564e-04,
       -3.13206512e-04, -2.51012985e-04, -3.10641717e-04, -2.53626653e-04,
       -3.08062014e-04, -2.58850748e-04, -3.05471512e-04, -2.61490472e-04,
       -3.02866535e-04, -2.66765221e-04, -3.00251314e-04, -2.69429967e-04,
       -2.97622056e-04, -2.74753330e-04, -2.94983114e-04, -2.77442053e-04,
       -2.92330578e-04, -2.82811970e-04, -2.89668922e-04, -2.85523614e-04,
       -2.86994118e-04, -2.88248541e-04, -2.84306367e-04, -2.93688866e-04,
       -2.81610314e-04, -2.96435179e-04, -2.78901766e-04, -3.01916956e-04,
       -2.76185494e-04, -3.04683577e-04, -2.73457182e-04, -3.10204685e-04,
       -2.70721727e-04, -3.12990526e-04, -2.67974690e-04, -3.15788000e-04,
       -2.65216279e-04, -3.21368993e-04, -2.62451563e-04, -3.24184109e-04,
       -2.59675937e-04, -3.29799191e-04, -2.56894598e-04, -3.32630842e-04,
       -2.54102813e-04, -3.38277839e-04, -2.51305912e-04, -3.41124913e-04,
       -2.48499032e-04, -3.43981927e-04, -2.45682389e-04, -3.49678028e-04,
       -2.42861484e-04, -3.52548852e-04, -2.40031288e-04, -3.58271512e-04,
       -2.37197433e-04, -3.61155016e-04, -2.34354761e-04, -3.64047240e-04,
       -2.31503486e-04, -3.69811226e-04, -2.28649420e-04, -3.72714497e-04,
       -2.25787230e-04, -3.78499621e-04, -2.22922858e-04, -3.81412799e-04,
       -2.20050842e-04, -3.84333461e-04, -2.17171397e-04, -3.90152048e-04,
       -2.14290647e-04, -3.93080968e-04, -2.11402952e-04, -3.98915219e-04,
       -2.08514566e-04, -4.01851248e-04, -2.05619717e-04, -4.04793515e-04,
       -2.02718626e-04, -4.10653301e-04, -1.99817726e-04, -4.13601017e-04,
       -1.96911068e-04, -4.19470956e-04, -1.94005221e-04, -4.22422966e-04,
       -1.91094102e-04, -4.25379962e-04, -1.88177931e-04, -4.31267461e-04,
       -1.85263457e-04, -4.34227085e-04, -1.82344419e-04, -4.40119201e-04,
       -1.79427699e-04, -4.43080295e-04, -1.76506903e-04, -4.46045120e-04,
       -1.73582251e-04, -4.51946797e-04, -1.70660806e-04, -4.54911424e-04,
       -1.67735994e-04, -4.60812171e-04, -1.64815012e-04, -4.63775443e-04,
       -1.61891150e-04, -4.69672988e-04, -1.58971740e-04, -4.72633747e-04,
       -1.56049938e-04, -4.78525820e-04, -1.53133210e-04, -4.81482911e-04,
       -1.50214576e-04, -4.87367245e-04, -1.47301638e-04, -4.90319517e-04,
       -1.44387280e-04, -4.96193850e-04, -1.41479238e-04, -4.99140154e-04,
       -1.38570261e-04, -5.05002229e-04, -1.35668217e-04, -5.07941421e-04,
       -1.32765724e-04, -5.13788988e-04, -1.29870781e-04, -5.19620556e-04,
       -1.26983741e-04, -5.22542938e-04, -1.24096996e-04, -5.28356503e-04,
       -1.21218767e-04, -5.34152106e-04, -1.18349404e-04, -5.37054919e-04,
       -1.15481077e-04, -5.42829051e-04, -1.12622224e-04, -5.48583272e-04,
       -1.09773194e-04, -5.54316881e-04, -1.06934333e-04, -5.57186506e-04,
       -1.04097500e-04, -5.62893976e-04, -1.01271437e-04, -5.68578912e-04,
       -9.84564884e-05, -5.74240617e-04, -9.56529943e-05, -5.79878402e-04,
       -9.28612953e-05, -5.85491579e-04, -9.00817298e-05, -5.88297589e-04,
       -8.73056792e-05, -5.93877631e-04, -8.45423509e-05, -5.99431190e-04,
       -8.17920797e-05, -6.04957593e-04, -7.90551990e-05, -6.13185065e-04,
       -7.63413322e-05, -6.18636342e-04, -7.36415996e-05, -6.24058291e-04,
       -7.09563279e-05, -6.29450255e-04, -6.82858423e-05, -6.34811580e-04,
       -6.56304659e-05, -6.40141617e-04, -6.29905199e-05, -6.48069414e-04,
       -6.03761463e-05, -6.53315091e-04, -5.77779188e-05, -6.58527398e-04,
       -5.51961516e-05, -6.66276018e-04, -5.26412562e-05, -6.71399303e-04,
       -5.01035201e-05, -6.79012624e-04, -4.75935431e-05, -6.86540898e-04,
       -4.51118198e-05, -6.91514210e-04, -4.26483182e-05, -6.98899870e-04,
       -4.02139312e-05, -7.06196433e-04, -3.78091383e-05, -7.13402469e-04,
       -3.54344128e-05, -7.20516565e-04, -3.30902221e-05, -7.27537331e-04,
       -3.07770273e-05, -7.36749323e-04, -2.85064554e-05, -7.43545495e-04,
       -2.62678857e-05, -7.52453947e-04, -2.40731692e-05, -7.59018880e-04,
       -2.19114274e-05, -7.67615073e-04, -1.97947269e-05, -7.76028433e-04,
       -1.77237089e-05, -7.84256427e-04, -1.56990012e-05, -7.94277139e-04,
       -1.37332647e-05, -8.02078399e-04, -1.18151685e-05, -8.11558710e-04,
       -9.95760418e-06, -8.20732477e-04, -8.16138871e-06, -8.29595694e-04,
       -6.42731167e-06, -8.39816938e-04, -4.76887702e-06, -8.49578872e-04,
       -3.18709142e-06, -8.60380209e-04, -1.69597015e-06, -8.71938662e-04,
       -3.09945013e-07, -8.82646545e-04,  9.69552036e-07, -8.94819971e-04,
        2.11405491e-06, -9.07625427e-04,  3.09421533e-06, -9.18436300e-04,
        3.90782681e-06, -9.28496820e-04,  4.52487500e-06, -9.35351626e-04,
        4.95769239e-06, -9.39793133e-04,  5.20514252e-06, -9.41809812e-04,
        5.26657771e-06, -9.41396532e-04,  5.14184067e-06, -9.38554563e-04,
        4.83002939e-06, -9.32786670e-04,  4.31590799e-06, -9.22779539e-04,
        3.57036658e-06, -9.10124411e-04,  2.60848090e-06, -8.93184048e-04,
        1.41746158e-06, -8.72757763e-04,  0.00000000e+00])
 message: 'Optimization terminated successfully'
    nfev: 9
     nit: 2
    njev: 2
  status: 0
 success: True
       x: array([0.05466669, 0.00194339, 0.02146421, 0.00194338, 0.01951171,
       0.00194338, 0.01560609, 0.00194337, 0.01560672, 0.00194337,
       0.01365421, 0.00194337, 0.01365483, 0.00194337, 0.01365544,
       0.00194337, 0.00974979, 0.00194337, 0.01170352, 0.00194337,
       0.00975099, 0.00194337, 0.00779846, 0.00194337, 0.00975217,
       0.00194337, 0.00779962, 0.00194337, 0.0078002 , 0.00194337,
       0.00584765, 0.00194337, 0.00780134, 0.00194337, 0.00584878,
       0.00194337, 0.00780246, 0.00194338, 0.00584989, 0.00194338,
       0.00585044, 0.00194338, 0.00585098, 0.00194338, 0.00585152,
       0.00194338, 0.00585206, 0.00194339, 0.00585259, 0.00194339,
       0.00389999, 0.00194339, 0.00585364, 0.00194339, 0.00585415,
       0.0019434 , 0.00390154, 0.0019434 , 0.00585517, 0.0019434 ,
       0.00390255, 0.00194341, 0.00390305, 0.00194341, 0.00585667,
       0.00194341, 0.00390404, 0.00194341, 0.00390452, 0.00194342,
       0.00390501, 0.00194342, 0.00390548, 0.00194342, 0.00390596,
       0.00194343, 0.00390643, 0.00194343, 0.00586002, 0.00194344,
       0.00390735, 0.00194344, 0.00390781, 0.00194344, 0.00195513,
       0.00194344, 0.0039087 , 0.00194345, 0.00390915, 0.00194345,
       0.00390959, 0.00194346, 0.00391002, 0.00194346, 0.00391045,
       0.00194346, 0.00391087, 0.00194347, 0.00195816, 0.00194347,
       0.0039117 , 0.00194348, 0.00391212, 0.00194348, 0.00391252,
       0.00194349, 0.0019598 , 0.00194349, 0.00391332, 0.00194349,
       0.00391371, 0.0019435 , 0.00196097, 0.0019435 , 0.00391448,
       0.00194351, 0.00196174, 0.00194351, 0.00391523, 0.00194351,
       0.0039156 , 0.00194352, 0.00196284, 0.00194352, 0.00391633,
       0.00194353, 0.00196356, 0.00194353, 0.00391704, 0.00194354,
       0.00196426, 0.00194354, 0.00391772, 0.00194355, 0.00196493,
       0.00194355, 0.00391839, 0.00194356, 0.00391872, 0.00194356,
       0.00196592, 0.00194357, 0.00391936, 0.00194357, 0.00196655,
       0.00194358, 0.00391998, 0.00194358, 0.00196716, 0.00194359,
       0.00392058, 0.00194359, 0.00196775, 0.0019436 , 0.00392116,
       0.0019436 , 0.00196832, 0.00194361, 0.00392172, 0.00194362,
       0.00196887, 0.00194362, 0.00392226, 0.00194363, 0.0019694 ,
       0.00194363, 0.00392278, 0.00194364, 0.00196991, 0.00194364,
       0.00392328, 0.00194365, 0.00197039, 0.00194365, 0.00392376,
       0.00194366, 0.00197086, 0.00194367, 0.00392421, 0.00194368,
       0.00197131, 0.00194368, 0.00392465, 0.00194369, 0.00197173,
       0.00194369, 0.00392506, 0.0019437 , 0.00197214, 0.00194371,
       0.00392546, 0.00194371, 0.00197252, 0.00194372, 0.00392583,
       0.00194373, 0.00197288, 0.00194373, 0.00392618, 0.00194374,
       0.00197322, 0.00194375, 0.00392651, 0.00194375, 0.00197354,
       0.00194376, 0.00392681, 0.00194377, 0.00197383, 0.00194377,
       0.0039271 , 0.00194378, 0.00197411, 0.00194379, 0.00392736,
       0.0019438 , 0.00197436, 0.0019438 , 0.0039276 , 0.00194381,
       0.00197458, 0.00194382, 0.00392782, 0.00194383, 0.00197479,
       0.00194383, 0.00197488, 0.00194384, 0.0039281 , 0.00194385,
       0.00197506, 0.00194385, 0.00392826, 0.00194386, 0.00197521,
       0.00194387, 0.0039284 , 0.00194388, 0.00197534, 0.00194388,
       0.00392852, 0.00194389, 0.00197544, 0.0019439 , 0.00392861,
       0.00194391, 0.00197553, 0.00194391, 0.00392868, 0.00194392,
       0.00197559, 0.00194393, 0.00392873, 0.00194394, 0.00197562,
       0.00194395, 0.00197563, 0.00194395, 0.00392877, 0.00194396,
       0.00197564, 0.00194397, 0.00392876, 0.00194398, 0.00197562,
       0.00194398, 0.00392873, 0.001944  , 0.00197558, 0.001944  ,
       0.00197555, 0.00194401, 0.00392864, 0.00194402, 0.00197548,
       0.00194402, 0.00392856, 0.00194403, 0.00197538, 0.00194404,
       0.00392845, 0.00194405, 0.00197527, 0.00194406, 0.0019752 ,
       0.00194406, 0.00392825, 0.00194407, 0.00197505, 0.00194408,
       0.00392809, 0.00194409, 0.00197487, 0.0019441 , 0.00197478,
       0.0019441 , 0.00392781, 0.00194412, 0.00197458, 0.00194412,
       0.00392759, 0.00194413, 0.00197435, 0.00194414, 0.00197423,
       0.00194414, 0.00392723, 0.00194416, 0.00197397, 0.00194416,
       0.00392696, 0.00194417, 0.00197369, 0.00194418, 0.00197354,
       0.00194419, 0.00392651, 0.0019442 , 0.00197323, 0.0019442 ,
       0.00392619, 0.00194421, 0.00197289, 0.00194422, 0.00197272,
       0.00194423, 0.00392566, 0.00194424, 0.00197235, 0.00194424,
       0.00392529, 0.00194426, 0.00197197, 0.00194426, 0.00197177,
       0.00194427, 0.00392469, 0.00194428, 0.00197135, 0.00194429,
       0.00392426, 0.0019443 , 0.00197091, 0.0019443 , 0.00392381,
       0.00194432, 0.00197045, 0.00194432, 0.00392334, 0.00194433,
       0.00196997, 0.00194434, 0.00392285, 0.00194435, 0.00196947,
       0.00194436, 0.00392234, 0.00194437, 0.00196895, 0.00194437,
       0.00392181, 0.00194439, 0.00196841, 0.00194439, 0.00392126,
       0.0019444 , 0.00392097, 0.00194442, 0.00196756, 0.00194442,
       0.00392039, 0.00194443, 0.00392009, 0.00194445, 0.00196666,
       0.00194445, 0.00391948, 0.00194446, 0.00391916, 0.00194447,
       0.00391884, 0.00194449, 0.00196539, 0.00194449, 0.00391818,
       0.0019445 , 0.00391785, 0.00194451, 0.0039175 , 0.00194453,
       0.00391716, 0.00194454, 0.0039168 , 0.00194455, 0.00196332,
       0.00194455, 0.00391608, 0.00194457, 0.00391571, 0.00194458,
       0.00391534, 0.00194459, 0.00586809, 0.0019446 , 0.00391458,
       0.00194462, 0.00391419, 0.00194463, 0.00391379, 0.00194464,
       0.00391339, 0.00194465, 0.00391298, 0.00194466, 0.0058657 ,
       0.00194468, 0.00391215, 0.00194469, 0.00391173, 0.0019447 ,
       0.00586443, 0.00194471, 0.00391087, 0.00194472, 0.00586356,
       0.00194474, 0.00586311, 0.00194475, 0.00390953, 0.00194476,
       0.0058622 , 0.00194478, 0.00586174, 0.00194479, 0.00586127,
       0.00194481, 0.0058608 , 0.00194482, 0.00586032, 0.00194484,
       0.00781296, 0.00194486, 0.00585934, 0.00194487, 0.00781196,
       0.00194489, 0.00585833, 0.0019449 , 0.00781095, 0.00194492,
       0.00781043, 0.00194494, 0.00780991, 0.00194495, 0.0097625 ,
       0.00194497, 0.00780884, 0.00194499, 0.00976142, 0.00194501,
       0.00976087, 0.00194503, 0.00976031, 0.00194505, 0.01171287,
       0.00194507, 0.0117123 , 0.00194509, 0.01366485, 0.00194511,
       0.01561739, 0.00194513, 0.01561679, 0.00194516, 0.01952244,
       0.00194518, 0.02342808, 0.00194521, 0.02342746, 0.00194523,
       0.02733309, 0.00194525, 0.02537933, 0.00194527, 0.02537869,
       0.00194528, 0.02537805, 0.00194528, 0.02537741, 0.00194528,
       0.02537678, 0.00195302, 0.02732926, 0.0019619 , 0.03123488,
       0.00197196, 0.02928113, 0.00198127, 0.03123364, 0.00199102,
       0.03123304, 0.00200055, 0.03123245])total tv norm 1000.0
initial file ../result/control/ADMM/EnergyADMM2_evotime2.0_n_ts1024_ptypeWARM_offset0.5_penalty0.01_ADMM_50.0_iter50_instance0.csv

switching time points [0.05466669 0.05661008 0.07807429 0.08001767 0.09952938 0.10147276
 0.11707885 0.11902223 0.13462895 0.13657232 0.15022653 0.1521699
 0.16582473 0.1677681  0.18142354 0.18336691 0.1931167  0.19506007
 0.20676359 0.20870696 0.21845795 0.22040132 0.22819977 0.23014314
 0.23989531 0.24183868 0.2496383  0.25158167 0.25938187 0.26132524
 0.26717289 0.26911626 0.2769176  0.27886097 0.28470974 0.28665312
 0.29445558 0.29639895 0.30224884 0.30419222 0.31004266 0.31198604
 0.31783702 0.3197804  0.32563192 0.3275753  0.33342736 0.33537075
 0.34122333 0.34316672 0.34706671 0.3490101  0.35486374 0.35680713
 0.36266129 0.36460469 0.36850623 0.37044963 0.3763048  0.3782482
 0.38215076 0.38409416 0.38799721 0.38994062 0.3957973  0.39774071
 0.40164475 0.40358816 0.40749269 0.4094361  0.41334111 0.41528453
 0.41919002 0.42113344 0.4250394  0.42698283 0.43088925 0.43283268
 0.4386927  0.44063614 0.44454349 0.44648693 0.45039474 0.45233818
 0.45429331 0.45623676 0.46014546 0.46208891 0.46599806 0.46794151
 0.47185109 0.47379455 0.47770457 0.47964803 0.48355848 0.48550194
 0.48941281 0.49135628 0.49331444 0.49525792 0.49916962 0.5011131
 0.50502521 0.50696869 0.51088121 0.5128247  0.5147845  0.51672798
 0.5206413  0.5225848  0.52649851 0.52844201 0.53040298 0.53234648
 0.53626096 0.53820447 0.5401662  0.54210971 0.54602495 0.54796846
 0.55188406 0.55382758 0.55579043 0.55773395 0.56165028 0.56359381
 0.56555737 0.5675009  0.57141793 0.57336147 0.57532573 0.57726927
 0.58118699 0.58313054 0.58509547 0.58703902 0.59095742 0.59290097
 0.59681969 0.59876325 0.60072917 0.60267274 0.6065921  0.60853567
 0.61050221 0.61244579 0.61636577 0.61830935 0.62027651 0.62222009
 0.62614067 0.62808427 0.63005201 0.63199561 0.63591677 0.63786037
 0.63982869 0.6417723  0.64569402 0.64763763 0.6496065  0.65155012
 0.65547238 0.657416   0.6593854  0.66132903 0.66525181 0.66719545
 0.66916535 0.671109   0.67503228 0.67697593 0.67894632 0.68088998
 0.68481373 0.68675739 0.68872826 0.69067192 0.69459614 0.69653981
 0.69851112 0.7004548  0.70437945 0.70632314 0.70829487 0.71023856
 0.71416363 0.71610733 0.71807947 0.72002317 0.72394863 0.72589235
 0.72786487 0.72980859 0.73373441 0.73567814 0.73765102 0.73959476
 0.74352094 0.74546468 0.7474379  0.74938164 0.75330815 0.7552519
 0.75722544 0.7591692  0.76309602 0.76503978 0.76701362 0.76895739
 0.77288449 0.77482827 0.77680238 0.77874616 0.78267352 0.78461732
 0.78659168 0.78853548 0.79246308 0.79440689 0.79638147 0.79832529
 0.80225311 0.80419693 0.80617172 0.80811555 0.81009044 0.81203428
 0.81596238 0.81790622 0.81988128 0.82182513 0.82575339 0.82769726
 0.82967247 0.83161633 0.83554474 0.83748861 0.83946395 0.84140783
 0.84533635 0.84728025 0.84925569 0.85119959 0.8551282  0.85707211
 0.85904764 0.86099155 0.86492024 0.86686416 0.86883975 0.87078368
 0.87471241 0.87665635 0.87863198 0.88057592 0.88255156 0.88449551
 0.88842427 0.89036824 0.89234388 0.89428785 0.8982166  0.90016058
 0.9021362  0.90408019 0.90800892 0.90995291 0.91192849 0.9138725
 0.91584805 0.91779206 0.9217207  0.92366472 0.9256402  0.92758422
 0.93151278 0.93345682 0.9354322  0.93737624 0.94130469 0.94324874
 0.94522401 0.94716807 0.94914326 0.95108733 0.95501558 0.95695965
 0.9589347  0.96087878 0.96480687 0.96675096 0.96872584 0.97066993
 0.97264471 0.97458882 0.97851662 0.98046074 0.98243531 0.98437944
 0.98830703 0.99025116 0.99222551 0.99416964 0.99614387 0.99808801
 1.00201524 1.0039594  1.00593336 1.00787752 1.01180448 1.01374865
 1.01572234 1.01766652 1.01964006 1.02158424 1.02551075 1.02745495
 1.02942818 1.03137238 1.03529857 1.03724278 1.03921567 1.0411599
 1.04313261 1.04507684 1.0490025  1.05094674 1.05291909 1.05486334
 1.05878863 1.06073288 1.06270485 1.06464911 1.06662088 1.06856515
 1.07248983 1.07443411 1.07640546 1.07834975 1.08227401 1.0842183
 1.08618922 1.08813352 1.09205733 1.09400165 1.0959721  1.09791642
 1.10183976 1.1037841  1.10575407 1.10769841 1.11162126 1.11356561
 1.11553508 1.11747944 1.12140178 1.12334615 1.1253151  1.12725948
 1.13118129 1.13312567 1.13509408 1.13703848 1.14095973 1.14290414
 1.14682511 1.14876953 1.15073709 1.15268151 1.1566019  1.15854633
 1.16246642 1.16441087 1.16637753 1.16832198 1.17224145 1.17418592
 1.17810508 1.18004955 1.18396839 1.18591288 1.18787826 1.18982276
 1.19374094 1.19568544 1.19960329 1.2015478  1.2054653  1.20740983
 1.21132699 1.21327152 1.21718833 1.21913288 1.22109619 1.22304075
 1.22695683 1.2289014  1.23281711 1.23476169 1.23867703 1.24062162
 1.24648971 1.24843431 1.25234889 1.2542935  1.25820769 1.26015232
 1.26406611 1.26601075 1.26992414 1.27186879 1.27578177 1.27772643
 1.28359213 1.2855368  1.28944896 1.29139364 1.29530538 1.29725007
 1.3031145  1.30505921 1.30897008 1.31091481 1.31677836 1.3187231
 1.32458621 1.32653097 1.3304405  1.33238526 1.33824747 1.34019224
 1.34605398 1.34799878 1.35386005 1.35580486 1.36166566 1.36361048
 1.36947079 1.37141563 1.37922859 1.38117344 1.38703278 1.38897765
 1.39678961 1.3987345  1.40459284 1.40653774 1.41434868 1.4162936
 1.42410403 1.42604897 1.43385887 1.43580383 1.44556633 1.4475113
 1.45532014 1.45726513 1.46702655 1.46897155 1.47873242 1.48067745
 1.49043776 1.49238281 1.50409568 1.50604074 1.51775304 1.51969813
 1.53336298 1.53530809 1.55092547 1.55287061 1.5684874  1.57043255
 1.58995499 1.59190017 1.61532825 1.61727346 1.64070092 1.64264615
 1.66997924 1.67192449 1.69730382 1.69924909 1.72462779 1.72657306
 1.75195112 1.7538964  1.77927382 1.7812191  1.80659588 1.80854889
 1.83587816 1.83784006 1.86907494 1.8710469  1.90032803 1.9023093
 1.93354294 1.93553396 1.966767   1.96876755]
computational time of retrieving switches 298.541640333
computational time of optimization 1.2062854999999786
total computational time 299.74794183299997
tv norm 1000.0
