difference -0.00022925154556485694
summation of all the changes of all the controllers 0.23591425378929554
maximum summation change of all the controllers 0.003008269223396809
objective function before optimization -2.1508333915989017
TV regularizer before optimization 386
     fun: -2.1539197808975166
     jac: array([-0.73196249, -0.70250729, -0.73196249, -0.7180929 , -0.73196249,
       -0.72606014, -0.73196249, -0.72882053, -0.73196249, -0.72949212,
       -0.73182427, -0.72975474, -0.73183719, -0.72973272, -0.73189227,
       -0.72971002, -0.73194918, -0.72969461, -0.73199193, -0.72968315,
       -0.73202204, -0.72967482, -0.73204304, -0.72966495, -0.73204399,
       -0.72967079, -0.73205071, -0.72965231, -0.73209025, -0.72963907,
       -0.73212323, -0.72962342, -0.73217183, -0.72959388, -0.73221577,
       -0.7295972 , -0.73223208, -0.72958459, -0.73228112, -0.72956316,
       -0.73235286, -0.72953418, -0.73244821, -0.72949185, -0.73254388,
       -0.72948625, -0.7325756 , -0.72947293, -0.73262076, -0.72945735,
       -0.73266995, -0.72944018, -0.73272567, -0.72941802, -0.73280245,
       -0.72938187, -0.73287129, -0.72938267, -0.73289158, -0.72937174,
       -0.73293382, -0.72935777, -0.73297662, -0.72934417, -0.73301676,
       -0.72933013, -0.7330605 , -0.72931298, -0.73311653, -0.72928773,
       -0.73320059, -0.72924394, -0.73328253, -0.7292415 , -0.73331412,
       -0.72922387, -0.73337148, -0.72919969, -0.73343863, -0.72917326,
       -0.73350685, -0.72914678, -0.73357173, -0.7291212 , -0.73363196,
       -0.72909626, -0.7336894 , -0.72906998, -0.73374996, -0.72903761,
       -0.7338249 , -0.72898948, -0.73386943, -0.72900653, -0.73385503,
       -0.72901166, -0.73385148, -0.72901449, -0.73384685, -0.72901982,
       -0.73383619, -0.72902938, -0.73381932, -0.72904271, -0.73379897,
       -0.72905789, -0.73377955, -0.7290716 , -0.73376371, -0.7290827 ,
       -0.73375013, -0.72909356, -0.73373583, -0.72910686, -0.73371627,
       -0.72912723, -0.73368313, -0.72916067, -0.73363125, -0.72921362,
       -0.73361062, -0.72922413, -0.73357241, -0.72927448, -0.73354423,
       -0.7293024 , -0.73352793, -0.72931748, -0.73351901, -0.72932549,
       -0.73351439, -0.72932946, -0.73351215, -0.72933145, -0.73351064,
       -0.7293338 , -0.73350759, -0.72934054, -0.73349899, -0.72935872,
       -0.73347715, -0.72935547, -0.73349816, -0.72934849, -0.73348524,
       -0.72935166, -0.73348815, -0.72934505, -0.73348292, -0.72930613,
       -0.73350547, -0.72925265, -0.73351201, -0.72921495, -0.73350345,
       -0.72926453, -0.73342501, -0.72949906, -0.73332806, -0.7299485 ,
       -0.73334975, -0.72989211, -0.73334975, -0.72776807, -0.73334975,
       -0.72577305, -0.73334975, -0.72542035, -0.73334975, -0.72699423,
       -0.73334975, -0.73000059, -0.73334975, -0.73192198, -0.73334975,
       -0.73303824, -0.73334975, -0.73350082, -0.73334975, -0.73386677,
       -0.73334975, -0.73413628, -0.73334779, -0.73428031, -0.73327783,
       -0.73443112, -0.73306748, -0.73454472, -0.73149124, -0.73454472,
       -0.72631125, -0.73454472, -0.70416587, -0.73454472])
 message: 'Optimization terminated successfully'
    nfev: 24
     nit: 12
    njev: 12
  status: 0
 success: True
       x: array([2.78042540e-01, 0.00000000e+00, 2.30857301e-02, 5.74655986e-18,
       1.92465792e-02, 1.65984576e-17, 1.25038211e-02, 0.00000000e+00,
       6.19100530e-03, 1.57018349e-03, 7.62160718e-03, 3.77137314e-03,
       2.28983476e-03, 3.74611744e-03, 1.39612517e-03, 3.74998214e-03,
       1.07461027e-03, 3.75724430e-03, 1.13317288e-03, 3.69771728e-03,
       1.18997171e-03, 3.60841914e-03, 1.49358210e-03, 6.69721611e-03,
       2.02353163e-03, 3.36014944e-03, 2.24147779e-03, 7.35238827e-03,
       2.64874500e-03, 7.58837564e-03, 2.92490821e-03, 7.79327108e-03,
       3.26949958e-03, 1.16925857e-02, 3.33853371e-03, 8.28175442e-03,
       3.15971809e-03, 8.53857374e-03, 3.08704194e-03, 8.62831395e-03,
       3.09142206e-03, 8.53811641e-03, 3.23472030e-03, 1.24835591e-02,
       3.22274290e-03, 8.92807290e-03, 3.05898935e-03, 9.20796674e-03,
       3.01995623e-03, 9.43146542e-03, 3.07041436e-03, 9.59739518e-03,
       3.20807244e-03, 9.69278447e-03, 3.46369052e-03, 1.35986707e-02,
       3.46732422e-03, 9.90909354e-03, 3.27486165e-03, 1.00405511e-02,
       3.14368237e-03, 1.01205042e-02, 3.15415288e-03, 1.01630622e-02,
       3.23651381e-03, 1.01620365e-02, 3.34018235e-03, 1.01056114e-02,
       3.51043262e-03, 9.97836434e-03, 3.80494442e-03, 1.36602128e-02,
       3.86390151e-03, 9.78843664e-03, 3.70359084e-03, 9.74557670e-03,
       3.65747573e-03, 9.65370697e-03, 3.67382486e-03, 9.52725986e-03,
       3.72397590e-03, 9.37165757e-03, 3.79602034e-03, 9.18563552e-03,
       3.89119156e-03, 8.96204464e-03, 4.02231405e-03, 8.68743396e-03,
       4.21360950e-03, 8.34029350e-03, 4.50105915e-03, 1.17937052e-02,
       4.56581901e-03, 7.78251704e-03, 4.36460734e-03, 7.58482596e-03,
       4.25442028e-03, 7.32406867e-03, 4.19452365e-03, 7.00737638e-03,
       4.16037051e-03, 6.64507771e-03, 4.13984843e-03, 6.25467158e-03,
       4.13062171e-03, 5.83902029e-03, 4.13646710e-03, 5.54915102e-03,
       4.16573492e-03, 5.42736990e-03, 4.20858881e-03, 5.30798076e-03,
       4.22682965e-03, 5.22461184e-03, 4.18646908e-03, 5.21528439e-03,
       4.30949100e-03, 5.30223967e-03, 4.24009291e-03, 2.88449249e-03,
       4.21934792e-03, 5.55157893e-03, 4.15203143e-03, 3.16814950e-03,
       4.07548637e-03, 3.31330829e-03, 4.08192541e-03, 3.38762522e-03,
       4.14707743e-03, 3.39811480e-03, 4.24756355e-03, 3.38164903e-03,
       4.36290320e-03, 3.36651122e-03, 4.47215248e-03, 3.37658726e-03,
       4.55016659e-03, 3.44052862e-03, 4.56369867e-03, 3.59698282e-03,
       8.32609177e-03, 3.73702538e-03, 4.59459147e-03, 3.82331309e-03,
       8.33735667e-03, 4.11688415e-03, 8.27356395e-03, 4.40809236e-03,
       1.19890316e-02, 4.72355857e-03, 1.18740721e-02, 5.00318633e-03,
       1.55116018e-02, 5.57106876e-03, 1.92630596e-02, 6.57078776e-03,
       3.45383727e-02, 7.45423075e-03, 6.19482464e-02, 4.48393874e-03,
       6.67814391e-02, 0.00000000e+00, 6.79063503e-02, 1.65002018e-18,
       6.88461888e-02, 4.21893471e-18, 6.55191366e-02, 0.00000000e+00,
       6.16916034e-02, 1.43334915e-17, 5.73203468e-02, 0.00000000e+00,
       2.89975698e-02, 8.00107322e-18, 1.59190051e-02, 3.03237795e-19,
       6.56135257e-03, 0.00000000e+00, 5.19563278e-03, 1.10622503e-18,
       3.85224764e-03, 8.50421079e-19, 2.11314402e-03, 6.86628382e-04,
       1.71972689e-03, 1.83162079e-03, 7.41145792e-04, 7.40962070e-03,
       0.00000000e+00, 1.21360373e-02, 3.05270674e-18, 2.61770891e-02,
       0.00000000e+00, 2.18742095e-01])
switching time points total tv norm 278.0
initial file ../result/control/ADMM/EnergyADMM4_evotime2.0_n_ts512_ptypeWARM_offset0.5_penalty0.01_ADMM_10.0_iter30_instance1.csv
[0.27804254 0.27804254 0.30112827 0.30112827 0.32037485 0.32037485
 0.33287867 0.33287867 0.33906968 0.34063986 0.34826147 0.35203284
 0.35432267 0.35806879 0.35946492 0.3632149  0.36428951 0.36804675
 0.36917993 0.37287764 0.37406762 0.37767603 0.37916962 0.38586683
 0.38789036 0.39125051 0.39349199 0.40084438 0.40349312 0.4110815
 0.41400641 0.42179968 0.42506918 0.43676176 0.4401003  0.44838205
 0.45154177 0.46008034 0.46316739 0.4717957  0.47488712 0.48342524
 0.48665996 0.49914352 0.50236626 0.51129433 0.51435332 0.52356129
 0.52658125 0.53601271 0.53908313 0.54868052 0.55188859 0.56158138
 0.56504507 0.57864374 0.58211106 0.59202016 0.59529502 0.60533557
 0.60847925 0.61859976 0.62175391 0.63191697 0.63515349 0.64531552
 0.6486557  0.65876132 0.66227175 0.67225011 0.67605506 0.68971527
 0.69357917 0.70336761 0.7070712  0.71681678 0.72047425 0.73012796
 0.73380178 0.74332904 0.74705302 0.75642468 0.7602207  0.76940633
 0.77329752 0.78225957 0.78628188 0.79496932 0.79918293 0.80752322
 0.81202428 0.82381798 0.8283838  0.83616632 0.84053093 0.84811575
 0.85237017 0.85969424 0.86388877 0.87089614 0.87505651 0.88170159
 0.88584144 0.89209611 0.89622673 0.90206575 0.90620222 0.91175137
 0.91591711 0.92134448 0.92555306 0.93086105 0.93508787 0.94031249
 0.94449896 0.94971424 0.95402373 0.95932597 0.96356606 0.96645056
 0.9706699  0.97622148 0.98037351 0.98354166 0.98761715 0.99093046
 0.99501238 0.99840001 1.00254709 1.0059452  1.01019276 1.01357441
 1.01793732 1.02130383 1.02577598 1.02915257 1.03370273 1.03714326
 1.04170696 1.04530394 1.05363004 1.05736706 1.06196165 1.06578497
 1.07412232 1.07823921 1.08651277 1.09092086 1.1029099  1.10763345
 1.11950753 1.12451071 1.14002231 1.14559338 1.16485644 1.17142723
 1.2059656  1.21341983 1.27536808 1.27985202 1.34663346 1.34663346
 1.41453981 1.41453981 1.483386   1.483386   1.54890513 1.54890513
 1.61059674 1.61059674 1.66791708 1.66791708 1.69691465 1.69691465
 1.71283366 1.71283366 1.71939501 1.71939501 1.72459064 1.72459064
 1.72844289 1.72844289 1.73055604 1.73124266 1.73296239 1.73479401
 1.73553516 1.74294478 1.74294478 1.75508082 1.75508082 1.7812579
 1.7812579 ]
computational time of retrieving switches 257.676002208
computational time of optimization 2.3026973750000366
total computational time 259.978716625
tv norm 278.0
