minimum energy is -1.0
filtered objective value -0.9999999999999875
total binary tv norm 4.0
binary objective value -0.9991473878973801
initial file ../new_result/c_control/Continuous/Energy2_evotime2.0_n_ts40_ptypeCONSTANT_offset0.5.csv
all objective value of milp 0.5927801340441146
difference of control 0.2927801340441146
tv norm obj 4
controller sequence is [0, 1, 0]
warm start length is [0.35000000000000003, 1.3, 0.34999999999999987]
objective of continuous control 1.1035616864774056e-12
objective function before optimization 0.4919993123298576
TV regularizer before optimization 4
     fun: -0.9999999999999875
     jac: array([-3.33066907e-16,  9.93472397e-08, -5.67246598e-07])
 message: 'Optimization terminated successfully'
    nfev: 7
     nit: 5
    njev: 5
  status: 0
 success: True
       x: array([0.82190277, 0.78539819, 0.39269905])
switching time points [0.82190277 1.60730095]
computational time of retrieving switches 0.012793958000000494
computational time of optimization 0.001891915999999938
pre-computing time, objective function evaluation time, gradient time 4.558300000034876e-05 0.00028549899999941175 8.579100000094542e-05
total computational time 0.014704833000000583
tv norm 4.0
ratio objective value 1.2545520178264269e-14
