total tv norm 66.0
initial file ../result/control/ADMM/EnergyADMM4_evotime2.0_n_ts128_ptypeWARM_offset0.5_penalty0.01_ADMM_10.0_iter30_instance1.csv
difference -0.0005207824336386224
summation of all the changes of all the controllers 0.5337436136218123
maximum summation change of all the controllers 0.01293587822421216
objective function before optimization -2.149757251069513
TV regularizer before optimization 102
     fun: -2.1538628163376434
     jac: array([-0.73169586, -0.72258729, -0.73169586, -0.73141601, -0.73221519,
       -0.73134748, -0.73199102, -0.7314106 , -0.73178685, -0.73126601,
       -0.73217169, -0.73116359, -0.73231273, -0.73110566, -0.73245497,
       -0.73103903, -0.73265871, -0.73090663, -0.73269025, -0.73097841,
       -0.73271334, -0.73089766, -0.73304599, -0.7308003 , -0.7331559 ,
       -0.73080804, -0.73296814, -0.73079776, -0.73320911, -0.73092232,
       -0.73287298, -0.73131837, -0.73274095, -0.73103091, -0.73287798,
       -0.73106715, -0.73291921, -0.73119151, -0.73279833, -0.73129954,
       -0.73259657, -0.73176021, -0.73262393, -0.73074883, -0.73262393,
       -0.73335723, -0.73261658, -0.73335723, -0.73244216, -0.73335723,
       -0.71559095, -0.73335723])
 message: 'Optimization terminated successfully'
    nfev: 25
     nit: 18
    njev: 18
  status: 0
 success: True
       x: array([3.06152512e-01, 4.09963946e-19, 4.44487484e-02, 1.56098348e-02,
       4.01198821e-03, 2.21716009e-02, 9.28829931e-03, 2.48066125e-02,
       1.15550605e-02, 3.55228232e-02, 1.11527180e-02, 3.78842472e-02,
       1.23609661e-02, 3.92789882e-02, 1.28706827e-02, 4.00096387e-02,
       1.34566217e-02, 4.49252107e-02, 1.44381185e-02, 3.83786239e-02,
       1.57328645e-02, 3.59491919e-02, 1.60519812e-02, 3.34527199e-02,
       1.67934686e-02, 3.10087636e-02, 2.14595642e-02, 2.72617790e-02,
       1.86397134e-02, 2.28419904e-02, 2.29586762e-02, 1.64355067e-02,
       2.94841387e-02, 1.93535940e-02, 3.25629002e-02, 1.39190700e-02,
       3.39896948e-02, 1.21383819e-02, 5.46018636e-02, 1.20924057e-02,
       1.52355236e-01, 3.96470685e-04, 3.11762459e-01, 2.27682456e-18,
       4.31201183e-02, 1.91369699e-04, 6.39719397e-05, 2.07221631e-03,
       0.00000000e+00, 3.44912333e-02, 1.32814766e-18, 2.30495360e-01])
switching time points [0.30615251 0.30615251 0.35060126 0.3662111  0.37022308 0.39239468
 0.40168298 0.4264896  0.43804466 0.47356748 0.4847202  0.52260445
 0.53496541 0.5742444  0.58711508 0.62712472 0.64058134 0.68550655
 0.69994467 0.7383233  0.75405616 0.79000535 0.80605733 0.83951005
 0.85630352 0.88731229 0.90877185 0.93603363 0.95467334 0.97751533
 1.00047401 1.01690952 1.04639365 1.06574725 1.09831015 1.11222922
 1.14621891 1.1583573  1.21295916 1.22505156 1.3774068  1.37780327
 1.68956573 1.68956573 1.73268585 1.73287722 1.73294119 1.73501341
 1.73501341 1.76950464 1.76950464]
computational time of retrieving switches 18.007549416
computational time of optimization 0.6205560420000005
total computational time 18.6281235
tv norm 66.0
