difference -0.0023870906889555954
summation of all the changes of all the controllers 0.16857556711778576
maximum summation change of all the controllers 0.0017476658640624976
objective function before optimization -2.1398582788182887
TV regularizer before optimization 918
     fun: -2.153924780175258
     jac: array([-0.7323389 , -0.67426904, -0.7323389 , -0.69926533, -0.7323389 ,
       -0.71527535, -0.7323389 , -0.72374339, -0.7323389 , -0.72825764,
       -0.7323389 , -0.73017682, -0.73233163, -0.73110921, -0.73226076,
       -0.73136589, -0.73223587, -0.73137751, -0.73224881, -0.73133413,
       -0.73230729, -0.73131213, -0.73236954, -0.73130257, -0.73241826,
       -0.73129389, -0.73245256, -0.73129039, -0.73246887, -0.73128845,
       -0.73247244, -0.73128857, -0.73246691, -0.73129117, -0.73245317,
       -0.73129641, -0.73243769, -0.73130198, -0.73242655, -0.73130517,
       -0.73242277, -0.73130454, -0.73241702, -0.7313086 , -0.73241156,
       -0.7313091 , -0.73241391, -0.73130649, -0.73242374, -0.73130083,
       -0.73243287, -0.7313014 , -0.73243404, -0.7313    , -0.73244003,
       -0.73129679, -0.73243985, -0.73130003, -0.73243369, -0.73130133,
       -0.73242102, -0.73130727, -0.73240897, -0.73131057, -0.73239239,
       -0.73131714, -0.73238006, -0.73132044, -0.73236467, -0.73132642,
       -0.73233983, -0.73133495, -0.73230367, -0.73134653, -0.73227831,
       -0.7313549 , -0.73224656, -0.73136513, -0.73221263, -0.731376  ,
       -0.73217943, -0.73138662, -0.73214899, -0.7313963 , -0.73212292,
       -0.73140446, -0.73210285, -0.73141042, -0.73207554, -0.73141944,
       -0.73205716, -0.73142447, -0.73204738, -0.73142633, -0.73204442,
       -0.73142609, -0.73204663, -0.73142435, -0.73205312, -0.73142125,
       -0.73206404, -0.73141651, -0.73206219, -0.73142172, -0.7320491 ,
       -0.73142523, -0.73203973, -0.73142785, -0.7320322 , -0.73143014,
       -0.73202512, -0.73143249, -0.7320175 , -0.73143513, -0.73200866,
       -0.73143827, -0.73199807, -0.73144203, -0.73198534, -0.73144651,
       -0.73197006, -0.73145184, -0.73196879, -0.73144851, -0.7319783 ,
       -0.73144598, -0.73198627, -0.73144352, -0.73199462, -0.73144072,
       -0.73200415, -0.73143755, -0.73201454, -0.73143436, -0.73202432,
       -0.73143151, -0.73203272, -0.73142878, -0.73204089, -0.73142617,
       -0.73205124, -0.73141959, -0.73207061, -0.73141348, -0.73208843,
       -0.73140731, -0.73210646, -0.73140073, -0.73212571, -0.73139352,
       -0.73214667, -0.73138559, -0.73216948, -0.73137697, -0.73219403,
       -0.73136772, -0.73222009, -0.73135794, -0.73224736, -0.73134774,
       -0.7322755 , -0.73133681, -0.73230534, -0.73132466, -0.73233806,
       -0.7313106 , -0.73237506, -0.73129373, -0.73241818, -0.73128639,
       -0.73243889, -0.73127524, -0.73246777, -0.73126003, -0.73250537,
       -0.73124084, -0.73255395, -0.7312288 , -0.73258382, -0.73121349,
       -0.73262029, -0.7311951 , -0.7326648 , -0.73118128, -0.73269694,
       -0.73116506, -0.73273345, -0.73114629, -0.73277738, -0.73113213,
       -0.73280818, -0.73111529, -0.73284624, -0.73110271, -0.73287307,
       -0.73108869, -0.73290258, -0.73107387, -0.73293479, -0.73106341,
       -0.73295645, -0.7310533 , -0.73297713, -0.73104386, -0.73299621,
       -0.73103525, -0.73301333, -0.73102757, -0.73302835, -0.73102084,
       -0.73304125, -0.73101506, -0.73305212, -0.73101017, -0.73306112,
       -0.73100607, -0.7330685 , -0.73100265, -0.73307428, -0.73100027,
       -0.73307967, -0.73099298, -0.73309248, -0.73098823, -0.73309906,
       -0.73098694, -0.73310318, -0.73098134, -0.73310977, -0.73098124,
       -0.73311196, -0.73097794, -0.73311171, -0.73098134, -0.73310956,
       -0.73098117, -0.73310183, -0.73098819, -0.73309522, -0.73099166,
       -0.73309298, -0.73099166, -0.73308418, -0.73099979, -0.73307622,
       -0.73100462, -0.73307212, -0.73100642, -0.73307172, -0.73100518,
       -0.73307506, -0.73100067, -0.73307473, -0.73100553, -0.73307108,
       -0.73100713, -0.73307095, -0.73100584, -0.73307399, -0.73100189,
       -0.73307991, -0.73099548, -0.73308848, -0.73098673, -0.73309948,
       -0.7309758 , -0.7331127 , -0.73096288, -0.73312787, -0.73094824,
       -0.7331447 , -0.73092625, -0.73316745, -0.73090536, -0.73319064,
       -0.73088388, -0.73321417, -0.73086228, -0.73323775, -0.73084127,
       -0.73326086, -0.7308099 , -0.73328974, -0.73078728, -0.73331578,
       -0.73076824, -0.73333824, -0.73073408, -0.73336786, -0.73071186,
       -0.73339333, -0.73067377, -0.7334256 , -0.73064915, -0.73345299,
       -0.73060927, -0.73348666, -0.73056338, -0.73352542, -0.7305353 ,
       -0.73355633, -0.73049528, -0.73359014, -0.73045411, -0.7336248 ,
       -0.73041356, -0.73365856, -0.73037515, -0.73368994, -0.73034029,
       -0.7337177 , -0.73031038, -0.73374069, -0.73027019, -0.7337685 ,
       -0.7302414 , -0.73378931, -0.73020535, -0.73381287, -0.73016574,
       -0.73383762, -0.73012546, -0.73386223, -0.7300879 , -0.73388495,
       -0.73005673, -0.73390378, -0.730026  , -0.73392116, -0.73001094,
       -0.73392917, -0.73000043, -0.73393357, -0.73000207, -0.73392613,
       -0.73001803, -0.73391439, -0.73003691, -0.733911  , -0.73002921,
       -0.73391341, -0.72998834, -0.73393088, -0.7299337 , -0.73394643,
       -0.72986326, -0.73396989, -0.72978601, -0.73399434, -0.72972733,
       -0.73400095, -0.7297065 , -0.73400053, -0.72974184, -0.73399101,
       -0.72982451, -0.73397631, -0.72993902, -0.73396617, -0.73004644,
       -0.73396535, -0.72999677, -0.73397145, -0.72970992, -0.73397601,
       -0.72903736, -0.73397648, -0.72794775, -0.73397648, -0.72648726,
       -0.73397648, -0.72505285, -0.73397648, -0.72384119, -0.73397648,
       -0.72320384, -0.73397648, -0.72307427, -0.73397648, -0.72326476,
       -0.73397648, -0.72366984, -0.73397648, -0.72426552, -0.73397648,
       -0.72484181, -0.73397648, -0.7254664 , -0.73397648, -0.72610367,
       -0.73397648, -0.726607  , -0.73397648, -0.72704613, -0.73397648,
       -0.72727865, -0.73397648, -0.72752183, -0.73397648, -0.72768085,
       -0.73397648, -0.72784322, -0.73397648, -0.72801078, -0.73397648,
       -0.72818317, -0.73397648, -0.72835131, -0.73397648, -0.72849817,
       -0.73397648, -0.72867872, -0.73397648, -0.72883737, -0.73397648,
       -0.72900162, -0.73397648, -0.72919981, -0.73397648, -0.72937487,
       -0.73397648, -0.72955491, -0.73397648, -0.72973906, -0.73397648,
       -0.72992037, -0.73397648, -0.73009813, -0.73397648, -0.73027159,
       -0.73397648, -0.73044   , -0.73397648, -0.73060253, -0.73397648,
       -0.73075836, -0.73397648, -0.73089793, -0.73397648, -0.73103336,
       -0.73397648, -0.73116108, -0.73397648, -0.73128606, -0.73397449,
       -0.73140282, -0.73395603, -0.7314962 , -0.73388088, -0.73157476,
       -0.73365218, -0.73163713, -0.73147591, -0.73163713, -0.72357098,
       -0.73163713, -0.70025001, -0.73163713, -0.64132704, -0.73163713])
 message: 'Optimization terminated successfully'
    nfev: 33
     nit: 15
    njev: 15
  status: 0
 success: True
       x: array([2.48797056e-01, 0.00000000e+00, 2.38984557e-02, 5.11950813e-18,
       2.10313212e-02, 1.96786832e-17, 1.59847340e-02, 1.02786514e-17,
       1.28364339e-02, 3.05377539e-17, 8.71484775e-03, 2.99005075e-05,
       7.69981914e-03, 7.97692337e-04, 5.53819427e-03, 1.49251120e-03,
       2.59812205e-03, 1.91646182e-03, 2.49116743e-03, 2.15267200e-03,
       8.10706756e-04, 2.38365879e-03, 4.40733278e-04, 2.49670464e-03,
       5.73041157e-04, 2.43178118e-03, 4.07367824e-04, 2.37425196e-03,
       5.46576624e-04, 2.32531466e-03, 6.75794512e-04, 2.46555306e-03,
       7.67362861e-04, 2.60168878e-03, 1.01704968e-03, 2.74091494e-03,
       1.22168661e-03, 2.88081151e-03, 1.32401138e-03, 3.01972595e-03,
       1.40215236e-03, 4.55418067e-03, 1.40296549e-03, 3.30523143e-03,
       1.40366540e-03, 3.43855944e-03, 1.41481261e-03, 3.54615184e-03,
       1.44246751e-03, 5.02751891e-03, 1.41645893e-03, 3.71054998e-03,
       1.40505170e-03, 3.76485648e-03, 1.41526196e-03, 5.15377751e-03,
       1.41705228e-03, 3.81863184e-03, 1.41326205e-03, 4.92029761e-03,
       1.40541106e-03, 3.71256138e-03, 1.37891240e-03, 4.66382229e-03,
       1.34736275e-03, 3.44976499e-03, 1.30209703e-03, 4.40001748e-03,
       1.24764165e-03, 4.27828490e-03, 1.15891290e-03, 4.17433419e-03,
       1.17512129e-03, 2.99598922e-03, 1.15987370e-03, 3.98271529e-03,
       1.20292979e-03, 3.89084973e-03, 1.22506008e-03, 3.80562294e-03,
       1.23428497e-03, 3.72289213e-03, 1.23897682e-03, 3.63814143e-03,
       1.24651742e-03, 3.54622660e-03, 1.26383379e-03, 4.60221782e-03,
       1.28846981e-03, 3.34543532e-03, 1.30192495e-03, 3.57353996e-03,
       1.33587017e-03, 3.90568191e-03, 1.38602443e-03, 4.18444539e-03,
       1.44830981e-03, 4.41070308e-03, 1.51897257e-03, 4.58515107e-03,
       1.59536918e-03, 6.56303699e-03, 1.66060200e-03, 4.84062245e-03,
       1.64897535e-03, 4.92478115e-03, 1.63647753e-03, 4.96494422e-03,
       1.61970412e-03, 4.96546633e-03, 1.59643139e-03, 4.93102759e-03,
       1.56535972e-03, 4.86670659e-03, 1.52577209e-03, 4.77753851e-03,
       1.47716636e-03, 4.65903524e-03, 1.41913812e-03, 4.52871440e-03,
       1.35103433e-03, 2.58833217e-03, 1.28610792e-03, 4.20429005e-03,
       1.27810969e-03, 4.02146654e-03, 1.25494482e-03, 3.84999164e-03,
       1.21711846e-03, 3.69558627e-03, 1.16332793e-03, 3.56423994e-03,
       1.09061024e-03, 3.46192417e-03, 1.04121845e-03, 3.38881793e-03,
       1.04834714e-03, 3.36754230e-03, 1.03571297e-03, 2.42157814e-03,
       1.01278745e-03, 3.37394522e-03, 1.02823085e-03, 3.39119217e-03,
       1.08302820e-03, 3.41669009e-03, 1.12371135e-03, 3.44862136e-03,
       1.15537008e-03, 3.48476601e-03, 1.18157188e-03, 3.52257602e-03,
       1.20460855e-03, 3.55922942e-03, 1.22571203e-03, 3.59168140e-03,
       1.24525406e-03, 3.61671688e-03, 1.26293892e-03, 3.63100264e-03,
       1.30445591e-03, 3.62876770e-03, 1.35070100e-03, 3.60512404e-03,
       1.39854354e-03, 3.55526291e-03, 1.45008873e-03, 5.42725024e-03,
       1.49286210e-03, 3.42543329e-03, 1.50002722e-03, 3.39007371e-03,
       1.52111763e-03, 3.44572688e-03, 1.55949956e-03, 4.98017923e-03,
       1.59216796e-03, 3.48258495e-03, 1.59089385e-03, 3.46463260e-03,
       1.60241699e-03, 4.37952313e-03, 1.59117076e-03, 3.34789047e-03,
       1.57915979e-03, 3.25176675e-03, 1.57849536e-03, 4.08703812e-03,
       1.55563540e-03, 2.98863735e-03, 1.53717685e-03, 3.79157352e-03,
       1.49827942e-03, 2.87943170e-03, 1.47018791e-03, 2.87749793e-03,
       1.45338233e-03, 3.48544454e-03, 1.41306599e-03, 2.79014783e-03,
       1.38026603e-03, 2.73694211e-03, 1.35179076e-03, 2.67689571e-03,
       1.32667457e-03, 2.61256801e-03, 1.30433316e-03, 2.54624249e-03,
       1.28431466e-03, 2.47978427e-03, 1.26503517e-03, 2.41267494e-03,
       1.24829163e-03, 2.34667416e-03, 1.23428793e-03, 2.28352095e-03,
       1.22321095e-03, 2.30799938e-03, 1.21561520e-03, 1.30250257e-03,
       1.21832108e-03, 2.56415807e-03, 1.25430342e-03, 2.70368003e-03,
       1.27970685e-03, 1.51692721e-03, 1.29550778e-03, 3.02365770e-03,
       1.33710103e-03, 1.76568470e-03, 1.35639861e-03, 3.17883480e-03,
       1.40677295e-03, 1.80764067e-03, 1.42845137e-03, 3.22472819e-03,
       1.45853376e-03, 1.85848236e-03, 1.46461933e-03, 1.87821009e-03,
       1.48416908e-03, 3.28419992e-03, 1.50459555e-03, 1.91310932e-03,
       1.50234146e-03, 1.93061878e-03, 1.51098274e-03, 1.93407421e-03,
       1.52952224e-03, 1.92406992e-03, 1.55716442e-03, 3.30448044e-03,
       1.58013259e-03, 1.91843821e-03, 1.57255064e-03, 1.92623265e-03,
       1.57030831e-03, 1.92595225e-03, 1.57160039e-03, 1.91916771e-03,
       1.57470214e-03, 1.90741573e-03, 1.57794272e-03, 1.89225321e-03,
       1.57967062e-03, 1.87530712e-03, 1.57821190e-03, 1.85832065e-03,
       1.57182082e-03, 1.84319525e-03, 1.91041344e-03, 1.85419172e-03,
       1.55900643e-03, 1.81331506e-03, 1.54703155e-03, 1.78086424e-03,
       1.52169491e-03, 1.75865966e-03, 1.48154000e-03, 1.74880924e-03,
       2.00687752e-03, 1.77655217e-03, 1.37815416e-03, 1.75891620e-03,
       1.30821183e-03, 1.76164408e-03, 2.23563996e-03, 1.81698273e-03,
       1.40352882e-03, 1.81819521e-03, 2.33918550e-03, 1.87181575e-03,
       1.49656921e-03, 1.87323040e-03, 2.42061185e-03, 1.95904731e-03,
       2.46431904e-03, 2.03175411e-03, 1.62347070e-03, 2.05356640e-03,
       2.54013226e-03, 2.13158869e-03, 2.56512691e-03, 2.18449500e-03,
       2.59473663e-03, 2.21674916e-03, 2.62317386e-03, 2.23276102e-03,
       2.64443348e-03, 2.23723300e-03, 2.65196966e-03, 2.23551463e-03,
       3.54040837e-03, 2.22254207e-03, 2.64934167e-03, 2.16829845e-03,
       3.52242614e-03, 2.10448814e-03, 3.44047651e-03, 1.99910689e-03,
       3.26717092e-03, 1.91452189e-03, 3.06071637e-03, 1.84127999e-03,
       2.80429510e-03, 1.78177825e-03, 3.06912955e-03, 1.73461899e-03,
       2.10835873e-03, 1.74272439e-03, 2.92727620e-03, 1.78187277e-03,
       2.05666916e-03, 1.78600356e-03, 3.18433207e-03, 1.85337802e-03,
       5.04521477e-03, 1.94109735e-03, 5.71925809e-03, 2.65780233e-03,
       8.22810661e-03, 3.34489704e-03, 8.98909287e-03, 3.77002177e-03,
       1.18091044e-02, 3.91365121e-03, 1.28217116e-02, 3.53652281e-03,
       1.20272184e-02, 3.54864966e-03, 1.51770915e-02, 3.49518220e-03,
       1.63613373e-02, 3.08380850e-03, 1.75375287e-02, 2.75170515e-03,
       2.06387099e-02, 2.39209173e-03, 2.17850369e-02, 1.55082986e-03,
       2.29082579e-02, 9.33599665e-04, 2.39649447e-02, 2.51092513e-04,
       2.68830411e-02, 1.01614713e-05, 2.96902882e-02, 5.05693208e-18,
       3.43099100e-02, 1.82463216e-18, 3.48415758e-02, 2.74128286e-18,
       3.71153700e-02, 2.26597887e-18, 3.32867238e-02, 6.09153048e-19,
       2.72654545e-02, 3.96033537e-18, 2.29813913e-02, 2.78924999e-18,
       2.04533846e-02, 4.40710193e-19, 1.96923712e-02, 2.00439928e-18,
       1.48412544e-02, 3.78951675e-18, 1.37347463e-02, 7.32186352e-18,
       1.24694920e-02, 3.36752717e-18, 9.09564595e-03, 3.20659876e-18,
       7.53124270e-03, 6.84541510e-18, 3.86924400e-03, 2.25309210e-18,
       3.96833233e-03, 5.05100606e-18, 2.56958546e-03, 0.00000000e+00,
       2.60246383e-03, 3.20836528e-18, 2.66505001e-03, 5.51466286e-18,
       2.72229184e-03, 1.01251990e-18, 2.63118207e-03, 9.61359828e-19,
       2.27910030e-03, 3.15952390e-18, 2.76756841e-03, 0.00000000e+00,
       2.41140655e-03, 1.82916461e-18, 2.47361118e-03, 4.69029345e-19,
       2.95398897e-03, 1.91696079e-18, 2.58802472e-03, 1.71132006e-18,
       2.64000494e-03, 5.82555314e-19, 2.68032546e-03, 2.00400537e-18,
       2.62748850e-03, 7.69241532e-19, 2.56675361e-03, 2.36909773e-18,
       2.49761891e-03, 9.85175464e-19, 2.41952736e-03, 5.69643305e-18,
       2.33186614e-03, 1.59147031e-18, 2.23396584e-03, 1.40497252e-18,
       2.00530736e-03, 1.37566920e-18, 1.94333897e-03, 7.16869040e-19,
       1.82991500e-03, 1.41722801e-18, 1.78999135e-03, 1.90915598e-05,
       1.65829024e-03, 1.69800860e-04, 1.22879354e-03, 8.14198938e-04,
       8.14697948e-04, 1.89444604e-03, 3.72698423e-04, 9.05234895e-03,
       2.30009552e-18, 1.54542862e-02, 4.71512275e-18, 2.45386622e-02,
       1.49148571e-17, 3.66394283e-02, 2.54633172e-17, 1.78340805e-01])total tv norm 518.0
initial file ../result/control/ADMM/EnergyADMM4_evotime2.0_n_ts1024_ptypeWARM_offset0.5_penalty0.01_ADMM_10.0_iter30_instance1.csv

switching time points [0.24879706 0.24879706 0.27269551 0.27269551 0.29372683 0.29372683
 0.30971157 0.30971157 0.322548   0.322548   0.33126285 0.33129275
 0.33899257 0.33979026 0.34532846 0.34682097 0.34941909 0.35133555
 0.35382672 0.35597939 0.3567901  0.35917376 0.35961449 0.36211119
 0.36268423 0.36511602 0.36552338 0.36789764 0.36844421 0.37076953
 0.37144532 0.37391087 0.37467824 0.37727993 0.37829698 0.38103789
 0.38225958 0.38514039 0.3864644  0.38948413 0.39088628 0.39544046
 0.39684342 0.40014866 0.40155232 0.40499088 0.40640569 0.40995185
 0.41139431 0.41642183 0.41783829 0.42154884 0.42295389 0.42671875
 0.42813401 0.43328779 0.43470484 0.43852347 0.43993673 0.44485703
 0.44626244 0.449975   0.45135392 0.45601774 0.4573651  0.46081487
 0.46211696 0.46651698 0.46776462 0.47204291 0.47320182 0.47737615
 0.47855128 0.48154727 0.48270714 0.48668985 0.48789278 0.49178363
 0.49300869 0.49681432 0.4980486  0.50177149 0.50301047 0.50664861
 0.50789513 0.51144136 0.51270519 0.51730741 0.51859588 0.52194131
 0.52324324 0.52681678 0.52815265 0.53205833 0.53344435 0.5376288
 0.53907711 0.54348781 0.54500679 0.54959194 0.55118731 0.55775034
 0.55941094 0.56425157 0.56590054 0.57082532 0.5724618  0.57742675
 0.57904645 0.58401192 0.58560835 0.59053937 0.59210473 0.59697144
 0.59849721 0.60327475 0.60475192 0.60941095 0.61083009 0.61535881
 0.61670984 0.61929817 0.62058428 0.62478857 0.62606668 0.63008815
 0.63134309 0.63519308 0.6364102  0.64010579 0.64126912 0.64483336
 0.64592397 0.64938589 0.65042711 0.65381593 0.65486427 0.65823182
 0.65926753 0.66168911 0.66270189 0.66607584 0.66710407 0.67049526
 0.67157829 0.67499498 0.67611869 0.67956731 0.68072268 0.68420745
 0.68538902 0.6889116  0.69011621 0.69367544 0.69490115 0.69849283
 0.69973808 0.7033548  0.70461774 0.70824874 0.7095532  0.71318197
 0.71453267 0.71813779 0.71953633 0.7230916  0.72454169 0.72996894
 0.7314618  0.73488723 0.73638726 0.73977733 0.74129845 0.74474418
 0.74630368 0.75128386 0.75287602 0.75635861 0.7579495  0.76141413
 0.76301655 0.76739607 0.76898725 0.77233514 0.7739143  0.77716606
 0.77874456 0.7828316  0.78438723 0.78737587 0.78891305 0.79270462
 0.7942029  0.79708233 0.79855252 0.80143002 0.8028834  0.80636884
 0.80778191 0.81057206 0.81195232 0.81468926 0.81604106 0.81871795
 0.82004463 0.82265719 0.82396153 0.82650777 0.82779208 0.83027187
 0.8315369  0.83394958 0.83519787 0.83754454 0.83877883 0.84106235
 0.84228556 0.84459356 0.84580918 0.84711168 0.84833    0.85089416
 0.85214846 0.85485214 0.85613185 0.85764878 0.85894429 0.86196794
 0.86330504 0.86507073 0.86642713 0.86960596 0.87101274 0.87282038
 0.87424883 0.87747356 0.87893209 0.88079057 0.88225519 0.8841334
 0.88561757 0.88890177 0.89040637 0.89231948 0.89382182 0.89575244
 0.89726342 0.89919749 0.90072701 0.90265108 0.90420825 0.90751273
 0.90909286 0.9110113  0.91258385 0.91451008 0.91608039 0.91800634
 0.91957794 0.92149711 0.92307181 0.92497923 0.92655717 0.92844943
 0.9300291  0.9319044  0.93348262 0.93534094 0.93691276 0.93875595
 0.94066637 0.94252056 0.94407956 0.94589288 0.94743991 0.94922077
 0.95074247 0.95250113 0.95398267 0.95573148 0.95773836 0.95951491
 0.96089306 0.96265198 0.96396019 0.96572183 0.96795747 0.96977446
 0.97117799 0.97299618 0.97533537 0.97720718 0.97870375 0.98057698
 0.98299759 0.98495664 0.98742096 0.98945271 0.99107619 0.99312975
 0.99566988 0.99780147 1.0003666  1.00255109 1.00514583 1.00736258
 1.00998575 1.01221852 1.01486295 1.01710018 1.01975215 1.02198767
 1.02552807 1.02775062 1.03039996 1.03256826 1.03609068 1.03819517
 1.04163565 1.04363475 1.04690193 1.04881645 1.05187716 1.05371844
 1.05652274 1.05830452 1.06137365 1.06310827 1.06521662 1.06695935
 1.06988662 1.0716685  1.07372517 1.07551117 1.0786955  1.08054888
 1.08559409 1.08753519 1.09325445 1.09591225 1.10414036 1.10748526
 1.11647435 1.12024437 1.13205348 1.13596713 1.14878884 1.15232536
 1.16435258 1.16790123 1.18307832 1.1865735  1.20293484 1.20601865
 1.22355618 1.22630788 1.24694659 1.24933868 1.27112372 1.27267455
 1.29558281 1.29651641 1.32048135 1.32073245 1.34761549 1.34762565
 1.37731594 1.37731594 1.41162585 1.41162585 1.44646742 1.44646742
 1.48358279 1.48358279 1.51686952 1.51686952 1.54413497 1.54413497
 1.56711636 1.56711636 1.58756975 1.58756975 1.60726212 1.60726212
 1.62210337 1.62210337 1.63583812 1.63583812 1.64830761 1.64830761
 1.65740326 1.65740326 1.6649345  1.6649345  1.66880374 1.66880374
 1.67277208 1.67277208 1.67534166 1.67534166 1.67794412 1.67794412
 1.68060917 1.68060917 1.68333147 1.68333147 1.68596265 1.68596265
 1.68824175 1.68824175 1.69100932 1.69100932 1.69342072 1.69342072
 1.69589433 1.69589433 1.69884832 1.69884832 1.70143635 1.70143635
 1.70407635 1.70407635 1.70675668 1.70675668 1.70938417 1.70938417
 1.71195092 1.71195092 1.71444854 1.71444854 1.71686807 1.71686807
 1.71919993 1.71919993 1.7214339  1.7214339  1.72343921 1.72343921
 1.72538255 1.72538255 1.72721246 1.72721246 1.72900245 1.72902154
 1.73067983 1.73084963 1.73207843 1.73289263 1.73370732 1.73560177
 1.73597447 1.74502682 1.74502682 1.7604811  1.7604811  1.78501977
 1.78501977 1.8216592  1.8216592 ]
computational time of retrieving switches 1010.1189844999999
computational time of optimization 9.978314749999981
total computational time 1020.097330667
tv norm 518.0
