total tv norm 30.0
initial file ../result/control/ADMM/EnergyADMM4_evotime2.0_n_ts64_ptypeWARM_offset0.5_penalty0.01_ADMM_10.0_iter30_instance1.csv
difference 0.0010995902816599568
summation of all the changes of all the controllers 0.9232206936792622
maximum summation change of all the controllers 0.03305714880278199
objective function before optimization -2.1461266803373547
TV regularizer before optimization 50
     fun: -2.153725552848212
     jac: array([-0.73180315, -0.72957841, -0.73180315, -0.73308341, -0.73146982,
       -0.73314585, -0.73139238, -0.73296398, -0.73192178, -0.73281507,
       -0.73191674, -0.73276826, -0.73201059, -0.7326151 , -0.73248462,
       -0.73274249, -0.73228397, -0.73242006, -0.73228633, -0.73244146,
       -0.73262339, -0.73166258, -0.73290321, -0.72813534, -0.73290321,
       -0.73133814])
 message: 'Optimization terminated successfully'
    nfev: 25
     nit: 17
    njev: 17
  status: 0
 success: True
       x: array([3.19117444e-01, 8.47032947e-19, 3.79228845e-02, 6.04204432e-02,
       2.23281373e-02, 6.54993260e-02, 2.15135676e-02, 7.08921029e-02,
       2.33198423e-02, 7.21540354e-02, 2.51986793e-02, 6.72397429e-02,
       2.93234368e-02, 5.78789925e-02, 3.29998576e-02, 4.50911731e-02,
       4.36290845e-02, 4.07155216e-02, 6.33232762e-02, 2.71541072e-02,
       8.57685888e-02, 1.62367772e-02, 4.46364246e-01, 0.00000000e+00,
       5.85403015e-02, 2.67368432e-01])
switching time points [0.31911744 0.31911744 0.35704033 0.41746077 0.43978891 0.50528823
 0.5268018  0.59769391 0.62101375 0.69316778 0.71836646 0.78560621
 0.81492964 0.87280863 0.90580849 0.95089967 0.99452875 1.03524427
 1.09856755 1.12572165 1.21149024 1.22772702 1.67409127 1.67409127
 1.73263157]
computational time of retrieving switches 4.266684542
computational time of optimization 0.3192028340000004
total computational time 4.585898959
tv norm 30.0
