minimum energy is -1.0470843748257435
filtered objective value -0.7986355611612415
total binary tv norm 10.0
binary objective value -0.7934109863875959
initial file ../new_result/c_control/Continuous/Energy4_evotime2.0_n_ts40_ptypeCONSTANT_offset0.5_instance2.csv
difference with alpha=0 0.013757929196947627
summation of all the changes of all the controllers 1.436955422067885
maximum summation change of all the controllers 2.010604200790229
controller sequence is [1, 0, 1, 0, 1, 0]
warm start length is [0.4, 0.04999999999999999, 0.04999999999999999, 0.15000000000000002, 1.25, 0.09999999999999987]
objective of continuous control 0.23715080407962186
objective function before optimization 0.44202844816499876
TV regularizer before optimization 10
     fun: -0.7986355611612415
     jac: array([-0.17107191, -0.17166981, -0.17159388, -0.17115231, -0.17281913,
       -0.17099089])
 message: 'Optimization terminated successfully'
    nfev: 24
     nit: 19
    njev: 19
  status: 0
 success: True
       x: array([0.44040995, 0.20284239, 0.08859646, 0.14461629, 0.95312022,
       0.17041469])
switching time points [0.44040995 0.64325234 0.7318488  0.87646509 1.82958531]
computational time of retrieving switches 0.028743209000000824
computational time of optimization 0.009535875000000082
pre-computing time, objective function evaluation time, gradient time 0.0001290830000000298 0.002611876000000457 0.0006149179999992427
total computational time 0.03829387500000081
tv norm 10.0
ratio objective value 0.23727678460090573
