total tv norm 258.0
initial file ../result/control/ADMM/EnergyADMM2_evotime2.0_n_ts256_ptypeWARM_offset0.5_penalty0.01_ADMM_10.0_iter50_instance0.csv
difference 8.718578480504391e-06
summation of all the changes of all the controllers 0.07642586362282489
maximum summation change of all the controllers 0.0008404344373790229
objective function before optimization -0.9999438700769913
TV regularizer before optimization 262
     fun: -0.9999999993101709
     jac: array([-2.28983499e-15,  5.19781615e-05,  9.91784181e-06,  5.02677635e-05,
        2.00533316e-05,  4.85315692e-05,  2.86107946e-05,  4.67790062e-05,
        3.72302610e-05,  4.50226449e-05,  4.41429423e-05,  4.32634605e-05,
        5.10584241e-05,  4.15101534e-05,  5.62366375e-05,  3.97568163e-05,
        5.96944905e-05,  3.79937030e-05,  6.48968459e-05,  3.62406417e-05,
        6.83533158e-05,  3.44857200e-05,  7.18131609e-05,  3.27324529e-05,
        7.52695872e-05,  3.09843415e-05,  7.87158200e-05,  2.92448652e-05,
        8.21451157e-05,  2.75174749e-05,  8.55507747e-05,  2.58055859e-05,
        8.89261532e-05,  2.41125708e-05,  9.05995131e-05,  2.24187326e-05,
        9.39398023e-05,  2.07496272e-05,  9.72318334e-05,  1.91085077e-05,
        9.88548906e-05,  1.74735389e-05,  1.02080486e-04,  1.58721620e-05,
        1.03665808e-04,  1.42812787e-05,  1.06805448e-04,  1.27294086e-05,
        1.08344050e-04,  1.11914890e-05,  1.11378717e-04,  9.69615166e-06,
        1.12861298e-04,  8.21869104e-06,  1.15772509e-04,  6.78889092e-06,
        1.17190015e-04,  5.38083926e-06,  1.19959969e-04,  4.02529557e-06,
        1.21303686e-04,  2.69518296e-06,  1.23915373e-04,  1.42216761e-06,
        1.26411375e-04,  2.08730902e-07,  1.27613503e-04, -9.74026459e-07,
        1.29926595e-04, -2.09310439e-06,  1.31034570e-04, -3.17841934e-06,
        1.33150325e-04, -4.19627773e-06,  1.35129635e-04, -5.14469422e-06,
        1.36066772e-04, -6.05511996e-06,  1.37828608e-04, -6.89291223e-06,
        1.38654714e-04, -7.69034722e-06,  1.40187818e-04, -8.41233854e-06,
        1.40897396e-04, -9.09190474e-06,  1.42191831e-04, -9.69361843e-06,
        1.42780040e-04, -1.02511527e-05,  1.43827267e-04, -1.07288451e-05,
        1.44289956e-04, -1.11609309e-05,  1.45082893e-04, -1.15116214e-05,
        1.45416640e-04, -1.18156174e-05,  1.45949716e-04, -1.20371143e-05,
        1.46315349e-04, -1.21757187e-05,  1.46512601e-04, -1.22312069e-05,
        1.46540867e-04, -1.22035262e-05,  1.46399875e-04, -1.20927956e-05,
        1.46089692e-04, -1.18993058e-05,  1.45610717e-04, -1.16233663e-05,
        1.44589785e-04, -1.12303037e-05,  1.43213358e-04, -1.07212586e-05,
        1.41485561e-04, -1.00977764e-05,  1.38656642e-04, -9.32815323e-06,
        1.34309703e-04, -8.38356572e-06,  1.27957909e-04, -7.23977818e-06,
        1.17688193e-04, -5.85081745e-06,  1.00534320e-04, -4.16609684e-06,
        7.44214549e-05, -2.18294470e-06,  4.47085130e-05,  0.00000000e+00])
 message: 'Optimization terminated successfully'
    nfev: 8
     nit: 4
    njev: 4
  status: 0
 success: True
       x: array([0.00798116, 0.04678464, 0.0079684 , 0.04678417, 0.00795526,
       0.0389712 , 0.0079437 , 0.03897073, 0.00793189, 0.03115784,
       0.00792181, 0.03115752, 0.00791151, 0.02334482, 0.00790303,
       0.01553224, 0.00789642, 0.02334476, 0.00788743, 0.01553246,
       0.00788048, 0.01553283, 0.00787333, 0.01553339, 0.007866  ,
       0.01553416, 0.00785848, 0.01553517, 0.00785078, 0.01553646,
       0.00784292, 0.01553804, 0.00783489, 0.00773813, 0.00782987,
       0.01554208, 0.00782143, 0.01554459, 0.00781286, 0.00773734,
       0.0078076 , 0.01555067, 0.00779866, 0.00774178, 0.00779331,
       0.01555821, 0.00778404, 0.00775008, 0.00778235, 0.01556718,
       0.00778135, 0.00775945, 0.00778033, 0.01557692, 0.00777921,
       0.00776957, 0.00777831, 0.01558741, 0.00777707, 0.00778042,
       0.0077763 , 0.01559863, 0.00777496, 0.01560449, 0.00777356,
       0.00779802, 0.00777298, 0.01561672, 0.00777147, 0.00781057,
       0.007771  , 0.01562959, 0.00776935, 0.01563624, 0.00776761,
       0.00783051, 0.00776728, 0.01564994, 0.00776537, 0.00784447,
       0.00776509, 0.01566414, 0.00776296, 0.00785889, 0.0077627 ,
       0.01567876, 0.00776032, 0.00787369, 0.00776004, 0.01569373,
       0.00775737, 0.00788878, 0.00775703, 0.01570893, 0.00775402,
       0.00790407, 0.00775356, 0.01572427, 0.00775018, 0.01573192,
       0.00774657, 0.01573952, 0.00774272, 0.01574702, 0.00773862,
       0.01575441, 0.00773424, 0.01576167, 0.00772959, 0.01576876,
       0.00772884, 0.02358813, 0.00773271, 0.02359454, 0.00773598,
       0.02360049, 0.0077386 , 0.03141844, 0.00774079, 0.0392357 ,
       0.00774205, 0.04705203, 0.00774187, 0.06267969, 0.00773938,
       0.08611825, 0.00773291, 0.10955453, 0.00772071, 0.10955044,
       0.00770452, 0.03141866])
switching time points [0.00798116 0.0547658  0.0627342  0.10951838 0.11747364 0.15644483
 0.16438853 0.20335927 0.21129116 0.242449   0.25037081 0.28152832
 0.28943983 0.31278465 0.32068768 0.33621992 0.34411633 0.36746109
 0.37534852 0.39088099 0.39876147 0.4142943  0.42216763 0.43770102
 0.44556702 0.46110118 0.46895966 0.48449483 0.49234562 0.50788207
 0.51572499 0.53126303 0.53909791 0.54683604 0.55466591 0.57020799
 0.57802942 0.59357401 0.60138687 0.60912422 0.61693181 0.63248248
 0.64028114 0.64802292 0.65581623 0.67137444 0.67915848 0.68690856
 0.69469091 0.71025809 0.71803945 0.7257989  0.73357923 0.74915615
 0.75693536 0.76470493 0.77248324 0.78807065 0.79584772 0.80362815
 0.81140445 0.82700307 0.83477803 0.85038252 0.85815609 0.8659541
 0.87372709 0.8893438  0.89711527 0.90492584 0.91269684 0.92832643
 0.93609578 0.95173202 0.95949963 0.96733014 0.97509743 0.99074737
 0.99851273 1.0063572  1.01412229 1.02978643 1.03754939 1.04540828
 1.05317098 1.06884974 1.07661006 1.08448375 1.0922438  1.10793752
 1.11569489 1.12358368 1.1313407  1.14704963 1.15480365 1.16270772
 1.17046128 1.18618554 1.19393572 1.20966765 1.21741422 1.23315374
 1.24089646 1.25664348 1.2643821  1.28013651 1.28787075 1.30363242
 1.31136201 1.32713076 1.3348596  1.35844773 1.36618044 1.38977498
 1.39751096 1.42111145 1.42885005 1.46026849 1.46800927 1.50724497
 1.51498702 1.56203905 1.56978092 1.63246061 1.64019999 1.72631824
 1.73405115 1.84360567 1.85132638 1.96087682 1.96858134]
computational time of retrieving switches 18.446224459
computational time of optimization 0.1864825830000001
total computational time 18.632744250000002
tv norm 258.0
