total tv norm 38.0
initial file ../result/control/ADMM/EnergyADMM2_evotime2.0_n_ts40_ptypeWARM_offset0.5_penalty0.01_ADMM_10.0_iter100.csv
objective function before optimization -0.999599233335572
TV regularizer before optimization 48
     fun: -0.9999999880837271
     jac: array([-9.39719801e-05, -1.99096282e-04,  1.12535925e-04, -5.91052605e-04,
        3.06897803e-04, -9.42670486e-04,  4.72779190e-04, -1.08846436e-03,
        6.08411618e-04, -1.30542692e-03,  6.93864923e-04, -1.41867317e-03,
        7.22996775e-04, -1.42596103e-03,  7.08692991e-04, -1.34061872e-03,
        6.39183106e-04, -1.14776981e-03,  5.21469042e-04, -8.62431486e-04,
        3.65924919e-04, -1.34064191e-04,  1.77539874e-04,  8.42693919e-04,
        0.00000000e+00])
 message: 'Optimization terminated successfully'
    nfev: 7
     nit: 2
    njev: 2
  status: 0
 success: True
       x: array([0.04930989, 0.05117799, 0.09919446, 0.05133257, 0.09915664,
       0.05132734, 0.04919944, 0.05124611, 0.0993177 , 0.05093694,
       0.09950542, 0.05050257, 0.0497477 , 0.05023605, 0.10003445,
       0.04963874, 0.10033905, 0.04902978, 0.10063729, 0.04845747,
       0.2009055 , 0.04834872, 0.25105776, 0.04833347, 0.10102696])
switching time points [0.04930989 0.10048788 0.19968234 0.25101491 0.35017155 0.4014989
 0.45069833 0.50194444 0.60126214 0.65219908 0.7517045  0.80220706
 0.85195476 0.90219082 1.00222527 1.05186401 1.15220306 1.20123284
 1.30187012 1.35032759 1.55123309 1.59958182 1.85063957 1.89897304]
computational time of retrieving switches 0.0010003329999994648
computational time of optimization 0.044710459000000036
total computational time 0.045720999999999457
tv norm 38.0
total tv norm 38.0
initial file ../result/control/ADMM/EnergyADMM2_evotime2.0_n_ts40_ptypeWARM_offset0.5_penalty0.01_ADMM_10.0_iter100.csv
objective function before optimization -0.999599233335572
TV regularizer before optimization 48
     fun: -0.9999999880837271
     jac: array([-9.39719801e-05, -1.99096282e-04,  1.12535925e-04, -5.91052605e-04,
        3.06897803e-04, -9.42670486e-04,  4.72779190e-04, -1.08846436e-03,
        6.08411618e-04, -1.30542692e-03,  6.93864923e-04, -1.41867317e-03,
        7.22996775e-04, -1.42596103e-03,  7.08692991e-04, -1.34061872e-03,
        6.39183106e-04, -1.14776981e-03,  5.21469042e-04, -8.62431486e-04,
        3.65924919e-04, -1.34064191e-04,  1.77539874e-04,  8.42693919e-04,
        0.00000000e+00])
 message: 'Optimization terminated successfully'
    nfev: 7
     nit: 2
    njev: 2
  status: 0
 success: True
       x: array([0.04930989, 0.05117799, 0.09919446, 0.05133257, 0.09915664,
       0.05132734, 0.04919944, 0.05124611, 0.0993177 , 0.05093694,
       0.09950542, 0.05050257, 0.0497477 , 0.05023605, 0.10003445,
       0.04963874, 0.10033905, 0.04902978, 0.10063729, 0.04845747,
       0.2009055 , 0.04834872, 0.25105776, 0.04833347, 0.10102696])
switching time points [0.04930989 0.10048788 0.19968234 0.25101491 0.35017155 0.4014989
 0.45069833 0.50194444 0.60126214 0.65219908 0.7517045  0.80220706
 0.85195476 0.90219082 1.00222527 1.05186401 1.15220306 1.20123284
 1.30187012 1.35032759 1.55123309 1.59958182 1.85063957 1.89897304]
computational time of retrieving switches 0.0011778329999998505
computational time of optimization 0.044605999999999923
total computational time 0.04579058299999961
tv norm 38.0
total tv norm 38.0
initial file ../result/control/ADMM/EnergyADMM2_evotime2.0_n_ts40_ptypeWARM_offset0.5_penalty0.01_ADMM_10.0_iter100.csv
objective function before optimization -0.999599233335572
TV regularizer before optimization 48
     fun: -0.9999999880837271
     jac: array([-9.39719801e-05, -1.99096282e-04,  1.12535925e-04, -5.91052605e-04,
        3.06897803e-04, -9.42670486e-04,  4.72779190e-04, -1.08846436e-03,
        6.08411618e-04, -1.30542692e-03,  6.93864923e-04, -1.41867317e-03,
        7.22996775e-04, -1.42596103e-03,  7.08692991e-04, -1.34061872e-03,
        6.39183106e-04, -1.14776981e-03,  5.21469042e-04, -8.62431486e-04,
        3.65924919e-04, -1.34064191e-04,  1.77539874e-04,  8.42693919e-04,
        0.00000000e+00])
 message: 'Optimization terminated successfully'
    nfev: 7
     nit: 2
    njev: 2
  status: 0
 success: True
       x: array([0.04930989, 0.05117799, 0.09919446, 0.05133257, 0.09915664,
       0.05132734, 0.04919944, 0.05124611, 0.0993177 , 0.05093694,
       0.09950542, 0.05050257, 0.0497477 , 0.05023605, 0.10003445,
       0.04963874, 0.10033905, 0.04902978, 0.10063729, 0.04845747,
       0.2009055 , 0.04834872, 0.25105776, 0.04833347, 0.10102696])
switching time points [0.04930989 0.10048788 0.19968234 0.25101491 0.35017155 0.4014989
 0.45069833 0.50194444 0.60126214 0.65219908 0.7517045  0.80220706
 0.85195476 0.90219082 1.00222527 1.05186401 1.15220306 1.20123284
 1.30187012 1.35032759 1.55123309 1.59958182 1.85063957 1.89897304]
computational time of retrieving switches 0.001053792000000442
computational time of optimization 0.045190792000000535
total computational time 0.04625500000000038
tv norm 38.0
total tv norm 38.0
initial file ../result/control/ADMM/EnergyADMM2_evotime2.0_n_ts40_ptypeWARM_offset0.5_penalty0.01_ADMM_10.0_iter100.csv
objective function before optimization -0.999599233335572
TV regularizer before optimization 48
     fun: -0.9999999880837271
     jac: array([-9.39719801e-05, -1.99096282e-04,  1.12535925e-04, -5.91052605e-04,
        3.06897803e-04, -9.42670486e-04,  4.72779190e-04, -1.08846436e-03,
        6.08411618e-04, -1.30542692e-03,  6.93864923e-04, -1.41867317e-03,
        7.22996775e-04, -1.42596103e-03,  7.08692991e-04, -1.34061872e-03,
        6.39183106e-04, -1.14776981e-03,  5.21469042e-04, -8.62431486e-04,
        3.65924919e-04, -1.34064191e-04,  1.77539874e-04,  8.42693919e-04,
        0.00000000e+00])
 message: 'Optimization terminated successfully'
    nfev: 7
     nit: 2
    njev: 2
  status: 0
 success: True
       x: array([0.04930989, 0.05117799, 0.09919446, 0.05133257, 0.09915664,
       0.05132734, 0.04919944, 0.05124611, 0.0993177 , 0.05093694,
       0.09950542, 0.05050257, 0.0497477 , 0.05023605, 0.10003445,
       0.04963874, 0.10033905, 0.04902978, 0.10063729, 0.04845747,
       0.2009055 , 0.04834872, 0.25105776, 0.04833347, 0.10102696])
switching time points [0.04930989 0.10048788 0.19968234 0.25101491 0.35017155 0.4014989
 0.45069833 0.50194444 0.60126214 0.65219908 0.7517045  0.80220706
 0.85195476 0.90219082 1.00222527 1.05186401 1.15220306 1.20123284
 1.30187012 1.35032759 1.55123309 1.59958182 1.85063957 1.89897304]
computational time of retrieving switches 0.0009481250000007435
computational time of optimization 0.042538874999999976
total computational time 0.04349729100000044
tv norm 38.0
total tv norm 38.0
initial file ../result/control/ADMM/EnergyADMM2_evotime2.0_n_ts40_ptypeWARM_offset0.5_penalty0.01_ADMM_10.0_iter100.csv
objective function before optimization -0.999599233335572
TV regularizer before optimization 48
     fun: -0.9999999880837271
     jac: array([-9.39719801e-05, -1.99096282e-04,  1.12535925e-04, -5.91052605e-04,
        3.06897803e-04, -9.42670486e-04,  4.72779190e-04, -1.08846436e-03,
        6.08411618e-04, -1.30542692e-03,  6.93864923e-04, -1.41867317e-03,
        7.22996775e-04, -1.42596103e-03,  7.08692991e-04, -1.34061872e-03,
        6.39183106e-04, -1.14776981e-03,  5.21469042e-04, -8.62431486e-04,
        3.65924919e-04, -1.34064191e-04,  1.77539874e-04,  8.42693919e-04,
        0.00000000e+00])
 message: 'Optimization terminated successfully'
    nfev: 7
     nit: 2
    njev: 2
  status: 0
 success: True
       x: array([0.04930989, 0.05117799, 0.09919446, 0.05133257, 0.09915664,
       0.05132734, 0.04919944, 0.05124611, 0.0993177 , 0.05093694,
       0.09950542, 0.05050257, 0.0497477 , 0.05023605, 0.10003445,
       0.04963874, 0.10033905, 0.04902978, 0.10063729, 0.04845747,
       0.2009055 , 0.04834872, 0.25105776, 0.04833347, 0.10102696])
switching time points [0.04930989 0.10048788 0.19968234 0.25101491 0.35017155 0.4014989
 0.45069833 0.50194444 0.60126214 0.65219908 0.7517045  0.80220706
 0.85195476 0.90219082 1.00222527 1.05186401 1.15220306 1.20123284
 1.30187012 1.35032759 1.55123309 1.59958182 1.85063957 1.89897304]
computational time of retrieving switches 0.0009235409999996946
computational time of optimization 0.04178083399999988
total computational time 0.04271249999999949
tv norm 38.0
total tv norm 38.0
initial file ../result/control/ADMM/EnergyADMM2_evotime2.0_n_ts40_ptypeWARM_offset0.5_penalty0.01_ADMM_10.0_iter100.csv
objective function before optimization -0.999599233335572
TV regularizer before optimization 48
     fun: -0.9999999880837271
     jac: array([-9.39719801e-05, -1.99096282e-04,  1.12535925e-04, -5.91052605e-04,
        3.06897803e-04, -9.42670486e-04,  4.72779190e-04, -1.08846436e-03,
        6.08411618e-04, -1.30542692e-03,  6.93864923e-04, -1.41867317e-03,
        7.22996775e-04, -1.42596103e-03,  7.08692991e-04, -1.34061872e-03,
        6.39183106e-04, -1.14776981e-03,  5.21469042e-04, -8.62431486e-04,
        3.65924919e-04, -1.34064191e-04,  1.77539874e-04,  8.42693919e-04,
        0.00000000e+00])
 message: 'Optimization terminated successfully'
    nfev: 7
     nit: 2
    njev: 2
  status: 0
 success: True
       x: array([0.04930989, 0.05117799, 0.09919446, 0.05133257, 0.09915664,
       0.05132734, 0.04919944, 0.05124611, 0.0993177 , 0.05093694,
       0.09950542, 0.05050257, 0.0497477 , 0.05023605, 0.10003445,
       0.04963874, 0.10033905, 0.04902978, 0.10063729, 0.04845747,
       0.2009055 , 0.04834872, 0.25105776, 0.04833347, 0.10102696])
switching time points [0.04930989 0.10048788 0.19968234 0.25101491 0.35017155 0.4014989
 0.45069833 0.50194444 0.60126214 0.65219908 0.7517045  0.80220706
 0.85195476 0.90219082 1.00222527 1.05186401 1.15220306 1.20123284
 1.30187012 1.35032759 1.55123309 1.59958182 1.85063957 1.89897304]
computational time of retrieving switches 0.0010236249999993063
computational time of optimization 0.05678779099999964
total computational time 0.0578183749999992
tv norm 38.0
total tv norm 38.0
initial file ../result/control/ADMM/EnergyADMM2_evotime2.0_n_ts40_ptypeWARM_offset0.5_penalty0.01_ADMM_10.0_iter100.csv
objective function before optimization -0.999599233335572
TV regularizer before optimization 48
     fun: -0.9999999880837271
     jac: array([-9.39719801e-05, -1.99096282e-04,  1.12535925e-04, -5.91052605e-04,
        3.06897803e-04, -9.42670486e-04,  4.72779190e-04, -1.08846436e-03,
        6.08411618e-04, -1.30542692e-03,  6.93864923e-04, -1.41867317e-03,
        7.22996775e-04, -1.42596103e-03,  7.08692991e-04, -1.34061872e-03,
        6.39183106e-04, -1.14776981e-03,  5.21469042e-04, -8.62431486e-04,
        3.65924919e-04, -1.34064191e-04,  1.77539874e-04,  8.42693919e-04,
        0.00000000e+00])
 message: 'Optimization terminated successfully'
    nfev: 7
     nit: 2
    njev: 2
  status: 0
 success: True
       x: array([0.04930989, 0.05117799, 0.09919446, 0.05133257, 0.09915664,
       0.05132734, 0.04919944, 0.05124611, 0.0993177 , 0.05093694,
       0.09950542, 0.05050257, 0.0497477 , 0.05023605, 0.10003445,
       0.04963874, 0.10033905, 0.04902978, 0.10063729, 0.04845747,
       0.2009055 , 0.04834872, 0.25105776, 0.04833347, 0.10102696])
switching time points [0.04930989 0.10048788 0.19968234 0.25101491 0.35017155 0.4014989
 0.45069833 0.50194444 0.60126214 0.65219908 0.7517045  0.80220706
 0.85195476 0.90219082 1.00222527 1.05186401 1.15220306 1.20123284
 1.30187012 1.35032759 1.55123309 1.59958182 1.85063957 1.89897304]
computational time of retrieving switches 0.0012330000000000396
computational time of optimization 0.04474133300000016
total computational time 0.04598195800000049
tv norm 38.0
total tv norm 38.0
initial file ../result/control/ADMM/EnergyADMM2_evotime2.0_n_ts40_ptypeWARM_offset0.5_penalty0.01_ADMM_10.0_iter100.csv
objective function before optimization -0.999599233335572
TV regularizer before optimization 48
     fun: -0.9999999880837271
     jac: array([-9.39719801e-05, -1.99096282e-04,  1.12535925e-04, -5.91052605e-04,
        3.06897803e-04, -9.42670486e-04,  4.72779190e-04, -1.08846436e-03,
        6.08411618e-04, -1.30542692e-03,  6.93864923e-04, -1.41867317e-03,
        7.22996775e-04, -1.42596103e-03,  7.08692991e-04, -1.34061872e-03,
        6.39183106e-04, -1.14776981e-03,  5.21469042e-04, -8.62431486e-04,
        3.65924919e-04, -1.34064191e-04,  1.77539874e-04,  8.42693919e-04,
        0.00000000e+00])
 message: 'Optimization terminated successfully'
    nfev: 7
     nit: 2
    njev: 2
  status: 0
 success: True
       x: array([0.04930989, 0.05117799, 0.09919446, 0.05133257, 0.09915664,
       0.05132734, 0.04919944, 0.05124611, 0.0993177 , 0.05093694,
       0.09950542, 0.05050257, 0.0497477 , 0.05023605, 0.10003445,
       0.04963874, 0.10033905, 0.04902978, 0.10063729, 0.04845747,
       0.2009055 , 0.04834872, 0.25105776, 0.04833347, 0.10102696])
switching time points [0.04930989 0.10048788 0.19968234 0.25101491 0.35017155 0.4014989
 0.45069833 0.50194444 0.60126214 0.65219908 0.7517045  0.80220706
 0.85195476 0.90219082 1.00222527 1.05186401 1.15220306 1.20123284
 1.30187012 1.35032759 1.55123309 1.59958182 1.85063957 1.89897304]
computational time of retrieving switches 0.0009861659999996775
computational time of optimization 0.04309020799999974
total computational time 0.04408470799999975
tv norm 38.0
total tv norm 38.0
initial file ../result/control/ADMM/EnergyADMM2_evotime2.0_n_ts40_ptypeWARM_offset0.5_penalty0.01_ADMM_10.0_iter100.csv
objective function before optimization -0.999599233335572
TV regularizer before optimization 48
     fun: -0.9999999880837271
     jac: array([-9.39719801e-05, -1.99096282e-04,  1.12535925e-04, -5.91052605e-04,
        3.06897803e-04, -9.42670486e-04,  4.72779190e-04, -1.08846436e-03,
        6.08411618e-04, -1.30542692e-03,  6.93864923e-04, -1.41867317e-03,
        7.22996775e-04, -1.42596103e-03,  7.08692991e-04, -1.34061872e-03,
        6.39183106e-04, -1.14776981e-03,  5.21469042e-04, -8.62431486e-04,
        3.65924919e-04, -1.34064191e-04,  1.77539874e-04,  8.42693919e-04,
        0.00000000e+00])
 message: 'Optimization terminated successfully'
    nfev: 7
     nit: 2
    njev: 2
  status: 0
 success: True
       x: array([0.04930989, 0.05117799, 0.09919446, 0.05133257, 0.09915664,
       0.05132734, 0.04919944, 0.05124611, 0.0993177 , 0.05093694,
       0.09950542, 0.05050257, 0.0497477 , 0.05023605, 0.10003445,
       0.04963874, 0.10033905, 0.04902978, 0.10063729, 0.04845747,
       0.2009055 , 0.04834872, 0.25105776, 0.04833347, 0.10102696])
switching time points [0.04930989 0.10048788 0.19968234 0.25101491 0.35017155 0.4014989
 0.45069833 0.50194444 0.60126214 0.65219908 0.7517045  0.80220706
 0.85195476 0.90219082 1.00222527 1.05186401 1.15220306 1.20123284
 1.30187012 1.35032759 1.55123309 1.59958182 1.85063957 1.89897304]
computational time of retrieving switches 0.0011319579999993223
computational time of optimization 0.04517295900000029
total computational time 0.04631291699999984
tv norm 38.0
total tv norm 38.0
initial file ../result/control/ADMM/EnergyADMM2_evotime2.0_n_ts40_ptypeWARM_offset0.5_penalty0.01_ADMM_10.0_iter100.csv
objective function before optimization -0.999599233335572
TV regularizer before optimization 48
     fun: -0.9999999880837271
     jac: array([-9.39719801e-05, -1.99096282e-04,  1.12535925e-04, -5.91052605e-04,
        3.06897803e-04, -9.42670486e-04,  4.72779190e-04, -1.08846436e-03,
        6.08411618e-04, -1.30542692e-03,  6.93864923e-04, -1.41867317e-03,
        7.22996775e-04, -1.42596103e-03,  7.08692991e-04, -1.34061872e-03,
        6.39183106e-04, -1.14776981e-03,  5.21469042e-04, -8.62431486e-04,
        3.65924919e-04, -1.34064191e-04,  1.77539874e-04,  8.42693919e-04,
        0.00000000e+00])
 message: 'Optimization terminated successfully'
    nfev: 7
     nit: 2
    njev: 2
  status: 0
 success: True
       x: array([0.04930989, 0.05117799, 0.09919446, 0.05133257, 0.09915664,
       0.05132734, 0.04919944, 0.05124611, 0.0993177 , 0.05093694,
       0.09950542, 0.05050257, 0.0497477 , 0.05023605, 0.10003445,
       0.04963874, 0.10033905, 0.04902978, 0.10063729, 0.04845747,
       0.2009055 , 0.04834872, 0.25105776, 0.04833347, 0.10102696])
switching time points [0.04930989 0.10048788 0.19968234 0.25101491 0.35017155 0.4014989
 0.45069833 0.50194444 0.60126214 0.65219908 0.7517045  0.80220706
 0.85195476 0.90219082 1.00222527 1.05186401 1.15220306 1.20123284
 1.30187012 1.35032759 1.55123309 1.59958182 1.85063957 1.89897304]
computational time of retrieving switches 0.0010035840000002239
computational time of optimization 0.04895720800000003
total computational time 0.0499686670000008
tv norm 38.0
