minimum energy is -2.1641371229504833
filtered objective value -1.7445021256368776
total binary tv norm 6.0
binary objective value -1.7293832450072375
initial file ../new_result/c_control/Continuous/Energy4_evotime2.0_n_ts40_ptypeCONSTANT_offset0.5_instance5.csv
controller sequence is [1, 0, 1, 0]
warm start length is [0.5, 0.5, 0.8500000000000001, 0.1499999999999999]
objective of continuous control 0.18992035700066356
objective function before optimization -1.722132796306357
TV regularizer before optimization 6
     fun: -1.7445021256368776
     jac: array([-0.16124985, -0.16107262, -0.16122975, -0.1613005 ])
 message: 'Optimization terminated successfully'
    nfev: 10
     nit: 6
    njev: 6
  status: 0
 success: True
       x: array([0.4276221 , 0.51612431, 0.83597795, 0.22027564])
switching time points [0.4276221  0.94374642 1.77972436]
computational time of retrieving switches 0.02758587499999976
computational time of optimization 0.0032988339999997507
pre-computing time, objective function evaluation time, gradient time 0.0001092079999995832 0.0008201670000005379 0.0001501649999999799
total computational time 0.03089570900000016
tv norm 6.0
