difference -0.00032081034611763926
summation of all the changes of all the controllers 0.014635860496667319
maximum summation change of all the controllers 5.4392439043038365e-05
objective function before optimization -0.9998255346060646
TV regularizer before optimization 1972
     fun: -0.999996998990256
     jac: array([-1.54989457e-03, -2.93254570e-03, -1.53265459e-03, -3.03585490e-03,
       -1.51545864e-03, -3.15602444e-03, -1.49832105e-03, -3.24161979e-03,
       -1.48122085e-03, -3.34406724e-03, -1.46417237e-03, -3.44619674e-03,
       -1.44717815e-03, -3.53105976e-03, -1.43022751e-03, -3.61570032e-03,
       -1.41332228e-03, -3.70010923e-03, -1.39646429e-03, -3.78427735e-03,
       -1.37965537e-03, -3.85144059e-03, -1.36288292e-03, -3.93517270e-03,
       -1.34616287e-03, -4.00197497e-03, -1.32948204e-03, -4.08524072e-03,
       -1.31285691e-03, -4.15165779e-03, -1.29627375e-03, -4.21790456e-03,
       -1.27973378e-03, -4.28397605e-03, -1.26323825e-03, -4.34986734e-03,
       -1.24678839e-03, -4.41557349e-03, -1.23038542e-03, -4.48108959e-03,
       -1.21403058e-03, -4.53010580e-03, -1.19770812e-03, -4.59529548e-03,
       -1.18143598e-03, -4.66028143e-03, -1.16521539e-03, -4.70889079e-03,
       -1.14902991e-03, -4.77352574e-03, -1.13289816e-03, -4.82186596e-03,
       -1.11680327e-03, -4.87009439e-03, -1.10074604e-03, -4.93421010e-03,
       -1.08474565e-03, -4.98215242e-03, -1.06878466e-03, -5.02997540e-03,
       -1.05286384e-03, -5.07767672e-03, -1.03698395e-03, -5.12525406e-03,
       -1.02114578e-03, -5.17270511e-03, -1.00535008e-03, -5.22002757e-03,
       -9.89597639e-04, -5.26721913e-03, -9.73889210e-04, -5.31427750e-03,
       -9.58225559e-04, -5.36120039e-03, -9.42607448e-04, -5.40798552e-03,
       -9.27035635e-04, -5.45463063e-03, -9.11510878e-04, -5.48565298e-03,
       -8.96013393e-04, -5.53207310e-03, -8.80564297e-04, -5.57834692e-03,
       -8.65164341e-04, -5.62447220e-03, -8.49814274e-04, -5.65514299e-03,
       -8.34493670e-04, -5.70102823e-03, -8.19224274e-04, -5.73153665e-03,
       -8.03985369e-04, -5.77717482e-03, -7.88798984e-04, -5.80751619e-03,
       -7.73644115e-04, -5.85290030e-03, -7.58543070e-04, -5.88306997e-03,
       -7.43474559e-04, -5.92819306e-03, -7.28461169e-04, -5.95818641e-03,
       -7.13481325e-04, -6.00304156e-03, -6.98557891e-04, -6.03285399e-03,
       -6.83669011e-04, -6.06259686e-03, -6.68815128e-04, -6.10707138e-03,
       -6.54019492e-04, -6.13662676e-03, -6.39259852e-04, -6.16610972e-03,
       -6.24536649e-04, -6.19551935e-03, -6.09850324e-04, -6.23948764e-03,
       -5.95224616e-04, -6.26870130e-03, -5.80636771e-04, -6.29783880e-03,
       -5.66087227e-04, -6.32689926e-03, -5.51576417e-04, -6.35588182e-03,
       -5.37104777e-04, -6.39920172e-03, -5.22696638e-04, -6.42797796e-03,
       -5.08328639e-04, -6.45667349e-03, -4.94001211e-04, -6.48528746e-03,
       -4.79714783e-04, -6.51381900e-03, -4.65469781e-04, -6.54226725e-03,
       -4.51266632e-04, -6.57063138e-03, -4.37105760e-04, -6.59891053e-03,
       -4.22987589e-04, -6.62710385e-03, -4.08912542e-04, -6.65521051e-03,
       -3.94881039e-04, -6.68322965e-03, -3.80893499e-04, -6.71116045e-03,
       -3.66950343e-04, -6.73900207e-03, -3.53051985e-04, -6.76675368e-03,
       -3.39198843e-04, -6.79441443e-03, -3.25391331e-04, -6.82198352e-03,
       -3.11629860e-04, -6.84946011e-03, -2.97914844e-04, -6.87684338e-03,
       -2.84246692e-04, -6.89050083e-03, -2.70600026e-04, -6.91774668e-03,
       -2.57000939e-04, -6.94489697e-03, -2.43449837e-04, -6.97195089e-03,
       -2.29947127e-04, -6.99890761e-03, -2.16493212e-04, -7.02576634e-03,
       -2.03088495e-04, -7.03915947e-03, -1.89707033e-04, -7.06587260e-03,
       -1.76375469e-04, -7.09248553e-03, -1.63094203e-04, -7.11899746e-03,
       -1.49863632e-04, -7.14540761e-03, -1.36684150e-04, -7.15857478e-03,
       -1.23529364e-04, -7.18483268e-03, -1.10426358e-04, -7.21098661e-03,
       -9.73755231e-05, -7.23703582e-03, -8.43772498e-05, -7.25002122e-03,
       -7.14047966e-05, -7.27591298e-03, -5.84855848e-05, -7.30169787e-03,
       -4.56200008e-05, -7.31455017e-03, -3.27810580e-05, -7.34017385e-03,
       -1.99964158e-05, -7.36568855e-03, -7.26645645e-06, -7.37840482e-03,
        5.43604909e-06, -7.40375458e-03,  1.80832061e-05, -7.42899326e-03,
        3.06746363e-05, -7.44157059e-03,  4.32378089e-05, -7.46664065e-03,
        5.57445963e-05, -7.49159756e-03,  6.81946245e-05, -7.50403309e-03,
        8.06156002e-05, -7.52881773e-03,  9.29791657e-05, -7.54116655e-03,
        1.05313169e-04, -7.56577659e-03,  1.17589116e-04, -7.59027015e-03,
        1.29806639e-04, -7.60247254e-03,  1.41993820e-04, -7.62678793e-03,
        1.54121938e-04, -7.63890066e-03,  1.66219214e-04, -7.66303560e-03,
        1.78256794e-04, -7.67505755e-03,  1.90263035e-04, -7.69900979e-03,
        2.02208950e-04, -7.71093983e-03,  2.14123034e-04, -7.73470713e-03,
        2.25976168e-04, -7.74654414e-03,  2.37796982e-04, -7.77012429e-03,
        2.49556226e-04, -7.78186716e-03,  2.61282665e-04, -7.80525794e-03,
        2.72946920e-04, -7.81690559e-03,  2.84577889e-04, -7.84010482e-03,
        2.96146064e-04, -7.85165614e-03,  3.07680477e-04, -7.87466166e-03,
        3.19151490e-04, -7.88611558e-03,  3.30588268e-04, -7.90892523e-03,
        3.41961047e-04, -7.92028069e-03,  3.53299122e-04, -7.94289233e-03,
        3.64572604e-04, -7.95414825e-03,  3.75810915e-04, -7.97655978e-03,
        3.86984046e-04, -7.98771513e-03,  3.98121545e-04, -7.99883474e-03,
        4.09223205e-04, -8.02097213e-03,  4.20258851e-04, -8.03198966e-03,
        4.31258203e-04, -8.05392185e-03,  4.42190963e-04, -8.06483627e-03,
        4.53086978e-04, -8.08656122e-03,  4.63915831e-04, -8.09737151e-03,
        4.74707492e-04, -8.10814450e-03,  4.85461759e-04, -8.12958514e-03,
        4.96148056e-04, -8.14025255e-03,  5.06796519e-04, -8.16148103e-03,
        5.17376454e-04, -8.17204186e-03,  5.27918118e-04, -8.18256432e-03,
        5.38421314e-04, -8.20350147e-03,  5.48855194e-04, -8.21391593e-03,
        5.59250175e-04, -8.22429140e-03,  5.69606063e-04, -8.24493316e-03,
        5.79891858e-04, -8.25519922e-03,  5.90138135e-04, -8.26542567e-03,
        6.00344703e-04, -8.28576803e-03,  6.10480412e-04, -8.29588370e-03,
        6.20575993e-04, -8.31600355e-03,  6.30600185e-04, -8.32600750e-03,
        6.40583837e-04, -8.33597081e-03,  6.50526760e-04, -8.35578460e-03,
        6.60397548e-04, -8.36563485e-03,  6.70227201e-04, -8.37544387e-03,
        6.80015535e-04, -8.39494774e-03,  6.89730998e-04, -8.40464237e-03,
        6.99404742e-04, -8.41429519e-03,  7.09036584e-04, -8.43348535e-03,
        7.18594833e-04, -8.44302248e-03,  7.28110786e-04, -8.45251722e-03,
        7.37584266e-04, -8.47138995e-03,  7.46983441e-04, -8.48076772e-03,
        7.56339754e-04, -8.49010254e-03,  7.65653031e-04, -8.50865416e-03,
        7.74891303e-04, -8.51787075e-03,  7.84086157e-04, -8.52704383e-03,
        7.93237421e-04, -8.54527262e-03,  8.02312986e-04, -8.55432623e-03,
        8.11344587e-04, -8.56333579e-03,  8.20332055e-04, -8.58125761e-03,
        8.29243071e-04, -8.59014640e-03,  8.38109585e-04, -8.59899060e-03,
        8.46931433e-04, -8.61660073e-03,  8.55676089e-04, -8.62532290e-03,
        8.64375717e-04, -8.63399995e-03,  8.73030154e-04, -8.65129375e-03,
        8.81606673e-04, -8.65984752e-03,  8.90137646e-04, -8.66835566e-03,
        8.98622914e-04, -8.68532854e-03,  9.07029551e-04, -8.69371414e-03,
        9.15390127e-04, -8.70205986e-03,  9.23704461e-04, -8.71870723e-03,
        9.31939464e-04, -8.72693933e-03,  9.40127836e-04, -8.73513066e-03,
        9.48269399e-04, -8.75144777e-03,  9.56330943e-04, -8.75952351e-03,
        9.64345295e-04, -8.76755757e-03,  9.72312284e-04, -8.78353977e-03,
        9.80198578e-04, -8.79145629e-03,  9.88037133e-04, -8.79933028e-03,
        9.95827777e-04, -8.80716146e-03,  1.00357034e-03, -8.82271239e-03,
        1.01123135e-03, -8.83042352e-03,  1.01884392e-03, -8.83809098e-03,
        1.02640788e-03, -8.85329652e-03,  1.03388964e-03, -8.86084204e-03,
        1.04132243e-03, -8.86834306e-03,  1.04870609e-03, -8.88319877e-03,
        1.05600692e-03, -8.89057598e-03,  1.06325828e-03, -8.89790785e-03,
        1.07045999e-03, -8.91240941e-03,  1.07757826e-03, -8.91961564e-03,
        1.08464656e-03, -8.92677572e-03,  1.09166471e-03, -8.93388940e-03,
        1.09863258e-03, -8.94793498e-03,  1.10551622e-03, -8.95492068e-03,
        1.11234924e-03, -8.96185917e-03,  1.11913149e-03, -8.97554091e-03,
        1.12582893e-03, -8.98234967e-03,  1.13247527e-03, -8.98911044e-03,
        1.13907038e-03, -8.99582299e-03,  1.14561409e-03, -9.00903634e-03,
        1.15207226e-03, -9.01561691e-03,  1.15847874e-03, -9.02214849e-03,
        1.16483336e-03, -9.03498875e-03,  1.17110190e-03, -9.04138668e-03,
        1.17731829e-03, -9.04773487e-03,  1.18348239e-03, -9.06019819e-03,
        1.18955987e-03, -9.06641107e-03,  1.19558476e-03, -9.07257349e-03,
        1.20155694e-03, -9.07868521e-03,  1.20747627e-03, -9.09066343e-03,
        1.21330830e-03, -9.09663776e-03,  1.21908720e-03, -9.10256069e-03,
        1.22481284e-03, -9.11415343e-03,  1.23045067e-03, -9.11993741e-03,
        1.23603497e-03, -9.12566929e-03,  1.24156561e-03, -9.13134886e-03,
        1.24704245e-03, -9.14244564e-03,  1.25243087e-03, -9.14798429e-03,
        1.25776524e-03, -9.15346997e-03,  1.26304544e-03, -9.16417323e-03,
        1.26823674e-03, -9.16951652e-03,  1.27337362e-03, -9.17480617e-03,
        1.27845595e-03, -9.18004199e-03,  1.28348362e-03, -9.19023911e-03,
        1.28842183e-03, -9.19533069e-03,  1.29330512e-03, -9.20036781e-03,
        1.29813341e-03, -9.21016392e-03,  1.30287180e-03, -9.21505543e-03,
        1.30755493e-03, -9.21989187e-03,  1.31218271e-03, -9.22928389e-03,
        1.31672019e-03, -9.23397338e-03,  1.32120208e-03, -9.23860722e-03,
        1.32562828e-03, -9.24318522e-03,  1.32999870e-03, -9.25205774e-03,
        1.33427830e-03, -9.25648713e-03,  1.33850190e-03, -9.26086012e-03,
        1.34266941e-03, -9.26932185e-03,  1.34674572e-03, -9.27354499e-03,
        1.35076573e-03, -9.27771119e-03,  1.35472934e-03, -9.28575941e-03,
        1.35860141e-03, -9.28977458e-03,  1.36241688e-03, -9.29373229e-03,
        1.36617568e-03, -9.30136438e-03,  1.36984259e-03, -9.30516993e-03,
        1.37345263e-03, -9.30891750e-03,  1.37700573e-03, -9.31613097e-03,
        1.38046661e-03, -9.31972529e-03,  1.38387037e-03, -9.32326116e-03,
        1.38721692e-03, -9.32673843e-03,  1.39050619e-03, -9.33341422e-03,
        1.39370285e-03, -9.33673689e-03,  1.39684207e-03, -9.34000051e-03,
        1.39992376e-03, -9.34625235e-03,  1.40291256e-03, -9.34936039e-03,
        1.40584369e-03, -9.35240895e-03,  1.40871707e-03, -9.35823470e-03,
        1.41149730e-03, -9.36112675e-03,  1.41421963e-03, -9.36395891e-03,
        1.41688400e-03, -9.36935658e-03,  1.41945498e-03, -9.37203136e-03,
        1.42196786e-03, -9.37464585e-03,  1.42442259e-03, -9.37961355e-03,
        1.42678368e-03, -9.38206983e-03,  1.42908649e-03, -9.38446547e-03,
        1.43133097e-03, -9.38900144e-03,  1.43348160e-03, -9.39123809e-03,
        1.43557379e-03, -9.39341375e-03,  1.43760746e-03, -9.39751634e-03,
        1.43954710e-03, -9.39953229e-03,  1.44142812e-03, -9.40148693e-03,
        1.44325049e-03, -9.40338019e-03,  1.44501416e-03, -9.40692708e-03,
        1.44668356e-03, -9.40865974e-03,  1.44829416e-03, -9.41033072e-03,
        1.44984592e-03, -9.41344091e-03,  1.45130326e-03, -9.41495070e-03,
        1.45270168e-03, -9.41639854e-03,  1.45404114e-03, -9.41907080e-03,
        1.45528604e-03, -9.42035689e-03,  1.45647190e-03, -9.42158080e-03,
        1.45759871e-03, -9.42381401e-03,  1.45863083e-03, -9.42487567e-03,
        1.45960383e-03, -9.42679106e-03,  1.46048207e-03, -9.42769015e-03,
        1.46130113e-03, -9.42852672e-03,  1.46206099e-03, -9.43000146e-03,
        1.46272600e-03, -9.43067506e-03,  1.46333176e-03, -9.43128595e-03,
        1.46387825e-03, -9.43231928e-03,  1.46432982e-03, -9.43276685e-03,
        1.46472209e-03, -9.43348094e-03,  1.46501941e-03, -9.43376497e-03,
        1.46525739e-03, -9.43398606e-03,  1.46543603e-03, -9.43425774e-03,
        1.46551967e-03, -9.43431503e-03,  1.46554395e-03, -9.43426691e-03,
        1.46547322e-03, -9.43416026e-03,  1.46534312e-03, -9.43399051e-03,
        1.46515363e-03, -9.43349933e-03,  1.46486913e-03, -9.43316548e-03,
        1.46452525e-03, -9.43235420e-03,  1.46408636e-03, -9.43185615e-03,
        1.46358809e-03, -9.43129493e-03,  1.46303046e-03, -9.43004033e-03,
        1.46237784e-03, -9.42931485e-03,  1.46166586e-03, -9.42774011e-03,
        1.46085893e-03, -9.42685035e-03,  1.45999267e-03, -9.42495552e-03,
        1.45903149e-03, -9.42390151e-03,  1.45801101e-03, -9.42168669e-03,
        1.45689566e-03, -9.42046847e-03,  1.45572104e-03, -9.41793380e-03,
        1.45445161e-03, -9.41655145e-03,  1.45312296e-03, -9.41369713e-03,
        1.45169956e-03, -9.41215074e-03,  1.45021700e-03, -9.40897701e-03,
        1.44863976e-03, -9.40726670e-03,  1.44700341e-03, -9.40377384e-03,
        1.44527248e-03, -9.40189978e-03,  1.44348250e-03, -9.39808811e-03,
        1.44159802e-03, -9.39605048e-03,  1.43965458e-03, -9.39192038e-03,
        1.43761674e-03, -9.38759443e-03,  1.43548457e-03, -9.38529297e-03,
        1.43329356e-03, -9.38064926e-03,  1.43100833e-03, -9.37818483e-03,
        1.42866436e-03, -9.37322384e-03,  1.42622629e-03, -9.37059673e-03,
        1.42372959e-03, -9.36531900e-03,  1.42113892e-03, -9.35984644e-03,
        1.41845438e-03, -9.35695708e-03,  1.41571136e-03, -9.35116869e-03,
        1.41287462e-03, -9.34518601e-03,  1.40994423e-03, -9.34203528e-03,
        1.40695556e-03, -9.33573782e-03,  1.40387342e-03, -9.32924668e-03,
        1.40069789e-03, -9.32583555e-03,  1.39746429e-03, -9.31903077e-03,
        1.39413749e-03, -9.31203297e-03,  1.39071759e-03, -9.30836255e-03,
        1.38723985e-03, -9.30105237e-03,  1.38366920e-03, -9.29354990e-03,
        1.38000575e-03, -9.28585543e-03,  1.37624963e-03, -9.28182872e-03,
        1.37243600e-03, -9.27382376e-03,  1.36852991e-03, -9.26562761e-03,
        1.36453148e-03, -9.25724058e-03,  1.36044083e-03, -9.25286006e-03,
        1.35629305e-03, -9.24416463e-03,  1.35205328e-03, -9.23527923e-03,
        1.34772168e-03, -9.22620418e-03,  1.34329837e-03, -9.21693985e-03,
        1.33878350e-03, -9.21211172e-03,  1.33421200e-03, -9.20254193e-03,
        1.32954920e-03, -9.19278385e-03,  1.32479524e-03, -9.18283786e-03,
        1.31995029e-03, -9.17270435e-03,  1.31501449e-03, -9.16238372e-03,
        1.30998801e-03, -9.15187637e-03,  1.30487101e-03, -9.14118270e-03,
        1.29966366e-03, -9.13030315e-03,  1.29436612e-03, -9.11923813e-03,
        1.28897856e-03, -9.10798809e-03,  1.28350117e-03, -9.09655347e-03,
        1.27793412e-03, -9.08493472e-03,  1.27227758e-03, -9.07313230e-03,
        1.26653174e-03, -9.06114667e-03,  1.26069680e-03, -9.04897831e-03,
        1.25477293e-03, -9.03662771e-03,  1.24876033e-03, -9.02409536e-03,
        1.24265920e-03, -9.01138174e-03,  1.23646974e-03, -8.99848738e-03,
        1.23019214e-03, -8.98541278e-03,  1.22382661e-03, -8.97215847e-03,
        1.21737336e-03, -8.95211023e-03,  1.21079877e-03, -8.93842823e-03,
        1.20413694e-03, -8.92456826e-03,  1.19738807e-03, -8.91053089e-03,
        1.19055240e-03, -8.89631666e-03,  1.18363014e-03, -8.87483871e-03,
        1.17658798e-03, -8.86020331e-03,  1.16945974e-03, -8.84539294e-03,
        1.16224566e-03, -8.82302668e-03,  1.15491263e-03, -8.80779941e-03,
        1.14749429e-03, -8.79239912e-03,  1.13999087e-03, -8.76915340e-03,
        1.13236949e-03, -8.75334067e-03,  1.12466359e-03, -8.72947991e-03,
        1.11684043e-03, -8.71325792e-03,  1.10893332e-03, -8.68878666e-03,
        1.10090968e-03, -8.67215869e-03,  1.09280267e-03, -8.64708158e-03,
        1.08457988e-03, -8.63005099e-03,  1.07627431e-03, -8.60437278e-03,
        1.06785372e-03, -8.57834604e-03,  1.05931855e-03, -8.56068468e-03,
        1.05070156e-03, -8.53406450e-03,  1.04197078e-03, -8.50710011e-03,
        1.03312667e-03, -8.47979311e-03,  1.02416968e-03, -8.45214512e-03,
        1.01510028e-03, -8.42415776e-03,  1.00591894e-03, -8.39583270e-03,
        9.96626136e-04, -8.37664690e-03,  9.87253972e-04, -8.33816116e-03,
        9.77739699e-04, -8.30883307e-03,  9.68115428e-04, -8.27917408e-03,
        9.58381658e-04, -8.24918595e-03,  9.48538894e-04, -8.21887045e-03,
        9.38587646e-04, -8.18822937e-03,  9.28528432e-04, -8.14698658e-03,
        9.18330985e-04, -8.11560573e-03,  9.08026737e-04, -8.07338093e-03,
        8.97585714e-04, -8.04126941e-03,  8.87039086e-04, -7.99807448e-03,
        8.76357173e-04, -7.96524159e-03,  8.65570876e-04, -7.92108871e-03,
        8.54650818e-04, -7.87640080e-03,  8.43597859e-04, -7.83118169e-03,
        8.32412866e-04, -7.78543524e-03,  8.21096721e-04, -7.73916535e-03,
        8.09650310e-04, -7.69237597e-03,  7.98074535e-04, -7.64507109e-03,
        7.86370303e-04, -7.58529489e-03,  7.74509865e-04, -7.53685508e-03,
        7.62523001e-04, -7.47566955e-03,  7.50382396e-04, -7.41371724e-03,
        7.38089420e-04, -7.35100556e-03,  7.25645462e-04, -7.28754197e-03,
        7.13051925e-04, -7.22333406e-03,  7.00310230e-04, -7.14536246e-03,
        6.87394803e-04, -7.06635201e-03,  6.74307645e-04, -6.98631541e-03,
        6.61050780e-04, -6.90526555e-03,  6.47626259e-04, -6.80947993e-03,
        6.34010416e-04, -6.71236116e-03,  6.20206032e-04, -6.61392965e-03,
        6.06215926e-04, -6.51420609e-03,  5.92042955e-04, -6.41321140e-03,
        5.77690010e-04, -6.29628231e-03,  5.63136214e-04, -6.17775825e-03,
        5.48385369e-04, -6.04256839e-03,  5.33418478e-04, -5.90545062e-03,
        5.18240418e-04, -5.76645035e-03,  5.02856137e-04, -5.59409244e-03,
        4.87228273e-04, -5.43509596e-03,  4.71384795e-04, -5.25774903e-03,
        4.55312125e-04, -5.07791607e-03,  4.39017943e-04, -4.87900317e-03,
        4.22491579e-04, -4.66042805e-03,  4.05724746e-04, -4.45594492e-03,
        3.88745316e-04, -4.26630941e-03,  3.71578963e-04, -4.07466463e-03,
        3.54233881e-04, -3.86340558e-03,  3.36703721e-04, -3.63209819e-03,
        3.18984631e-04, -3.36223584e-03,  3.01062770e-04, -3.10772893e-03,
        2.82965484e-04, -2.83241817e-03,  2.64695838e-04, -2.53602834e-03,
        2.46260161e-04, -2.25589525e-03,  2.27685195e-04, -1.97380233e-03,
        2.08987141e-04, -1.68999619e-03,  1.90182300e-04, -1.38563746e-03,
        1.71281794e-04, -1.07991263e-03,  1.52304324e-04, -7.73124640e-04,
        1.33268662e-04, -4.65577316e-04,  1.14193635e-04, -1.57575068e-04,
        9.50981000e-05,  1.69866504e-04,  7.60015369e-05,  4.77845371e-04,
        5.69233741e-05,  8.04578032e-04,  3.78854602e-05,  1.11124030e-03,
        1.89047556e-05,  1.41679993e-03,  0.00000000e+00])
 message: 'Optimization terminated successfully'
    nfev: 8
     nit: 2
    njev: 2
  status: 0
 success: True
       x: array([0.15897744, 0.00096706, 0.00579969, 0.00096706, 0.00676636,
       0.00096707, 0.00483302, 0.00096707, 0.00579969, 0.00096708,
       0.00579969, 0.00096708, 0.00483301, 0.00096709, 0.00483301,
       0.00096709, 0.00483301, 0.0009671 , 0.00483301, 0.0009671 ,
       0.00386634, 0.0009671 , 0.00483301, 0.00096711, 0.00386634,
       0.00096711, 0.00483301, 0.00096711, 0.00386634, 0.00096712,
       0.00386633, 0.00096712, 0.00386633, 0.00096712, 0.00386633,
       0.00096712, 0.00386633, 0.00096713, 0.00386633, 0.00096713,
       0.00289966, 0.00096713, 0.00386633, 0.00096713, 0.00386633,
       0.00096714, 0.00289966, 0.00096714, 0.00386633, 0.00096714,
       0.00289966, 0.00096714, 0.00289966, 0.00096714, 0.00386633,
       0.00096715, 0.00289965, 0.00096715, 0.00289965, 0.00096715,
       0.00289965, 0.00096715, 0.00289965, 0.00096715, 0.00289965,
       0.00096715, 0.00289965, 0.00096716, 0.00289965, 0.00096716,
       0.00289965, 0.00096716, 0.00289965, 0.00096716, 0.00289965,
       0.00096716, 0.00289965, 0.00096716, 0.00193298, 0.00096716,
       0.00289965, 0.00096716, 0.00289965, 0.00096717, 0.00289965,
       0.00096717, 0.00193297, 0.00096717, 0.00289965, 0.00096717,
       0.00193297, 0.00096717, 0.00289965, 0.00096717, 0.00193297,
       0.00096717, 0.00289965, 0.00096717, 0.00193297, 0.00096717,
       0.00289964, 0.00096717, 0.00193297, 0.00096717, 0.00289964,
       0.00096717, 0.00193297, 0.00096718, 0.00193297, 0.00096718,
       0.00289964, 0.00096718, 0.00193297, 0.00096718, 0.00193297,
       0.00096718, 0.00193297, 0.00096718, 0.00289964, 0.00096718,
       0.00193297, 0.00096718, 0.00193297, 0.00096718, 0.00193297,
       0.00096718, 0.00193297, 0.00096718, 0.00289964, 0.00096718,
       0.00193297, 0.00096718, 0.00193297, 0.00096718, 0.00193297,
       0.00096718, 0.00193297, 0.00096718, 0.00193297, 0.00096718,
       0.00193297, 0.00096718, 0.00193297, 0.00096718, 0.00193297,
       0.00096718, 0.00193297, 0.00096718, 0.00193297, 0.00096718,
       0.00193297, 0.00096718, 0.00193297, 0.00096718, 0.00193297,
       0.00096718, 0.00193297, 0.00096718, 0.00193297, 0.00096718,
       0.00193297, 0.00096718, 0.00193297, 0.00096718, 0.0009663 ,
       0.00096718, 0.00193297, 0.00096718, 0.00193297, 0.00096718,
       0.00193297, 0.00096718, 0.00193297, 0.00096718, 0.00193297,
       0.00096718, 0.0009663 , 0.00096718, 0.00193297, 0.00096718,
       0.00193297, 0.00096718, 0.00193297, 0.00096718, 0.00193297,
       0.00096718, 0.0009663 , 0.00096718, 0.00193297, 0.00096718,
       0.00193297, 0.00096718, 0.00193297, 0.00096718, 0.0009663 ,
       0.00096718, 0.00193297, 0.00096718, 0.00193297, 0.00096718,
       0.0009663 , 0.00096718, 0.00193297, 0.00096718, 0.00193297,
       0.00096718, 0.0009663 , 0.00096718, 0.00193297, 0.00096718,
       0.00193297, 0.00096718, 0.0009663 , 0.00096718, 0.00193297,
       0.00096718, 0.00193297, 0.00096717, 0.0009663 , 0.00096717,
       0.00193297, 0.00096717, 0.0009663 , 0.00096717, 0.00193297,
       0.00096717, 0.00193297, 0.00096717, 0.0009663 , 0.00096717,
       0.00193297, 0.00096717, 0.0009663 , 0.00096717, 0.00193298,
       0.00096717, 0.0009663 , 0.00096717, 0.00193298, 0.00096717,
       0.0009663 , 0.00096717, 0.00193298, 0.00096717, 0.00096631,
       0.00096717, 0.00193298, 0.00096717, 0.00096631, 0.00096717,
       0.00193298, 0.00096716, 0.00096631, 0.00096716, 0.00193298,
       0.00096716, 0.00096631, 0.00096716, 0.00193298, 0.00096716,
       0.00096631, 0.00096716, 0.00193298, 0.00096716, 0.00096631,
       0.00096716, 0.00193298, 0.00096716, 0.00096631, 0.00096716,
       0.00193298, 0.00096716, 0.00096631, 0.00096716, 0.00096631,
       0.00096716, 0.00193299, 0.00096715, 0.00096631, 0.00096715,
       0.00193299, 0.00096715, 0.00096632, 0.00096715, 0.00193299,
       0.00096715, 0.00096632, 0.00096715, 0.00096632, 0.00096715,
       0.00193299, 0.00096715, 0.00096632, 0.00096715, 0.00193299,
       0.00096715, 0.00096632, 0.00096715, 0.00096632, 0.00096714,
       0.00193299, 0.00096714, 0.00096632, 0.00096714, 0.00096632,
       0.00096714, 0.001933  , 0.00096714, 0.00096632, 0.00096714,
       0.00096632, 0.00096714, 0.001933  , 0.00096714, 0.00096633,
       0.00096714, 0.001933  , 0.00096714, 0.00096633, 0.00096713,
       0.00096633, 0.00096713, 0.001933  , 0.00096713, 0.00096633,
       0.00096713, 0.00096633, 0.00096713, 0.001933  , 0.00096713,
       0.00096633, 0.00096713, 0.00096633, 0.00096713, 0.00193301,
       0.00096713, 0.00096634, 0.00096712, 0.00096634, 0.00096712,
       0.00193301, 0.00096712, 0.00096634, 0.00096712, 0.00096634,
       0.00096712, 0.00193301, 0.00096712, 0.00096634, 0.00096712,
       0.00096634, 0.00096712, 0.00193322, 0.00096711, 0.00096634,
       0.00096711, 0.00096634, 0.00096711, 0.00193556, 0.00096711,
       0.00096635, 0.00096711, 0.00096635, 0.00096711, 0.00193788,
       0.00096711, 0.00096635, 0.00096711, 0.00096635, 0.0009671 ,
       0.00194016, 0.0009671 , 0.00096635, 0.0009671 , 0.00096635,
       0.0009671 , 0.00194241, 0.0009671 , 0.00096659, 0.0009671 ,
       0.00096732, 0.0009671 , 0.00194462, 0.00096709, 0.00096879,
       0.00096709, 0.00096952, 0.00096709, 0.0019468 , 0.00096709,
       0.00097096, 0.00096709, 0.00097168, 0.00096709, 0.00194895,
       0.00096709, 0.0009731 , 0.00096709, 0.0009738 , 0.00096708,
       0.00097451, 0.00096708, 0.00195177, 0.00096708, 0.0009759 ,
       0.00096708, 0.00097659, 0.00096708, 0.00195384, 0.00096708,
       0.00097796, 0.00096708, 0.00097863, 0.00096707, 0.00195587,
       0.00096707, 0.00097998, 0.00096707, 0.00098065, 0.00096707,
       0.00195787, 0.00096707, 0.00098197, 0.00096707, 0.00098262,
       0.00096707, 0.00098327, 0.00096706, 0.00196049, 0.00096706,
       0.00098457, 0.00096706, 0.0009852 , 0.00096706, 0.0019624 ,
       0.00096706, 0.00098647, 0.00096706, 0.0009871 , 0.00096706,
       0.00098772, 0.00096705, 0.00196491, 0.00096705, 0.00098896,
       0.00096705, 0.00098957, 0.00096705, 0.00196674, 0.00096705,
       0.00099078, 0.00096705, 0.00099138, 0.00096704, 0.00196854,
       0.00096704, 0.00099256, 0.00096704, 0.00099315, 0.00096704,
       0.00099373, 0.00096704, 0.00197087, 0.00096704, 0.00099488,
       0.00096703, 0.00099545, 0.00096703, 0.00197258, 0.00096703,
       0.00099658, 0.00096703, 0.00099714, 0.00096703, 0.00099769,
       0.00096703, 0.0019748 , 0.00096702, 0.00099879, 0.00096702,
       0.00099933, 0.00096702, 0.00197643, 0.00096702, 0.00100039,
       0.00096702, 0.00100092, 0.00096702, 0.00100145, 0.00096701,
       0.00197853, 0.00096701, 0.00100248, 0.00096701, 0.00100299,
       0.00096701, 0.00198006, 0.00096701, 0.001004  , 0.00096701,
       0.00100449, 0.000967  , 0.00198155, 0.000967  , 0.00100547,
       0.000967  , 0.00100596, 0.000967  , 0.00100644, 0.000967  ,
       0.00198348, 0.00096699, 0.00100738, 0.00096699, 0.00100785,
       0.00096699, 0.00198487, 0.00096699, 0.00100877, 0.00096699,
       0.00100922, 0.00096699, 0.00198623, 0.00096698, 0.00101011,
       0.00096698, 0.00101055, 0.00096698, 0.00198755, 0.00096698,
       0.00101141, 0.00096697, 0.00101184, 0.00096697, 0.00198882,
       0.00096697, 0.00101267, 0.00096697, 0.00101308, 0.00096697,
       0.00101349, 0.00096697, 0.00199046, 0.00096696, 0.00101429,
       0.00096696, 0.00101468, 0.00096696, 0.00199163, 0.00096696,
       0.00101545, 0.00096695, 0.00101583, 0.00096695, 0.00199277,
       0.00096695, 0.00101657, 0.00096695, 0.00101694, 0.00096695,
       0.00199386, 0.00096694, 0.00101765, 0.00096694, 0.001018  ,
       0.00096694, 0.00199491, 0.00096694, 0.00101869, 0.00096693,
       0.00101902, 0.00096693, 0.00199592, 0.00096693, 0.00101968,
       0.00096693, 0.00102   , 0.00096693, 0.00199688, 0.00096692,
       0.00102063, 0.00096692, 0.00102093, 0.00096692, 0.00102124,
       0.00096692, 0.0019981 , 0.00096691, 0.00102183, 0.00096691,
       0.00102211, 0.00096691, 0.00199896, 0.00096691, 0.00102268,
       0.0009669 , 0.00102295, 0.0009669 , 0.00199978, 0.0009669 ,
       0.00102348, 0.0009669 , 0.00102374, 0.0009669 , 0.00200056,
       0.00096689, 0.00102424, 0.00096689, 0.00200105, 0.00096689,
       0.00102472, 0.00096688, 0.00102495, 0.00096688, 0.00200175,
       0.00096688, 0.00102541, 0.00096688, 0.00102562, 0.00096687,
       0.0020024 , 0.00096687, 0.00102604, 0.00096687, 0.00200281,
       0.00096687, 0.00102644, 0.00096686, 0.00102664, 0.00096686,
       0.00200339, 0.00096686, 0.00102701, 0.00096686, 0.00200375,
       0.00096685, 0.00102735, 0.00096685, 0.00102752, 0.00096685,
       0.00200424, 0.00096684, 0.00102784, 0.00096684, 0.00200455,
       0.00096684, 0.00102813, 0.00096684, 0.00102827, 0.00096683,
       0.00200497, 0.00096683, 0.00102854, 0.00096683, 0.00200523,
       0.00096682, 0.00102878, 0.00096682, 0.00200546, 0.00096682,
       0.001029  , 0.00096681, 0.00200567, 0.00096681, 0.0010292 ,
       0.00096681, 0.00200586, 0.0009668 , 0.00102938, 0.0009668 ,
       0.00200602, 0.0009668 , 0.00102954, 0.0009668 , 0.00200617,
       0.00096679, 0.00102967, 0.00096679, 0.00200629, 0.00096678,
       0.00102978, 0.00096678, 0.00200639, 0.00096678, 0.00102987,
       0.00096678, 0.00200647, 0.00096677, 0.0020065 , 0.00096677,
       0.00102996, 0.00096676, 0.00200654, 0.00096676, 0.00102999,
       0.00096676, 0.00200656, 0.00096675, 0.00103   , 0.00096675,
       0.00200656, 0.00096675, 0.00200655, 0.00096674, 0.00102997,
       0.00096674, 0.00200651, 0.00096674, 0.00200648, 0.00096673,
       0.00102988, 0.00096673, 0.00200641, 0.00096672, 0.00200636,
       0.00096672, 0.00102975, 0.00096672, 0.00200625, 0.00096671,
       0.00200619, 0.00096671, 0.00102955, 0.00096671, 0.00200604,
       0.0009667 , 0.00200596, 0.0009667 , 0.00200587, 0.00096669,
       0.00102921, 0.00096669, 0.00200567, 0.00096668, 0.00200557,
       0.00096668, 0.00200545, 0.00096668, 0.00102877, 0.00096667,
       0.00200521, 0.00096667, 0.00200508, 0.00096666, 0.00200494,
       0.00096666, 0.00200479, 0.00096665, 0.00102808, 0.00096665,
       0.00200448, 0.00096665, 0.00200432, 0.00096664, 0.00200415,
       0.00096664, 0.00200397, 0.00096663, 0.00200379, 0.00096663,
       0.0020036 , 0.00096662, 0.0020034 , 0.00096662, 0.0020032 ,
       0.00096661, 0.00200298, 0.00096661, 0.00200277, 0.0009666 ,
       0.00200254, 0.0009666 , 0.00200231, 0.00096659, 0.00200207,
       0.00096659, 0.00200183, 0.00096658, 0.00200157, 0.00096658,
       0.00200131, 0.00096657, 0.00200105, 0.00096657, 0.00200078,
       0.00096656, 0.0020005 , 0.00096656, 0.00200021, 0.00096656,
       0.00199992, 0.00096655, 0.00297618, 0.00096654, 0.00199931,
       0.00096654, 0.00199899, 0.00096653, 0.00199867, 0.00096653,
       0.00199834, 0.00096652, 0.00297457, 0.00096652, 0.00199766,
       0.00096651, 0.00199731, 0.00096651, 0.00297351, 0.0009665 ,
       0.00199658, 0.00096649, 0.00199621, 0.00096649, 0.00297239,
       0.00096648, 0.00199544, 0.00096648, 0.0029716 , 0.00096647,
       0.00199463, 0.00096647, 0.00297078, 0.00096646, 0.0019938 ,
       0.00096645, 0.00296993, 0.00096645, 0.00199293, 0.00096644,
       0.00296905, 0.00096643, 0.00296859, 0.00096643, 0.00199157,
       0.00096642, 0.00296766, 0.00096641, 0.00296718, 0.00096641,
       0.0029667 , 0.0009664 , 0.0029662 , 0.00096639, 0.00296569,
       0.00096639, 0.00296518, 0.00096638, 0.00198809, 0.00096637,
       0.00394069, 0.00096636, 0.00296358, 0.00096636, 0.00296303,
       0.00096635, 0.00296247, 0.00096634, 0.00296191, 0.00096634,
       0.00296133, 0.00096633, 0.0039373 , 0.00096632, 0.00296014,
       0.00096631, 0.0039361 , 0.0009663 , 0.00295892, 0.0009663 ,
       0.00393486, 0.00096629, 0.00295766, 0.00096628, 0.00393357,
       0.00096627, 0.00393292, 0.00096626, 0.00393225, 0.00096625,
       0.00393157, 0.00096624, 0.00393088, 0.00096623, 0.00393018,
       0.00096623, 0.00392947, 0.00096622, 0.00490531, 0.00096621,
       0.00392801, 0.0009662 , 0.00490383, 0.00096619, 0.00490307,
       0.00096617, 0.00490229, 0.00096616, 0.00490151, 0.00096615,
       0.00490071, 0.00096614, 0.00587646, 0.00096613, 0.00587564,
       0.00096612, 0.00587479, 0.00096611, 0.00587394, 0.00096609,
       0.00684963, 0.00096608, 0.00684874, 0.00096606, 0.00684784,
       0.00096605, 0.00684692, 0.00096604, 0.00684598, 0.00096602,
       0.00782159, 0.00096601, 0.00782062, 0.00096599, 0.0087962 ,
       0.00096598, 0.00879519, 0.00096596, 0.00879416, 0.00096594,
       0.01074624, 0.00096592, 0.00976861, 0.00096591, 0.01074409,
       0.00096589, 0.01074298, 0.00096587, 0.01171841, 0.00096585,
       0.01269382, 0.00096583, 0.01171608, 0.00096583, 0.01073832,
       0.00096583, 0.0107371 , 0.00096583, 0.01171243, 0.00096583,
       0.01268774, 0.00096583, 0.01463959, 0.00096583, 0.01366173,
       0.00096583, 0.01463698, 0.00096583, 0.01561221, 0.00096583,
       0.0146343 , 0.00096583, 0.01463293, 0.00096583, 0.01463154,
       0.00096583, 0.01560671, 0.00096583, 0.01560529, 0.00096583,
       0.01560386, 0.00096583, 0.01560243, 0.00096583, 0.01560098,
       0.00096583, 0.01657608, 0.00096583, 0.01559806, 0.00096583,
       0.01657315, 0.00096583, 0.01559511, 0.00096583, 0.01559363,
       0.00096583, 0.00875622])
switching time points [0.15897744 0.1599445  0.16574419 0.16671126 0.17347762 0.17444469
 0.1792777  0.18024478 0.18604447 0.18701154 0.19281123 0.19377832
 0.19861133 0.19957842 0.20441143 0.20537852 0.21021154 0.21117863
 0.21601164 0.21697874 0.22084508 0.22181218 0.22664519 0.2276123
 0.23147864 0.23244575 0.23727875 0.23824587 0.2421122  0.24307932
 0.24694565 0.24791277 0.25177911 0.25274623 0.25661256 0.25757968
 0.26144602 0.26241314 0.26627947 0.2672466  0.27014626 0.27111339
 0.27497972 0.27594686 0.27981319 0.28078032 0.28367998 0.28464712
 0.28851345 0.28948059 0.29238024 0.29334739 0.29624704 0.29721418
 0.30108051 0.30204766 0.30494731 0.30591446 0.30881411 0.30978126
 0.31268092 0.31364807 0.31654772 0.31751487 0.32041452 0.32138168
 0.32428133 0.32524848 0.32814813 0.32911529 0.33201494 0.3329821
 0.33588175 0.33684891 0.33974856 0.34071572 0.34361537 0.34458253
 0.34651551 0.34748267 0.35038232 0.35134948 0.35424913 0.3552163
 0.35811594 0.35908311 0.36101608 0.36198325 0.3648829  0.36585007
 0.36778304 0.36875021 0.37164986 0.37261703 0.37455    0.37551717
 0.37841682 0.37938399 0.38131696 0.38228413 0.38518378 0.38615095
 0.38808392 0.3890511  0.39195074 0.39291792 0.39485089 0.39581806
 0.39775103 0.39871821 0.40161785 0.40258503 0.404518   0.40548518
 0.40741815 0.40838533 0.4103183  0.41128547 0.41418512 0.4151523
 0.41708527 0.41805244 0.41998541 0.42095259 0.42288556 0.42385274
 0.42578571 0.42675289 0.42965253 0.43061971 0.43255268 0.43351986
 0.43545283 0.43642001 0.43835298 0.43932016 0.44125313 0.44222031
 0.44415328 0.44512046 0.44705343 0.44802061 0.44995358 0.45092076
 0.45285373 0.45382092 0.45575388 0.45672107 0.45865403 0.45962122
 0.46155418 0.46252137 0.46445434 0.46542152 0.46735449 0.46832167
 0.47025464 0.47122182 0.47315479 0.47412197 0.47605494 0.47702212
 0.47895509 0.47992227 0.48088857 0.48185575 0.48378872 0.4847559
 0.48668887 0.48765605 0.48958902 0.4905562  0.49248917 0.49345635
 0.49538932 0.4963565  0.4973228  0.49828998 0.50022295 0.50119013
 0.5031231  0.50409028 0.50602325 0.50699043 0.5089234  0.50989058
 0.51085687 0.51182406 0.51375702 0.5147242  0.51665717 0.51762435
 0.51955732 0.5205245  0.5214908  0.52245798 0.52439095 0.52535813
 0.5272911  0.52825828 0.52922458 0.53019175 0.53212472 0.5330919
 0.53502487 0.53599205 0.53695835 0.53792553 0.5398585  0.54082567
 0.54275865 0.54372582 0.54469212 0.5456593  0.54759227 0.54855944
 0.55049242 0.55145959 0.55242589 0.55339307 0.55532604 0.55629321
 0.55725951 0.55822669 0.56015966 0.56112683 0.56305981 0.56402698
 0.56499328 0.56596045 0.56789343 0.5688606  0.5698269  0.57079407
 0.57272705 0.57369422 0.57466052 0.57562769 0.57756067 0.57852784
 0.57949414 0.58046131 0.58239429 0.58336145 0.58432776 0.58529492
 0.5872279  0.58819507 0.58916137 0.59012854 0.59206152 0.59302868
 0.59399499 0.59496215 0.59689513 0.5978623  0.59882861 0.59979577
 0.60172875 0.60269591 0.60366222 0.60462938 0.60656236 0.60752952
 0.60849583 0.60946299 0.61139598 0.61236313 0.61332944 0.6142966
 0.61622959 0.61719674 0.61816306 0.61913021 0.62009652 0.62106368
 0.62299667 0.62396382 0.62493013 0.62589729 0.62783028 0.62879743
 0.62976374 0.6307309  0.63266388 0.63363103 0.63459735 0.6355645
 0.63653082 0.63749797 0.63943096 0.64039811 0.64136442 0.64233157
 0.64426456 0.64523171 0.64619803 0.64716517 0.64813149 0.64909864
 0.65103163 0.65199878 0.6529651  0.65393224 0.65489856 0.65586571
 0.6577987  0.65876584 0.65973217 0.66069931 0.66166563 0.66263277
 0.66456577 0.6655329  0.66649923 0.66746637 0.66939937 0.6703665
 0.67133283 0.67229996 0.67326629 0.67423343 0.67616643 0.67713356
 0.67809989 0.67906702 0.68003335 0.68100048 0.68293349 0.68390062
 0.68486695 0.68583408 0.68680041 0.68776754 0.68970054 0.69066767
 0.691634   0.69260113 0.69356747 0.69453459 0.6964676  0.69743472
 0.69840106 0.69936818 0.70033452 0.70130164 0.70323465 0.70420177
 0.70516811 0.70613523 0.70710157 0.70806868 0.7100019  0.71096902
 0.71193536 0.71290247 0.71386882 0.71483593 0.71677149 0.7177386
 0.71870495 0.71967206 0.72063841 0.72160552 0.72354339 0.7245105
 0.72547685 0.72644395 0.7274103  0.72837741 0.73031757 0.73128467
 0.73225102 0.73321812 0.73418448 0.73515158 0.73709398 0.73806108
 0.73902767 0.73999477 0.74096209 0.74192919 0.74387381 0.7448409
 0.74580969 0.74677679 0.7477463  0.7487134  0.7506602  0.75162729
 0.75259825 0.75356534 0.75453702 0.75550411 0.75745306 0.75842015
 0.75939325 0.76036033 0.76133414 0.76230122 0.76327573 0.76424281
 0.76619458 0.76716166 0.76813755 0.76910463 0.77008122 0.7710483
 0.77300214 0.77396922 0.77494717 0.77591425 0.77689288 0.77785996
 0.77981583 0.7807829  0.78176288 0.78272995 0.7837106  0.78467767
 0.78663554 0.78760261 0.78858458 0.78955165 0.79053427 0.79150134
 0.79248461 0.79345167 0.79541216 0.79637922 0.79736379 0.79833085
 0.79931605 0.80028311 0.80224552 0.80321257 0.80419905 0.8051661
 0.8061532  0.80712026 0.80810798 0.80907503 0.81103994 0.81200699
 0.81299595 0.813963   0.81495257 0.81591962 0.81788636 0.8188534
 0.81984418 0.82081123 0.82180261 0.82276965 0.82473819 0.82570523
 0.82669779 0.82766483 0.82865798 0.82962502 0.83061875 0.83158579
 0.83355667 0.8345237  0.83551859 0.83648562 0.83748108 0.83844811
 0.84042069 0.84138772 0.8423843  0.84335133 0.84434847 0.8453155
 0.84631319 0.84728022 0.84925502 0.85022205 0.85122084 0.85218786
 0.85318718 0.85415421 0.85613063 0.85709765 0.85809805 0.85906506
 0.86006598 0.861033   0.86203445 0.86300146 0.86497999 0.865947
 0.86694948 0.86791649 0.86891948 0.86988649 0.87186655 0.87283356
 0.87383755 0.87480456 0.87580905 0.87677606 0.87875761 0.87972461
 0.88073008 0.88169708 0.88270304 0.88367004 0.88467647 0.88564347
 0.88762695 0.88859394 0.88960133 0.89056832 0.89157617 0.89254316
 0.89452803 0.89549502 0.89650379 0.89747078 0.89848    0.89944698
 0.90143321 0.90240019 0.90341031 0.90437729 0.90538784 0.90635481
 0.90834236 0.90930934 0.91032075 0.91128773 0.91229956 0.91326654
 0.91525536 0.91622233 0.917235   0.91820197 0.91921505 0.92018202
 0.92119551 0.92216247 0.92415293 0.92511989 0.92613418 0.92710114
 0.92811582 0.92908278 0.93107441 0.93204137 0.93305682 0.93402378
 0.93503961 0.93600656 0.93799933 0.93896628 0.93998285 0.9409498
 0.94196674 0.94293369 0.94492755 0.94589449 0.94691214 0.94787908
 0.94889709 0.94986403 0.95185894 0.95282587 0.95384456 0.95481149
 0.95583052 0.95679745 0.95879337 0.9597603  0.96077998 0.9617469
 0.9627669  0.96373383 0.96573071 0.96669763 0.96771826 0.96868518
 0.96970612 0.97067303 0.97169427 0.97266119 0.97465929 0.9756262
 0.97664803 0.97761494 0.97863705 0.97960396 0.98160293 0.98256983
 0.98359251 0.98455941 0.98558236 0.98654927 0.98854905 0.98951595
 0.99053943 0.99150632 0.99253006 0.99349696 0.99549751 0.99646441
 0.99748865 0.99845554 1.00045659 1.00142347 1.00244819 1.00341508
 1.00444003 1.00540692 1.00740866 1.00837554 1.00940095 1.01036782
 1.01139345 1.01236032 1.01436272 1.01532959 1.01635564 1.01732251
 1.01932532 1.02029218 1.02131863 1.02228549 1.02331212 1.02427899
 1.02628237 1.02724923 1.02827624 1.02924309 1.03124684 1.03221369
 1.03324104 1.03420789 1.03523541 1.03620226 1.0382065  1.03917335
 1.04020118 1.04116802 1.04317257 1.04413941 1.04516754 1.04613438
 1.04716265 1.04812949 1.05013446 1.05110129 1.05212983 1.05309665
 1.05510188 1.0560687  1.05709748 1.0580643  1.06006976 1.06103658
 1.06206558 1.0630324  1.06503807 1.06600488 1.06703408 1.06800089
 1.07000675 1.07097355 1.07200293 1.07296973 1.07497576 1.07594255
 1.07697209 1.07793888 1.07994505 1.08091184 1.08194151 1.0829083
 1.08491459 1.08588138 1.08691116 1.08787794 1.08988433 1.09085111
 1.09188098 1.09284775 1.09485422 1.09582099 1.09782749 1.09879426
 1.09982422 1.10079098 1.10279752 1.10376429 1.10479428 1.10576103
 1.10776759 1.10873435 1.10976435 1.1107311  1.11273766 1.1137044
 1.11571095 1.11667769 1.11770766 1.1186744  1.12068091 1.12164765
 1.12365413 1.12462086 1.12565075 1.12661748 1.12862388 1.12959061
 1.13159697 1.13256369 1.13359344 1.13456015 1.1365664  1.13753312
 1.13953931 1.14050601 1.14153557 1.14250227 1.14450831 1.14547502
 1.14748097 1.14844767 1.15045354 1.15142023 1.15244945 1.15341614
 1.15542181 1.15638849 1.15839406 1.15936074 1.1613662  1.16233287
 1.16336164 1.16432832 1.16633352 1.16730019 1.16930527 1.17027193
 1.17227687 1.17324353 1.17524832 1.17621498 1.17724305 1.17820971
 1.18021419 1.18118084 1.18318516 1.1841518  1.18615595 1.18712259
 1.18912656 1.19009319 1.19209698 1.19306361 1.19506721 1.19603383
 1.19803723 1.19900385 1.20100704 1.20197366 1.20397664 1.20494325
 1.20694602 1.20791262 1.20991516 1.21088176 1.21288407 1.21385067
 1.21585274 1.21681933 1.21882115 1.21978774 1.22178931 1.22275589
 1.2247572  1.22572378 1.22772483 1.2286914  1.23069217 1.23165874
 1.23365924 1.2346258  1.23662601 1.23759256 1.23959248 1.24055903
 1.24353521 1.24450175 1.24650106 1.2474676  1.24946659 1.25043313
 1.2524318  1.25339833 1.25539667 1.25636319 1.25933776 1.26030428
 1.26230194 1.26326845 1.26526576 1.26623226 1.26920578 1.27017228
 1.27216886 1.27313535 1.27513156 1.27609805 1.27907044 1.28003692
 1.28203236 1.28299883 1.28597043 1.2869369  1.28893154 1.289898
 1.29286878 1.29383524 1.29582904 1.29679549 1.29976542 1.30073187
 1.3027248  1.30369124 1.30666028 1.30762672 1.31059531 1.31156174
 1.31355331 1.31451973 1.31748739 1.3184538  1.32142099 1.32238739
 1.32535409 1.32632049 1.32928669 1.33025308 1.33321878 1.33418516
 1.33715034 1.33811672 1.34010481 1.34107118 1.34501187 1.34597824
 1.34894182 1.34990818 1.35287121 1.35383756 1.35680003 1.35776637
 1.36072828 1.36169462 1.36465594 1.36562227 1.36955958 1.3705259
 1.37348604 1.37445235 1.37838845 1.37935476 1.38231368 1.38327997
 1.38721483 1.38818112 1.39113878 1.39210506 1.39603863 1.3970049
 1.40093782 1.40190408 1.40583633 1.40680258 1.41073415 1.4117004
 1.41563128 1.41659751 1.42052769 1.42149392 1.42542338 1.4263896
 1.43129491 1.43226111 1.43618912 1.43715532 1.44205915 1.44302533
 1.4479284  1.44889457 1.45379687 1.45476303 1.45966454 1.46063069
 1.4655314  1.46649754 1.472374   1.47334013 1.47921577 1.48018189
 1.48605668 1.48702279 1.49289673 1.49386282 1.50071245 1.50167853
 1.50852727 1.50949334 1.51634118 1.51730723 1.52415415 1.52512018
 1.53196617 1.53293219 1.54075379 1.54171979 1.54954042 1.55050641
 1.55930261 1.56026858 1.56906378 1.57002974 1.5788239  1.57978984
 1.59053609 1.59150201 1.60127062 1.60223653 1.61298062 1.61394651
 1.62468948 1.62565536 1.63737376 1.63833962 1.65103343 1.65199927
 1.66371534 1.66468117 1.67541949 1.67638532 1.68712242 1.68808825
 1.69980069 1.70076652 1.71345425 1.71442009 1.72905968 1.73002551
 1.74368724 1.74465307 1.75929006 1.76025589 1.7758681  1.77683393
 1.79146823 1.79243406 1.80706699 1.80803282 1.82266436 1.82363019
 1.83923689 1.84020272 1.85580801 1.85677384 1.87237771 1.87334354
 1.88894596 1.88991179 1.90551277 1.9064786  1.92305468 1.92402051
 1.93961857 1.9405844  1.95715755 1.95812338 1.97371849 1.97468432
 1.99027795 1.99124378]total tv norm 1956.0
initial file ../result/control/ADMM/EnergyADMM2_evotime2.0_n_ts2048_ptypeWARM_offset0.5_penalty0.01_ADMM_50.0_iter50_instance0.csv

computational time of retrieving switches 1166.2387008330002
computational time of optimization 5.519694667000067
total computational time 1171.7584285829998
tv norm 1956.0
