total tv norm 134.0
initial file ../result/control/ADMM/EnergyADMM2_evotime2.0_n_ts128_ptypeWARM_offset0.5_penalty0.01_ADMM_10.0_iter50_instance0.csv
difference -4.131857416711515e-05
summation of all the changes of all the controllers 0.14802569897284668
maximum summation change of all the controllers 0.003251033287433369
objective function before optimization -0.9999620869435855
TV regularizer before optimization 138
     fun: -0.9999999772815289
     jac: array([-7.49400542e-16, -3.61355415e-04,  5.63923187e-05, -3.74681523e-04,
        9.38468892e-05, -3.86309178e-04,  1.26028854e-04, -3.96096529e-04,
        1.52534310e-04, -4.03925455e-04,  1.73030959e-04, -4.09702883e-04,
        1.82697393e-04, -4.13542657e-04,  1.88446908e-04, -4.15418376e-04,
        1.90234451e-04, -4.15318772e-04,  1.89231122e-04, -4.13429849e-04,
        1.83447109e-04, -4.09581481e-04,  1.73739742e-04, -4.03803259e-04,
        1.67028035e-04, -3.96298312e-04,  1.50030592e-04, -3.86953349e-04,
        1.39751832e-04, -3.75971059e-04,  1.15870759e-04, -3.63286871e-04,
        8.86504604e-05, -3.48999718e-04,  7.34654953e-05, -3.33284252e-04,
        4.03255136e-05, -3.16170465e-04,  4.49315987e-06, -2.97792109e-04,
       -1.47004737e-05, -2.78268503e-04, -5.51436184e-05, -2.57739250e-04,
       -9.74587612e-05, -2.36364843e-04, -1.19518732e-04, -2.14185102e-04,
       -1.64870393e-04, -1.91457637e-04, -2.11150287e-04, -1.68359896e-04,
       -2.34760824e-04, -1.44832673e-04, -2.82334395e-04, -1.21252953e-04,
       -3.29827026e-04, -9.78043710e-05, -3.99786279e-04, -7.50460124e-05,
       -4.67219320e-04, -5.32627920e-05, -5.51582794e-04, -3.32328033e-05,
       -6.62539418e-04, -1.65902973e-05, -7.50816110e-04, -3.99487974e-06,
       -8.43052826e-04,  0.00000000e+00])
 message: 'Optimization terminated successfully'
    nfev: 8
     nit: 4
    njev: 4
  status: 0
 success: True
       x: array([0.01566434, 0.06248607, 0.01564119, 0.04686602, 0.01562394,
       0.04687193, 0.01560678, 0.04687874, 0.01558989, 0.04688631,
       0.01557342, 0.03126947, 0.01556336, 0.03127793, 0.01555368,
       0.03128657, 0.01554444, 0.01567023, 0.0155411 , 0.03130381,
       0.01554043, 0.0313119 , 0.01554091, 0.01569438, 0.01554216,
       0.03132641, 0.01554247, 0.01570772, 0.01554351, 0.0313385 ,
       0.01554357, 0.03134345, 0.01554343, 0.01572254, 0.01554388,
       0.03135099, 0.0155434 , 0.03135352, 0.01554268, 0.01573008,
       0.01554236, 0.03135597, 0.01554127, 0.03135587, 0.01553994,
       0.01572979, 0.01553882, 0.03135302, 0.01553717, 0.03135029,
       0.01553532, 0.0157216 , 0.01553354, 0.03134228, 0.0155315 ,
       0.03133707, 0.01552935, 0.04695601, 0.01552709, 0.04694889,
       0.01552684, 0.06256587, 0.01554395, 0.09380758, 0.01557469,
       0.09379969, 0.01560881, 0.17191792, 0.01567803, 0.07816434])
switching time points [0.01566434 0.07815041 0.0937916  0.14065761 0.15628155 0.20315348
 0.21876026 0.265639   0.28122889 0.3281152  0.34368862 0.37495809
 0.39052145 0.42179938 0.43735306 0.46863962 0.48418406 0.49985429
 0.5153954  0.54669921 0.56223964 0.59355154 0.60909245 0.62478683
 0.64032899 0.6716554  0.68719787 0.70290559 0.7184491  0.7497876
 0.76533118 0.79667463 0.81221806 0.8279406  0.84348447 0.87483547
 0.89037887 0.92173239 0.93727506 0.95300515 0.9685475  0.99990347
 1.01544474 1.04680061 1.06234055 1.07807033 1.09360915 1.12496217
 1.14049934 1.17184962 1.18738495 1.20310655 1.21864009 1.24998237
 1.26551387 1.29685094 1.31238028 1.35933629 1.37486338 1.42181227
 1.43733911 1.49990498 1.51544893 1.60925651 1.6248312  1.71863089
 1.7342397  1.90615762 1.92183566]
computational time of retrieving switches 5.063201042
computational time of optimization 0.0942215829999995
total computational time 5.157432292
tv norm 134.0
