total tv norm 130.0
initial file ../result/control/ADMM/EnergyADMM4_evotime2.0_n_ts256_ptypeWARM_offset0.5_penalty0.01_ADMM_10.0_iter30_instance1.csv
difference -0.00025172322191790997
summation of all the changes of all the controllers 0.3349497932187946
maximum summation change of all the controllers 0.006155557091147568
objective function before optimization -2.150326988556823
TV regularizer before optimization 198
     fun: -2.153901111120786
     jac: array([-0.73164553, -0.71044666, -0.73164553, -0.73051672, -0.73164553,
       -0.73457784, -0.73134585, -0.73484334, -0.73134805, -0.73479351,
       -0.73149452, -0.7347577 , -0.73159133, -0.73474146, -0.73160005,
       -0.73473463, -0.73139312, -0.73482065, -0.73131865, -0.7347769 ,
       -0.73108182, -0.73490824, -0.73081955, -0.73497734, -0.73066127,
       -0.73500886, -0.73062342, -0.73497692, -0.73049001, -0.73507454,
       -0.73033835, -0.735104  , -0.73030299, -0.73510324, -0.73033798,
       -0.73507698, -0.73045482, -0.73500754, -0.73071393, -0.73484252,
       -0.73101202, -0.73482997, -0.73115173, -0.73474996, -0.73136985,
       -0.73465006, -0.73159569, -0.73454304, -0.73181809, -0.73441938,
       -0.73206299, -0.73424754, -0.73237638, -0.73396845, -0.73265819,
       -0.73401588, -0.73261124, -0.7340855 , -0.73264336, -0.73391501,
       -0.73279804, -0.73386955, -0.73287976, -0.73366039, -0.73303578,
       -0.73362684, -0.73308561, -0.73352807, -0.73316013, -0.73343918,
       -0.73320162, -0.73312413, -0.73341104, -0.73297238, -0.73343684,
       -0.73250894, -0.73366549, -0.73225181, -0.73363811, -0.73195979,
       -0.73358157, -0.73064516, -0.73381431, -0.72405674, -0.73381431,
       -0.72311647, -0.73381431, -0.72738324, -0.73381431, -0.72900999,
       -0.73381431, -0.72978754, -0.73375992, -0.72998736, -0.73355187,
       -0.73025191, -0.73006623, -0.73025191, -0.70369077, -0.73025191])
 message: 'Optimization terminated successfully'
    nfev: 20
     nit: 10
    njev: 10
  status: 0
 success: True
       x: array([2.82444031e-01, 0.00000000e+00, 3.66671483e-02, 0.00000000e+00,
       2.15059248e-02, 4.40816873e-03, 7.89917124e-03, 6.61333853e-03,
       4.25389237e-03, 6.99024879e-03, 2.13815753e-03, 7.42348973e-03,
       2.25878570e-03, 8.48218924e-03, 3.66574448e-03, 1.57716615e-02,
       5.25314590e-03, 9.81273776e-03, 6.05908150e-03, 2.48269701e-02,
       6.93238543e-03, 1.83185771e-02, 6.47389939e-03, 1.92107025e-02,
       6.52434794e-03, 1.96906267e-02, 7.09047673e-03, 2.74790138e-02,
       7.13977158e-03, 2.02749080e-02, 6.61147159e-03, 2.04612763e-02,
       6.51864074e-03, 2.03686681e-02, 6.67865634e-03, 2.00446312e-02,
       7.10366215e-03, 1.94557303e-02, 7.97599842e-03, 2.62788367e-02,
       8.29202766e-03, 1.83602815e-02, 7.91589591e-03, 1.78515393e-02,
       7.95964897e-03, 1.70578888e-02, 8.23114621e-03, 1.60267858e-02,
       8.66677106e-03, 1.47663937e-02, 9.27435301e-03, 1.32558500e-02,
       1.00901820e-02, 1.92604064e-02, 9.55103016e-03, 1.15440144e-02,
       8.30253326e-03, 4.84335102e-03, 8.21597253e-03, 1.12090898e-02,
       8.34361529e-03, 5.35474268e-03, 8.48544513e-03, 1.05908621e-02,
       8.77244808e-03, 5.93329164e-03, 8.59059000e-03, 6.41828848e-03,
       8.48353965e-03, 6.95956294e-03, 1.61200365e-02, 7.32240164e-03,
       8.77190711e-03, 7.63341125e-03, 2.40329099e-02, 8.29692107e-03,
       1.68323198e-02, 8.98724974e-03, 3.95958462e-02, 1.13816683e-02,
       9.41107550e-02, 4.90477505e-03, 1.66887903e-01, 1.40946282e-18,
       1.52827397e-01, 1.01305140e-18, 8.14368961e-02, 1.19092832e-18,
       2.35091432e-02, 0.00000000e+00, 1.08240388e-02, 4.16508218e-04,
       2.17165706e-03, 1.81401224e-03, 1.74859947e-03, 1.29570789e-02,
       0.00000000e+00, 3.37139552e-02, 0.00000000e+00, 2.17988893e-01])
switching time points [0.28244403 0.28244403 0.31911118 0.31911118 0.3406171  0.34502527
 0.35292444 0.35953778 0.36379168 0.37078192 0.37292008 0.38034357
 0.38260236 0.39108455 0.39475029 0.41052195 0.4157751  0.42558784
 0.43164692 0.45647389 0.46340627 0.48172485 0.48819875 0.50740945
 0.5139338  0.53362443 0.5407149  0.56819392 0.57533369 0.5956086
 0.60222007 0.62268134 0.62919999 0.64956865 0.65624731 0.67629194
 0.6833956  0.70285133 0.71082733 0.73710617 0.7453982  0.76375848
 0.77167437 0.78952591 0.79748556 0.81454345 0.8227746  0.83880138
 0.84746815 0.86223455 0.8715089  0.88476475 0.89485493 0.91411534
 0.92366637 0.93521038 0.94351292 0.94835627 0.95657224 0.96778133
 0.97612495 0.98147969 0.98996513 1.000556   1.00932844 1.01526174
 1.02385233 1.03027061 1.03875415 1.04571372 1.06183375 1.06915615
 1.07792806 1.08556147 1.10959438 1.1178913  1.13472362 1.14371087
 1.18330672 1.19468839 1.28879914 1.29370392 1.46059182 1.46059182
 1.61341922 1.61341922 1.69485611 1.69485611 1.71836526 1.71836526
 1.7291893  1.7296058  1.73177746 1.73359147 1.73534007 1.74829715
 1.74829715 1.78201111 1.78201111]
computational time of retrieving switches 69.298625167
computational time of optimization 1.0005623750000012
total computational time 70.299202375
tv norm 130.0
