difference -0.003598010584822564
summation of all the changes of all the controllers 0.1335799769764714
maximum summation change of all the controllers 0.0008940647076212116
objective function before optimization -2.1299094772888196
TV regularizer before optimization 1966
     fun: -2.1539265298398376
     jac: array([-0.73247934, -0.6459881 , -0.73247934, -0.67752049, -0.73247934,
       -0.69823418, -0.73247934, -0.71144948, -0.73247934, -0.72055766,
       -0.73247934, -0.72626282, -0.73247934, -0.72966404, -0.73247934,
       -0.73155268, -0.73247934, -0.73248926, -0.73247934, -0.73282157,
       -0.73245045, -0.73294462, -0.73242837, -0.73295416, -0.73243936,
       -0.73294607, -0.7324583 , -0.73293639, -0.73248116, -0.73293138,
       -0.73249605, -0.73292643, -0.73250893, -0.73292482, -0.73251043,
       -0.73292552, -0.73250432, -0.73292821, -0.73249314, -0.73293248,
       -0.73248   , -0.7329375 , -0.73246813, -0.73294204, -0.7324575 ,
       -0.7329461 , -0.73244838, -0.73294954, -0.73244228, -0.73295178,
       -0.73243744, -0.7329535 , -0.73243383, -0.73295476, -0.73243113,
       -0.73295557, -0.73243001, -0.73295594, -0.73242921, -0.73295618,
       -0.73242874, -0.73295631, -0.73242852, -0.73295637, -0.7324284 ,
       -0.73295642, -0.73242816, -0.73295655, -0.73242751, -0.73295688,
       -0.73242615, -0.73295748, -0.73242379, -0.73295842, -0.73242021,
       -0.73295965, -0.73241678, -0.73296096, -0.73241207, -0.73296266,
       -0.73240648, -0.73296463, -0.7323941 , -0.7329688 , -0.73238141,
       -0.73297314, -0.73236801, -0.73297771, -0.73235389, -0.73298251,
       -0.7323391 , -0.73298753, -0.73232375, -0.73299273, -0.73230805,
       -0.73299807, -0.73229233, -0.73300343, -0.73227701, -0.73300867,
       -0.73226264, -0.7330136 , -0.73224125, -0.73302028, -0.73222371,
       -0.73302633, -0.73220789, -0.73303174, -0.73219392, -0.73303647,
       -0.73218197, -0.73304044, -0.73216693, -0.73304529, -0.73215447,
       -0.73304942, -0.73214393, -0.73305287, -0.73213038, -0.73305711,
       -0.73211812, -0.73306114, -0.7321071 , -0.73306477, -0.73209294,
       -0.73306918, -0.73208146, -0.73307301, -0.73207217, -0.73307604,
       -0.73206145, -0.73307945, -0.73205321, -0.73308209, -0.73204316,
       -0.7330853 , -0.73203583, -0.73308758, -0.73203096, -0.73308892,
       -0.73202572, -0.73309066, -0.7320225 , -0.73309133, -0.7320196 ,
       -0.73309235, -0.73201834, -0.73309226, -0.73201795, -0.73309252,
       -0.73201874, -0.73309166, -0.73202089, -0.73309116, -0.73202187,
       -0.73309103, -0.73202367, -0.73308984, -0.7320268 , -0.73308911,
       -0.73203026, -0.73308734, -0.73203533, -0.73308605, -0.73203883,
       -0.73308524, -0.73204261, -0.73308338, -0.73204795, -0.73308205,
       -0.73205159, -0.73308122, -0.73205533, -0.73307945, -0.73206042,
       -0.73307817, -0.73206394, -0.73307734, -0.73206738, -0.73307587,
       -0.73207162, -0.73307475, -0.7320749 , -0.73307385, -0.73207768,
       -0.73307302, -0.73208039, -0.73307213, -0.73208413, -0.73307043,
       -0.73208943, -0.73306876, -0.73209455, -0.73306724, -0.73209903,
       -0.73306598, -0.73210254, -0.73306513, -0.73210451, -0.73306485,
       -0.73210418, -0.73306528, -0.73210132, -0.73306634, -0.7320971 ,
       -0.73306773, -0.73209236, -0.73306923, -0.73208757, -0.73307074,
       -0.73208293, -0.73307221, -0.73207851, -0.73307362, -0.73207428,
       -0.73307497, -0.73207027, -0.73307625, -0.73206662, -0.73307737,
       -0.73206369, -0.73307817, -0.73206212, -0.73307834, -0.73205565,
       -0.73308173, -0.73204706, -0.73308452, -0.73203982, -0.73308686,
       -0.73203387, -0.73308873, -0.73202965, -0.73308986, -0.73202032,
       -0.73309389, -0.73201133, -0.73309678, -0.73200557, -0.73309839,
       -0.73199572, -0.73310249, -0.73198728, -0.73310526, -0.7319819 ,
       -0.73310687, -0.7319731 , -0.73311054, -0.73196556, -0.73311314,
       -0.73195408, -0.73311742, -0.73194478, -0.73312076, -0.7319328 ,
       -0.73312516, -0.7319234 , -0.73312861, -0.73191651, -0.73313101,
       -0.73190796, -0.73313432, -0.73190169, -0.73313648, -0.73189409,
       -0.7331395 , -0.73188868, -0.73314129, -0.73188231, -0.73314392,
       -0.73187354, -0.73314742, -0.73186732, -0.73314967, -0.73185918,
       -0.73315302, -0.73185318, -0.73315524, -0.73184467, -0.73315876,
       -0.73183885, -0.73316088, -0.73183128, -0.73316409, -0.73182621,
       -0.73316584, -0.73182066, -0.73316825, -0.73181356, -0.73317129,
       -0.73180878, -0.73317293, -0.73180365, -0.73317526, -0.73180039,
       -0.73317611, -0.73179701, -0.73317783, -0.73179549, -0.73317764,
       -0.73179467, -0.73317838, -0.73179556, -0.73317659, -0.73179891,
       -0.73317549, -0.73180089, -0.73317493, -0.73180378, -0.73317233,
       -0.73180932, -0.73317017, -0.73181475, -0.73316667, -0.73182185,
       -0.73316388, -0.73182835, -0.7331596 , -0.73183712, -0.73315594,
       -0.73184513, -0.73315078, -0.73185575, -0.73314406, -0.73186948,
       -0.73313793, -0.73188156, -0.73313026, -0.73189695, -0.73312337,
       -0.73191   , -0.7331153 , -0.7319249 , -0.7331062 , -0.73194295,
       -0.73309847, -0.73195705, -0.73309   , -0.73197218, -0.73308079,
       -0.73199019, -0.73307303, -0.73200376, -0.73306493, -0.73201779,
       -0.73305662, -0.73203406, -0.73305024, -0.7320452 , -0.73304387,
       -0.73205618, -0.73303757, -0.73206692, -0.73303142, -0.73207731,
       -0.73302551, -0.73208723, -0.73301973, -0.73209875, -0.73301552,
       -0.73210573, -0.73301159, -0.73211235, -0.73300802, -0.73211844,
       -0.73300465, -0.73212407, -0.73300141, -0.73212942, -0.73299824,
       -0.73213463, -0.73299517, -0.73213968, -0.73299221, -0.73214454,
       -0.73298935, -0.73214928, -0.73298665, -0.73215383, -0.73298409,
       -0.73215813, -0.73298169, -0.73216217, -0.73297944, -0.73216593,
       -0.73297735, -0.7321694 , -0.73297544, -0.7321721 , -0.73297327,
       -0.73217568, -0.73297124, -0.73217898, -0.73296937, -0.73218201,
       -0.73296764, -0.73218478, -0.73296605, -0.73218707, -0.73296429,
       -0.73218985, -0.73296265, -0.73219243, -0.73296112, -0.73219482,
       -0.73295974, -0.7321968 , -0.73295822, -0.73219916, -0.73295685,
       -0.7322013 , -0.73295563, -0.73220305, -0.73295435, -0.73220505,
       -0.73295325, -0.73220663, -0.73295212, -0.73220837, -0.73295118,
       -0.7322098 , -0.73295041, -0.73221091, -0.73294963, -0.73221205,
       -0.73294903, -0.73221292, -0.73294842, -0.73221377, -0.73294796,
       -0.73221443, -0.73294748, -0.73221507, -0.73294712, -0.73221558,
       -0.73294672, -0.73221609, -0.73294643, -0.73221652, -0.73294607,
       -0.73221705, -0.73294563, -0.7322176 , -0.7329453 , -0.7322181 ,
       -0.73294485, -0.73221866, -0.7329445 , -0.73221919, -0.73294399,
       -0.73221992, -0.73294329, -0.73222081, -0.73294275, -0.73222159,
       -0.73294194, -0.73222269, -0.73294087, -0.73222407, -0.73294003,
       -0.73222519, -0.73293897, -0.73222658, -0.73293772, -0.7322282 ,
       -0.73293631, -0.73223   , -0.73293527, -0.73223135, -0.73293412,
       -0.73223282, -0.73293287, -0.73223439, -0.73293154, -0.73223606,
       -0.73293009, -0.7322378 , -0.73292914, -0.732239  , -0.73292804,
       -0.73224038, -0.73292678, -0.73224192, -0.73292535, -0.73224365,
       -0.73292373, -0.73224558, -0.7329219 , -0.73224776, -0.73292055,
       -0.73224937, -0.73291902, -0.73225115, -0.73291734, -0.73225309,
       -0.73291554, -0.73225515, -0.73291364, -0.73225731, -0.73291166,
       -0.73225954, -0.73290962, -0.73226182, -0.73290754, -0.73226413,
       -0.73290544, -0.73226645, -0.73290333, -0.73226877, -0.73290126,
       -0.73227105, -0.73289922, -0.73227327, -0.73289726, -0.73227541,
       -0.7328954 , -0.73227744, -0.73289367, -0.73227934, -0.73289211,
       -0.73228106, -0.73289072, -0.73228258, -0.73288948, -0.73228392,
       -0.73288837, -0.73228511, -0.73288738, -0.73228616, -0.73288651,
       -0.73228707, -0.7328851 , -0.73228844, -0.73288393, -0.73228967,
       -0.73288286, -0.73229079, -0.73288185, -0.73229183, -0.73288092,
       -0.73229278, -0.73288005, -0.73229367, -0.73287924, -0.73229448,
       -0.73287757, -0.73229598, -0.7328762 , -0.73229737, -0.73287493,
       -0.73229866, -0.73287375, -0.73229984, -0.73287144, -0.73230175,
       -0.7328697 , -0.73230352, -0.73286809, -0.73230516, -0.7328666 ,
       -0.73230665, -0.73286375, -0.73230895, -0.73286175, -0.73231102,
       -0.73285999, -0.73231284, -0.73285677, -0.73231544, -0.73285461,
       -0.73231769, -0.73285276, -0.73231958, -0.73284959, -0.73232219,
       -0.7328475 , -0.73232433, -0.73284409, -0.73232714, -0.73284188,
       -0.73232938, -0.73283841, -0.73233224, -0.73283618, -0.73233446,
       -0.73283282, -0.73233723, -0.73283069, -0.73233928, -0.73282761,
       -0.73234183, -0.73282571, -0.73234356, -0.73282315, -0.73234569,
       -0.73282011, -0.73234818, -0.73281832, -0.7323497 , -0.73281614,
       -0.73235149, -0.73281364, -0.73235352, -0.73281232, -0.73235441,
       -0.73281105, -0.73235544, -0.73280965, -0.73235655, -0.73280819,
       -0.73235767, -0.73280673, -0.73235879, -0.73280631, -0.73235855,
       -0.73280667, -0.7323582 , -0.73280721, -0.73235768, -0.73280802,
       -0.73235693, -0.73280916, -0.7323559 , -0.73281071, -0.73235453,
       -0.73281273, -0.73235278, -0.73281527, -0.73235063, -0.73281838,
       -0.73234802, -0.73282212, -0.73234624, -0.73282481, -0.73234405,
       -0.73282809, -0.73234147, -0.73283192, -0.73233853, -0.73283649,
       -0.73233633, -0.73283989, -0.73233371, -0.73284393, -0.73233059,
       -0.732849  , -0.73232797, -0.73285311, -0.73232472, -0.73285851,
       -0.73232181, -0.73286338, -0.73231919, -0.73286758, -0.73231582,
       -0.73287335, -0.73231261, -0.73287891, -0.73230949, -0.73288435,
       -0.73230646, -0.73288971, -0.73230347, -0.73289502, -0.73230055,
       -0.73290029, -0.7322977 , -0.73290552, -0.73229492, -0.73291069,
       -0.7322921 , -0.7329164 , -0.73229001, -0.73292035, -0.73228778,
       -0.73292482, -0.73228618, -0.73292795, -0.73228444, -0.73293144,
       -0.73228317, -0.73293388, -0.73228233, -0.73293536, -0.73228189,
       -0.73293596, -0.73228182, -0.73293573, -0.73228206, -0.73293485,
       -0.73228254, -0.73293273, -0.73228365, -0.73292932, -0.73228523,
       -0.73292626, -0.73228656, -0.73292291, -0.73228804, -0.73291838,
       -0.73229   , -0.73291439, -0.73229167, -0.73291024, -0.73229339,
       -0.73290653, -0.73229487, -0.73290204, -0.7322967 , -0.73289856,
       -0.73229795, -0.73289455, -0.73229954, -0.73288905, -0.73230169,
       -0.73287686, -0.73230598, -0.73285537, -0.7323133 , -0.73282131,
       -0.73232445, -0.73277971, -0.73233836, -0.73272743, -0.7323554 ,
       -0.73267663, -0.7323716 , -0.73261742, -0.73238852, -0.73254615,
       -0.7324073 , -0.73247621, -0.73242384, -0.73241368, -0.73243676,
       -0.73234643, -0.73245054, -0.73228398, -0.73246061, -0.73222379,
       -0.73246895, -0.73216994, -0.73247753, -0.73211462, -0.73248386,
       -0.73206152, -0.73248925, -0.73201565, -0.73249311, -0.73197942,
       -0.73249599, -0.73192152, -0.73249803, -0.73176197, -0.73249826,
       -0.73148697, -0.73249826, -0.73112831, -0.73249826, -0.73067679,
       -0.73249826, -0.7301886 , -0.73249826, -0.72964241, -0.73249826,
       -0.729101  , -0.73249826, -0.72853435, -0.73249826, -0.7279572 ,
       -0.73249826, -0.7274309 , -0.73249826, -0.72687634, -0.73249826,
       -0.72639602, -0.73249826, -0.72595534, -0.73249826, -0.72559594,
       -0.73249826, -0.7252846 , -0.73249826, -0.72500471, -0.73249826,
       -0.72480892, -0.73249826, -0.72468292, -0.73249826, -0.72459918,
       -0.73249826, -0.72457258, -0.73249826, -0.72459456, -0.73249826,
       -0.72466595, -0.73249826, -0.72476583, -0.73249826, -0.72489377,
       -0.73249826, -0.72504343, -0.73249826, -0.72520943, -0.73249826,
       -0.72539367, -0.73249826, -0.72559326, -0.73249826, -0.72577753,
       -0.73249826, -0.72599554, -0.73249826, -0.72618794, -0.73249826,
       -0.72641474, -0.73249826, -0.72663426, -0.73249826, -0.72686067,
       -0.73249826, -0.72712646, -0.73249826, -0.7273639 , -0.73249826,
       -0.72760403, -0.73249826, -0.72784541, -0.73249826, -0.72808663,
       -0.73249826, -0.72832625, -0.73249826, -0.72856288, -0.73249826,
       -0.72879513, -0.73249826, -0.72902165, -0.73249826, -0.72924116,
       -0.73249826, -0.72940927, -0.73249826, -0.72961054, -0.73249826,
       -0.72980129, -0.73249826, -0.72998044, -0.73249826, -0.73010245,
       -0.73249826, -0.73025508, -0.73249826, -0.73036309, -0.73249826,
       -0.73048586, -0.73249826, -0.73057778, -0.73249826, -0.73067805,
       -0.73249826, -0.73075844, -0.73249826, -0.73085558, -0.73249826,
       -0.73092796, -0.73249826, -0.73101677, -0.73249826, -0.73108029,
       -0.73249826, -0.73113907, -0.73249826, -0.73119291, -0.73249826,
       -0.73126255, -0.73249826, -0.73130598, -0.73249826, -0.73134392,
       -0.73249826, -0.73137945, -0.73249826, -0.73141327, -0.73249826,
       -0.73145465, -0.73249826, -0.73148648, -0.73249826, -0.73151762,
       -0.73249826, -0.73154806, -0.73249826, -0.73157779, -0.73249826,
       -0.73160678, -0.73249826, -0.73163502, -0.73249826, -0.73166277,
       -0.73249826, -0.73169015, -0.73249826, -0.73171717, -0.73249826,
       -0.73174381, -0.73249826, -0.73177008, -0.73249826, -0.73179632,
       -0.73249826, -0.73182259, -0.73249826, -0.73184888, -0.73249826,
       -0.7318752 , -0.73249826, -0.73190155, -0.73249826, -0.73192798,
       -0.73249826, -0.73195444, -0.73249826, -0.73198096, -0.73249826,
       -0.73200757, -0.73249826, -0.73203424, -0.73249826, -0.73206097,
       -0.73249826, -0.73208783, -0.73249826, -0.73211476, -0.73249826,
       -0.73214184, -0.73249826, -0.73216908, -0.73249826, -0.73219641,
       -0.73249826, -0.73222393, -0.73249826, -0.73225164, -0.73249826,
       -0.73227958, -0.73249826, -0.73230762, -0.73249826, -0.73233591,
       -0.73249826, -0.73236444, -0.73249727, -0.73239277, -0.73249727,
       -0.73242115, -0.73249651, -0.73244952, -0.73249214, -0.73247694,
       -0.73248754, -0.73250382, -0.73247065, -0.73253008, -0.73240857,
       -0.73254187, -0.73225298, -0.73254187, -0.73167429, -0.73254187,
       -0.73029251, -0.73254187, -0.72724614, -0.73254187, -0.72003907,
       -0.73254187, -0.70587826, -0.73254187, -0.67794814, -0.73254187,
       -0.63070201, -0.73254187, -0.53926935, -0.73254187])
 message: 'Optimization terminated successfully'
    nfev: 44
     nit: 21
    njev: 21
  status: 0
 success: True
       x: array([2.26676820e-01, 1.62520516e-18, 2.37027754e-02, 1.13206712e-16,
       1.96527390e-02, 1.94545895e-17, 1.59511286e-02, 2.70844256e-17,
       1.42513285e-02, 2.64918261e-17, 1.19796489e-02, 5.58575835e-17,
       9.96034446e-03, 4.23344582e-17, 8.16535329e-03, 4.52946151e-18,
       6.56861882e-03, 0.00000000e+00, 4.27153947e-03, 5.66847444e-04,
       3.71968536e-03, 1.57862275e-03, 2.39695422e-03, 1.98361154e-03,
       1.07181293e-03, 2.22878119e-03, 1.01759024e-03, 2.26583270e-03,
       6.01814150e-04, 2.19656347e-03, 7.86547122e-04, 2.31838730e-03,
       5.13905278e-04, 2.39836902e-03, 6.56596116e-04, 2.33620981e-03,
       6.99531184e-04, 2.27009809e-03, 7.61143427e-04, 2.18308471e-03,
       8.10206543e-04, 2.02979240e-03, 7.77964877e-04, 1.94374906e-03,
       7.65672620e-04, 1.88188996e-03, 8.00165529e-04, 1.79837714e-03,
       7.14343725e-04, 1.76669301e-03, 7.06145278e-04, 1.74676539e-03,
       6.87725883e-04, 1.73636906e-03, 7.11054007e-04, 1.70949127e-03,
       6.47908874e-04, 1.70372344e-03, 6.47895347e-04, 1.70097009e-03,
       6.43324254e-04, 1.70097390e-03, 6.37125755e-04, 1.70330762e-03,
       6.31409476e-04, 1.72407684e-03, 6.27165746e-04, 1.75242237e-03,
       6.24774797e-04, 1.78153206e-03, 6.24305523e-04, 1.81131242e-03,
       6.25607362e-04, 1.84165452e-03, 6.97633405e-04, 1.88578225e-03,
       6.47201690e-04, 1.90110841e-03, 6.67640875e-04, 1.91547279e-03,
       6.90802759e-04, 2.64043769e-03, 6.91106261e-04, 1.95671510e-03,
       6.91934086e-04, 1.98363198e-03, 6.95301977e-04, 2.00848501e-03,
       6.99527600e-04, 2.03104243e-03, 7.04836155e-04, 2.05106265e-03,
       7.12869867e-04, 2.06819620e-03, 7.22937759e-04, 2.08207415e-03,
       7.35466415e-04, 2.09228346e-03, 7.51070483e-04, 2.09835469e-03,
       7.70566008e-04, 2.81216387e-03, 7.69577106e-04, 2.11388191e-03,
       7.66848098e-04, 2.12416380e-03, 7.66426069e-04, 2.13084585e-03,
       7.67617233e-04, 2.13420804e-03, 7.69675577e-04, 2.65185747e-03,
       7.50028538e-04, 2.11790736e-03, 7.25821323e-04, 2.06508694e-03,
       6.97655347e-04, 2.49358879e-03, 6.43484009e-04, 1.97332344e-03,
       6.49225409e-04, 1.93755736e-03, 6.52743747e-04, 2.38586234e-03,
       6.46428869e-04, 1.88425239e-03, 6.58063085e-04, 1.86556123e-03,
       6.70715753e-04, 2.32905922e-03, 6.44935245e-04, 1.84097807e-03,
       6.42502870e-04, 2.31554042e-03, 6.56789658e-04, 1.84380002e-03,
       6.56642393e-04, 1.85351652e-03, 6.62150236e-04, 2.34403696e-03,
       6.76514068e-04, 1.88575376e-03, 6.79295666e-04, 2.38675170e-03,
       6.92998839e-04, 1.93707330e-03, 6.96034430e-04, 2.44489313e-03,
       7.11241712e-04, 2.00036220e-03, 7.15433365e-04, 2.51188744e-03,
       7.31985551e-04, 2.54996041e-03, 7.42657136e-04, 2.11137840e-03,
       7.45997153e-04, 2.62463108e-03, 7.63409821e-04, 2.17857525e-03,
       7.67051167e-04, 2.68243076e-03, 7.85448866e-04, 2.70581701e-03,
       7.94035777e-04, 2.24750201e-03, 7.92056816e-04, 2.73625878e-03,
       8.04674079e-04, 2.74196415e-03, 8.08872916e-04, 2.30250624e-03,
       8.04991897e-04, 2.73779195e-03, 8.15488194e-04, 2.73920252e-03,
       8.19799736e-04, 2.41179135e-03, 8.17706559e-04, 2.71570771e-03,
       8.27071883e-04, 2.68961854e-03, 8.32415495e-04, 2.65551839e-03,
       8.35129125e-04, 2.61238879e-03, 8.36563820e-04, 2.39918278e-03,
       8.38043729e-04, 2.65398793e-03, 8.48914858e-04, 2.70733177e-03,
       8.55813424e-04, 2.74961343e-03, 8.63254743e-04, 2.78232423e-03,
       8.61828191e-04, 2.80693433e-03, 8.55829767e-04, 2.84761280e-03,
       8.65151966e-04, 2.88333325e-03, 9.10896796e-04, 2.91404396e-03,
       9.44964616e-04, 2.93932227e-03, 9.67209583e-04, 2.95864580e-03,
       9.80793807e-04, 2.97156058e-03, 9.88441546e-04, 2.97767030e-03,
       9.92558152e-04, 2.97658710e-03, 9.95379649e-04, 2.96785749e-03,
       9.99144656e-04, 2.95087386e-03, 1.00628077e-03, 2.92477724e-03,
       1.01959703e-03, 2.88835200e-03, 1.04247182e-03, 3.80206866e-03,
       1.02155943e-03, 2.81620642e-03, 9.97214901e-04, 2.78073116e-03,
       9.85378103e-04, 2.73350824e-03, 9.86060063e-04, 2.67405399e-03,
       1.00043215e-03, 3.56359062e-03, 9.95575157e-04, 2.55390561e-03,
       9.87254886e-04, 2.49375297e-03, 9.88119440e-04, 3.38415644e-03,
       9.69738323e-04, 2.37964579e-03, 9.43832991e-04, 2.33083852e-03,
       9.26260798e-04, 3.08809642e-03, 8.85961103e-04, 2.13997380e-03,
       8.45488468e-04, 2.79703486e-03, 8.48004843e-04, 2.06146797e-03,
       8.43608590e-04, 2.60373362e-03, 8.34021217e-04, 2.00075134e-03,
       8.26699985e-04, 1.95432799e-03, 8.28717754e-04, 2.49119711e-03,
       8.29755448e-04, 1.91108813e-03, 8.35655565e-04, 2.47121368e-03,
       8.37826678e-04, 1.89350612e-03, 8.44050396e-04, 2.45301179e-03,
       8.46314604e-04, 2.44871376e-03, 8.35076403e-04, 1.83733420e-03,
       8.29185164e-04, 2.44654193e-03, 8.14138883e-04, 1.78895565e-03,
       8.07302559e-04, 2.43358244e-03, 8.23273712e-04, 1.73058633e-03,
       8.28203089e-04, 2.39654480e-03, 8.45469211e-04, 1.76390171e-03,
       8.53991116e-04, 2.32050857e-03, 8.72332339e-04, 2.33214741e-03,
       8.78334430e-04, 1.83669067e-03, 8.87443110e-04, 2.35640944e-03,
       8.99591536e-04, 1.86448254e-03, 9.17189461e-04, 2.43653878e-03,
       9.38414419e-04, 1.84723104e-03, 9.55829585e-04, 2.50561509e-03,
       9.83488416e-04, 1.79484284e-03, 9.91900611e-04, 2.49332065e-03,
       1.01984777e-03, 2.46238814e-03, 1.02143375e-03, 1.91804628e-03,
       1.02200459e-03, 2.36676529e-03, 1.00647207e-03, 1.96710012e-03,
       1.00308901e-03, 2.40173608e-03, 1.03277134e-03, 1.99250533e-03,
       1.05316183e-03, 2.40842792e-03, 1.06710328e-03, 1.99153255e-03,
       1.07345033e-03, 1.97830143e-03, 1.08453056e-03, 2.35720709e-03,
       1.08853488e-03, 1.92884774e-03, 1.08630244e-03, 2.29350871e-03,
       1.07335792e-03, 1.86044808e-03, 1.05505228e-03, 1.81931271e-03,
       1.03888032e-03, 2.17202717e-03, 1.00434868e-03, 1.73409001e-03,
       9.96207628e-04, 1.68650518e-03, 9.87561830e-04, 2.02988582e-03,
       9.58496890e-04, 1.57811120e-03, 9.26638488e-04, 1.52041473e-03,
       8.95253758e-04, 1.85761743e-03, 8.39282268e-04, 1.40372499e-03,
       8.16715547e-04, 1.34656369e-03, 7.89271144e-04, 1.28506863e-03,
       7.55938626e-04, 1.21927354e-03, 7.16796875e-04, 1.14934087e-03,
       6.90924821e-04, 1.47604832e-03, 6.50546791e-04, 1.02252723e-03,
       6.06777934e-04, 9.80985908e-04, 5.67280160e-04, 9.35619451e-04,
       5.51682493e-04, 8.86171631e-04, 5.38851985e-04, 8.47484117e-04,
       5.25747216e-04, 8.31111260e-04, 5.13111444e-04, 8.12821701e-04,
       5.00886324e-04, 7.92836764e-04, 4.89041535e-04, 7.91298895e-04,
       4.77121234e-04, 7.89112375e-04, 4.71188066e-04, 7.85526617e-04,
       4.67845822e-04, 7.81027689e-04, 4.63840024e-04, 7.75675107e-04,
       4.59143229e-04, 7.69527529e-04, 4.53730419e-04, 5.94881200e-04,
       4.54964138e-04, 7.53152640e-04, 4.51171495e-04, 7.42948872e-04,
       4.46803183e-04, 7.32056503e-04, 4.41898209e-04, 7.20496443e-04,
       4.36502886e-04, 5.91269292e-04, 4.35958233e-04, 6.98652033e-04,
       4.31771531e-04, 6.93461263e-04, 4.26964646e-04, 6.87582923e-04,
       4.21478683e-04, 5.71469090e-04, 4.19526080e-04, 6.74274537e-04,
       4.14083606e-04, 6.71986451e-04, 4.07394426e-04, 5.64699680e-04,
       4.03520754e-04, 6.65948670e-04, 3.95658578e-04, 5.57662322e-04,
       3.91462851e-04, 6.58127218e-04, 3.92184278e-04, 6.54418562e-04,
       3.91404224e-04, 5.58006439e-04, 3.89345110e-04, 6.47731562e-04,
       3.92347323e-04, 5.65090056e-04, 3.91354609e-04, 6.46609050e-04,
       4.05120380e-04, 5.73612337e-04, 4.08849802e-04, 6.54236459e-04,
       4.22713686e-04, 5.83126163e-04, 4.25925120e-04, 6.62406025e-04,
       4.39288942e-04, 5.92917448e-04, 4.42619550e-04, 5.97374948e-04,
       4.46771653e-04, 6.74632881e-04, 4.61714964e-04, 6.05027801e-04,
       4.66755357e-04, 6.94472106e-04, 4.82147839e-04, 6.10986740e-04,
       4.88521228e-04, 6.12643264e-04, 4.96423589e-04, 7.43957230e-04,
       5.12433755e-04, 6.13136985e-04, 5.21916394e-04, 6.29619132e-04,
       5.31972508e-04, 8.00092766e-04, 5.48334141e-04, 6.66715170e-04,
       5.56511543e-04, 6.83999634e-04, 5.64834453e-04, 6.99754905e-04,
       5.73369654e-04, 8.66470878e-04, 5.89048279e-04, 7.29899398e-04,
       5.94471498e-04, 7.38556736e-04, 5.99909111e-04, 7.38690903e-04,
       6.05769688e-04, 7.37613727e-04, 6.12035676e-04, 9.05748592e-04,
       6.24654906e-04, 7.34882409e-04, 6.28228480e-04, 7.33151544e-04,
       6.32217446e-04, 7.30169298e-04, 6.36590020e-04, 7.25962208e-04,
       6.41324575e-04, 7.20548906e-04, 6.46409134e-04, 8.84362131e-04,
       6.47138725e-04, 7.08883086e-04, 6.41253043e-04, 7.02448945e-04,
       6.35323079e-04, 6.94802726e-04, 6.29205270e-04, 6.86097260e-04,
       6.22765717e-04, 6.76475260e-04, 6.15878914e-04, 6.66070751e-04,
       6.08426386e-04, 6.55010259e-04, 6.00295318e-04, 6.43413772e-04,
       5.91377183e-04, 6.31395470e-04, 5.81566421e-04, 6.19064232e-04,
       5.70759195e-04, 6.06523886e-04, 5.58852223e-04, 5.93873214e-04,
       5.45741714e-04, 5.81205646e-04, 5.31322412e-04, 5.68608654e-04,
       5.15486755e-04, 5.56162762e-04, 4.98124142e-04, 5.43940167e-04,
       4.81521146e-04, 5.32090878e-04, 4.79237994e-04, 5.21282996e-04,
       4.75463885e-04, 5.11455768e-04, 4.70312519e-04, 5.02558467e-04,
       4.63874533e-04, 4.94550178e-04, 6.34112886e-04, 4.85912503e-04,
       4.53243105e-04, 4.76966861e-04, 4.55793682e-04, 4.69914002e-04,
       4.57200368e-04, 4.64626573e-04, 4.57614375e-04, 4.60993335e-04,
       4.57152423e-04, 4.58920034e-04, 4.55900390e-04, 4.58329802e-04,
       6.92684017e-04, 4.61475613e-04, 4.55311780e-04, 4.59798575e-04,
       4.56038700e-04, 4.59550991e-04, 4.56152556e-04, 4.60675218e-04,
       7.18886929e-04, 4.65170026e-04, 4.59079889e-04, 4.64596767e-04,
       4.61919927e-04, 4.65387028e-04, 4.64242936e-04, 4.72554364e-04,
       7.51048514e-04, 4.89540010e-04, 4.70749935e-04, 4.96366186e-04,
       4.74571648e-04, 5.05130567e-04, 7.78112183e-04, 5.24040221e-04,
       4.90485560e-04, 5.30961887e-04, 4.99853064e-04, 5.40459255e-04,
       8.06140355e-04, 5.58884683e-04, 5.18200902e-04, 5.67195354e-04,
       8.26057547e-04, 5.82906566e-04, 5.39484083e-04, 5.90609969e-04,
       8.48334218e-04, 6.04501911e-04, 5.62508180e-04, 6.12095725e-04,
       8.71736260e-04, 6.24976172e-04, 5.85990617e-04, 6.32919216e-04,
       8.94908188e-04, 6.45578092e-04, 6.08485978e-04, 6.54336536e-04,
       9.16284142e-04, 6.67620495e-04, 9.27552678e-04, 6.76375581e-04,
       6.42081586e-04, 6.83886710e-04, 9.50103655e-04, 6.94776519e-04,
       9.60921826e-04, 7.01833373e-04, 6.74313413e-04, 7.09328191e-04,
       9.80513439e-04, 7.19860725e-04, 9.88763933e-04, 7.27285218e-04,
       9.98074909e-04, 7.31923565e-04, 1.00823269e-03, 7.34022823e-04,
       7.19800014e-04, 7.39602807e-04, 1.02317261e-03, 7.47420966e-04,
       1.02747384e-03, 7.53311112e-04, 1.03172028e-03, 7.57607509e-04,
       1.03569170e-03, 7.60604335e-04, 1.03919840e-03, 7.62562478e-04,
       1.04207847e-03, 7.63715074e-04, 1.04419491e-03, 7.64271890e-04,
       1.04543286e-03, 7.64823953e-04, 1.34451174e-03, 7.57171705e-04,
       1.04958343e-03, 7.48005358e-04, 1.05234781e-03, 7.38884985e-04,
       1.05359820e-03, 7.33585148e-04, 1.33893911e-03, 7.30804392e-04,
       1.05593826e-03, 7.31288234e-04, 1.05584581e-03, 7.37598933e-04,
       1.32601885e-03, 7.39761943e-04, 1.04781173e-03, 7.42050157e-04,
       1.30583445e-03, 7.40083852e-04, 1.29238266e-03, 7.32422729e-04,
       1.01764396e-03, 7.29413033e-04, 1.25704512e-03, 7.21787937e-04,
       1.23433520e-03, 7.10485567e-04, 1.20955627e-03, 6.95976849e-04,
       1.18275315e-03, 6.78550234e-04, 1.15412796e-03, 6.58320854e-04,
       1.12405378e-03, 6.35238773e-04, 1.10791271e-03, 6.20180020e-04,
       1.09199902e-03, 6.21668440e-04, 1.37850670e-03, 6.22199657e-04,
       1.06073660e-03, 6.16285109e-04, 1.34716210e-03, 6.09600660e-04,
       1.04576385e-03, 5.99609964e-04, 1.29581808e-03, 5.98040665e-04,
       1.29802454e-03, 6.00938018e-04, 1.30106010e-03, 6.02161713e-04,
       1.30497999e-03, 6.02565824e-04, 1.30975152e-03, 6.10714595e-04,
       1.31316796e-03, 6.24139621e-04, 1.51169286e-03, 6.37275225e-04,
       1.48834454e-03, 6.44037355e-04, 1.24521820e-03, 6.50051258e-04,
       1.43238683e-03, 6.60654199e-04, 1.61570644e-03, 6.69862197e-04,
       1.36113864e-03, 6.78700908e-04, 1.53639859e-03, 6.92704143e-04,
       1.48906953e-03, 7.06604444e-04, 1.78435553e-03, 7.25734439e-04,
       1.50961939e-03, 7.41411843e-04, 1.93373045e-03, 7.65217081e-04,
       2.10225948e-03, 7.80385617e-04, 2.77226985e-03, 7.81270587e-04,
       2.90292760e-03, 9.49523572e-04, 3.51728422e-03, 1.10014254e-03,
       3.67367920e-03, 1.25935637e-03, 4.32421370e-03, 1.47428285e-03,
       4.50154494e-03, 1.67500803e-03, 5.91513110e-03, 1.88093470e-03,
       7.37074824e-03, 2.02329389e-03, 7.85558784e-03, 2.07865531e-03,
       8.61151376e-03, 2.09489938e-03, 1.04212915e-02, 1.98478686e-03,
       1.01242836e-02, 1.95677370e-03, 1.19371460e-02, 1.98019418e-03,
       1.37507461e-02, 1.60913937e-03, 1.23865512e-02, 1.39463021e-03,
       1.31281803e-02, 1.19869758e-03, 1.27868478e-02, 9.93595599e-04,
       1.24213108e-02, 6.34931152e-04, 1.20231836e-02, 1.94736490e-04,
       1.37048055e-02, 8.17575845e-06, 1.32189319e-02, 3.23224835e-18,
       1.26860265e-02, 2.01386703e-18, 1.31712922e-02, 4.11147623e-18,
       1.25523557e-02, 1.10984132e-18, 1.29487482e-02, 4.90134035e-18,
       1.22387430e-02, 4.66467627e-18, 1.25428545e-02, 4.16967517e-19,
       1.27997225e-02, 4.58054525e-18, 1.19481517e-02, 0.00000000e+00,
       1.31695438e-02, 8.82673081e-18, 1.22205144e-02, 4.24382477e-18,
       1.22830037e-02, 0.00000000e+00, 1.12369517e-02, 1.54859395e-18,
       1.12051185e-02, 1.12187591e-18, 1.21873556e-02, 0.00000000e+00,
       1.10007136e-02, 6.12817417e-18, 9.76846576e-03, 1.08262292e-18,
       1.06140225e-02, 1.05562016e-17, 1.03547683e-02, 2.74811606e-18,
       8.99111806e-03, 0.00000000e+00, 9.70646022e-03, 1.70584682e-18,
       8.25866804e-03, 6.39079478e-18, 7.83118570e-03, 0.00000000e+00,
       7.36482914e-03, 4.00380546e-18, 6.90936500e-03, 6.18761453e-18,
       6.69543314e-03, 6.14119433e-19, 6.47150940e-03, 6.73667528e-19,
       5.45116953e-03, 2.36999220e-18, 5.95966069e-03, 0.00000000e+00,
       4.91063236e-03, 1.16235286e-18, 5.45361326e-03, 3.14182479e-18,
       4.99663944e-03, 8.83840552e-18, 4.91187794e-03, 0.00000000e+00,
       5.50242910e-03, 1.35354970e-18, 4.71401827e-03, 1.81649618e-18,
       4.60100774e-03, 2.31091343e-19, 4.47891907e-03, 4.72727337e-19,
       4.34779933e-03, 2.86650261e-18, 4.20769620e-03, 2.51427445e-18,
       4.05865753e-03, 4.01211917e-18, 3.90073104e-03, 2.86986032e-18,
       3.73396392e-03, 1.04533689e-18, 3.55840257e-03, 1.54368218e-18,
       2.68956777e-03, 1.31250751e-18, 3.18181221e-03, 1.50584320e-18,
       2.98086914e-03, 1.62646683e-18, 2.77130413e-03, 3.41221615e-18,
       1.87239163e-03, 0.00000000e+00, 2.32719884e-03, 0.00000000e+00,
       1.63744915e-03, 0.00000000e+00, 1.85052018e-03, 2.43115322e-19,
       1.38068553e-03, 0.00000000e+00, 1.49849760e-03, 5.97020238e-19,
       1.19897811e-03, 7.95794944e-19, 1.44256222e-03, 0.00000000e+00,
       1.07273294e-03, 8.38977087e-19, 1.31125273e-03, 0.00000000e+00,
       9.36359401e-04, 0.00000000e+00, 8.64452776e-04, 3.76831705e-18,
       7.90169780e-04, 1.41087947e-18, 1.01887384e-03, 9.68229324e-19,
       6.34162985e-04, 1.18347691e-18, 5.52438077e-04, 6.86704720e-19,
       5.16302689e-04, 8.89566363e-19, 4.90490716e-04, 2.22290379e-18,
       5.98350597e-04, 4.81267060e-19, 4.60657204e-04, 2.25794051e-18,
       4.50554120e-04, 4.93556947e-19, 4.40247731e-04, 2.18973937e-18,
       4.29737348e-04, 1.03914027e-18, 4.19022238e-04, 5.16310457e-18,
       4.08101625e-04, 1.11111300e-18, 4.00879472e-04, 0.00000000e+00,
       3.95601510e-04, 1.80804741e-18, 3.90282888e-04, 8.62717140e-19,
       3.84923392e-04, 0.00000000e+00, 3.79522795e-04, 2.07320560e-18,
       3.79918785e-04, 1.68976173e-18, 3.80677577e-04, 4.41772847e-18,
       3.81497325e-04, 2.00302771e-18, 3.82377638e-04, 4.54786250e-19,
       3.83318117e-04, 1.03197389e-18, 3.85413218e-04, 6.14763325e-18,
       3.86567105e-04, 2.20747438e-18, 3.87779571e-04, 1.42619580e-18,
       3.90414213e-04, 4.11031301e-18, 3.91835589e-04, 4.10639593e-18,
       3.93313812e-04, 2.49787302e-18, 3.96475193e-04, 4.00783083e-18,
       3.98157485e-04, 1.15649394e-18, 4.01723276e-04, 2.64329571e-19,
       4.05579082e-04, 1.11767795e-18, 4.07605405e-04, 1.44818272e-18,
       4.11852751e-04, 2.09039744e-19, 4.16381772e-04, 6.76164490e-19,
       4.21189056e-04, 5.23598696e-18, 4.23686280e-04, 3.86550925e-19,
       4.28865542e-04, 3.82292407e-18, 4.34313911e-04, 8.78523179e-06,
       4.32077770e-04, 3.08799243e-18, 4.34866481e-04, 6.76345696e-06,
       4.34979941e-04, 3.83234079e-05, 4.16265076e-04, 5.32735881e-05,
       4.03895744e-04, 2.35612957e-04, 3.72127307e-04, 7.52868892e-04,
       1.45318443e-04, 1.45313762e-03, 3.69737886e-19, 3.54949119e-03,
       1.55745753e-19, 5.30571851e-03, 2.81026251e-18, 7.56669159e-03,
       0.00000000e+00, 1.17173414e-02, 0.00000000e+00, 1.55067382e-02,
       5.92704355e-17, 2.12870573e-02, 1.04764782e-16, 2.60439217e-02,
       3.03913795e-17, 3.71868050e-02, 5.45579853e-17, 1.36259043e-01])
switching time points [0.22667682 0.22667682 0.2503796  0.2503796  0.27003233 0.27003233
 0.28598346 0.28598346 0.30023479 0.30023479 0.31221444 0.31221444
 0.32217478 0.32217478 0.33034014 0.33034014 0.33690876 0.33690876
 0.3411803  0.34174714 0.34546683 0.34704545 0.34944241 0.35142602
 0.35249783 0.35472661 0.3557442  0.35801003 0.35861185 0.36080841
 0.36159496 0.36391335 0.36442725 0.36682562 0.36748222 0.36981843
 0.37051796 0.37278806 0.3735492  0.37573228 0.37654249 0.37857228
 0.37935025 0.381294   0.38205967 0.38394156 0.38474173 0.3865401
 0.38725445 0.38902114 0.38972728 0.39147405 0.39216178 0.39389814
 0.3946092  0.39631869 0.3969666  0.39867032 0.39931822 0.40101919
 0.40166251 0.40336349 0.40400061 0.40570392 0.40633533 0.40805941
 0.40868657 0.41043899 0.41106377 0.4128453  0.41346961 0.41528092
 0.41590653 0.41774818 0.41844581 0.4203316  0.4209788  0.42287991
 0.42354755 0.42546302 0.42615382 0.42879426 0.42948537 0.43144208
 0.43213402 0.43411765 0.43481295 0.43682143 0.43752096 0.439552
 0.44025684 0.4423079  0.44302077 0.44508897 0.44581191 0.44789398
 0.44862945 0.45072173 0.4514728  0.45357116 0.45434172 0.45715389
 0.45792346 0.46003735 0.46080419 0.46292836 0.46369478 0.46582563
 0.46659325 0.46872745 0.46949713 0.47214899 0.47289902 0.47501692
 0.47574274 0.47780783 0.47850549 0.48099908 0.48164256 0.48361588
 0.48426511 0.48620267 0.48685541 0.48924127 0.4898877  0.49177195
 0.49243002 0.49429558 0.49496629 0.49729535 0.49794029 0.49978127
 0.50042377 0.50273931 0.5033961  0.5052399  0.50589654 0.50775006
 0.50841221 0.51075625 0.51143276 0.51331851 0.51399781 0.51638456
 0.51707756 0.51901463 0.51971067 0.52215556 0.5228668  0.52486716
 0.5255826  0.52809448 0.52882647 0.53137643 0.53211909 0.53423047
 0.53497646 0.53760109 0.5383645  0.54054308 0.54131013 0.54399256
 0.54477801 0.54748383 0.54827786 0.55052537 0.55131742 0.55405368
 0.55485835 0.55760032 0.55840919 0.5607117  0.56151669 0.56425448
 0.56506997 0.56780917 0.56862897 0.57104076 0.57185847 0.57457418
 0.57540125 0.57809087 0.57892328 0.5815788  0.58241393 0.58502632
 0.58586288 0.58826207 0.58910011 0.5917541  0.59260301 0.59531035
 0.59616616 0.59891577 0.59977903 0.60256135 0.60342318 0.60623011
 0.60708594 0.60993356 0.61079871 0.61368204 0.61459294 0.61750698
 0.61845195 0.62139127 0.62235848 0.62531712 0.62629792 0.62926948
 0.63025792 0.63323559 0.63422815 0.63720474 0.63820012 0.64116797
 0.64216712 0.64511799 0.64612427 0.64904905 0.65006865 0.652957
 0.65399947 0.65780154 0.6588231  0.6616393  0.66263652 0.66541725
 0.66640263 0.66913614 0.6701222  0.67279625 0.67379668 0.67736027
 0.67835585 0.68090975 0.68189701 0.68439076 0.68537888 0.68876304
 0.68973278 0.69211242 0.69305626 0.69538709 0.69631335 0.69940145
 0.70028741 0.70242739 0.70327287 0.70606991 0.70691791 0.70897938
 0.70982299 0.71242672 0.71326075 0.7152615  0.7160882  0.71804253
 0.71887124 0.72136244 0.7221922  0.72410328 0.72493894 0.72741015
 0.72824798 0.73014149 0.73098554 0.73343855 0.73428486 0.73673358
 0.73756865 0.73940599 0.74023517 0.74268171 0.74349585 0.74528481
 0.74609211 0.74852569 0.74934897 0.75107955 0.75190776 0.7543043
 0.75514977 0.75691367 0.75776766 0.76008817 0.7609605  0.76329265
 0.76417099 0.76600768 0.76689512 0.76925153 0.77015112 0.7720156
 0.77293279 0.77536933 0.77630775 0.77815498 0.77911081 0.78161642
 0.78259991 0.78439475 0.78538665 0.78787997 0.78889982 0.79136221
 0.79238364 0.79430169 0.79532369 0.79769046 0.79869693 0.80066403
 0.80166712 0.80406886 0.80510163 0.80709413 0.8081473  0.81055572
 0.81162283 0.81361436 0.81468781 0.81666611 0.81775064 0.82010785
 0.82119638 0.82312523 0.82421153 0.82650504 0.8275784  0.82943885
 0.8304939  0.83231321 0.83335209 0.83552412 0.83652847 0.83826256
 0.83925877 0.84094527 0.84193283 0.84396272 0.84492122 0.84649933
 0.84742597 0.84894638 0.84984164 0.85169925 0.85253854 0.85394226
 0.85475898 0.85610554 0.85689481 0.85817988 0.85893582 0.86015509
 0.86087189 0.86202123 0.86271215 0.8641882  0.86483875 0.86586128
 0.86646805 0.86744904 0.86801632 0.86895194 0.86950362 0.87038979
 0.87092865 0.87177613 0.87230188 0.87313299 0.8736461  0.87445892
 0.87495981 0.87575264 0.87624169 0.87703299 0.87751011 0.87829922
 0.87877041 0.87955593 0.88002378 0.88080481 0.88126865 0.88204432
 0.88250347 0.88327299 0.88372672 0.8843216  0.88477657 0.88552972
 0.88598089 0.88672384 0.88717064 0.8879027  0.8883446  0.8890651
 0.8895016  0.89009287 0.89052883 0.89122748 0.89165925 0.89235271
 0.89277968 0.89346726 0.89388874 0.89446021 0.89487973 0.89555401
 0.89596809 0.89664008 0.89704747 0.89761217 0.89801569 0.89868164
 0.8990773  0.89963496 0.90002642 0.90068455 0.90107674 0.90173115
 0.90212256 0.90268057 0.90306991 0.90371764 0.90410999 0.90467508
 0.90506643 0.90571304 0.90611816 0.90669178 0.90710063 0.90775486
 0.90817758 0.9087607  0.90918663 0.90984903 0.91028832 0.91088124
 0.91132386 0.91192123 0.91236801 0.91304264 0.91350435 0.91410938
 0.91457614 0.91527061 0.91575276 0.91636374 0.91685226 0.91746491
 0.91796133 0.91870529 0.91921772 0.91983086 0.92035278 0.92098239
 0.92151437 0.92231446 0.92286279 0.92352951 0.92408602 0.92477002
 0.92533485 0.92603461 0.92660798 0.92747445 0.9280635  0.9287934
 0.92938787 0.93012643 0.93072634 0.93146503 0.9320708  0.93280841
 0.93342045 0.93432619 0.93495085 0.93568573 0.93631396 0.93704711
 0.93767933 0.9384095  0.93904609 0.93977205 0.94041337 0.94113392
 0.94178033 0.94266469 0.94331183 0.94402072 0.94466197 0.94536442
 0.94599974 0.94669454 0.94732375 0.94800985 0.94863261 0.94930909
 0.94992497 0.95059104 0.95119946 0.95185447 0.95245477 0.95309818
 0.95368956 0.95432096 0.95490252 0.95552159 0.95609235 0.95669887
 0.95725772 0.9578516  0.95839734 0.95897854 0.95950987 0.96007847
 0.96059396 0.96115012 0.96164825 0.96219219 0.96267371 0.9632058
 0.96368504 0.96420632 0.96468178 0.96519324 0.96566355 0.96616611
 0.96662999 0.96712454 0.96775865 0.96824456 0.9686978  0.96917477
 0.96963056 0.97010048 0.97055768 0.97102231 0.97147992 0.97194091
 0.97239807 0.97285699 0.97331289 0.97377122 0.9744639  0.97492538
 0.97538069 0.97584049 0.97629652 0.97675608 0.97721223 0.9776729
 0.97839179 0.97885696 0.97931604 0.97978064 0.98024256 0.98070794
 0.98117219 0.98164474 0.98239579 0.98288533 0.98335608 0.98385245
 0.98432702 0.98483215 0.98561026 0.9861343  0.98662479 0.98715575
 0.9876556  0.98819606 0.9890022  0.98956109 0.99007929 0.99064648
 0.99147254 0.99205545 0.99259493 0.99318554 0.99403387 0.99463838
 0.99520088 0.99581298 0.99668472 0.99730969 0.99789568 0.9985286
 0.99942351 1.00006909 1.00067757 1.00133191 1.0022482  1.00291582
 1.00384337 1.00451974 1.00516183 1.00584571 1.00679582 1.00749059
 1.00845151 1.00915335 1.00982766 1.01053699 1.0115175  1.01223736
 1.01322613 1.01395341 1.01495149 1.01568341 1.01669164 1.01742567
 1.01814547 1.01888507 1.01990824 1.02065566 1.02168314 1.02243645
 1.02346817 1.02422578 1.02526147 1.02602207 1.02706127 1.02782383
 1.02886591 1.02962963 1.03067382 1.03143809 1.03248353 1.03324835
 1.03459286 1.03535003 1.03639962 1.03714762 1.03819997 1.03893885
 1.03999245 1.04072604 1.04206498 1.04279578 1.04385172 1.04458301
 1.04563885 1.04637645 1.04770247 1.04844223 1.04949005 1.0502321
 1.05153793 1.05227801 1.0535704  1.05430282 1.05532046 1.05604988
 1.05730692 1.05802871 1.05926304 1.05997353 1.06118309 1.06187906
 1.06306182 1.06374037 1.06489449 1.06555282 1.06667687 1.06731211
 1.06842002 1.0690402  1.0701322  1.07075387 1.07213237 1.07275457
 1.07381531 1.0744316  1.07577876 1.07638836 1.07743412 1.07803373
 1.07932955 1.07992759 1.08122562 1.08182655 1.08312761 1.08372978
 1.08503476 1.08563732 1.08694707 1.08755779 1.08887096 1.0894951
 1.09100679 1.09164406 1.09313241 1.09377645 1.09502166 1.09567171
 1.0971041  1.09776476 1.09938046 1.10005032 1.10141146 1.10209016
 1.10362656 1.10431927 1.10580834 1.10651494 1.1082993  1.10902503
 1.11053465 1.11127606 1.11320979 1.11397501 1.11607727 1.11685765
 1.11962992 1.1204112  1.12331412 1.12426365 1.12778093 1.12888107
 1.13255475 1.13381411 1.13813832 1.13961261 1.14411415 1.14578916
 1.15170429 1.15358522 1.16095597 1.16297927 1.17083485 1.17291351
 1.18152502 1.18361992 1.19404121 1.196026   1.20615028 1.20810706
 1.2200442  1.2220244  1.23577514 1.23738428 1.24977083 1.25116547
 1.26429365 1.26549234 1.27827919 1.27927279 1.2916941  1.29232903
 1.30435221 1.30454695 1.31825175 1.31825993 1.33147886 1.33147886
 1.34416489 1.34416489 1.35733618 1.35733618 1.36988854 1.36988854
 1.38283728 1.38283728 1.39507603 1.39507603 1.40761888 1.40761888
 1.4204186  1.4204186  1.43236676 1.43236676 1.4455363  1.4455363
 1.45775681 1.45775681 1.47003982 1.47003982 1.48127677 1.48127677
 1.49248189 1.49248189 1.50466924 1.50466924 1.51566996 1.51566996
 1.52543842 1.52543842 1.53605245 1.53605245 1.54640721 1.54640721
 1.55539833 1.55539833 1.56510479 1.56510479 1.57336346 1.57336346
 1.58119465 1.58119465 1.58855947 1.58855947 1.59546884 1.59546884
 1.60216427 1.60216427 1.60863578 1.60863578 1.61408695 1.61408695
 1.62004661 1.62004661 1.62495724 1.62495724 1.63041086 1.63041086
 1.6354075  1.6354075  1.64031938 1.64031938 1.6458218  1.6458218
 1.65053582 1.65053582 1.65513683 1.65513683 1.65961575 1.65961575
 1.66396355 1.66396355 1.66817125 1.66817125 1.6722299  1.6722299
 1.67613063 1.67613063 1.6798646  1.6798646  1.683423   1.683423
 1.68611257 1.68611257 1.68929438 1.68929438 1.69227525 1.69227525
 1.69504655 1.69504655 1.69691895 1.69691895 1.69924614 1.69924614
 1.70088359 1.70088359 1.70273411 1.70273411 1.7041148  1.7041148
 1.7056133  1.7056133  1.70681227 1.70681227 1.70825484 1.70825484
 1.70932757 1.70932757 1.71063882 1.71063882 1.71157518 1.71157518
 1.71243963 1.71243963 1.7132298  1.7132298  1.71424868 1.71424868
 1.71488284 1.71488284 1.71543528 1.71543528 1.71595158 1.71595158
 1.71644207 1.71644207 1.71704042 1.71704042 1.71750108 1.71750108
 1.71795163 1.71795163 1.71839188 1.71839188 1.71882162 1.71882162
 1.71924064 1.71924064 1.71964874 1.71964874 1.72004962 1.72004962
 1.72044522 1.72044522 1.72083551 1.72083551 1.72122043 1.72122043
 1.72159995 1.72159995 1.72197987 1.72197987 1.72236055 1.72236055
 1.72274205 1.72274205 1.72312442 1.72312442 1.72350774 1.72350774
 1.72389316 1.72389316 1.72427972 1.72427972 1.7246675  1.7246675
 1.72505792 1.72505792 1.72544975 1.72544975 1.72584307 1.72584307
 1.72623954 1.72623954 1.7266377  1.7266377  1.72703942 1.72703942
 1.727445   1.727445   1.72785261 1.72785261 1.72826446 1.72826446
 1.72868084 1.72868084 1.72910203 1.72910203 1.72952572 1.72952572
 1.72995458 1.72995458 1.7303889  1.73039768 1.73082976 1.73082976
 1.73126463 1.73127139 1.73170637 1.73174469 1.73216096 1.73221423
 1.73261813 1.73285374 1.73322587 1.73397874 1.73412405 1.73557719
 1.73557719 1.73912668 1.73912668 1.7444324  1.7444324  1.75199909
 1.75199909 1.76371643 1.76371643 1.77922317 1.77922317 1.80051023
 1.80051023 1.82655415 1.82655415 1.86374096 1.86374096]total tv norm 890.0
initial file ../result/control/ADMM/EnergyADMM4_evotime2.0_n_ts2048_ptypeWARM_offset0.5_penalty0.01_ADMM_10.0_iter30_instance1.csv

computational time of retrieving switches 4131.90533425
computational time of optimization 67.58316029199977
total computational time 4199.488587166999
tv norm 890.0
