minimum energy is -2.719582936382
filtered objective value -2.3218846953250636
total binary tv norm 10.0
binary objective value -2.313629869745972
initial file ../new_result/c_control/Continuous/Energy4_evotime2.0_n_ts40_ptypeCONSTANT_offset0.5_instance3.csv
all objective value of milp 0.2754231849503391
difference of control 0.12542318495033908
tv norm obj 10
controller sequence is [1, 0, 1, 0, 1, 0]
warm start length is [0.35000000000000003, 0.3, 0.15000000000000002, 0.30000000000000004, 0.8, 0.09999999999999987]
objective of continuous control 0.1437220146383249
objective function before optimization 0.3267822862959161
TV regularizer before optimization 10
     fun: -2.3218846953250636
     jac: array([-0.6265644 , -0.62648676, -0.62623308, -0.6260674 , -0.62662352,
       -0.62510763])
 message: 'Optimization terminated successfully'
    nfev: 19
     nit: 12
    njev: 12
  status: 0
 success: True
       x: array([0.38096418, 0.35297014, 0.15350058, 0.19148198, 0.64101395,
       0.28006917])
switching time points [0.38096418 0.73393432 0.8874349  1.07891688 1.71993083]
computational time of retrieving switches 0.029801292000000146
computational time of optimization 0.0066328749999997605
pre-computing time, objective function evaluation time, gradient time 0.00011925000000001518 0.002026124000000795 0.00038612399999982117
total computational time 0.03644716699999995
tv norm 10.0
ratio objective value 0.14623501116168003
