total tv norm 66.0
initial file ../result/control/ADMM/EnergyADMM2_evotime2.0_n_ts64_ptypeWARM_offset0.5_penalty0.01_ADMM_10.0_iter50_instance0.csv
difference 0.0011127070749130663
summation of all the changes of all the controllers 0.2904816415819147
maximum summation change of all the controllers 0.012557373807910222
objective function before optimization -0.9988858291876048
TV regularizer before optimization 72
     fun: -0.9999999359137217
     jac: array([-4.78241067e-04,  6.42528533e-05, -5.43789354e-04,  2.33506013e-04,
       -5.98565079e-04,  3.67002626e-04, -6.39313939e-04,  4.28658883e-04,
       -6.65566317e-04,  4.62948503e-04, -6.76498387e-04,  4.68806846e-04,
       -6.71961607e-04,  4.58316841e-04, -6.54144380e-04,  4.10910875e-04,
       -6.22204622e-04,  3.36890032e-04, -5.77740899e-04,  2.88614287e-04,
       -5.23277246e-04,  1.70672906e-04, -4.59709917e-04,  1.02777204e-04,
       -3.89091729e-04, -4.79295439e-05, -3.13603475e-04, -2.09370858e-04,
       -2.35407921e-04, -3.76579313e-04, -1.56057293e-04, -7.00668719e-04,
       -8.26361555e-05, -9.87995971e-04, -2.08575143e-05, -1.38922433e-03,
        0.00000000e+00])
 message: 'Optimization terminated successfully'
    nfev: 7
     nit: 3
    njev: 3
  status: 0
 success: True
       x: array([0.03016166, 0.03283767, 0.09216046, 0.03310272, 0.09210116,
       0.03320974, 0.06084656, 0.03317486, 0.06089491, 0.03303583,
       0.06099449, 0.03279702, 0.03052093, 0.03263162, 0.06133338,
       0.03221646, 0.06156301, 0.03172993, 0.03071657, 0.03145674,
       0.06211281, 0.03101336, 0.03116802, 0.03078711, 0.06273912,
       0.03030739, 0.06305952, 0.0299656 , 0.06336961, 0.0299656 ,
       0.12615997, 0.0299656 , 0.1263841 , 0.0299656 , 0.28277458,
       0.03007581, 0.03270046])
switching time points [0.03016166 0.06299933 0.1551598  0.18826251 0.28036368 0.31357342
 0.37441998 0.40759485 0.46848976 0.50152559 0.56252008 0.59531709
 0.62583802 0.65846964 0.71980302 0.75201948 0.81358249 0.84531242
 0.87602899 0.90748573 0.96959855 1.00061191 1.03177992 1.06256704
 1.12530616 1.15561356 1.21867307 1.24863867 1.31200828 1.34197389
 1.46813386 1.49809946 1.62448356 1.65444916 1.93722374 1.96729954]
computational time of retrieving switches 1.2163391250000002
computational time of optimization 0.043555291999999746
total computational time 1.2599227500000003
tv norm 66.0
