difference 4.905932617771391e-05
summation of all the changes of all the controllers 0.3728198252741367
maximum summation change of all the controllers 0.0011386591988671313
objective function before optimization 7.029368917332857e-05
TV regularizer before optimization 948
     fun: 3.214501609904996e-05
     jac: array([-1.94171222e-03,  1.45584444e-04, -1.94171222e-03,  1.45584444e-04,
       -1.94171222e-03,  1.45584444e-04, -1.94171222e-03,  1.45584444e-04,
       -1.94171222e-03,  1.45584444e-04, -1.94171222e-03,  1.45584444e-04,
       -1.94171222e-03,  1.45584444e-04, -1.94171222e-03,  1.45584444e-04,
       -1.94171222e-03,  1.45584444e-04, -1.94171222e-03,  1.45584444e-04,
       -1.94171222e-03,  1.45584444e-04, -1.94171222e-03,  1.45584444e-04,
       -1.94171222e-03,  1.45584444e-04, -1.94171222e-03,  1.45584444e-04,
       -1.94171222e-03,  1.45584444e-04, -1.94171222e-03,  1.45584444e-04,
       -1.94171222e-03,  1.45584444e-04, -1.94171222e-03,  1.45584444e-04,
       -1.94171222e-03,  1.45584444e-04, -1.94171222e-03,  1.45584444e-04,
       -1.94171222e-03,  1.45584444e-04, -1.94171222e-03,  1.45584444e-04,
       -1.94171222e-03,  1.45584444e-04, -1.94171222e-03,  1.45584444e-04,
       -1.94171222e-03,  1.45584444e-04, -1.94171222e-03,  1.45584444e-04,
       -1.94171222e-03,  1.45584444e-04, -1.94171222e-03,  1.45584444e-04,
       -1.94171222e-03,  1.45584444e-04, -1.94171222e-03,  1.45584444e-04,
       -1.94171222e-03,  1.45584444e-04, -1.94171222e-03,  1.45584444e-04,
       -1.94171222e-03,  1.45584444e-04, -1.94171222e-03,  1.45584444e-04,
       -1.94171222e-03,  1.45584444e-04, -1.94171222e-03,  1.45584444e-04,
       -1.94171222e-03,  1.45584444e-04, -1.94171222e-03,  1.45584444e-04,
       -1.94171222e-03,  1.45584444e-04, -1.94171222e-03,  1.45584444e-04,
       -1.94171222e-03,  1.45584444e-04, -1.94171222e-03,  1.45584444e-04,
       -1.94171222e-03,  1.45584444e-04, -1.94171222e-03,  1.45584444e-04,
       -1.94171222e-03,  1.45584444e-04, -1.94171222e-03,  1.45584444e-04,
       -1.94171222e-03,  1.45584444e-04, -1.94171222e-03,  1.45584444e-04,
       -1.94171222e-03,  1.45584444e-04, -1.94171222e-03,  1.45584444e-04,
       -1.94171222e-03,  1.45584444e-04, -1.94171222e-03,  1.45584444e-04,
       -1.94171222e-03,  1.45584444e-04, -1.94171222e-03,  1.45584444e-04,
       -1.94171222e-03,  1.45584444e-04, -1.94171222e-03,  1.45584444e-04,
       -1.94171222e-03,  1.45584444e-04, -1.94171222e-03,  1.45584444e-04,
       -1.94171222e-03,  1.45584444e-04, -1.94171222e-03,  1.45584444e-04,
       -1.94171222e-03,  1.45584444e-04, -1.94171222e-03,  1.78672460e-03,
       -1.81009504e-03,  1.45584444e-04, -1.81009504e-03,  1.45584444e-04,
       -1.81009504e-03,  4.52432074e-04, -1.67576474e-03,  1.45584444e-04,
       -1.67576474e-03, -2.27349239e-04,  1.45584444e-04, -1.53915863e-03,
       -7.79511046e-04,  1.45584444e-04, -1.40052314e-03, -1.19952652e-03,
       -1.26006842e-03,  1.45584444e-04, -1.26006842e-03, -1.48361001e-03,
       -1.11797735e-03, -1.77030085e-03,  1.45584444e-04, -9.74455385e-04,
       -1.91522158e-03, -8.29662368e-04, -2.20690394e-03,  1.45584444e-04,
       -6.83848583e-04, -2.35390444e-03, -5.37166605e-04, -2.64893886e-03,
        1.45584444e-04, -2.64893886e-03, -2.42066906e-04, -2.79760938e-03,
       -9.39927610e-05, -3.09478140e-03,  1.45584444e-04, -3.09478140e-03,
        2.02052590e-04, -3.24328366e-03,  3.49689618e-04, -3.39132118e-03,
        4.96774617e-04, -3.53869057e-03,  1.45584444e-04, -3.53869057e-03,
        7.88568145e-04, -3.68420678e-03,  1.07593097e-03, -3.82708152e-03,
        1.45584444e-04, -3.82708152e-03,  1.35730495e-03, -3.96654121e-03,
        1.63116443e-03, -4.10183113e-03,  1.45584444e-04, -4.10183113e-03,
        2.15064964e-03, -4.22671520e-03,  1.45584444e-04, -4.22671520e-03,
        2.62335999e-03, -4.33850694e-03,  2.83888785e-03, -4.44277910e-03,
        1.45584444e-04, -4.44277910e-03,  3.30779667e-03, -4.52605227e-03,
        1.45584444e-04, -4.52605227e-03,  3.60296722e-03, -4.59046015e-03,
        1.45584444e-04, -4.59046015e-03, -5.86832653e-04, -4.62394715e-03,
        1.83292402e-04, -4.62394715e-03,  3.97515239e-03, -4.64167845e-03,
        1.83292402e-04, -4.64167845e-03,  3.99595861e-03, -4.63226360e-03,
       -2.51132602e-04, -4.67255659e-03,  2.17310940e-04, -4.67255659e-03,
        3.79913179e-03, -4.62593176e-03,  2.17310940e-04, -4.62593176e-03,
        3.57247766e-03, -4.55921095e-03,  2.17310940e-04, -4.55921095e-03,
        3.18101385e-03, -4.46946086e-03,  2.17310940e-04, -4.46946086e-03,
        3.90289566e-04, -4.51099635e-03,  2.57072350e-03, -4.39767643e-03,
        2.39087669e-04, -4.39767643e-03,  1.35933266e-04, -4.39767643e-03,
        2.15704077e-04, -4.39767643e-03,  1.43200222e-03, -4.25956914e-03,
        2.15704077e-04, -4.25956914e-03,  8.67563777e-04, -4.11507666e-03,
        2.15704077e-04, -4.11507666e-03,  1.03463511e-03, -4.14082040e-03,
        2.21009842e-04, -4.14082040e-03, -4.52498001e-04, -3.99357840e-03,
        2.21009842e-04, -3.99357840e-03, -1.17425816e-03, -3.85170929e-03,
        1.23574503e-03, -3.86248355e-03,  2.17663819e-04, -3.86248355e-03,
       -2.11371719e-03, -3.73615368e-03,  2.17663819e-04, -3.73615368e-03,
        1.28484905e-03, -3.73344097e-03,  2.08732153e-04, -3.73344097e-03,
       -3.11031690e-03, -3.63916423e-03, -3.28933381e-03, -3.55348188e-03,
        2.08732153e-04, -3.55348188e-03,  1.16573413e-03, -3.53231941e-03,
        1.92653082e-04, -3.53231941e-03, -3.86424552e-03, -3.49066190e-03,
        1.92653082e-04, -3.49066190e-03, -4.00526084e-03, -3.47572017e-03,
        8.89984490e-04, -3.44043153e-03,  1.71826127e-04, -3.44043153e-03,
       -4.01184224e-03, -3.45272998e-03,  1.71826127e-04, -3.45272998e-03,
       -3.92005084e-03, -3.48653970e-03, -3.88386122e-03, -3.52556709e-03,
        1.71826127e-04, -3.52556709e-03, -3.74431774e-03, -3.58007043e-03,
        4.70724559e-04, -3.53506287e-03,  1.47956097e-04, -3.53506287e-03,
       -3.55954564e-03, -3.60439354e-03, -3.48830735e-03, -3.67842294e-03,
        1.47956097e-04, -3.41244783e-03, -3.75704882e-03, -3.33207134e-03,
       -3.84016258e-03, -3.24728832e-03, -3.92764944e-03,  1.47956097e-04,
       -3.15821529e-03, -4.01938858e-03, -3.06497467e-03, -4.11525330e-03,
       -2.96769457e-03,  1.47956097e-04, -4.21511122e-03, -2.86650869e-03,
        1.04995581e-04, -4.27143285e-03, -2.76153110e-03,  1.22199694e-04,
       -4.48579923e-03, -2.65303646e-03, -4.70706547e-03, -2.54118173e-03,
        1.22199694e-04, -2.54118173e-03, -4.93535440e-03, -2.42612919e-03,
        1.22199694e-04, -5.28608384e-03, -2.30817053e-03,  1.22199694e-04,
       -2.30817053e-03, -5.76503842e-03, -2.18762832e-03,  1.22199694e-04,
       -2.18762832e-03, -6.49703342e-03, -2.06501848e-03,  1.22199694e-04,
       -2.06501848e-03,  1.22199694e-04, -2.06501848e-03,  1.22199694e-04,
       -2.06501848e-03, -7.97795272e-03, -1.94171222e-03,  1.22199694e-04,
       -1.94171222e-03,  1.22199694e-04, -1.94171222e-03,  1.22199694e-04,
       -1.94171222e-03,  1.22199694e-04, -1.94171222e-03,  1.22199694e-04,
       -1.94171222e-03,  1.22199694e-04, -1.94171222e-03,  1.22199694e-04,
       -1.94171222e-03,  1.22199694e-04, -1.94171222e-03,  1.22199694e-04,
       -1.94171222e-03,  1.22199694e-04, -1.94171222e-03,  1.22199694e-04,
       -1.94171222e-03,  1.22199694e-04, -1.94171222e-03,  1.22199694e-04,
       -1.94171222e-03,  1.22199694e-04, -1.94171222e-03,  1.22199694e-04,
       -1.94171222e-03,  1.22199694e-04, -1.94171222e-03,  1.22199694e-04,
       -1.94171222e-03,  1.22199694e-04, -1.94171222e-03,  1.22199694e-04,
       -1.94171222e-03,  1.22199694e-04, -1.94171222e-03,  1.22199694e-04,
       -1.94171222e-03,  1.22199694e-04, -1.94171222e-03,  1.22199694e-04,
       -1.94171222e-03,  1.22199694e-04, -1.94171222e-03,  1.22199694e-04,
       -1.94171222e-03,  1.22199694e-04, -1.94171222e-03,  1.22199694e-04,
       -1.94171222e-03,  1.22199694e-04, -1.94171222e-03,  1.22199694e-04,
       -1.94171222e-03,  1.22199694e-04, -1.94171222e-03,  1.22199694e-04,
       -1.94171222e-03,  1.22199694e-04, -1.94171222e-03,  1.22199694e-04,
       -1.94171222e-03,  1.22199694e-04, -1.94171222e-03,  1.22199694e-04,
       -1.94171222e-03,  1.22199694e-04, -1.94171222e-03,  1.22199694e-04,
       -1.94171222e-03,  1.22199694e-04, -1.94171222e-03,  1.22199694e-04,
       -1.94171222e-03,  1.22199694e-04, -1.94171222e-03,  1.22199694e-04,
       -1.94171222e-03,  1.22199694e-04, -1.94171222e-03,  1.22199694e-04,
       -1.94171222e-03,  1.22199694e-04, -1.94171222e-03,  1.22199694e-04,
       -1.94171222e-03,  1.22199694e-04, -1.94171222e-03,  1.22199694e-04,
       -1.94171222e-03,  1.22199694e-04, -1.94171222e-03,  1.35933267e-04,
        1.45584444e-04, -1.94171222e-03,  1.45584444e-04, -1.94171222e-03,
        1.45584444e-04, -1.94171222e-03,  1.45584444e-04, -1.94171222e-03,
        1.45584444e-04, -1.94171222e-03,  1.45584444e-04, -1.94171222e-03,
        1.45584444e-04, -1.94171222e-03,  1.45584444e-04, -1.94171222e-03,
        1.45584444e-04, -1.94171222e-03,  1.45584444e-04, -1.94171222e-03,
        1.45584444e-04, -1.94171222e-03,  1.45584444e-04])
 message: 'Optimization terminated successfully'
    nfev: 10
     nit: 2
    njev: 2
  status: 0
 success: True
       x: array([0.0117329 , 0.00389788, 0.0195454 , 0.00389788, 0.0195454 ,
       0.00389788, 0.0195454 , 0.00389788, 0.0195454 , 0.00389788,
       0.0195454 , 0.00389788, 0.02345165, 0.00389788, 0.0195454 ,
       0.00389788, 0.0195454 , 0.00389788, 0.0195454 , 0.00389788,
       0.0195454 , 0.00389788, 0.0195454 , 0.00389788, 0.0195454 ,
       0.00389788, 0.0195454 , 0.00389788, 0.0195454 , 0.00389788,
       0.0195454 , 0.00389788, 0.0195454 , 0.00389788, 0.0195454 ,
       0.00389788, 0.0195454 , 0.00389788, 0.0195454 , 0.00389788,
       0.0195454 , 0.00389788, 0.0195454 , 0.00389788, 0.0195454 ,
       0.00389788, 0.02345165, 0.00389788, 0.0195454 , 0.00389788,
       0.0195454 , 0.00389788, 0.0195454 , 0.00389788, 0.0195454 ,
       0.00389788, 0.0195454 , 0.00389788, 0.0195454 , 0.00389788,
       0.0195454 , 0.00389788, 0.0195454 , 0.00389788, 0.0195454 ,
       0.00389788, 0.01563915, 0.00389788, 0.0195454 , 0.00389788,
       0.01563915, 0.00389788, 0.0195454 , 0.00389788, 0.01563915,
       0.00389788, 0.01563915, 0.00389788, 0.0195454 , 0.00389788,
       0.01563915, 0.00389788, 0.01563915, 0.00389788, 0.01563915,
       0.00389788, 0.0195454 , 0.00389788, 0.01563915, 0.00389788,
       0.01563915, 0.00389788, 0.01563915, 0.00389788, 0.01563915,
       0.00389788, 0.01563915, 0.00389788, 0.01563915, 0.00389788,
       0.01563915, 0.00389788, 0.01563915, 0.00389788, 0.01563915,
       0.00389788, 0.01563915, 0.00389788, 0.0195454 , 0.00389788,
       0.01563915, 0.00389788, 0.01563915, 0.00389788, 0.01563915,
       0.00389788, 0.01563915, 0.00389788, 0.0195454 , 0.00389788,
       0.01563915, 0.00389788, 0.0039204 , 0.00389698, 0.01173262,
       0.00389788, 0.01563887, 0.00389788, 0.01173262, 0.00389771,
       0.00391982, 0.00389788, 0.01563857, 0.00389809, 0.00389788,
       0.01563825, 0.00389839, 0.00389788, 0.01173167, 0.00389862,
       0.00391883, 0.00389788, 0.00391883, 0.00389878, 0.00782473,
       0.00389893, 0.00389788, 0.00391812, 0.00389901, 0.00782401,
       0.00389917, 0.00389788, 0.00391739, 0.00389926, 0.00782326,
       0.00389942, 0.00389788, 0.00389942, 0.00391625, 0.0038995 ,
       0.00782211, 0.00389966, 0.00389788, 0.00389966, 0.00391507,
       0.00389974, 0.00391467, 0.00389983, 0.00391427, 0.00389991,
       0.00389788, 0.00389991, 0.00391347, 0.00779872, 0.00391267,
       0.00390007, 0.00389788, 0.00390007, 0.00391188, 0.00779887,
       0.0039111 , 0.00390022, 0.00389788, 0.01169768, 0.00390959,
       0.00390029, 0.00389788, 0.01169775, 0.00390827, 0.00779908,
       0.00390772, 0.0039004 , 0.00389788, 0.01559659, 0.00390648,
       0.00390045, 0.00389788, 0.01169791, 0.00390564, 0.00779922,
       0.00389788, 0.01169795, 0.00391573, 0.00779923, 0.00389786,
       0.00779923, 0.00390434, 0.01169797, 0.00389786, 0.00779924,
       0.00390401, 0.00779924, 0.0039149 , 0.00779926, 0.00389784,
       0.01169799, 0.00390405, 0.00779924, 0.00389784, 0.00779924,
       0.00390434, 0.0077992 , 0.00389784, 0.01169793, 0.00390495,
       0.00779915, 0.00389784, 0.00779915, 0.0039133 , 0.00779917,
       0.00390603, 0.00779911, 0.00389783, 0.01169784, 0.00391394,
       0.00390038, 0.00389784, 0.01169784, 0.00390882, 0.00779903,
       0.00389784, 0.00779903, 0.00391029, 0.01169768, 0.00389784,
       0.00779895, 0.0039117 , 0.00779897, 0.00389784, 0.00779897,
       0.00391384, 0.01169762, 0.00389784, 0.00779889, 0.00391586,
       0.00779881, 0.00391121, 0.00779882, 0.00389784, 0.01169754,
       0.00391857, 0.00779875, 0.00389784, 0.00779875, 0.00391109,
       0.00779874, 0.00389785, 0.01169747, 0.0039216 , 0.00779869,
       0.00392218, 0.00779865, 0.00389785, 0.01169737, 0.00391138,
       0.0038999 , 0.00389785, 0.01169736, 0.00392418, 0.00779861,
       0.00389785, 0.01169734, 0.00392484, 0.0077986 , 0.00391207,
       0.00389985, 0.00389787, 0.00779858, 0.00392513, 0.00779859,
       0.00389787, 0.00779859, 0.00392509, 0.00389988, 0.00392505,
       0.0038999 , 0.00389787, 0.00779863, 0.00392482, 0.00389993,
       0.00391311, 0.00389991, 0.00389788, 0.00389991, 0.00392445,
       0.00389994, 0.0039243 , 0.00389998, 0.00389788, 0.00392414,
       0.00390003, 0.00392396, 0.00390007, 0.00392377, 0.00390012,
       0.00389788, 0.00392356, 0.00390017, 0.00392334, 0.00390022,
       0.00392311, 0.00389788, 0.00390028, 0.00392286, 0.00391401,
       0.00390031, 0.00782885, 0.00389789, 0.00390043, 0.00782858,
       0.00390055, 0.00392204, 0.00389789, 0.00392204, 0.00390068,
       0.01173424, 0.00389789, 0.00390087, 0.01173393, 0.00389789,
       0.00392143, 0.00390113, 0.0117336 , 0.00389789, 0.0117336 ,
       0.00390154, 0.00392076, 0.00389789, 0.01563951, 0.00389789,
       0.01954576, 0.00389789, 0.00782701, 0.00390235, 0.0039204 ,
       0.00389789, 0.0195454 , 0.00389789, 0.01563915, 0.00389789,
       0.01563915, 0.00389789, 0.01563915, 0.00389789, 0.01563915,
       0.00389789, 0.0195454 , 0.00389789, 0.01563915, 0.00389789,
       0.01563915, 0.00389789, 0.01563915, 0.00389789, 0.01563915,
       0.00389789, 0.01563915, 0.00389789, 0.01563915, 0.00389789,
       0.01563915, 0.00389789, 0.01563915, 0.00389789, 0.01563915,
       0.00389789, 0.01563915, 0.00389789, 0.01563915, 0.00389789,
       0.01563915, 0.00389789, 0.0195454 , 0.00389789, 0.01563915,
       0.00389789, 0.01563915, 0.00389789, 0.01563915, 0.00389789,
       0.0195454 , 0.00389789, 0.01563915, 0.00389789, 0.0195454 ,
       0.00389789, 0.01563915, 0.00389789, 0.0195454 , 0.00389789,
       0.0195454 , 0.00389789, 0.0195454 , 0.00389789, 0.0195454 ,
       0.00389789, 0.0195454 , 0.00389789, 0.0195454 , 0.00389789,
       0.0195454 , 0.00389789, 0.0195454 , 0.00389789, 0.0195454 ,
       0.00389789, 0.0195454 , 0.00389789, 0.02345165, 0.00389789,
       0.0195454 , 0.00389789, 0.0195454 , 0.00389789, 0.0195454 ,
       0.00389789, 0.0195454 , 0.00389789, 0.02345165, 0.00389789,
       0.0195454 , 0.00389789, 0.0195454 , 0.00389789, 0.0195454 ,
       0.00389789, 0.0195454 , 0.00389789, 0.0195454 , 0.00389789,
       0.0195454 , 0.00391394, 0.00389788, 0.0195454 , 0.00389788,
       0.0195454 , 0.00389788, 0.0195454 , 0.00389788, 0.02345165,
       0.00389788, 0.0195454 , 0.00389788, 0.0195454 , 0.00389788,
       0.0195454 , 0.00389788, 0.02345165, 0.00389788, 0.0195454 ,
       0.00389788, 0.0195454 , 0.00389788, 0.02345165, 0.00389788])total tv norm 940.0
initial file ../result/control/ADMM/MoleculeADMMNew_H2_evotime4.0_n_ts1024_ptypeWARM_offset0.5_sum_penalty1.0_penalty0.001_ADMM_0.5_iter50.csv

switching time points [0.0117329  0.01563078 0.03517619 0.03907407 0.05861947 0.06251735
 0.08206276 0.08596064 0.10550604 0.10940392 0.12894932 0.1328472
 0.15629886 0.16019674 0.17974214 0.18364002 0.20318543 0.20708331
 0.22662871 0.23052659 0.25007199 0.25396987 0.27351528 0.27741316
 0.29695856 0.30085644 0.32040185 0.32429973 0.34384513 0.34774301
 0.36728841 0.3711863  0.3907317  0.39462958 0.41417498 0.41807286
 0.43761827 0.44151615 0.46106155 0.46495943 0.48450484 0.48840272
 0.50794812 0.511846   0.5313914  0.53528928 0.55874094 0.56263882
 0.58218422 0.5860821  0.60562751 0.60952539 0.62907079 0.63296867
 0.65251407 0.65641195 0.67595736 0.67985524 0.69940064 0.70329852
 0.72284393 0.72674181 0.74628721 0.75018509 0.76973049 0.77362837
 0.78926753 0.79316541 0.81271081 0.81660869 0.83224785 0.83614573
 0.85569113 0.85958901 0.87522816 0.87912604 0.8947652  0.89866308
 0.91820848 0.92210636 0.93774552 0.9416434  0.95728255 0.96118043
 0.97681958 0.98071747 1.00026287 1.00416075 1.0197999  1.02369778
 1.03933694 1.04323482 1.05887397 1.06277185 1.07841101 1.08230889
 1.09794804 1.10184592 1.11748507 1.12138295 1.13702211 1.14091999
 1.15655914 1.16045702 1.17609618 1.17999406 1.19563321 1.19953109
 1.21907649 1.22297437 1.23861353 1.24251141 1.25815056 1.26204844
 1.2776876  1.28158548 1.29722463 1.30112251 1.32066791 1.32456579
 1.34020495 1.34410283 1.34802323 1.35192021 1.36365283 1.36755071
 1.38318958 1.38708746 1.39882009 1.4027178  1.40663762 1.4105355
 1.42617407 1.43007215 1.43397003 1.44960828 1.45350667 1.45740455
 1.46913622 1.47303484 1.47695367 1.48085155 1.48477038 1.48866916
 1.49649389 1.50039283 1.50429071 1.50820883 1.51210785 1.51993186
 1.52383103 1.52772891 1.5316463  1.53554556 1.54336882 1.54726824
 1.55116612 1.55506554 1.55898178 1.56288128 1.57070339 1.57460305
 1.57850094 1.5824006  1.58631567 1.59021541 1.59413008 1.59802991
 1.60194418 1.60584409 1.60974197 1.61364188 1.61755535 1.62535406
 1.62926674 1.6331668  1.63706468 1.64096475 1.64487663 1.65267551
 1.65658661 1.66048683 1.66438471 1.67608238 1.67999197 1.68389226
 1.68779014 1.69948789 1.70339615 1.71119523 1.71510295 1.71900335
 1.72290123 1.73849783 1.74240431 1.74630476 1.75020264 1.76190055
 1.76580619 1.77360541 1.77750329 1.78920123 1.79311696 1.8009162
 1.80481406 1.81261329 1.81651763 1.82821561 1.83211346 1.83991271
 1.84381672 1.85161596 1.85553086 1.86333012 1.86722796 1.87892595
 1.88283001 1.89062924 1.89452708 1.90232632 1.90623065 1.91402985
 1.91792769 1.92962562 1.93353057 1.94132972 1.94522756 1.95302671
 1.95694001 1.96473919 1.96864522 1.97644433 1.98034215 1.99203999
 1.99595393 1.99985431 2.00375216 2.01545    2.01935882 2.02715785
 2.03105569 2.03885473 2.04276501 2.0544627  2.05836054 2.06615949
 2.0700712  2.07787017 2.081768   2.08956697 2.09348082 2.10517843
 2.10907627 2.11687516 2.12079102 2.12858983 2.13250103 2.14029985
 2.14419769 2.15589523 2.1598138  2.16761255 2.17151039 2.17930914
 2.18322022 2.19101897 2.19491681 2.20661428 2.21053589 2.21833458
 2.22225676 2.23005541 2.23395325 2.24565063 2.24956201 2.25346191
 2.25735977 2.26905713 2.27298132 2.28077993 2.28467778 2.29637512
 2.30029996 2.30809856 2.31201063 2.31591048 2.31980835 2.32760693
 2.33153206 2.33933065 2.34322851 2.3510271  2.3549522  2.35885208
 2.36277712 2.36667702 2.37057489 2.37837352 2.38229833 2.38619827
 2.39011137 2.39401128 2.39790916 2.40180906 2.40573352 2.40963346
 2.41355776 2.41745775 2.42135563 2.42527977 2.42917979 2.43310375
 2.43700383 2.4409276  2.44482772 2.4487256  2.45264916 2.45654933
 2.46047267 2.46437289 2.468296   2.47219388 2.47609416 2.48001702
 2.48393103 2.48783134 2.49566019 2.49955808 2.50345851 2.51128709
 2.51518764 2.51910968 2.52300757 2.52692961 2.53083029 2.54256453
 2.54646242 2.55036329 2.56209722 2.56599512 2.56991654 2.57381768
 2.58555128 2.58944917 2.60118278 2.60508431 2.60900508 2.61290297
 2.62854248 2.63244038 2.65198614 2.65588403 2.66371105 2.6676134
 2.6715338  2.67543169 2.6949771  2.69887499 2.71451414 2.71841204
 2.73405119 2.73794908 2.75358824 2.75748613 2.77312529 2.77702318
 2.79656858 2.80046648 2.81610563 2.82000352 2.83564268 2.83954057
 2.85517972 2.85907762 2.87471677 2.87861466 2.89425382 2.89815171
 2.91379086 2.91768876 2.93332791 2.9372258  2.95286496 2.95676285
 2.972402   2.9762999  2.99193905 2.99583695 3.0114761  3.01537399
 3.03101315 3.03491104 3.05445644 3.05835434 3.07399349 3.07789138
 3.09353054 3.09742843 3.11306758 3.11696548 3.13651088 3.14040877
 3.15604793 3.15994582 3.17949122 3.18338912 3.19902827 3.20292616
 3.22247157 3.22636946 3.24591487 3.24981276 3.26935816 3.27325606
 3.29280146 3.29669935 3.31624476 3.32014265 3.33968805 3.34358595
 3.36313135 3.36702924 3.38657465 3.39047254 3.41001794 3.41391584
 3.43346124 3.43735913 3.46081079 3.46470868 3.48425408 3.48815198
 3.50769738 3.51159527 3.53114068 3.53503857 3.55458398 3.55848187
 3.58193352 3.58583142 3.60537682 3.60927471 3.62882012 3.63271801
 3.65226341 3.65616131 3.67570671 3.6796046  3.69915001 3.7030479
 3.7225933  3.72650724 3.73040513 3.74995053 3.75384841 3.77339381
 3.77729169 3.7968371  3.80073498 3.82418663 3.82808451 3.84762992
 3.8515278  3.8710732  3.87497108 3.89451648 3.89841436 3.92186602
 3.9257639  3.9453093  3.94920718 3.96875259 3.97265047 3.99610212]
computational time of retrieving switches 561.275539541
computational time of optimization 1.164500999999973
total computational time 562.4410927079999
tv norm 940.0
