filtered objective value 0.0017017399958016988
binary objective value 0.4950900737116263
total binary tv norm 24.0
initial file ../new_result/c_control/Continuous/MoleculeVQENew_LiH_evotime20.0_n_ts200_ptypeCONSTANT_offset0.5_objUNIT_sum_penalty0.1.csv
difference with alpha=0 -8.176910912332344
summation of all the changes of all the controllers 25.40011082727951
maximum summation change of all the controllers 0.6818605176920972
controller sequence is [9, 7, 6, 1, 2, 1, 7, 5, 3, 2, 1, 5, 7, 6, 3, 7, 5]
warm start length is [0.7000000000000001, 0.09999999999999998, 0.6000000000000001, 0.19999999999999996, 0.8999999999999999, 0.30000000000000027, 0.19999999999999973, 0.30000000000000027, 0.2999999999999998, 1.3000000000000003, 0.5, 0.20000000000000018, 0.20000000000000018, 2.299999999999999, 0.40000000000000036, 0.40000000000000036, 11.1]
objective of continuous control 0.0013101654734173351
objective function before optimization 0.9993133000085261
TV regularizer before optimization 32
     fun: 0.0017017399958016988
     jac: array([ 2.48563539e-05, -3.11434816e-04,  1.14729222e-05,  1.07654093e-03,
       -3.55953964e-04,  1.07654093e-03, -4.54804497e-04, -1.23411794e-04,
       -1.04044524e-03, -3.39439680e-05,  1.07654093e-03, -1.23411794e-04,
       -4.54804497e-04, -1.19059807e-05, -1.15296166e-03, -3.05222657e-04,
       -1.23411794e-04])
 message: 'Optimization terminated successfully'
    nfev: 36
     nit: 27
    njev: 27
  status: 0
 success: True
       x: array([ 5.00025149,  0.30431581,  0.80994106,  0.15083685,  0.01138748,
        0.15793916,  0.16460479,  0.20757228,  0.2121349 ,  0.02953733,
        0.35793916,  0.11818326,  0.16460479,  0.8175701 ,  0.45445624,
        0.03115299, 11.00757228])
switching time points [5.00025149 5.3045673  6.11450837 6.26534522 6.2767327  6.43467186
 6.59927665 6.80684893 7.01898384 7.04852117 7.40646033 7.52464359
 7.68924838 8.50681849 8.96127473 8.99242772]
computational time of retrieving switches 0.39170291699999993
computational time of optimization 0.04180787500000083
pre-computing time, objective function evaluation time, gradient time 0.000247832999999531 0.014913458000000546 0.01041154199999994
total computational time 0.43487058400000045
tv norm 32.0
