total tv norm 56.0
initial file ../result/control/ADMM/MoleculeADMMNew_H2_evotime4.0_n_ts64_ptypeWARM_offset0.5_sum_penalty1.0_penalty0.001_ADMM_0.5_iter50.csv
difference 0.010212036771837019
summation of all the changes of all the controllers 6.123687110410158
maximum summation change of all the controllers 0.2354463288013947
objective function before optimization 0.010235006355423515
TV regularizer before optimization 60
     fun: 2.820361214572742e-07
     jac: array([ 0.00012302,  0.00085299,  0.00012302,  0.00085299,  0.00012302,
        0.00085299,  0.00012302,  0.00085299,  0.00012302,  0.00104908,
       -0.00014244,  0.0015565 ,  0.00085299,  0.0015565 , -0.00020096,
        0.00137043,  0.00085299,  0.00137043,  0.00039437,  0.00143898,
        0.00085299,  0.00026203,  0.00179436,  0.00012302,  0.00085299,
        0.00012302,  0.00085299,  0.00012302,  0.00085299,  0.00012302,
        0.00085299])
 message: 'Optimization terminated successfully'
    nfev: 11
     nit: 6
    njev: 6
  status: 0
 success: True
       x: array([0.19312355, 0.06060955, 0.31812355, 0.06060955, 0.31812355,
       0.06060955, 0.31812355, 0.06060955, 0.06812355, 0.06564545,
       0.13515281, 0.05982896, 0.06060955, 0.18108546, 0.05450883,
       0.12842106, 0.06060955, 0.12842106, 0.05262515, 0.06007529,
       0.06060955, 0.1228817 , 0.04403721, 0.06812355, 0.06060955,
       0.31812355, 0.06060955, 0.31812355, 0.06060955, 0.38062355,
       0.06060955])
switching time points [0.19312355 0.2537331  0.57185665 0.63246621 0.95058976 1.01119931
 1.32932286 1.38993241 1.45805596 1.52370142 1.65885423 1.71868318
 1.77929273 1.9603782  2.01488702 2.14330808 2.20391763 2.33233869
 2.38496383 2.44503912 2.50564867 2.62853037 2.67256759 2.74069114
 2.80130069 3.11942424 3.18003379 3.49815734 3.5587669  3.93939045]
computational time of retrieving switches 2.3025924999999994
computational time of optimization 0.06710075000000071
total computational time 2.370197375
tv norm 56.0
