total tv norm 22.0
initial file ../result/control/ADMM/MoleculeADMMNew_H2_evotime4.0_n_ts32_ptypeWARM_offset0.5_sum_penalty1.0_penalty0.001_ADMM_0.5_iter50.csv
difference 0.041733463100893764
summation of all the changes of all the controllers 10.379517501872119
maximum summation change of all the controllers 0.8911593657984568
objective function before optimization 0.04176490754183659
TV regularizer before optimization 28
     fun: 9.04804192680686e-08
     jac: array([ 1.97234648e-04,  4.58892538e-04,  1.97234648e-04,  4.58892538e-04,
        1.97234648e-04,  8.86696902e-04, -1.97200042e-04,  8.59927521e-04,
        4.58892538e-04,  8.59927521e-04,  5.92335266e-05,  4.58892538e-04,
        1.97234648e-04,  4.58892538e-04,  1.97234648e-04])
 message: 'Optimization terminated successfully'
    nfev: 26
     nit: 20
    njev: 20
  status: 0
 success: True
       x: array([3.92013670e-01, 1.33337466e-01, 7.65759231e-01, 1.33337466e-01,
       1.43400689e-01, 3.33463954e-01, 8.27534247e-02, 4.34755074e-02,
       1.33337466e-01, 2.89766640e-01, 6.00161150e-04, 1.33337466e-01,
       5.16320161e-01, 1.33337466e-01, 7.65759231e-01])
switching time points [0.39201367 0.52535114 1.29111037 1.42444783 1.56784852 1.90131248
 1.9840659  2.02754141 2.16087887 2.45064551 2.45124568 2.58458314
 3.1009033  3.23424077]
computational time of retrieving switches 0.5720529580000004
computational time of optimization 0.07938208400000057
total computational time 0.6519273750000005
tv norm 22.0
