difference 0.00013517161104248387
summation of all the changes of all the controllers 0.7381404668386637
maximum summation change of all the controllers 0.004299412320028062
objective function before optimization 0.00014696758449483927
TV regularizer before optimization 470
     fun: 1.3972002454121224e-05
     jac: array([ 3.78230247e-04,  4.06736026e-04,  3.78230247e-04,  4.06736026e-04,
        3.78230247e-04,  4.06736026e-04,  3.78230247e-04,  4.06736026e-04,
        3.78230247e-04,  4.06736026e-04,  3.78230247e-04,  4.06736026e-04,
        3.78230247e-04,  4.06736026e-04,  3.78230247e-04,  4.06736026e-04,
        3.78230247e-04,  4.06736026e-04,  3.78230247e-04,  4.06736026e-04,
        3.78230247e-04,  4.06736026e-04,  3.78230247e-04,  4.06736026e-04,
        3.78230247e-04,  4.06736026e-04,  3.78230247e-04,  4.06736026e-04,
        3.78230247e-04,  4.06736026e-04,  3.78230247e-04,  4.06736026e-04,
        3.78230247e-04,  4.06736026e-04,  3.78230247e-04,  4.06736026e-04,
        3.78230247e-04,  4.06736026e-04,  3.78230247e-04,  4.06736026e-04,
        3.78230247e-04,  4.06736026e-04,  3.78230247e-04, -1.75351208e-04,
        3.72788945e-04,  4.06736026e-04,  3.72788945e-04,  4.06736026e-04,
        3.72788945e-04,  4.06736026e-04,  3.72788945e-04,  4.06736026e-04,
        3.72788945e-04,  4.06736026e-04,  3.72788945e-04,  4.06736026e-04,
        3.72788945e-04,  4.06736026e-04,  3.72788945e-04,  4.06736026e-04,
        8.39053621e-05,  3.65224375e-04,  4.06736026e-04,  3.65224375e-04,
        1.27755047e-04,  3.55813676e-04,  4.06736026e-04,  1.59630971e-04,
        3.44584699e-04,  1.96937936e-04,  4.06736026e-04,  3.31581572e-04,
        2.11207896e-04,  3.16853199e-04,  2.43012730e-04,  4.06736026e-04,
        2.43012730e-04,  2.82495279e-04,  2.81080101e-04,  2.63014349e-04,
        3.01522265e-04,  4.06736026e-04,  3.01522265e-04,  2.19943415e-04,
        3.24419807e-04,  1.96563267e-04,  3.48335906e-04,  4.06736026e-04,
        3.48335906e-04,  1.20499276e-04,  3.74530208e-04,  4.06736026e-04,
        3.74530208e-04,  3.85500203e-05,  4.01672562e-04,  4.06736026e-04,
        4.01672562e-04, -1.00148920e-04,  4.27455704e-04,  4.06736026e-04,
        4.27455704e-04,  4.06736026e-04,  4.27455704e-04, -2.47447735e-04,
        4.47259779e-04,  4.06736026e-04,  4.47259779e-04, -3.20516819e-04,
        4.61049078e-04,  4.06736026e-04,  4.61049078e-04,  1.72051476e-04,
        3.81088328e-04,  4.91814656e-04,  3.81088328e-04, -3.78995662e-04,
        3.80342235e-04,  4.91814656e-04,  3.80342235e-04, -3.59208252e-04,
        3.72196131e-04,  4.91814656e-04,  3.72196131e-04,  8.54928077e-04,
        3.14861541e-04,  5.40955669e-04,  3.14861541e-04,  5.40955669e-04,
        3.14861541e-04, -1.82839496e-04,  2.92117477e-04,  5.40955669e-04,
        2.92117477e-04, -7.78999988e-05,  2.66345671e-04,  5.40955669e-04,
        2.66345671e-04,  1.23665212e-03,  2.71031098e-04,  5.25314536e-04,
        2.71031098e-04,  1.68128564e-04,  2.46515328e-04,  5.25314536e-04,
        2.46515328e-04,  2.39073194e-04,  2.24991102e-04,  5.25314536e-04,
        2.24991102e-04,  2.98326522e-04,  2.07598601e-04,  5.25314536e-04,
        2.07598601e-04,  3.29940424e-04,  1.93493430e-04,  9.39147082e-04,
        2.53690973e-04,  4.67655975e-04,  3.54480774e-04,  2.43154199e-04,
        3.63960973e-04,  2.25901463e-04,  4.67655975e-04,  3.71520558e-04,
        2.19191557e-04,  3.77125278e-04,  2.09769924e-04,  4.67655975e-04,
        3.80771332e-04,  2.04329111e-04,  3.82453397e-04,  4.67655975e-04,
        3.82453397e-04,  2.01384388e-04,  3.82213644e-04,  4.67655975e-04,
        3.82213644e-04,  7.68742683e-04,  4.06736026e-04,  2.79393183e-04,
        3.80262331e-04,  4.06736026e-04,  3.80262331e-04,  4.06736026e-04,
        3.80262331e-04,  4.06736026e-04,  3.80262331e-04,  4.06736026e-04,
        3.80262331e-04,  4.06736026e-04,  3.80262331e-04,  4.06736026e-04,
        3.80262331e-04,  4.06736026e-04,  3.80262331e-04,  4.06736026e-04,
        3.80262331e-04,  4.06736026e-04,  3.80262331e-04,  4.06736026e-04,
        3.80262331e-04,  4.06736026e-04,  3.98423721e-04,  3.78230247e-04,
        4.06736026e-04,  3.78230247e-04,  4.06736026e-04,  3.78230247e-04,
        4.06736026e-04,  3.78230247e-04,  4.06736026e-04,  3.78230247e-04,
        4.06736026e-04,  3.78230247e-04,  4.06736026e-04,  3.78230247e-04,
        4.06736026e-04,  3.78230247e-04,  4.06736026e-04,  3.78230247e-04,
        4.06736026e-04,  3.78230247e-04,  4.06736026e-04,  3.78230247e-04,
        4.06736026e-04,  3.78230247e-04,  4.06736026e-04,  3.78230247e-04,
        4.06736026e-04,  3.78230247e-04,  4.06736026e-04,  3.78230247e-04,
        4.06736026e-04,  3.78230247e-04,  4.06736026e-04,  3.78230247e-04])
 message: 'Optimization terminated successfully'
    nfev: 12
     nit: 4
    njev: 4
  status: 0
 success: True
       x: array([0.02353344, 0.00786411, 0.03915856, 0.00786411, 0.03915856,
       0.00786411, 0.03915856, 0.00786411, 0.04697106, 0.00786411,
       0.03915856, 0.00786411, 0.03915856, 0.00786411, 0.03915856,
       0.00786411, 0.03915856, 0.00786411, 0.03915856, 0.00786411,
       0.03915856, 0.00786411, 0.03915856, 0.00786411, 0.03915856,
       0.00786411, 0.03915856, 0.00786411, 0.03915856, 0.00786411,
       0.03915856, 0.00786411, 0.03915856, 0.00786411, 0.03915856,
       0.00786411, 0.03915856, 0.00786411, 0.03915856, 0.00786411,
       0.04697106, 0.00786411, 0.01572038, 0.00780481, 0.01572422,
       0.00786411, 0.03916239, 0.00786411, 0.03916239, 0.00786411,
       0.04697489, 0.00786411, 0.03916239, 0.00786411, 0.03916239,
       0.00786411, 0.03916239, 0.00786411, 0.03916239, 0.00786411,
       0.00768408, 0.03135244, 0.00786411, 0.00791371, 0.00767358,
       0.02354096, 0.00786411, 0.00767115, 0.02354067, 0.0076726 ,
       0.00786411, 0.00791287, 0.00767432, 0.01572286, 0.00768039,
       0.00786411, 0.00768039, 0.01571273, 0.00769148, 0.00789269,
       0.00769825, 0.00786411, 0.00769825, 0.00787512, 0.00770738,
       0.00786464, 0.00771764, 0.00786411, 0.01549804, 0.00782716,
       0.00773095, 0.00786411, 0.01551135, 0.00778196, 0.01552713,
       0.00786411, 0.02332326, 0.00769532, 0.00776495, 0.00786411,
       0.02334267, 0.00786411, 0.01554535, 0.00758718, 0.01556316,
       0.00786411, 0.01556316, 0.00752198, 0.01557859, 0.00786411,
       0.01557859, 0.00747054, 0.01566868, 0.00776813, 0.01566868,
       0.00743159, 0.01567539, 0.00776813, 0.01567539, 0.00741396,
       0.00789615, 0.00776813, 0.02347603, 0.00670383, 0.00796088,
       0.00771266, 0.02354101, 0.00771266, 0.01574128, 0.00746056,
       0.01572961, 0.00771266, 0.01572961, 0.0075117 , 0.01571436,
       0.00771266, 0.02351204, 0.00627469, 0.00792872, 0.00773027,
       0.02350678, 0.00766643, 0.00791064, 0.00773027, 0.01569104,
       0.00772135, 0.00789319, 0.00773027, 0.01567359, 0.00777376,
       0.00787713, 0.00773027, 0.00787713, 0.007806  , 0.00786238,
       0.0066089 , 0.00779447, 0.00779532, 0.00783523, 0.00778138,
       0.01566154, 0.00775695, 0.00779532, 0.00786075, 0.00774569,
       0.01568501, 0.00772518, 0.00779532, 0.01569506, 0.00770681,
       0.01570388, 0.00779532, 0.01570388, 0.00767451, 0.01571142,
       0.00779532, 0.03133709, 0.0068021 , 0.00786411, 0.00755324,
       0.03134308, 0.00786411, 0.03915558, 0.00786411, 0.04696808,
       0.00786411, 0.03915558, 0.00786411, 0.03915558, 0.00786411,
       0.03915558, 0.00786411, 0.03915558, 0.00786411, 0.03915558,
       0.00786411, 0.04696808, 0.00786411, 0.03915558, 0.00786411,
       0.03915558, 0.00786411, 0.00726996, 0.03134606, 0.00786411,
       0.03915856, 0.00786411, 0.03915856, 0.00786411, 0.03915856,
       0.00786411, 0.03915856, 0.00786411, 0.03915856, 0.00786411,
       0.03915856, 0.00786411, 0.03915856, 0.00786411, 0.03915856,
       0.00786411, 0.03915856, 0.00786411, 0.03915856, 0.00786411,
       0.03915856, 0.00786411, 0.04697106, 0.00786411, 0.03915856,
       0.00786411, 0.03915856, 0.00786411, 0.03915856, 0.00786411,
       0.03915856])
switching time points total tv norm 466.0
initial file ../result/control/ADMM/MoleculeADMMNew_H2_evotime4.0_n_ts512_ptypeWARM_offset0.5_sum_penalty1.0_penalty0.001_ADMM_0.5_iter50.csv
[0.02353344 0.03139754 0.07055611 0.07842021 0.11757877 0.12544288
 0.16460144 0.17246555 0.21943661 0.22730072 0.26645928 0.27432339
 0.31348195 0.32134606 0.36050462 0.36836873 0.40752729 0.4153914
 0.45454996 0.46241407 0.50157263 0.50943674 0.5485953  0.5564594
 0.59561797 0.60348207 0.64264064 0.65050474 0.6896633  0.69752741
 0.73668597 0.74455008 0.78370864 0.79157275 0.83073131 0.83859542
 0.87775398 0.88561809 0.92477665 0.93264076 0.97961182 0.98747593
 1.0031963  1.01100111 1.02672533 1.03458943 1.07375182 1.08161593
 1.12077831 1.12864242 1.17561731 1.18348142 1.2226438  1.23050791
 1.2696703  1.2775344  1.31669679 1.3245609  1.36372328 1.37158739
 1.37927147 1.41062391 1.41848802 1.42640173 1.43407531 1.45761628
 1.46548038 1.47315153 1.49669221 1.5043648  1.51222891 1.52014178
 1.5278161  1.54353896 1.55121935 1.55908346 1.56676385 1.58247658
 1.59016806 1.59806075 1.605759   1.61362311 1.62132136 1.62919648
 1.63690386 1.6447685  1.65248614 1.66035024 1.67584828 1.68367544
 1.69140639 1.6992705  1.71478185 1.72256381 1.73809094 1.74595505
 1.76927831 1.77697363 1.78473858 1.79260268 1.81594536 1.82380946
 1.83935481 1.846942   1.86250516 1.87036926 1.88593242 1.8934544
 1.90903299 1.9168971  1.93247568 1.93994622 1.9556149  1.96338303
 1.97905171 1.98648329 2.00215868 2.00992681 2.0256022  2.03301616
 2.04091231 2.04868044 2.07215646 2.07886029 2.08682118 2.09453384
 2.11807484 2.1257875  2.14152879 2.14898935 2.16471896 2.17243162
 2.18816123 2.19567293 2.21138729 2.21909995 2.24261199 2.24888668
 2.25681541 2.26454568 2.28805246 2.29571889 2.30362952 2.31135979
 2.32705083 2.33477218 2.34266536 2.35039563 2.36606922 2.37384298
 2.38172011 2.38945038 2.39732751 2.40513351 2.41299589 2.41960478
 2.42739926 2.43519458 2.4430298  2.45081118 2.46647272 2.47422968
 2.48202499 2.48988575 2.49763144 2.51331645 2.52104163 2.52883695
 2.54453201 2.55223881 2.5679427  2.57573801 2.5914419  2.5991164
 2.61482783 2.62262315 2.65396023 2.66076233 2.66862644 2.67617968
 2.70752276 2.71538687 2.75454245 2.76240656 2.80937464 2.81723875
 2.85639433 2.86425844 2.90341402 2.91127813 2.95043371 2.95829782
 2.9974534  3.00531751 3.04447309 3.0523372  3.09930528 3.10716939
 3.14632497 3.15418908 3.19334466 3.20120877 3.20847873 3.23982479
 3.2476889  3.28684746 3.29471157 3.33387013 3.34173424 3.3808928
 3.38875691 3.42791547 3.43577958 3.47493814 3.48280225 3.52196081
 3.52982492 3.56898348 3.57684758 3.61600615 3.62387025 3.66302882
 3.67089292 3.71005148 3.71791559 3.75707415 3.76493826 3.81190932
 3.81977343 3.85893199 3.8667961  3.90595466 3.91381877 3.95297733
 3.96084144]
computational time of retrieving switches 143.23120275
computational time of optimization 0.5566175419999979
total computational time 143.788356209
tv norm 466.0
