total tv norm 208.0
initial file ../result/control/ADMM/MoleculeADMMNew_H2_evotime4.0_n_ts256_ptypeWARM_offset0.5_sum_penalty1.0_penalty0.001_ADMM_0.5_iter50.csv
difference 0.0007731417198063584
summation of all the changes of all the controllers 1.500631983994765
maximum summation change of all the controllers 0.015949376946009175
objective function before optimization 0.0007876682132962332
TV regularizer before optimization 234
     fun: 8.520729448679987e-07
     jac: array([ 1.31400099e-04,  2.79456580e-04,  1.31400099e-04,  2.79456580e-04,
        1.31400099e-04,  2.79456580e-04,  1.31400099e-04,  2.79456580e-04,
        1.31400099e-04,  2.79456580e-04,  1.31400099e-04,  2.79456580e-04,
        1.31400099e-04,  2.79456580e-04,  1.31400099e-04,  2.79456580e-04,
        1.31400099e-04,  2.79456580e-04,  1.31400099e-04,  2.79456580e-04,
        1.31400099e-04,  2.79456580e-04,  1.31400099e-04,  2.79456580e-04,
        1.31400099e-04,  2.79456580e-04,  1.31400099e-04,  2.79456580e-04,
        1.31400099e-04,  2.79456580e-04, -5.42882579e-04,  8.79733486e-05,
        2.79456580e-04, -3.20810665e-04,  4.17515509e-05, -1.50662546e-04,
        2.79456580e-04, -1.50662546e-04, -6.01014248e-05, -3.99822479e-05,
       -1.11418494e-04,  1.19674456e-05,  2.79456580e-04,  1.19674456e-05,
       -2.53510925e-04,  5.37155918e-05,  2.79456580e-04,  5.37155918e-05,
       -3.72074032e-04,  7.29271141e-05,  2.79456580e-04,  7.29271141e-05,
       -3.58154257e-04,  4.24213560e-05,  2.79456580e-04,  4.24213560e-05,
        3.54565617e-06,  3.70854032e-05,  3.06482775e-04,  3.70854032e-05,
       -9.86702954e-06, -5.12223110e-05,  3.06482775e-04, -5.12223110e-05,
        7.69495754e-05, -5.12223110e-05,  3.06482775e-04, -5.12223110e-05,
        3.77129256e-04, -7.18037833e-05,  3.06482775e-04, -7.18037833e-05,
        2.42676735e-04, -7.34884300e-05,  2.99008498e-04, -7.34884300e-05,
        3.37645472e-04, -9.93100722e-06,  3.01297669e-04,  2.99008498e-04,
        3.28446982e-05,  2.54857906e-04,  1.25277524e-04,  1.97006062e-04,
        2.99008498e-04,  1.97006062e-04,  3.78840262e-04,  1.97006062e-04,
        2.79456580e-04,  3.91278659e-04,  1.31400099e-04,  2.79456580e-04,
        1.31400099e-04,  2.79456580e-04,  1.31400099e-04,  2.79456580e-04,
        1.31400099e-04,  2.79456580e-04,  1.31400099e-04,  2.79456580e-04,
        1.31400099e-04,  2.79456580e-04,  1.31400099e-04,  2.79456580e-04,
        1.31400099e-04,  2.79456580e-04,  1.31400099e-04,  2.79456580e-04,
        1.31400099e-04,  2.79456580e-04,  1.31400099e-04,  2.79456580e-04,
        1.31400099e-04,  2.79456580e-04,  1.31400099e-04,  2.79456580e-04,
        1.31400099e-04,  2.79456580e-04])
 message: 'Optimization terminated successfully'
    nfev: 21
     nit: 12
    njev: 12
  status: 0
 success: True
       x: array([3.21500470e-02, 1.61011016e-02, 7.90250470e-02, 1.61011016e-02,
       7.90250470e-02, 1.61011016e-02, 7.90250470e-02, 1.61011016e-02,
       7.90250470e-02, 1.61011016e-02, 7.90250470e-02, 1.61011016e-02,
       7.90250470e-02, 1.61011016e-02, 7.90250470e-02, 1.61011016e-02,
       7.90250470e-02, 1.61011016e-02, 7.90250470e-02, 1.61011016e-02,
       7.90250470e-02, 1.61011016e-02, 7.90250470e-02, 1.61011016e-02,
       7.90250470e-02, 1.61011016e-02, 7.90250470e-02, 1.61011016e-02,
       7.90250470e-02, 1.61011016e-02, 1.26922566e-02, 6.28977369e-02,
       1.61011016e-02, 1.29119777e-02, 4.68305943e-02, 1.39387053e-02,
       1.61011016e-02, 1.39387053e-02, 3.06190651e-02, 1.42837912e-02,
       1.48832770e-02, 1.44068024e-02, 1.61011016e-02, 2.98179136e-02,
       1.52527564e-02, 2.97037297e-02, 1.61011016e-02, 2.97037297e-02,
       1.83634641e-02, 2.92349305e-02, 1.61011016e-02, 4.46460417e-02,
       2.20999629e-02, 1.30699225e-02, 1.61011016e-02, 4.38921449e-02,
       2.89975382e-03, 3.18116292e-02, 1.19697630e-02, 3.18116292e-02,
       2.50454424e-02, 3.14534004e-02, 1.19697630e-02, 4.68645116e-02,
       1.37219337e-19, 1.67991611e-02, 1.18099414e-02, 4.76213836e-02,
       2.28558479e-02, 1.75670169e-02, 1.18099414e-02, 3.29781281e-02,
       1.68802177e-03, 1.60643327e-02, 1.31564871e-02, 1.60643327e-02,
       3.48342125e-02, 1.76090484e-02, 1.84519740e-02, 1.31564871e-02,
       1.83582925e-02, 3.33537641e-02, 1.96896805e-02, 1.70622589e-02,
       1.31564871e-02, 4.83122589e-02, 4.55065552e-03, 1.70622589e-02,
       1.61011016e-02, 2.01086055e-02, 6.34000470e-02, 1.61011016e-02,
       7.90250470e-02, 1.61011016e-02, 7.90250470e-02, 1.61011016e-02,
       7.90250470e-02, 1.61011016e-02, 7.90250470e-02, 1.61011016e-02,
       7.90250470e-02, 1.61011016e-02, 7.90250470e-02, 1.61011016e-02,
       7.90250470e-02, 1.61011016e-02, 7.90250470e-02, 1.61011016e-02,
       7.90250470e-02, 1.61011016e-02, 7.90250470e-02, 1.61011016e-02,
       7.90250470e-02, 1.61011016e-02, 7.90250470e-02, 1.61011016e-02,
       7.90250470e-02, 1.61011016e-02])
switching time points [0.03215005 0.04825115 0.1272762  0.1433773  0.22240234 0.23850345
 0.31752849 0.33362959 0.41265464 0.42875574 0.50778079 0.52388189
 0.60290694 0.61900804 0.69803309 0.71413419 0.79315924 0.80926034
 0.88828538 0.90438649 0.98341153 0.99951263 1.07853768 1.09463878
 1.17366383 1.18976493 1.26878998 1.28489108 1.36391613 1.38001723
 1.39270949 1.45560722 1.47170832 1.4846203  1.5314509  1.5453896
 1.5614907  1.57542941 1.60604847 1.62033226 1.63521554 1.64962234
 1.66572345 1.69554136 1.71079412 1.74049785 1.75659895 1.78630268
 1.80466614 1.83390107 1.85000217 1.89464821 1.91674818 1.9298181
 1.9459192  1.98981135 1.9927111  2.02452273 2.03649249 2.06830412
 2.09334956 2.12480296 2.13677273 2.18363724 2.18363724 2.2004364
 2.21224634 2.25986773 2.28272357 2.30029059 2.31210053 2.34507866
 2.34676668 2.36283101 2.3759875  2.39205183 2.42688605 2.44449509
 2.46294707 2.47610356 2.49446185 2.52781561 2.54750529 2.56456755
 2.57772404 2.6260363  2.63058695 2.64764921 2.66375031 2.68385892
 2.74725897 2.76336007 2.84238512 2.85848622 2.93751126 2.95361237
 3.03263741 3.04873851 3.12776356 3.14386466 3.22288971 3.23899081
 3.31801586 3.33411696 3.41314201 3.42924311 3.50826816 3.52436926
 3.6033943  3.61949541 3.69852045 3.71462155 3.7936466  3.8097477
 3.88877275 3.90487385 3.9838989 ]
computational time of retrieving switches 36.542238000000005
computational time of optimization 0.4328456249999988
total computational time 36.97574
tv norm 208.0
