difference 1.5732045017924357e-05
summation of all the changes of all the controllers 0.20203174652385458
maximum summation change of all the controllers 0.00026671411832346337
objective function before optimization 3.618880891131937e-05
TV regularizer before optimization 1876
     fun: 1.2292950837045069e-05
     jac: array([ 4.65649572e-04,  4.17871322e-04,  4.65649572e-04,  4.17871322e-04,
        4.65649572e-04,  4.17871322e-04,  4.65649572e-04,  4.17871322e-04,
        4.65649572e-04,  4.17871322e-04,  4.65649572e-04,  4.17871322e-04,
        4.65649572e-04,  4.17871322e-04,  4.65649572e-04,  4.17871322e-04,
        4.65649572e-04,  4.17871322e-04,  4.65649572e-04,  4.17871322e-04,
        4.65649572e-04,  4.17871322e-04,  4.65649572e-04,  4.17871322e-04,
        4.65649572e-04,  4.17871322e-04,  4.65649572e-04,  4.17871322e-04,
        4.65649572e-04,  4.17871322e-04,  4.65649572e-04,  4.17871322e-04,
        4.65649572e-04,  4.17871322e-04,  4.65649572e-04,  4.17871322e-04,
        4.65649572e-04,  4.17871322e-04,  4.65649572e-04,  4.17871322e-04,
        4.65649572e-04,  4.17871322e-04,  4.65649572e-04,  4.17871322e-04,
        4.65649572e-04,  4.17871322e-04,  4.65649572e-04,  4.17871322e-04,
        4.65649572e-04,  4.17871322e-04,  4.65649572e-04,  4.17871322e-04,
        4.65649572e-04,  4.17871322e-04,  4.65649572e-04,  4.17871322e-04,
        4.65649572e-04,  4.17871322e-04,  4.65649572e-04,  4.17871322e-04,
        4.65649572e-04,  4.17871322e-04,  4.65649572e-04,  4.17871322e-04,
        4.65649572e-04,  4.17871322e-04,  4.65649572e-04,  4.17871322e-04,
        4.65649572e-04,  4.17871322e-04,  4.65649572e-04,  4.17871322e-04,
        4.65649572e-04,  4.17871322e-04,  4.65649572e-04,  4.17871322e-04,
        4.65649572e-04,  4.17871322e-04,  4.65649572e-04,  4.17871322e-04,
        4.65649572e-04,  4.17871322e-04,  4.65649572e-04,  4.17871322e-04,
        4.65649572e-04,  4.17871322e-04,  4.65649572e-04,  4.17871322e-04,
        4.65649572e-04,  4.17871322e-04,  4.65649572e-04,  4.17871322e-04,
        4.65649572e-04,  4.17871322e-04,  4.65649572e-04,  4.17871322e-04,
        4.65649572e-04,  4.17871322e-04,  4.65649572e-04,  4.17871322e-04,
        4.65649572e-04,  4.17871322e-04,  4.65649572e-04,  4.17871322e-04,
        4.65649572e-04,  4.17871322e-04,  4.65649572e-04,  4.17871322e-04,
        4.65649572e-04,  4.17871322e-04,  4.65649572e-04,  4.17871322e-04,
        4.65649572e-04,  4.17871322e-04,  4.65649572e-04,  4.17871322e-04,
        4.65649572e-04,  4.17871322e-04,  4.65649572e-04,  4.17871322e-04,
        4.65649572e-04,  4.17871322e-04,  4.65649572e-04,  4.17871322e-04,
        4.65649572e-04,  4.17871322e-04,  4.65649572e-04,  4.17871322e-04,
        4.65649572e-04,  4.17871322e-04,  4.65649572e-04,  4.17871322e-04,
        4.65649572e-04,  4.17871322e-04,  4.65649572e-04,  4.17871322e-04,
        4.65649572e-04,  4.17871322e-04,  4.65649572e-04,  4.17871322e-04,
        4.65649572e-04,  4.17871322e-04,  4.65649572e-04,  4.17871322e-04,
        4.65649572e-04,  4.17871322e-04,  4.65649572e-04,  4.17871322e-04,
        4.65649572e-04,  4.17871322e-04,  4.65649572e-04,  4.17871322e-04,
        4.65649572e-04,  4.17871322e-04,  4.65649572e-04,  4.17871322e-04,
        4.65649572e-04,  4.17871322e-04,  4.65649572e-04,  4.17871322e-04,
        4.65649572e-04,  4.17871322e-04,  4.65649572e-04,  4.17871322e-04,
        4.65649572e-04,  4.17871322e-04,  4.65649572e-04,  4.17871322e-04,
        4.65649572e-04,  4.17871322e-04,  4.65649572e-04,  4.17871322e-04,
        4.65649572e-04,  4.17871322e-04,  4.65649572e-04,  4.17871322e-04,
        4.65649572e-04,  4.17871322e-04,  4.65649572e-04,  4.17871322e-04,
        4.65649572e-04,  4.17871322e-04,  4.65649572e-04,  4.17871322e-04,
        4.65649572e-04,  4.17871322e-04,  4.65649572e-04,  4.17871322e-04,
        4.65649572e-04,  4.17871322e-04,  4.65649572e-04,  4.17871322e-04,
        4.65649572e-04,  4.17871322e-04,  4.65649572e-04,  4.17871322e-04,
        4.65649572e-04,  4.17871322e-04,  4.65649572e-04,  4.17871322e-04,
        4.65649572e-04,  4.17871322e-04,  4.65649572e-04,  4.17871322e-04,
        4.65649572e-04,  4.17871322e-04,  4.65649572e-04,  4.17871322e-04,
        4.65649572e-04,  4.17871322e-04,  4.65649572e-04,  4.17871322e-04,
        4.65649572e-04,  4.17871322e-04,  4.65649572e-04,  4.17871322e-04,
        4.65649572e-04,  4.17871322e-04,  4.65649572e-04,  4.17871322e-04,
        4.65649572e-04,  4.17871322e-04,  4.65649572e-04,  4.17871322e-04,
        4.65649572e-04,  4.17871322e-04,  4.65649572e-04,  4.17871322e-04,
        5.12348038e-04,  4.68246146e-04,  4.17871322e-04,  4.68246146e-04,
        4.17871322e-04,  4.68246146e-04,  4.17871322e-04,  4.75295025e-04,
        4.70735994e-04,  4.17871322e-04,  4.70735994e-04,  4.52556706e-04,
        4.17871322e-04,  4.73102449e-04,  4.17871322e-04,  4.73102449e-04,
        4.40593400e-04,  4.75334817e-04,  4.17871322e-04,  4.75334817e-04,
        4.29340749e-04,  4.77437221e-04,  4.17871322e-04,  4.77437221e-04,
        4.20917155e-04,  4.79403631e-04,  4.17871322e-04,  4.79403631e-04,
        4.13084062e-04,  4.81232113e-04,  4.17871322e-04,  4.81232113e-04,
        4.07659150e-04,  4.82917307e-04,  4.17871322e-04,  4.02690256e-04,
        4.84457701e-04,  3.98179850e-04,  4.17871322e-04,  4.85851820e-04,
        3.95483510e-04,  4.87095118e-04,  4.17871322e-04,  3.93100678e-04,
        4.88186542e-04,  3.91032403e-04,  4.89125084e-04,  4.17871322e-04,
        4.89125084e-04,  3.89283315e-04,  4.89909773e-04,  3.87846896e-04,
        4.17871322e-04,  4.90539703e-04,  3.87289960e-04,  4.91011445e-04,
        3.86492691e-04,  4.17871322e-04,  4.91326966e-04,  3.86255033e-04,
        4.91483155e-04,  3.86178192e-04,  4.91479626e-04,  4.17871322e-04,
        3.86262069e-04,  4.91316046e-04,  3.86750931e-04,  4.90994160e-04,
        3.87153531e-04,  4.17871322e-04,  4.90511497e-04,  3.87716334e-04,
        4.89867883e-04,  3.88439023e-04,  4.17871322e-04,  3.88439023e-04,
        4.88095813e-04,  3.90537413e-04,  4.86968998e-04,  3.91737161e-04,
        4.17871322e-04,  3.91737161e-04,  4.84230936e-04,  3.93254642e-04,
        4.82620165e-04,  3.94928853e-04,  4.17871322e-04,  3.94928853e-04,
        4.78916752e-04,  3.96916584e-04,  4.76824924e-04,  3.99058698e-04,
        4.17871322e-04,  3.99058698e-04,  4.72163472e-04,  4.01509184e-04,
        4.69595003e-04,  4.04111242e-04,  4.17871322e-04,  4.04111242e-04,
        4.63985872e-04,  4.07015612e-04,  4.60946707e-04,  4.10068289e-04,
        4.17871322e-04,  4.10068289e-04,  4.50907059e-04,  4.13562944e-04,
        4.47252578e-04,  4.17200819e-04,  4.17871322e-04,  4.17200819e-04,
        4.35398710e-04,  4.21264161e-04,  4.17871322e-04,  4.21264161e-04,
        4.22222490e-04,  4.25739110e-04,  4.17871322e-04,  4.25739110e-04,
        4.07762565e-04,  4.30610671e-04,  3.97439162e-04,  4.35736769e-04,
        4.17871322e-04,  4.35736769e-04,  3.75197382e-04,  4.41351722e-04,
        4.17871322e-04,  4.41351722e-04,  3.50928010e-04,  4.47431239e-04,
        4.17871322e-04,  4.47431239e-04,  3.24761324e-04,  4.53948872e-04,
        4.17871322e-04,  4.53948872e-04,  2.96838240e-04,  4.60869321e-04,
        4.17871322e-04,  4.60869321e-04,  2.67309540e-04,  4.68155082e-04,
        4.17871322e-04,  4.68155082e-04,  2.36335058e-04,  4.75766650e-04,
        4.17871322e-04,  4.75766650e-04,  2.04082802e-04,  4.83662734e-04,
        4.17871322e-04,  4.83662734e-04,  1.70728026e-04,  4.91800482e-04,
        4.17871322e-04,  4.91800482e-04,  1.36452256e-04,  5.00135716e-04,
        4.17871322e-04,  5.00135716e-04,  1.01442277e-04,  5.08623170e-04,
        4.17871322e-04,  5.08623170e-04, -3.39508201e-04,  4.88685845e-04,
        4.36182046e-04,  4.88685845e-04,  2.99838003e-05,  4.97338690e-04,
        4.36182046e-04,  4.97338690e-04, -6.07511673e-06,  5.06004114e-04,
        4.36182046e-04,  5.06004114e-04, -1.45409978e-04,  4.85043134e-04,
        4.53706866e-04,  4.85043134e-04, -7.78717497e-05,  4.93592491e-04,
        4.53706866e-04,  4.93592491e-04, -1.13217430e-04,  5.02014100e-04,
        4.53706866e-04,  5.02014100e-04,  7.48747912e-04,  5.02014100e-04,
        4.53706866e-04,  5.02014100e-04, -1.81846635e-04,  5.10046668e-04,
        4.53706866e-04,  5.10046668e-04, -2.14755266e-04,  5.17817265e-04,
        4.53706866e-04,  5.17817265e-04,  2.72457031e-04,  4.96862640e-04,
        4.68546365e-04,  4.96862640e-04, -2.76860317e-04,  5.03984353e-04,
        4.68546365e-04,  5.03984353e-04, -3.05718131e-04,  5.10722697e-04,
        4.68546365e-04,  5.10722697e-04,  4.81038236e-04,  4.90843404e-04,
        4.81636675e-04,  4.90843404e-04, -3.58260436e-04,  4.96707584e-04,
        4.81636675e-04,  4.96707584e-04, -3.81659327e-04,  5.02085674e-04,
        4.81636675e-04,  5.02085674e-04,  6.78591294e-04,  4.83976178e-04,
        4.92800429e-04,  4.83976178e-04, -4.22079161e-04,  4.88297422e-04,
        4.92800429e-04,  4.88297422e-04, -4.38881615e-04,  4.92059046e-04,
        4.92800429e-04,  4.92059046e-04, -4.53285293e-04,  4.95242516e-04,
        4.92800429e-04,  4.95242516e-04,  9.11031002e-04,  4.80476121e-04,
        5.01220532e-04,  4.80476121e-04, -4.74609769e-04,  4.82446326e-04,
        5.01220532e-04,  4.82446326e-04, -4.81417270e-04,  4.83787175e-04,
        5.01220532e-04,  4.83787175e-04,  1.05269622e-03,  4.72157126e-04,
        5.07510502e-04,  4.72157126e-04, -4.87145007e-04,  4.72210462e-04,
        5.07510502e-04,  4.72210462e-04, -4.86037260e-04,  4.71612052e-04,
        5.07510502e-04,  4.71612052e-04,  1.15954820e-03,  4.63528874e-04,
        5.11648814e-04,  4.63528874e-04, -4.75916390e-04,  4.61629197e-04,
        5.11648814e-04,  4.61629197e-04, -4.66961338e-04,  4.59086804e-04,
        5.11648814e-04,  4.59086804e-04,  1.22697242e-03,  4.54848937e-04,
        5.13627371e-04,  4.54848937e-04, -4.41512293e-04,  4.51055822e-04,
        5.13627371e-04,  4.51055822e-04, -4.25158913e-04,  4.46661558e-04,
        5.13627371e-04,  4.46661558e-04,  1.25203667e-03,  4.46436011e-04,
        5.13448649e-04,  4.46436011e-04, -3.85643591e-04,  4.40906317e-04,
        5.13448649e-04,  4.40906317e-04, -3.62697341e-04,  4.34848840e-04,
        5.13448649e-04,  4.34848840e-04,  1.23364506e-03,  4.38648520e-04,
        5.11129220e-04,  4.38648520e-04, -3.11052648e-04,  4.31632160e-04,
        5.11129220e-04,  4.31632160e-04, -2.82634043e-04,  4.24190400e-04,
        5.11129220e-04,  4.24190400e-04,  1.17258946e-03,  4.31873693e-04,
        5.06698331e-04,  4.31873693e-04, -2.21374031e-04,  4.23703192e-04,
        5.06698331e-04,  4.23703192e-04, -1.88862823e-04,  4.15233835e-04,
        5.06698331e-04,  4.15233835e-04,  1.07149723e-03,  4.26521502e-04,
        5.00193934e-04,  4.26521502e-04, -1.20954909e-04,  4.17595520e-04,
        5.00193934e-04,  4.17595520e-04, -8.59228268e-05,  4.08514694e-04,
        5.00193934e-04,  4.08514694e-04, -5.04218143e-05,  3.99329585e-04,
        5.00193934e-04,  3.99329585e-04,  8.66026947e-04,  4.15089407e-04,
        4.90758553e-04,  4.15089407e-04,  2.12182184e-05,  4.05849647e-04,
        4.90758553e-04,  4.05849647e-04,  5.69764935e-05,  3.96660119e-04,
        4.90758553e-04,  3.96660119e-04,  7.06819464e-04,  4.14644738e-04,
        4.79628166e-04,  4.14644738e-04,  1.27407814e-04,  4.05708870e-04,
        4.79628166e-04,  4.05708870e-04,  1.53199316e-04,  3.96919337e-04,
        4.79628166e-04,  3.96919337e-04,  1.78537334e-04,  3.88303701e-04,
        5.10994730e-04,  4.08173289e-04,  4.66684866e-04,  4.08173289e-04,
        2.19552499e-04,  3.99905371e-04,  4.66684866e-04,  3.99905371e-04,
        2.35462747e-04,  3.91796355e-04,  2.43305025e-04,  3.83769789e-04,
        4.66684866e-04,  3.83769789e-04,  2.66348419e-04,  3.76012072e-04,
        2.73857018e-04,  3.68347760e-04,  4.66684866e-04,  3.68347760e-04,
        2.88604502e-04,  3.60880530e-04,  2.96020072e-04,  3.81889260e-04,
        4.52043910e-04,  3.81889260e-04,  3.10006435e-04,  3.74733948e-04,
        3.16939991e-04,  3.67687189e-04,  4.52043910e-04,  3.67687189e-04,
        3.30494188e-04,  3.54177876e-04,  3.37114949e-04,  3.47471341e-04,
        4.52043910e-04,  3.47471341e-04,  3.50022357e-04,  3.34655318e-04,
        4.52043910e-04,  3.34655318e-04,  3.62475520e-04,  3.28436804e-04,
        3.68523848e-04,  3.16354260e-04,  4.52043910e-04,  3.74456611e-04,
        3.10389776e-04,  3.80266897e-04,  3.04556452e-04,  4.52043910e-04,
        3.85952568e-04,  2.98856297e-04,  3.91511522e-04,  6.81152606e-05,
        3.14442439e-04,  4.35685025e-04,  3.96944656e-04,  3.09009070e-04,
        4.02247210e-04,  2.98490997e-04,  4.35685025e-04,  4.07421584e-04,
        2.88245818e-04,  4.12465553e-04,  2.78277468e-04,  4.35685025e-04,
        4.17376917e-04,  2.68589789e-04,  4.22153505e-04,  4.35685025e-04,
        4.22153505e-04,  2.59131765e-04,  4.26793199e-04,  2.45481840e-04,
        4.35685025e-04,  4.31297768e-04,  2.36655442e-04,  4.35661015e-04,
        4.35685025e-04,  4.35661015e-04,  2.23835728e-04,  4.39884581e-04,
        4.35685025e-04,  4.39884581e-04,  2.11462352e-04,  4.43966098e-04,
        4.35685025e-04,  4.43966098e-04,  1.95587280e-04,  4.47906610e-04,
        4.35685025e-04,  4.47906610e-04,  1.76509512e-04,  4.51706608e-04,
        4.35685025e-04,  4.51706608e-04, -3.26020282e-05,  1.78078150e-04,
        4.17871322e-04,  4.55370588e-04,  4.17871322e-04,  4.55370588e-04,
        1.56967838e-04,  4.58891516e-04,  4.17871322e-04,  4.58891516e-04,
        4.17871322e-04,  4.58891516e-04,  1.19952162e-04,  4.62279269e-04,
        4.17871322e-04,  4.62279269e-04,  4.17871322e-04,  4.62279269e-04,
        4.17871322e-04,  4.62279269e-04,  4.17871322e-04,  4.62279269e-04,
        4.17871322e-04,  4.62279269e-04,  4.17871322e-04,  4.62279269e-04,
        4.17871322e-04,  4.62279269e-04,  4.17871322e-04,  4.62279269e-04,
        4.17871322e-04,  4.62279269e-04,  4.17871322e-04,  4.62279269e-04,
        4.17871322e-04,  4.62279269e-04,  4.17871322e-04,  4.62279269e-04,
        4.17871322e-04,  4.62279269e-04,  4.17871322e-04,  4.62279269e-04,
        4.17871322e-04,  4.62279269e-04,  4.17871322e-04,  4.62279269e-04,
        4.17871322e-04,  4.62279269e-04,  4.17871322e-04,  4.62279269e-04,
        4.17871322e-04,  4.62279269e-04,  4.17871322e-04,  4.62279269e-04,
        4.17871322e-04,  4.62279269e-04, -2.16965566e-04,  4.17871322e-04,
        4.65649572e-04,  4.17871322e-04,  4.65649572e-04,  4.17871322e-04,
        4.65649572e-04,  4.17871322e-04,  4.65649572e-04,  4.17871322e-04,
        4.65649572e-04,  4.17871322e-04,  4.65649572e-04,  4.17871322e-04,
        4.65649572e-04,  4.17871322e-04,  4.65649572e-04,  4.17871322e-04,
        4.65649572e-04,  4.17871322e-04,  4.65649572e-04,  4.17871322e-04,
        4.65649572e-04,  4.17871322e-04,  4.65649572e-04,  4.17871322e-04,
        4.65649572e-04,  4.17871322e-04,  4.65649572e-04,  4.17871322e-04,
        4.65649572e-04,  4.17871322e-04,  4.65649572e-04,  4.17871322e-04,
        4.65649572e-04,  4.17871322e-04,  4.65649572e-04,  4.17871322e-04,
        4.65649572e-04,  4.17871322e-04,  4.65649572e-04,  4.17871322e-04,
        4.65649572e-04,  4.17871322e-04,  4.65649572e-04,  4.17871322e-04,
        4.65649572e-04,  4.17871322e-04,  4.65649572e-04,  4.17871322e-04,
        4.65649572e-04,  4.17871322e-04,  4.65649572e-04,  4.17871322e-04,
        4.65649572e-04,  4.17871322e-04,  4.65649572e-04,  4.17871322e-04,
        4.65649572e-04,  4.17871322e-04,  4.65649572e-04,  4.17871322e-04,
        4.65649572e-04,  4.17871322e-04,  4.65649572e-04,  4.17871322e-04,
        4.65649572e-04,  4.17871322e-04,  4.65649572e-04,  4.17871322e-04,
        4.65649572e-04,  4.17871322e-04,  4.65649572e-04,  4.17871322e-04,
        4.65649572e-04,  4.17871322e-04,  4.65649572e-04,  4.17871322e-04,
        4.65649572e-04,  4.17871322e-04,  4.65649572e-04,  4.17871322e-04,
        4.65649572e-04,  4.17871322e-04,  4.65649572e-04,  4.17871322e-04,
        4.65649572e-04,  4.17871322e-04,  4.65649572e-04,  4.17871322e-04,
        4.65649572e-04,  4.17871322e-04,  4.65649572e-04,  4.17871322e-04,
        4.65649572e-04,  4.17871322e-04,  4.65649572e-04,  4.17871322e-04,
        4.65649572e-04,  4.17871322e-04,  4.65649572e-04,  4.17871322e-04,
        4.65649572e-04,  4.17871322e-04,  4.65649572e-04,  4.17871322e-04,
        4.65649572e-04,  4.17871322e-04,  4.65649572e-04,  4.17871322e-04,
        4.65649572e-04,  4.17871322e-04,  4.65649572e-04,  4.17871322e-04,
        4.65649572e-04,  4.17871322e-04,  4.65649572e-04,  4.17871322e-04,
        4.65649572e-04,  4.17871322e-04,  4.65649572e-04,  4.17871322e-04,
        4.65649572e-04,  4.17871322e-04,  4.65649572e-04,  4.17871322e-04,
        4.65649572e-04,  4.17871322e-04,  4.65649572e-04,  4.17871322e-04,
        4.65649572e-04,  4.17871322e-04,  4.65649572e-04,  4.17871322e-04,
        4.65649572e-04,  4.17871322e-04,  4.65649572e-04,  4.17871322e-04,
        4.65649572e-04,  4.17871322e-04,  4.65649572e-04,  4.17871322e-04,
        4.65649572e-04,  4.17871322e-04,  4.65649572e-04,  4.17871322e-04,
        4.65649572e-04,  4.17871322e-04,  4.65649572e-04,  4.17871322e-04,
        4.65649572e-04,  4.17871322e-04,  4.65649572e-04,  4.17871322e-04,
        4.65649572e-04,  4.17871322e-04,  4.65649572e-04,  4.17871322e-04,
        4.65649572e-04,  4.17871322e-04,  4.65649572e-04,  4.17871322e-04,
        4.65649572e-04,  4.17871322e-04,  4.65649572e-04,  4.17871322e-04,
        4.65649572e-04,  4.17871322e-04,  4.65649572e-04,  4.17871322e-04,
        4.65649572e-04,  4.17871322e-04,  4.65649572e-04,  4.17871322e-04,
        4.65649572e-04,  4.17871322e-04,  4.65649572e-04,  4.17871322e-04,
        4.65649572e-04,  4.17871322e-04,  4.65649572e-04,  4.17871322e-04,
        4.65649572e-04,  4.17871322e-04,  4.65649572e-04,  4.17871322e-04,
        4.65649572e-04,  4.17871322e-04,  4.65649572e-04])
 message: 'Optimization terminated successfully'
    nfev: 15
     nit: 4
    njev: 4
  status: 0
 success: True
       x: array([0.00586508, 0.00195682, 0.00977131, 0.00195682, 0.00977131,
       0.00195682, 0.00977131, 0.00195682, 0.00977131, 0.00195682,
       0.00977131, 0.00195682, 0.00977131, 0.00195682, 0.00977131,
       0.00195682, 0.00977131, 0.00195682, 0.00977131, 0.00195682,
       0.00977131, 0.00195682, 0.00977131, 0.00195682, 0.00977131,
       0.00195682, 0.00977131, 0.00195682, 0.01172444, 0.00195682,
       0.00977131, 0.00195682, 0.00977131, 0.00195682, 0.00977131,
       0.00195682, 0.00977131, 0.00195682, 0.00977131, 0.00195682,
       0.00977131, 0.00195682, 0.00977131, 0.00195682, 0.00977131,
       0.00195682, 0.00977131, 0.00195682, 0.00977131, 0.00195682,
       0.00977131, 0.00195682, 0.00977131, 0.00195682, 0.00977131,
       0.00195682, 0.00781819, 0.00195682, 0.00977131, 0.00195682,
       0.00977131, 0.00195682, 0.00977131, 0.00195682, 0.00977131,
       0.00195682, 0.00977131, 0.00195682, 0.00977131, 0.00195682,
       0.00977131, 0.00195682, 0.00977131, 0.00195682, 0.00977131,
       0.00195682, 0.00781819, 0.00195682, 0.00977131, 0.00195682,
       0.00977131, 0.00195682, 0.00977131, 0.00195682, 0.00977131,
       0.00195682, 0.00977131, 0.00195682, 0.00977131, 0.00195682,
       0.00977131, 0.00195682, 0.00977131, 0.00195682, 0.00977131,
       0.00195682, 0.00977131, 0.00195682, 0.00977131, 0.00195682,
       0.00977131, 0.00195682, 0.00977131, 0.00195682, 0.00977131,
       0.00195682, 0.00977131, 0.00195682, 0.00977131, 0.00195682,
       0.00977131, 0.00195682, 0.00977131, 0.00195682, 0.00977131,
       0.00195682, 0.00977131, 0.00195682, 0.00977131, 0.00195682,
       0.00977131, 0.00195682, 0.00977131, 0.00195682, 0.00977131,
       0.00195682, 0.00977131, 0.00195682, 0.00977131, 0.00195682,
       0.00977131, 0.00195682, 0.00977131, 0.00195682, 0.00977131,
       0.00195682, 0.00977131, 0.00195682, 0.00977131, 0.00195682,
       0.01172444, 0.00195682, 0.00781819, 0.00195682, 0.00977131,
       0.00195682, 0.00977131, 0.00195682, 0.00977131, 0.00195682,
       0.00977131, 0.00195682, 0.00977131, 0.00195682, 0.00977131,
       0.00195682, 0.00977131, 0.00195682, 0.00977131, 0.00195682,
       0.00977131, 0.00195682, 0.00977131, 0.00195682, 0.00977131,
       0.00195682, 0.00977131, 0.00195682, 0.00977131, 0.00195682,
       0.00977131, 0.00195682, 0.00977131, 0.00195682, 0.00977131,
       0.00195682, 0.00977131, 0.00195682, 0.00977131, 0.00195682,
       0.00977131, 0.00195682, 0.00781819, 0.00195682, 0.00977131,
       0.00195682, 0.00977131, 0.00195682, 0.00977131, 0.00195682,
       0.00977131, 0.00195682, 0.00977131, 0.00195682, 0.00977131,
       0.00195682, 0.00977131, 0.00195682, 0.00977131, 0.00195682,
       0.00977131, 0.00195682, 0.00977131, 0.00195682, 0.00977131,
       0.00195682, 0.00977131, 0.00195682, 0.00977131, 0.00195682,
       0.00977131, 0.00195682, 0.00977131, 0.00195682, 0.00977131,
       0.00195682, 0.00977131, 0.00195682, 0.00977131, 0.00195682,
       0.00977131, 0.00195682, 0.00977131, 0.00195682, 0.00977131,
       0.00195682, 0.00977131, 0.00195682, 0.00184954, 0.00781633,
       0.00195682, 0.00976945, 0.00195682, 0.00976945, 0.00195682,
       0.00185347, 0.00781445, 0.00195682, 0.00976758, 0.00185589,
       0.00195682, 0.00781256, 0.00195682, 0.00195341, 0.00185861,
       0.00585757, 0.00195682, 0.00390454, 0.0018676 , 0.00390265,
       0.00195682, 0.00390265, 0.00187479, 0.00390075, 0.00195682,
       0.00390075, 0.00188197, 0.00389886, 0.00195682, 0.00194583,
       0.00188734, 0.00584999, 0.00195682, 0.0018927 , 0.0058481 ,
       0.00189804, 0.00195682, 0.00389318, 0.00190158, 0.0038913 ,
       0.00195682, 0.00190511, 0.00388942, 0.00190863, 0.00193452,
       0.00195682, 0.00193452, 0.00191213, 0.00388568, 0.00191561,
       0.00195682, 0.00193079, 0.00191734, 0.00388197, 0.00192078,
       0.00195682, 0.0019271 , 0.00192249, 0.00192527, 0.00192419,
       0.00192345, 0.00195682, 0.00192588, 0.00387466, 0.00192922,
       0.00191984, 0.00193088, 0.00195682, 0.00191805, 0.00193252,
       0.00191628, 0.00193415, 0.00195682, 0.00193415, 0.00386581,
       0.00193735, 0.00191106, 0.00193893, 0.00195682, 0.00193893,
       0.00190766, 0.00194048, 0.00190598, 0.00194201, 0.00195682,
       0.00194201, 0.00190268, 0.0019435 , 0.00190106, 0.00194498,
       0.00195682, 0.00194498, 0.00189788, 0.00194641, 0.00189632,
       0.00194782, 0.00195682, 0.00194782, 0.00189327, 0.00194919,
       0.00189178, 0.00195054, 0.00195682, 0.00389585, 0.00188744,
       0.00195182, 0.00188604, 0.00195307, 0.00195682, 0.00389838,
       0.001882  , 0.00195426, 0.00195682, 0.00389956, 0.0018782 ,
       0.00390066, 0.00195682, 0.00195536, 0.00187464, 0.00390169,
       0.00187242, 0.00195735, 0.00195682, 0.00584796, 0.00186833,
       0.0019582 , 0.00195682, 0.00584881, 0.00186778, 0.00195893,
       0.00195682, 0.00584955, 0.00187016, 0.00195954, 0.00195682,
       0.00585015, 0.00187273, 0.00196002, 0.00195682, 0.00585063,
       0.00187547, 0.00196037, 0.00195682, 0.00585098, 0.00187836,
       0.00196059, 0.00195682, 0.0058512 , 0.0018814 , 0.00196068,
       0.00195682, 0.00585129, 0.00188456, 0.00196063, 0.00195682,
       0.00585124, 0.00188783, 0.00196045, 0.00195682, 0.00585106,
       0.00189119, 0.00196013, 0.00195682, 0.00585074, 0.0020121 ,
       0.00196308, 0.00195405, 0.00585369, 0.00189812, 0.00390782,
       0.00195405, 0.00390782, 0.00190164, 0.00390712, 0.00195405,
       0.00390712, 0.00198273, 0.00391023, 0.0019514 , 0.00391023,
       0.00190871, 0.00390929, 0.0019514 , 0.00390929, 0.00191222,
       0.00390824, 0.0019514 , 0.00390824, 0.00184756, 0.00390824,
       0.0019514 , 0.00390824, 0.00191909, 0.00196169, 0.0019514 ,
       0.0058523 , 0.00192242, 0.00196034, 0.0019514 , 0.00585095,
       0.00191944, 0.00196346, 0.00194915, 0.00585407, 0.00192876,
       0.00196195, 0.00194915, 0.00585256, 0.00193174, 0.00196037,
       0.00194915, 0.00585098, 0.00188782, 0.00390864, 0.00194717,
       0.00390864, 0.00193724, 0.00390695, 0.00194717, 0.00390695,
       0.00193973, 0.00390521, 0.00194717, 0.00390521, 0.00185787,
       0.00390791, 0.00194547, 0.00390791, 0.00194412, 0.00390612,
       0.00194547, 0.00390612, 0.00194946, 0.00390431, 0.00194547,
       0.00390431, 0.00195721, 0.0039025 , 0.00194547, 0.0039025 ,
       0.0018226 , 0.00390471, 0.00194419, 0.00390471, 0.0019727 ,
       0.00390291, 0.00194419, 0.00390291, 0.00198037, 0.00390114,
       0.00194419, 0.00390114, 0.00180109, 0.00390289, 0.00194323,
       0.00390289, 0.00199533, 0.0039012 , 0.00194323, 0.0039012 ,
       0.00200254, 0.00389956, 0.00194323, 0.00389956, 0.00178727,
       0.00390077, 0.0019426 , 0.00390077, 0.00201625, 0.00389927,
       0.0019426 , 0.00389927, 0.00202266, 0.00389785, 0.0019426 ,
       0.00389785, 0.00178044, 0.00389848, 0.0019423 , 0.00389848,
       0.00203445, 0.00389724, 0.0019423 , 0.00389724, 0.00203976,
       0.00389611, 0.0019423 , 0.00389611, 0.0017779 , 0.00195084,
       0.00194233, 0.00584145, 0.00204906, 0.00194993, 0.00194233,
       0.00584054, 0.00205301, 0.00194914, 0.00194233, 0.00583975,
       0.00177976, 0.00194857, 0.00194268, 0.00583918, 0.00205937,
       0.00194803, 0.00194268, 0.00583864, 0.00206176, 0.00389293,
       0.00194268, 0.00389293, 0.00178595, 0.00389178, 0.00194335,
       0.00389178, 0.00206489, 0.00389164, 0.00194335, 0.00389164,
       0.00206561, 0.00389164, 0.00194335, 0.00389164, 0.00179825,
       0.00388995, 0.00194433, 0.00388995, 0.00206534, 0.00389023,
       0.00194433, 0.00389023, 0.00206436, 0.00389063, 0.00194433,
       0.00389063, 0.00206281, 0.00389116, 0.00194433, 0.00583647,
       0.00182949, 0.0019435 , 0.00194577, 0.00388881, 0.00205806,
       0.0038896 , 0.00194577, 0.0038896 , 0.00205489, 0.0038905 ,
       0.00194577, 0.0038905 , 0.0018537 , 0.00388782, 0.00194745,
       0.00388782, 0.00204703, 0.00194365, 0.00194745, 0.00388895,
       0.00204359, 0.00389016, 0.00194745, 0.00194486, 0.00203989,
       0.00389145, 0.00188346, 0.00194318, 0.00194942, 0.00388848,
       0.0020332 , 0.00194458, 0.00194942, 0.00194458, 0.00203035,
       0.00194602, 0.00202888, 0.00389279, 0.00194942, 0.00194748,
       0.00202435, 0.001949  , 0.0020228 , 0.00195054, 0.00194942,
       0.00195054, 0.00201963, 0.00195211, 0.00191612, 0.00194899,
       0.00195164, 0.00194899, 0.00201472, 0.00195061, 0.00201305,
       0.00195225, 0.00195164, 0.00195225, 0.00396267, 0.00195557,
       0.00200791, 0.00195725, 0.00195164, 0.00195725, 0.00395744,
       0.00196065, 0.00195164, 0.00196065, 0.00200084, 0.00196238,
       0.00395206, 0.00196585, 0.00195164, 0.00199722, 0.0019676 ,
       0.00199539, 0.00196936, 0.00195164, 0.00199354, 0.00197113,
       0.00199169, 0.00195068, 0.00196977, 0.00195412, 0.00198982,
       0.00197155, 0.00394097, 0.00197513, 0.00195412, 0.00393908,
       0.00197871, 0.00393718, 0.00198231, 0.00195412, 0.00393528,
       0.00198592, 0.00198034, 0.00195412, 0.00198034, 0.00198954,
       0.00588447, 0.00199498, 0.00195412, 0.00392951, 0.00199861,
       0.00197455, 0.00195412, 0.00392758, 0.00200406, 0.00392564,
       0.00195412, 0.00197261, 0.00200952, 0.00587672, 0.00195412,
       0.00197067, 0.0020168 , 0.00587477, 0.00195412, 0.00392175,
       0.00202588, 0.0039198 , 0.00195412, 0.00587282, 0.00196583,
       0.00203202, 0.00195682, 0.00977711, 0.00195682, 0.00196482,
       0.0020429 , 0.00586891, 0.00195682, 0.00977515, 0.00195682,
       0.00586891, 0.00206279, 0.00196091, 0.00195682, 0.00977319,
       0.00195682, 0.00977319, 0.00195682, 0.00977319, 0.00195682,
       0.00977319, 0.00195682, 0.00977319, 0.00195682, 0.00977319,
       0.00195682, 0.00977319, 0.00195682, 0.00977319, 0.00195682,
       0.00977319, 0.00195682, 0.00977319, 0.00195682, 0.00977319,
       0.00195682, 0.00977319, 0.00195682, 0.00977319, 0.00195682,
       0.00977319, 0.00195682, 0.00977319, 0.00195682, 0.00977319,
       0.00195682, 0.00977319, 0.00195682, 0.00977319, 0.00195682,
       0.00977319, 0.00195682, 0.00977319, 0.00195682, 0.00782007,
       0.00224622, 0.00195682, 0.00977131, 0.00195682, 0.00977131,
       0.00195682, 0.00977131, 0.00195682, 0.00977131, 0.00195682,
       0.00781819, 0.00195682, 0.00977131, 0.00195682, 0.00977131,
       0.00195682, 0.00977131, 0.00195682, 0.00977131, 0.00195682,
       0.00977131, 0.00195682, 0.00977131, 0.00195682, 0.00977131,
       0.00195682, 0.00977131, 0.00195682, 0.00977131, 0.00195682,
       0.00977131, 0.00195682, 0.00977131, 0.00195682, 0.00977131,
       0.00195682, 0.00977131, 0.00195682, 0.00977131, 0.00195682,
       0.00977131, 0.00195682, 0.00977131, 0.00195682, 0.00977131,
       0.00195682, 0.00977131, 0.00195682, 0.00977131, 0.00195682,
       0.00977131, 0.00195682, 0.00977131, 0.00195682, 0.00977131,
       0.00195682, 0.00977131, 0.00195682, 0.00977131, 0.00195682,
       0.00977131, 0.00195682, 0.00977131, 0.00195682, 0.00977131,
       0.00195682, 0.00977131, 0.00195682, 0.00977131, 0.00195682,
       0.00977131, 0.00195682, 0.00977131, 0.00195682, 0.00977131,
       0.00195682, 0.00977131, 0.00195682, 0.00977131, 0.00195682,
       0.00977131, 0.00195682, 0.00977131, 0.00195682, 0.00977131,
       0.00195682, 0.00977131, 0.00195682, 0.00977131, 0.00195682,
       0.00977131, 0.00195682, 0.00977131, 0.00195682, 0.00977131,
       0.00195682, 0.00977131, 0.00195682, 0.00977131, 0.00195682,
       0.00977131, 0.00195682, 0.00977131, 0.00195682, 0.00977131,
       0.00195682, 0.00977131, 0.00195682, 0.00977131, 0.00195682,
       0.00977131, 0.00195682, 0.00977131, 0.00195682, 0.00977131,
       0.00195682, 0.00977131, 0.00195682, 0.00781819, 0.00195682,
       0.00977131, 0.00195682, 0.00977131, 0.00195682, 0.00977131,
       0.00195682, 0.00977131, 0.00195682, 0.00977131, 0.00195682,
       0.00977131, 0.00195682, 0.00977131, 0.00195682, 0.00977131,
       0.00195682, 0.00977131, 0.00195682, 0.00781819, 0.00195682,
       0.00977131, 0.00195682, 0.00977131, 0.00195682, 0.00977131,
       0.00195682, 0.01172444, 0.00195682, 0.00977131, 0.00195682,
       0.00977131, 0.00195682, 0.00977131, 0.00195682, 0.00977131,
       0.00195682, 0.00977131, 0.00195682, 0.00977131, 0.00195682,
       0.00977131, 0.00195682, 0.00977131, 0.00195682, 0.00977131,
       0.00195682, 0.00977131, 0.00195682, 0.00977131, 0.00195682,
       0.00977131, 0.00195682, 0.00977131, 0.00195682, 0.00977131,
       0.00195682, 0.00977131, 0.00195682, 0.00977131, 0.00195682,
       0.00977131, 0.00195682, 0.01172444, 0.00195682, 0.00977131,
       0.00195682, 0.00977131, 0.00195682, 0.00781819])
switching time points [0.00586508 0.0078219  0.01759322 0.01955004 0.02932135 0.03127818
 0.04104949 0.04300631 0.05277763 0.05473445 0.06450576 0.06646258
 0.0762339  0.07819072 0.08796203 0.08991886 0.09969017 0.10164699
 0.11141831 0.11337513 0.12314644 0.12510326 0.13487458 0.1368314
 0.14660271 0.14855953 0.15833085 0.16028767 0.17201211 0.17396893
 0.18374025 0.18569707 0.19546838 0.1974252  0.20719652 0.20915334
 0.21892465 0.22088147 0.23065279 0.23260961 0.24238092 0.24433775
 0.25410906 0.25606588 0.2658372  0.26779402 0.27756533 0.27952215
 0.28929347 0.29125029 0.3010216  0.30297843 0.31274974 0.31470656
 0.32447788 0.3264347  0.33425289 0.33620971 0.34598102 0.34793784
 0.35770916 0.35966598 0.36943729 0.37139412 0.38116543 0.38312225
 0.39289357 0.39485039 0.4046217  0.40657852 0.41634984 0.41830666
 0.42807797 0.4300348  0.43980611 0.44176293 0.44958112 0.45153794
 0.46130926 0.46326608 0.47303739 0.47499421 0.48476553 0.48672235
 0.49649366 0.49845049 0.5082218  0.51017862 0.51994994 0.52190676
 0.53167807 0.53363489 0.54340621 0.54536303 0.55513434 0.55709116
 0.56686248 0.5688193  0.57859061 0.58054744 0.59031875 0.59227557
 0.60204689 0.60400371 0.61377502 0.61573184 0.62550316 0.62745998
 0.63723129 0.63918812 0.64895943 0.65091625 0.66068757 0.66264439
 0.6724157  0.67437252 0.68414384 0.68610066 0.69587197 0.69782879
 0.70760011 0.70955693 0.71932824 0.72128507 0.73105638 0.7330132
 0.74278452 0.74474134 0.75451265 0.75646947 0.76624079 0.76819761
 0.77796892 0.77992575 0.78969706 0.79165388 0.8014252  0.80338202
 0.81315333 0.81511015 0.82683459 0.82879141 0.8366096  0.83856643
 0.84833774 0.85029456 0.86006587 0.8620227  0.87179401 0.87375083
 0.88352215 0.88547897 0.89525028 0.8972071  0.90697842 0.90893524
 0.91870655 0.92066338 0.93043469 0.93239151 0.94216283 0.94411965
 0.95389096 0.95584778 0.9656191  0.96757592 0.97734723 0.97930406
 0.98907537 0.99103219 1.00080351 1.00276033 1.01253164 1.01448846
 1.02425978 1.0262166  1.03598791 1.03794473 1.04771605 1.04967287
 1.05944418 1.06140101 1.0692192  1.07117602 1.08094733 1.08290415
 1.09267547 1.09463229 1.1044036  1.10636042 1.11613174 1.11808856
 1.12785987 1.1298167  1.13958801 1.14154483 1.15131615 1.15327297
 1.16304428 1.1650011  1.17477242 1.17672924 1.18650055 1.18845738
 1.19822869 1.20018551 1.20995683 1.21191365 1.22168496 1.22364178
 1.2334131  1.23536992 1.24514123 1.24709805 1.25686937 1.25882619
 1.2685975  1.27055433 1.28032564 1.28228246 1.29205378 1.2940106
 1.30378191 1.30573873 1.31551005 1.31746687 1.32723818 1.32919501
 1.33104455 1.33886088 1.3408177  1.35058715 1.35254397 1.36231343
 1.36427025 1.36612372 1.37393817 1.37589499 1.38566257 1.38751846
 1.38947528 1.39728784 1.39924466 1.40119807 1.40305668 1.40891425
 1.41087107 1.41477562 1.41664322 1.42054587 1.42250269 1.42640534
 1.42828013 1.43218089 1.43413771 1.43803846 1.43992043 1.44381929
 1.44577611 1.44772195 1.44960929 1.45545928 1.4574161  1.45930879
 1.46515689 1.46705493 1.46901175 1.47290493 1.47480651 1.47869781
 1.48065463 1.48255975 1.48644916 1.4883578  1.49029231 1.49224913
 1.49418365 1.49609578 1.49998146 1.50189707 1.50385389 1.50578468
 1.50770203 1.51158399 1.51350478 1.5154616  1.5173887  1.51931119
 1.52123646 1.52316065 1.52508409 1.52704091 1.52896679 1.53284145
 1.53477067 1.53669051 1.53862139 1.54057821 1.54249626 1.54442879
 1.54634507 1.54827922 1.55023604 1.5521702  1.55603601 1.55797335
 1.55988441 1.56182334 1.56378017 1.56571909 1.56762675 1.56956723
 1.57147321 1.57341522 1.57537204 1.57731405 1.57921673 1.58116023
 1.5830613  1.58500627 1.5869631  1.58890807 1.59080596 1.59275237
 1.59464869 1.59659651 1.59855334 1.60050116 1.60239443 1.60434362
 1.6062354  1.60818594 1.61014276 1.61403861 1.61592605 1.61787787
 1.61976391 1.62171699 1.62367381 1.62757219 1.62945419 1.63140844
 1.63336527 1.63726483 1.63914302 1.64304369 1.64500051 1.64695587
 1.64883051 1.6527322  1.65460462 1.65656197 1.65851879 1.66436675
 1.66623507 1.66819327 1.6701501  1.67599891 1.67786669 1.67982562
 1.68178244 1.68763199 1.68950215 1.69146169 1.69341851 1.69926867
 1.70114139 1.70310142 1.70505824 1.71090887 1.71278434 1.71474471
 1.71670153 1.72255252 1.72443088 1.72639147 1.72834829 1.73419949
 1.73608089 1.73804157 1.73999839 1.74584968 1.74773424 1.74969487
 1.75165169 1.75750293 1.75939076 1.76135121 1.76330803 1.76915909
 1.77105028 1.77301041 1.77496723 1.78081798 1.78283008 1.78479316
 1.78674721 1.7926009  1.79449902 1.79840684 1.80036089 1.8042687
 1.80617034 1.81007746 1.81203151 1.81593863 1.81792135 1.82183158
 1.82378298 1.8276932  1.82960191 1.8335112  1.8354626  1.83937189
 1.84128411 1.84519235 1.84714375 1.85105199 1.85289955 1.85680779
 1.85875919 1.86266743 1.86458653 1.86654821 1.86849961 1.87435191
 1.87627433 1.87823467 1.88018607 1.88603702 1.88795646 1.88991991
 1.89186906 1.89772313 1.89965189 1.90161384 1.90356299 1.90941555
 1.91134729 1.91330766 1.91525681 1.92110779 1.92299562 1.92690426
 1.92885142 1.93276006 1.9346973  1.93860425 1.94055141 1.94445836
 1.94639809 1.9503033  1.95225046 1.95615568 1.95801354 1.96192146
 1.96386693 1.96777484 1.96971896 1.97362508 1.97557055 1.97947668
 1.98142614 1.98533045 1.98727593 1.99118024 1.99313745 1.99703995
 1.99898542 2.00288792 2.00471052 2.00861523 2.01055942 2.01446413
 2.01643683 2.02033975 2.02228394 2.02618685 2.02816722 2.03206836
 2.03401255 2.0379137  2.03971479 2.04361768 2.04556091 2.0494638
 2.05145913 2.05536032 2.05730356 2.06120475 2.06320729 2.06710685
 2.06905009 2.07294964 2.07473691 2.07863768 2.08058029 2.08448106
 2.0864973  2.09039657 2.09233917 2.09623844 2.0982611  2.10215895
 2.10410155 2.1079994  2.10977984 2.11367832 2.11562062 2.1195191
 2.12155355 2.1254508  2.1273931  2.13129034 2.1333301  2.13722621
 2.13916851 2.14306462 2.14484252 2.14679336 2.14873568 2.15457713
 2.15662619 2.15857612 2.16051845 2.16635898 2.16841199 2.17036113
 2.17230345 2.1781432  2.17992297 2.18187153 2.18381421 2.18965339
 2.19171276 2.19366079 2.19560347 2.20144211 2.20350388 2.20739681
 2.20933949 2.21323242 2.21501837 2.21891015 2.22085349 2.22474528
 2.22681017 2.23070181 2.23264516 2.2365368  2.23860241 2.24249406
 2.2444374  2.24832905 2.2501273  2.25401725 2.25596158 2.25985154
 2.26191688 2.26580711 2.26775144 2.27164167 2.27370602 2.27759665
 2.27954099 2.28343162 2.28549442 2.28938559 2.29132992 2.29716639
 2.29899588 2.30093938 2.30288515 2.30677396 2.30883202 2.31272162
 2.31466738 2.31855698 2.32061187 2.32450237 2.32644814 2.33033864
 2.33219234 2.33608016 2.33802761 2.34191543 2.34396246 2.34590611
 2.34785356 2.35174252 2.35378611 2.35767627 2.35962372 2.36156858
 2.36360847 2.36749992 2.36938337 2.37132655 2.37327597 2.37716446
 2.37919766 2.38114223 2.38309165 2.38503623 2.38706658 2.38901259
 2.39104148 2.39493427 2.39688368 2.39883116 2.40085552 2.40280452
 2.40482732 2.40677786 2.40872728 2.41067782 2.41269745 2.41464956
 2.41656568 2.41851467 2.42046631 2.4224153  2.42443002 2.42638063
 2.42839368 2.43034593 2.43229757 2.43424982 2.43821249 2.44016807
 2.44217598 2.44413324 2.44608487 2.44804213 2.45199956 2.45396022
 2.45591186 2.45787251 2.45987336 2.46183574 2.4657878  2.46775366
 2.46970529 2.47170251 2.47367012 2.4756655  2.47763486 2.4795865
 2.48158005 2.48355118 2.48554286 2.48749355 2.48946332 2.49141743
 2.49340726 2.49537881 2.49931978 2.5012949  2.50324902 2.5071881
 2.50916682 2.513104   2.51508631 2.51704043 2.52097571 2.52296163
 2.52494197 2.52689609 2.52887642 2.53086597 2.53675044 2.53874541
 2.54069953 2.54462905 2.54662765 2.54860221 2.55055633 2.55448391
 2.55648797 2.56041361 2.56236773 2.56434034 2.56634986 2.57222659
 2.5741807  2.57615138 2.57816817 2.58404295 2.58599707 2.58991881
 2.5919447  2.5958645  2.59781861 2.60369144 2.60565727 2.60768929
 2.60964611 2.61942322 2.62138004 2.62334486 2.62538776 2.63125667
 2.63321349 2.64298864 2.64494546 2.65081438 2.65287716 2.65483807
 2.65679489 2.66656809 2.66852491 2.6782981  2.68025492 2.69002812
 2.69198494 2.70175813 2.70371495 2.71348815 2.71544497 2.72521816
 2.72717498 2.73694818 2.738905   2.74867819 2.75063501 2.7604082
 2.76236503 2.77213822 2.77409504 2.78386823 2.78582506 2.79559825
 2.79755507 2.80732826 2.80928509 2.81905828 2.8210151  2.83078829
 2.83274512 2.84251831 2.84447513 2.85424832 2.85620514 2.86597834
 2.86793516 2.87770835 2.87966517 2.88943837 2.89139519 2.89921526
 2.90146148 2.9034183  2.91318962 2.91514644 2.92491775 2.92687457
 2.93664589 2.93860271 2.94837402 2.95033084 2.95814903 2.96010586
 2.96987717 2.97183399 2.98160531 2.98356213 2.99333344 2.99529026
 3.00506158 3.0070184  3.01678971 3.01874654 3.02851785 3.03047467
 3.04024599 3.04220281 3.05197412 3.05393094 3.06370226 3.06565908
 3.07543039 3.07738721 3.08715853 3.08911535 3.09888666 3.10084349
 3.1106148  3.11257162 3.12234294 3.12429976 3.13407107 3.13602789
 3.14579921 3.14775603 3.15752734 3.15948417 3.16925548 3.1712123
 3.18098362 3.18294044 3.19271175 3.19466857 3.20443989 3.20639671
 3.21616802 3.21812484 3.22789616 3.22985298 3.23962429 3.24158112
 3.25135243 3.25330925 3.26308057 3.26503739 3.2748087  3.27676552
 3.28653684 3.28849366 3.29826497 3.3002218  3.30999311 3.31194993
 3.32172125 3.32367807 3.33344938 3.3354062  3.34517752 3.34713434
 3.35690565 3.35886247 3.36863379 3.37059061 3.38036192 3.38231875
 3.39209006 3.39404688 3.4038182  3.40577502 3.41554633 3.41750315
 3.42727447 3.42923129 3.4390026  3.44095943 3.45073074 3.45268756
 3.46245888 3.4644157  3.47418701 3.47614383 3.48591515 3.48787197
 3.49764328 3.49960011 3.50937142 3.51132824 3.52109956 3.52305638
 3.53282769 3.53478451 3.54455583 3.54651265 3.55628396 3.55824078
 3.5680121  3.56996892 3.57974023 3.58169706 3.58951525 3.59147207
 3.60124338 3.6032002  3.61297152 3.61492834 3.62469965 3.62665647
 3.63642779 3.63838461 3.64815592 3.65011275 3.65988406 3.66184088
 3.6716122  3.67356902 3.68334033 3.68529715 3.69506847 3.69702529
 3.70484348 3.7068003  3.71657161 3.71852844 3.72829975 3.73025657
 3.74002789 3.74198471 3.75370915 3.75566597 3.76543728 3.7673941
 3.77716542 3.77912224 3.78889355 3.79085038 3.80062169 3.80257851
 3.81234983 3.81430665 3.82407796 3.82603478 3.8358061  3.83776292
 3.84753423 3.84949106 3.85926237 3.86121919 3.87099051 3.87294733
 3.88271864 3.88467546 3.89444678 3.8964036  3.90617491 3.90813173
 3.91790305 3.91985987 3.92963118 3.93158801 3.94135932 3.94331614
 3.95308746 3.95504428 3.96676872 3.96872554 3.97849685 3.98045368
 3.99022499 3.99218181]total tv norm 1872.0
initial file ../result/control/ADMM/MoleculeADMMNew_H2_evotime4.0_n_ts2048_ptypeWARM_offset0.5_sum_penalty1.0_penalty0.001_ADMM_0.5_iter50.csv

computational time of retrieving switches 2238.569237459
computational time of optimization 8.288587582999753
total computational time 2246.8584187499996
tv norm 1872.0
