total tv norm 102.0
initial file ../result/control/ADMM/MoleculeADMMNew_H2_evotime4.0_n_ts128_ptypeWARM_offset0.5_sum_penalty1.0_penalty0.001_ADMM_0.5_iter50.csv
difference 0.0027534119707577354
summation of all the changes of all the controllers 2.595985362635436
maximum summation change of all the controllers 0.060506277234274375
objective function before optimization 0.0027700781487236537
TV regularizer before optimization 118
     fun: 5.614804505782445e-07
     jac: array([-1.66844130e-04, -1.57463647e-04, -1.66844130e-04, -1.57463647e-04,
       -1.66844130e-04, -1.57463647e-04, -1.66844130e-04, -1.57463647e-04,
       -1.66844130e-04, -1.57463647e-04, -1.66844130e-04, -1.57463647e-04,
       -1.66844130e-04, -1.57463647e-04, -1.66844130e-04, -1.57463647e-04,
       -4.30582294e-05, -1.68006900e-04, -5.09355785e-05, -1.59143775e-04,
       -1.57463647e-04, -6.53862415e-05, -1.39330573e-04, -9.05419354e-05,
       -6.83575109e-05, -1.39494190e-04, -1.57463647e-04, -1.39494190e-04,
        8.94958748e-05, -1.50960222e-04, -1.45991187e-04, -1.50960222e-04,
        1.51543627e-04, -1.10886178e-04, -1.45991187e-04, -1.10886178e-04,
        8.94958748e-05, -9.94185155e-05, -1.57463647e-04, -9.94185155e-05,
       -1.17935498e-04, -5.65776707e-05, -1.47764092e-04, -6.71527264e-06,
       -1.57463647e-04, -1.66844130e-04, -1.57463647e-04, -1.66844130e-04,
       -1.57463647e-04, -1.66844130e-04, -1.57463647e-04, -1.66844130e-04,
       -1.57463647e-04, -1.66844130e-04, -1.57463647e-04, -1.66844130e-04,
       -1.57463647e-04, -1.66844130e-04, -1.57463647e-04, -1.66844130e-04])
 message: 'Optimization terminated successfully'
    nfev: 17
     nit: 11
    njev: 11
  status: 0
 success: True
       x: array([0.06286561, 0.03284698, 0.15621541, 0.03284698, 0.15621541,
       0.03284698, 0.15621541, 0.03284698, 0.15621541, 0.03284698,
       0.15621541, 0.03284698, 0.15621541, 0.03284698, 0.15621541,
       0.03284698, 0.02426599, 0.0599688 , 0.0270104 , 0.02765992,
       0.03284698, 0.02786724, 0.02823231, 0.05912512, 0.03384706,
       0.02595073, 0.03284698, 0.08845073, 0.00586432, 0.07207242,
       0.02128365, 0.07207242, 0.05829075, 0.07334442, 0.02128365,
       0.07334442, 0.00586432, 0.02722304, 0.03284698, 0.02722304,
       0.03782677, 0.03119608, 0.06510145, 0.0376749 , 0.03284698,
       0.12509881, 0.03284698, 0.15621541, 0.03284698, 0.15621541,
       0.03284698, 0.15621541, 0.03284698, 0.15621541, 0.03284698,
       0.15621541, 0.03284698, 0.15621541, 0.03284698, 0.12509881])
switching time points [0.06286561 0.09571258 0.25192799 0.28477497 0.44099037 0.47383735
 0.63005276 0.66289973 0.81911514 0.85196211 1.00817752 1.0410245
 1.1972399  1.23008688 1.38630229 1.41914926 1.44341525 1.50338406
 1.53039445 1.55805437 1.59090135 1.61876859 1.6470009  1.70612602
 1.73997307 1.76592381 1.79877078 1.88722152 1.89308583 1.96515825
 1.98644191 2.05851433 2.11680507 2.19014949 2.21143315 2.28477757
 2.29064189 2.31786493 2.3507119  2.37793495 2.41576172 2.44695779
 2.51205924 2.54973414 2.58258111 2.70767992 2.7405269  2.8967423
 2.92958928 3.08580469 3.11865166 3.27486707 3.30771404 3.46392945
 3.49677643 3.65299183 3.68583881 3.84205422 3.87490119]
computational time of retrieving switches 9.151597375000001
computational time of optimization 0.19305274999999966
total computational time 9.345165333
tv norm 102.0
