filtered objective value 6.611923572530376e-05
binary objective value 0.07252044247308398
total binary tv norm 34.0
initial file ../new_result/c_control/Continuous/MoleculeVQENew_H2_evotime10.0_n_ts100_ptypeCONSTANT_offset0.5_objUNIT_sum_penalty1.0.csv
all objective value of milp 0.8095960023299804
difference of control 0.3895960023299805
tv norm obj 42
controller sequence is [2, 1, 0, 2, 1, 2, 4, 0, 1, 3, 2, 4, 0, 3, 2, 1, 3, 0, 2, 4, 1, 0]
warm start length is [0.1, 0.1, 0.10000000000000003, 0.09999999999999998, 0.09999999999999998, 0.20000000000000007, 0.19999999999999996, 0.20000000000000007, 0.30000000000000004, 0.5, 0.30000000000000004, 0.2999999999999998, 0.5, 0.30000000000000027, 0.8000000000000003, 0.7000000000000002, 0.7999999999999998, 0.5999999999999996, 1.2999999999999998, 0.8000000000000007, 0.9000000000000004, 0.7999999999999989]
objective of continuous control 0.00021492275159706864
objective function before optimization 0.7117755717626272
TV regularizer before optimization 42
     fun: 6.611923572530376e-05
     jac: array([ 2.26091840e-04,  1.57540408e-03, -2.78346976e-04,  2.26091840e-04,
        2.32421989e-03,  2.26091840e-04, -1.33476327e-04, -2.78346976e-04,
        2.67833672e-03, -1.85494206e-03,  3.78814279e-06, -2.15667395e-04,
        2.23954127e-04, -2.56433328e-03, -9.94569253e-05,  8.70406987e-04,
        2.17843359e-03,  4.62395010e-04, -1.23294275e-04,  1.29986701e-05,
       -5.43044337e-04, -3.23161522e-04])
 message: 'Optimization terminated successfully'
    nfev: 35
     nit: 23
    njev: 23
  status: 0
 success: True
       x: array([2.02474270e-18, 9.51362524e-04, 2.15326687e-01, 4.11134509e-18,
       1.13667916e-18, 9.80304677e-02, 1.26668314e-01, 3.33290878e-01,
       3.12665559e-01, 3.06770084e-01, 1.84342229e-01, 5.99838169e-01,
       4.77936023e-01, 3.61131286e-01, 1.11014471e+00, 6.94920541e-01,
       6.72811405e-01, 7.14268412e-01, 1.47009291e+00, 7.02485197e-01,
       9.85122748e-01, 6.33203012e-01])
switching time points [2.02474270e-18 9.51362524e-04 2.16278049e-01 2.16278049e-01
 2.16278049e-01 3.14308517e-01 4.40976831e-01 7.74267709e-01
 1.08693327e+00 1.39370335e+00 1.57804558e+00 2.17788375e+00
 2.65581977e+00 3.01695106e+00 4.12709577e+00 4.82201631e+00
 5.49482772e+00 6.20909613e+00 7.67918904e+00 8.38167424e+00
 9.36679699e+00]
computational time of retrieving switches 0.023598041999999708
computational time of optimization 0.03014450000000002
pre-computing time, objective function evaluation time, gradient time 0.00014233300000032756 0.010200957000001232 0.00576041799999949
total computational time 0.055620958
tv norm 36.0
filtered objective value 6.611923572530376e-05
binary objective value 0.07252044247308398
total binary tv norm 34.0
initial file ../new_result/c_control/Continuous/MoleculeVQENew_H2_evotime10.0_n_ts100_ptypeCONSTANT_offset0.5_objUNIT_sum_penalty1.0.csv
all objective value of milp 0.8095960023299804
difference of control 0.3895960023299805
tv norm obj 42
controller sequence is [2, 1, 0, 2, 1, 2, 4, 0, 1, 3, 2, 4, 0, 3, 2, 1, 3, 0, 2, 4, 1, 0]
warm start length is [0.1, 0.1, 0.10000000000000003, 0.09999999999999998, 0.09999999999999998, 0.20000000000000007, 0.19999999999999996, 0.20000000000000007, 0.30000000000000004, 0.5, 0.30000000000000004, 0.2999999999999998, 0.5, 0.30000000000000027, 0.8000000000000003, 0.7000000000000002, 0.7999999999999998, 0.5999999999999996, 1.2999999999999998, 0.8000000000000007, 0.9000000000000004, 0.7999999999999989]
objective of continuous control 0.00021492275159706864
objective function before optimization 0.7117755717626272
TV regularizer before optimization 42
     fun: 6.611923572530376e-05
     jac: array([ 2.26091840e-04,  1.57540408e-03, -2.78346976e-04,  2.26091840e-04,
        2.32421989e-03,  2.26091840e-04, -1.33476327e-04, -2.78346976e-04,
        2.67833672e-03, -1.85494206e-03,  3.78814279e-06, -2.15667395e-04,
        2.23954127e-04, -2.56433328e-03, -9.94569253e-05,  8.70406987e-04,
        2.17843359e-03,  4.62395010e-04, -1.23294275e-04,  1.29986701e-05,
       -5.43044337e-04, -3.23161522e-04])
 message: 'Optimization terminated successfully'
    nfev: 35
     nit: 23
    njev: 23
  status: 0
 success: True
       x: array([2.02474270e-18, 9.51362524e-04, 2.15326687e-01, 4.11134509e-18,
       1.13667916e-18, 9.80304677e-02, 1.26668314e-01, 3.33290878e-01,
       3.12665559e-01, 3.06770084e-01, 1.84342229e-01, 5.99838169e-01,
       4.77936023e-01, 3.61131286e-01, 1.11014471e+00, 6.94920541e-01,
       6.72811405e-01, 7.14268412e-01, 1.47009291e+00, 7.02485197e-01,
       9.85122748e-01, 6.33203012e-01])
switching time points [2.02474270e-18 9.51362524e-04 2.16278049e-01 2.16278049e-01
 2.16278049e-01 3.14308517e-01 4.40976831e-01 7.74267709e-01
 1.08693327e+00 1.39370335e+00 1.57804558e+00 2.17788375e+00
 2.65581977e+00 3.01695106e+00 4.12709577e+00 4.82201631e+00
 5.49482772e+00 6.20909613e+00 7.67918904e+00 8.38167424e+00
 9.36679699e+00]
computational time of retrieving switches 0.022160459000000188
computational time of optimization 0.03249587499999995
pre-computing time, objective function evaluation time, gradient time 8.300000000005525e-05 0.0109203739999999 0.0062257920000012845
total computational time 0.055242000000000235
tv norm 36.0
