filtered objective value 0.0012499615813652554
binary objective value 0.35671961244620654
total binary tv norm 28.0
initial file ../new_result/c_control/Continuous/MoleculeVQENew_BeH2_evotime20.0_n_ts200_ptypeCONSTANT_offset0.5_objUNIT_sum_penalty0.01.csv
difference with alpha=0 -11.51420045359562
summation of all the changes of all the controllers 29.449466592684555
maximum summation change of all the controllers 0.874515495540958
controller sequence is [15, 1, 3, 10, 1, 3, 4, 1, 9, 7, 3, 11, 10, 1, 11, 7, 3]
warm start length is [0.30000000000000004, 0.09999999999999998, 0.09999999999999998, 0.8, 0.19999999999999996, 0.20000000000000018, 1.1, 0.2999999999999998, 0.30000000000000027, 0.2999999999999998, 0.2999999999999998, 0.20000000000000018, 1.7999999999999998, 0.5, 0.40000000000000036, 0.5, 12.6]
objective of continuous control 0.0012463390067709579
objective function before optimization 0.9920005703947354
TV regularizer before optimization 32
     fun: 0.0012499615813652554
     jac: array([ 1.84785610e-07, -2.12114597e-03, -4.44987784e-04,  3.70666709e-07,
       -2.12114597e-03, -4.44987784e-04, -1.74768820e-04, -2.12114597e-03,
       -2.04982530e-03,  1.17435049e-04, -4.44987784e-04,  2.24398459e-03,
       -7.95446807e-05, -2.12114597e-03, -2.24398449e-03,  1.17435049e-04,
       -4.44987784e-04])
 message: 'Optimization terminated successfully'
    nfev: 51
     nit: 35
    njev: 35
  status: 0
 success: True
       x: array([0.        , 1.16664276, 1.16666165, 0.        , 1.16664276,
       1.16666165, 2.49955675, 1.16664276, 1.33324091, 1.33333601,
       1.16666165, 0.83380779, 2.49979826, 1.16664276, 0.83370663,
       1.33333601, 1.16666165])
switching time points [ 0.          1.16664276  2.33330441  2.33330441  3.49994718  4.66660883
  7.16616558  8.33280834  9.66604925 10.99938526 12.16604691 12.9998547
 15.49965295 16.66629572 17.50000234 18.83333835]
computational time of retrieving switches 2.025706583
computational time of optimization 0.5552555000000003
pre-computing time, objective function evaluation time, gradient time 0.00361620799999951 0.23534695399999883 0.15774316800000232
total computational time 2.586508417
tv norm 28.0
