binary objective value 0.013623400666812113
total binary tv norm 38.0
initial file ../new_result/c_control/Continuous/NOTleakSOS1_evotime10.0_n_ts100_ptypeCONSTANT_offset0.5_objUNIT.csv
filtered objective value 5.132467018054143e-08
converted tv norm 20.0
controller sequence is [1, 0, 2, 3, 1, 3, 2, 0, 1, 3, 2, 3, 2, 0, 1, 3, 1, 3, 1, 2]
warm start length is [1.1, 0.19999999999999996, 0.30000000000000004, 0.19999999999999996, 0.5000000000000002, 0.8999999999999999, 0.20000000000000018, 0.5, 0.5, 0.20000000000000018, 0.5999999999999996, 0.5, 0.10000000000000053, 0.5, 0.1999999999999993, 1.2000000000000002, 0.5000000000000009, 0.5, 1.1999999999999993, 0.09999999999999964]
objective of continuous control 6.617517644968984e-11
objective function before optimization 0.000908660585567489
TV regularizer before optimization 38
     fun: 5.132467018054143e-08
     jac: array([-4.70616961e-04, -2.59059062e-04,  5.31638353e-05, -1.73130512e-04,
       -3.03033151e-04, -2.55738585e-04, -4.25500523e-04, -6.20686536e-05,
        2.90147232e-05, -4.46790119e-04,  5.07607346e-06,  1.48287354e-04,
       -2.07006485e-04, -2.06715057e-04, -3.71895916e-04, -3.64692564e-04,
       -4.64270328e-04, -2.03664809e-04, -2.66161584e-04,  5.74943447e-05])
 message: 'Optimization terminated successfully'
    nfev: 10
     nit: 7
    njev: 7
  status: 0
 success: True
       x: array([1.10235215, 0.19758548, 0.30692165, 0.20317494, 0.4835287 ,
       0.90157962, 0.20999729, 0.49264598, 0.51313056, 0.22016912,
       0.59237719, 0.4998954 , 0.0801427 , 0.49103984, 0.20777832,
       1.20461147, 0.48957128, 0.51338642, 1.19135712, 0.09875477])
switching time points [1.10235215 1.29993763 1.60685928 1.81003422 2.29356292 3.19514254
 3.40513984 3.89778581 4.41091637 4.63108549 5.22346268 5.72335808
 5.80350078 6.29454063 6.50231894 7.70693041 8.19650169 8.70988811
 9.90124523]
computational time of retrieving switches 0.02217049999999965
computational time of optimization 0.008051749999999913
pre-computing time, objective function evaluation time, gradient time 7.474999999956822e-05 0.0024198740000009877 0.0014434570000014801
total computational time 0.03031795799999948
tv norm 38.0
