binary objective value 0.003425161095454099
total binary tv norm 22.0
initial file ../new_result/c_control/Continuous/NOTleakSOS1_evotime6.0_n_ts60_ptypeCONSTANT_offset0.5_objUNIT.csv
filtered objective value 6.884799361284166e-06
converted tv norm 11.0
controller sequence is [0, 1, 0, 1, 0, 1, 0, 1, 3, 2, 0, 1]
warm start length is [0.5, 0.8, 0.6000000000000001, 0.7, 0.5, 0.8000000000000003, 0.5, 0.2999999999999998, 0.20000000000000018, 0.2999999999999998, 0.5, 0.2999999999999998]
objective of continuous control 4.2757897222855945e-10
objective function before optimization 0.012696434883263663
TV regularizer before optimization 22
     fun: 6.884799361284166e-06
     jac: array([-0.00000000e+00,  4.25657126e-04,  2.15202606e-04,  4.79596502e-04,
       -2.79480958e-05, -1.48492836e-05, -2.63028409e-04, -1.61058599e-04,
       -5.92371546e-04, -7.43842935e-05, -5.04275309e-04, -4.18643268e-04])
 message: 'Optimization terminated successfully'
    nfev: 21
     nit: 20
    njev: 20
  status: 0
 success: True
       x: array([0.28049622, 0.80163713, 0.65272519, 0.71396131, 0.50277278,
       0.84980499, 0.51755934, 0.59860055, 0.08843718, 0.10966221,
       0.75689606, 0.12744703])
switching time points [0.28049622 1.08213335 1.73485854 2.44881985 2.95159263 3.80139762
 4.31895696 4.91755751 5.00599469 5.1156569  5.87255297]
computational time of retrieving switches 0.014126375000000024
computational time of optimization 0.01339612499999987
pre-computing time, objective function evaluation time, gradient time 5.620899999936313e-05 0.0033207500000012047 0.00281566600000005
total computational time 0.027593084000000268
tv norm 22.0
