binary objective value 0.16417865590338931
total binary tv norm 2.0
initial file ../new_result/c_control/Continuous/NOTleakSOS1_evotime2.0_n_ts20_ptypeCONSTANT_offset0.5_objUNIT.csv
filtered objective value 0.1632323804495731
converted tv norm 1.0
controller sequence is [1, 3]
warm start length is [1.9000000000000001, 0.09999999999999987]
objective of continuous control 0.16279154992104472
objective function before optimization 0.16358577562609744
TV regularizer before optimization 2
     fun: 0.1632323804495731
     jac: array([-0.27121421, -0.2711822 ])
 message: 'Optimization terminated successfully'
    nfev: 3
     nit: 3
    njev: 3
  status: 0
 success: True
       x: array([1.86226931, 0.13773069])
switching time points [1.86226931]
computational time of retrieving switches 0.009565375000000209
computational time of optimization 0.0016302499999998332
pre-computing time, objective function evaluation time, gradient time 6.649999999996936e-05 0.00023904100000038397 0.0002331659999992297
total computational time 0.011290541000000154
tv norm 2.0
