binary objective value 0.002193619456134388
total binary tv norm 14.0
initial file ../new_result/c_control/Continuous/NOTleak_evotime6.0_n_ts60_ptypeCONSTANT_offset0.5_objUNIT.csv
filtered objective value 3.2670931319200847e-06
all objective value of milp 0.4635470609623958
difference of control 0.2235470609623958
tv norm obj 16
controller sequence is [[], [1], [], [1], [0], [], [0], [], [0], [], [0], [], [0], [1], []]
warm start length is [0.1, 0.1, 0.2, 0.09999999999999998, 0.10000000000000009, 0.29999999999999993, 0.7000000000000001, 0.30000000000000004, 1.0999999999999999, 0.40000000000000036, 0.7999999999999998, 0.5, 0.6000000000000005, 0.39999999999999947, 0.2999999999999998]
objective of continuous control 4.275790832508619e-10
objective function before optimization 0.04533390573070084
TV regularizer before optimization 28
     fun: 3.2670931319200847e-06
     jac: array([-0.00000000e+00,  5.71639021e-04,  3.30188439e-19,  4.28864932e-04,
        8.44079775e-04,  1.03406342e-03,  1.03262225e-03,  7.96491397e-04,
        6.31673968e-04,  4.09504854e-04,  5.85888437e-05, -4.21380994e-05,
       -1.94574062e-04, -1.84651949e-04, -0.00000000e+00])
 message: 'Optimization terminated successfully'
    nfev: 21
     nit: 20
    njev: 20
  status: 0
 success: True
       x: array([4.71212946e-01, 9.75781955e-19, 3.24079809e-01, 7.47803107e-02,
       5.73594943e-01, 1.22068342e-01, 4.03259226e-01, 2.16498845e-01,
       6.16987913e-01, 5.36638973e-01, 1.08672654e+00, 3.99769127e-01,
       5.00237437e-01, 2.02932645e-01, 4.71212945e-01])
switching time points [0.47121295 0.47121295 0.79529275 0.87007307 1.44366801 1.56573635
 1.96899558 2.18549442 2.80248234 3.33912131 4.42584785 4.82561697
 5.32585441 5.52878705]
computational time of retrieving switches 0.014690333999999972
computational time of optimization 0.015858041999999628
pre-computing time, objective function evaluation time, gradient time 5.1124999999707654e-05 0.004006123000000805 0.0032174160000000285
total computational time 0.030645708999999854
tv norm 14.0
