[480, 240.0, 120.0, 60.0, 30.0, 29.0, 28.0, 27.0]
predictive decrease 0.09143497123598973 actual decrease 0.0004097255109561937
objective value with out tv norm 0.9916350143643672
[480, 240.0, 120.0, 60.0, 30.0, 29.0, 28.0, 27.0, 26.0, 25.0, 24.0, 23.0, 22.0, 21.0, 20.0, 19.0, 18.0, 17.0, 16.0, 15.0, 14.0, 13.0, 12.0, 11.0, 10.0, 9.0, 8.0, 7.0, 6.0, 5.0]
predictive decrease 0.9272902120214779 actual decrease 0.36296903789804
objective value with out tv norm 0.6286659764663272
[480, 240.0, 120.0, 60.0, 30.0, 29.0, 28.0, 27.0, 26.0, 25.0, 24.0, 23.0, 22.0, 21.0, 20.0, 19.0, 18.0, 17.0, 16.0, 15.0, 14.0, 13.0, 12.0, 11.0, 10.0, 9.0, 8.0, 7.0]
predictive decrease 2.699999630884351 actual decrease 0.037565587148922996
objective value with out tv norm 0.5911003893174042
[480, 240.0, 120.0, 60.0, 30.0]
predictive decrease 1.1939576913432242 actual decrease 0.020142993074398485
objective value with out tv norm 0.5709573962430057
[480, 240.0, 120.0, 60.0, 30.0]
predictive decrease 3.2176845076723017 actual decrease 0.16911036167128335
objective value with out tv norm 0.40184703457172233
[480, 240.0, 120.0, 60.0, 30.0, 29.0, 28.0, 27.0, 26.0, 25.0, 24.0, 23.0, 22.0, 21.0, 20.0, 19.0, 18.0, 17.0, 16.0, 15.0, 14.0, 13.0, 12.0, 11.0, 10.0, 9.0, 8.0, 7.0]
predictive decrease 0.6341892030590448 actual decrease 0.20924873950359368
objective value with out tv norm 0.19259829506812864
[480, 240.0, 120.0, 60.0, 30.0, 29.0, 28.0, 27.0, 26.0, 25.0, 24.0, 23.0, 22.0, 21.0, 20.0, 19.0, 18.0, 17.0, 16.0, 15.0, 14.0, 13.0, 12.0, 11.0, 10.0, 9.0, 8.0, 7.0, 6.0, 5.0]
predictive decrease 0.2764145098760641 actual decrease 0.051138804719012
objective value with out tv norm 0.14145949034911665
[480, 240.0, 120.0, 60.0, 30.0, 29.0, 28.0, 27.0, 26.0, 25.0, 24.0, 23.0, 22.0, 21.0, 20.0, 19.0, 18.0, 17.0, 16.0, 15.0, 14.0, 13.0, 12.0, 11.0, 10.0, 9.0, 8.0, 7.0, 6.0, 5.0, 4.0, 3.0]
predictive decrease 0.1752637145073369 actual decrease 0.0906170536879709
objective value with out tv norm 0.05084243666114574
[480, 240.0, 120.0, 60.0, 30.0, 29.0, 28.0, 27.0, 26.0, 25.0, 24.0, 23.0, 22.0, 21.0, 20.0, 19.0, 18.0, 17.0, 16.0, 15.0, 14.0, 13.0, 12.0, 11.0, 10.0, 9.0, 8.0, 7.0, 6.0, 5.0, 4.0, 3.0, 2.0, 1.0]
predictive decrease 0.0 actual decrease 0.0
objective value with out tv norm 0.05084243666114574
objective value without tv norm 0.05084243666114574
norm 28.0
computational time 12.068007334
total iterations 204
