[120, 60.0, 30.0, 29.0, 28.0, 27.0, 26.0, 25.0, 24.0, 23.0, 22.0, 21.0, 20.0, 19.0, 18.0, 17.0, 16.0, 15.0, 14.0, 13.0, 12.0, 11.0, 10.0, 9.0, 8.0, 7.0]
predictive decrease 0.08680544290007332 actual decrease 0.0005172118578670171
objective value with out tv norm 0.03597807921414786
[120, 60.0, 30.0, 29.0, 28.0, 27.0, 26.0, 25.0, 24.0, 23.0, 22.0, 21.0, 20.0, 19.0, 18.0, 17.0, 16.0, 15.0, 14.0, 13.0, 12.0, 11.0, 10.0, 9.0, 8.0]
predictive decrease 0.09726999561395315 actual decrease 0.006117879477459898
objective value with out tv norm 0.029860199736687965
[120, 60.0, 30.0, 29.0, 28.0, 27.0, 26.0, 25.0, 24.0, 23.0, 22.0, 21.0, 20.0, 19.0, 18.0, 17.0, 16.0, 15.0, 14.0, 13.0, 12.0, 11.0, 10.0, 9.0, 8.0, 7.0]
predictive decrease 0.07354336679297202 actual decrease 0.003852533027525862
objective value with out tv norm 0.026007666709162103
[120, 60.0, 30.0, 29.0, 28.0, 27.0, 26.0, 25.0, 24.0, 23.0, 22.0, 21.0, 20.0, 19.0, 18.0, 17.0, 16.0, 15.0, 14.0, 13.0, 12.0, 11.0, 10.0, 9.0, 8.0, 7.0]
predictive decrease 0.06672932895598593 actual decrease 0.005735885142043928
objective value with out tv norm 0.020271781567118174
[120, 60.0, 30.0, 29.0, 28.0, 27.0, 26.0, 25.0, 24.0, 23.0, 22.0, 21.0, 20.0, 19.0, 18.0, 17.0, 16.0, 15.0, 14.0, 13.0, 12.0, 11.0, 10.0, 9.0, 8.0, 7.0, 6.0, 5.0]
predictive decrease 0.04596371378837252 actual decrease 0.004480859950709681
objective value with out tv norm 0.015790921616408493
[120, 60.0, 30.0, 29.0, 28.0, 27.0, 26.0, 25.0, 24.0, 23.0, 22.0, 21.0, 20.0, 19.0, 18.0, 17.0, 16.0, 15.0, 14.0, 13.0, 12.0, 11.0, 10.0, 9.0, 8.0, 7.0, 6.0, 5.0, 4.0, 3.0]
predictive decrease 0.011514583239179144 actual decrease 0.0018426382126303098
objective value with out tv norm 0.013948283403778183
[120, 60.0, 30.0, 29.0, 28.0, 27.0, 26.0, 25.0, 24.0, 23.0, 22.0, 21.0, 20.0, 19.0, 18.0, 17.0, 16.0, 15.0, 14.0, 13.0, 12.0, 11.0, 10.0, 9.0, 8.0, 7.0, 6.0, 5.0, 4.0, 3.0, 2.0, 1.0]
predictive decrease 0.003558289920880798 actual decrease 0.001251849259770621
objective value with out tv norm 0.012696434144007562
[120, 60.0, 30.0, 29.0, 28.0, 27.0, 26.0, 25.0, 24.0, 23.0, 22.0, 21.0, 20.0, 19.0, 18.0, 17.0, 16.0, 15.0, 14.0, 13.0, 12.0, 11.0, 10.0, 9.0, 8.0, 7.0, 6.0, 5.0, 4.0, 3.0, 2.0, 1.0, 0.5]
predictive decrease 0.0 actual decrease 0.0
objective value with out tv norm 0.012696434144007562
objective value without tv norm 0.012696434144007562
norm 11.0
computational time 5.474192375
total iterations 231
