all objective value of milp 0.3961925625375823
difference of control 0.19619256253758227
tv norm obj 20
controller sequence is [1, 0, 1, 0, 1, 0, 1, 0, 1, 0, 1]
warm start length is [0.15000000000000002, 0.4, 0.09999999999999998, 0.20000000000000007, 0.30000000000000004, 0.3999999999999999, 0.5999999999999999, 0.5000000000000004, 0.8999999999999999, 0.44999999999999973, 1.0]
objective of continuous control 0.05011502730720485
objective function before optimization -2.256965818717026
TV regularizer before optimization 20
     fun: -3.836356444899755
     jac: array([ 0.00091685, -0.00022875, -0.00261068, -0.00225474,  0.00118999,
       -0.00239571, -0.00199317,  0.00246585,  0.00090784, -0.00121565,
        0.        ])
 message: 'Optimization terminated successfully'
    nfev: 43
     nit: 25
    njev: 25
  status: 0
 success: True
       x: array([0.27200181, 0.59736184, 0.51202272, 0.43197274, 0.53799615,
       0.34508707, 0.60529471, 0.27322601, 0.68704905, 0.12831546,
       0.60967245])
switching time points [0.27200181 0.86936364 1.38138636 1.8133591  2.35135525 2.69644233
 3.30173704 3.57496304 4.26201209 4.39032755]
computational time of retrieving switches 0.5278711249999999
computational time of optimization 2.587127584
pre-computing time, objective function evaluation time, gradient time 0 1.6336523320000023 0.014901376999998384
total computational time 3.1150242500000003
tv norm 20.0
minimum energy is -4.1082916198826425
filtered objective value -3.836356444899755
total binary tv norm 20.0
binary objective value -3.7673427171254503
initial file ../new_result/c_control/Continuous/Energy6_evotime5.0_n_ts100_ptypeCONSTANT_offset0.5_instance5.csv
all objective value of milp 0.3961925625375823
difference of control 0.19619256253758227
tv norm obj 20
controller sequence is [1, 0, 1, 0, 1, 0, 1, 0, 1, 0, 1]
warm start length is [0.15000000000000002, 0.4, 0.09999999999999998, 0.20000000000000007, 0.30000000000000004, 0.3999999999999999, 0.5999999999999999, 0.5000000000000004, 0.8999999999999999, 0.44999999999999973, 1.0]
objective of continuous control 0.05011502730720485
objective function before optimization -2.256965818717026
TV regularizer before optimization 20
     fun: -3.836356444899755
     jac: array([ 0.00091685, -0.00022875, -0.00261068, -0.00225474,  0.00118999,
       -0.00239571, -0.00199317,  0.00246585,  0.00090784, -0.00121565,
        0.        ])
 message: 'Optimization terminated successfully'
    nfev: 43
     nit: 25
    njev: 25
  status: 0
 success: True
       x: array([0.27200181, 0.59736184, 0.51202272, 0.43197274, 0.53799615,
       0.34508707, 0.60529471, 0.27322601, 0.68704905, 0.12831546,
       0.60967245])
switching time points [0.27200181 0.86936364 1.38138636 1.8133591  2.35135525 2.69644233
 3.30173704 3.57496304 4.26201209 4.39032755]
computational time of retrieving switches 0.5102291670000003
computational time of optimization 2.497150208
pre-computing time, objective function evaluation time, gradient time 0 1.5333858730000003 0.013753497999999809
total computational time 3.0074045419999997
tv norm 20.0
