minimum energy is -4.1082916198826425
filtered objective value -3.1259471973099235
total binary tv norm 8.0
binary objective value -3.107451133774263
initial file ../new_result/c_control/Continuous/Energy6_evotime5.0_n_ts100_ptypeCONSTANT_offset0.5_instance5.csv
controller sequence is [1, 0, 1, 0, 1]
warm start length is [0.5, 0.55, 0.6500000000000001, 1.9, 1.4]
objective of continuous control 0.20588714671637964
objective function before optimization -2.7300495095982584
TV regularizer before optimization 8
     fun: -3.1259471973099235
     jac: array([ 0.00154973, -0.00127164, -0.00309596, -0.00067898,  0.        ])
 message: 'Optimization terminated successfully'
    nfev: 16
     nit: 8
    njev: 8
  status: 0
 success: True
       x: array([0.35458783, 0.55047752, 0.64886946, 1.83149862, 1.61456657])
switching time points [0.35458783 0.90506535 1.55393481 3.38543343]
computational time of retrieving switches 0.5130566250000008
computational time of optimization 0.43058258299999963
pre-computing time, objective function evaluation time, gradient time 0 0.28137745700000316 0.0016831250000013398
total computational time 0.9436565830000001
tv norm 8.0
