minimum energy is -3.9625455943477483
filtered objective value -3.685310234106134
total binary tv norm 16.0
binary objective value -3.245771764135444
initial file ../new_result/c_control/Continuous/Energy6_evotime5.0_n_ts20_ptypeCONSTANT_offset0.5_instance1.csv
difference with alpha=0 -0.05442426946508416
summation of all the changes of all the controllers 4.2553613067069085
maximum summation change of all the controllers 0.4750115031512364
controller sequence is [1, 0, 1, 0, 1, 0, 1, 0, 1, 0, 1]
warm start length is [0.25, 0.5, 0.5, 0.25, 0.25, 0.25, 0.5, 0.25, 0.5, 0.25, 1.5]
objective of continuous control 0.03992222961854619
objective function before optimization 0.1925282186307088
TV regularizer before optimization 20
     fun: -3.685310234106134
     jac: array([-1.62007030e-03,  1.54353457e-03, -3.84683253e-04, -8.47925967e-04,
        3.95104173e-04,  8.53136933e-04, -2.19717310e-05,  2.56109289e-03,
       -4.20044479e-04,  7.74961701e-04,  0.00000000e+00])
 message: 'Optimization terminated successfully'
    nfev: 39
     nit: 21
    njev: 21
  status: 0
 success: True
       x: array([0.29120653, 0.4925818 , 0.51819968, 0.33095076, 0.47884751,
       0.2767815 , 0.63783552, 0.28119472, 0.75276269, 0.153637  ,
       0.78600229])
switching time points [0.29120653 0.78378833 1.30198801 1.63293877 2.11178628 2.38856778
 3.02640331 3.30759802 4.06036072 4.21399771]
computational time of retrieving switches 0.1371283330000006
computational time of optimization 0.2127084159999999
pre-computing time, objective function evaluation time, gradient time 0.002603500000000203 0.13207208300000062 0.008504624999998711
total computational time 0.3498547080000005
tv norm 20.0
ratio objective value 0.06996395464498084
